[rosmaster.main][INFO] 2020-10-13 11:17:07,092: initialization complete, waiting for shutdown
[rosmaster.main][INFO] 2020-10-13 11:17:07,092: Starting ROS Master Node
[xmlrpc][INFO] 2020-10-13 11:17:07,094: XML-RPC server binding to 0.0.0.0:11311
[xmlrpc][INFO] 2020-10-13 11:17:07,094: Started XML-RPC server [http://addcaa2c049c:11311/]
[xmlrpc][INFO] 2020-10-13 11:17:07,094: xml rpc node: starting XML-RPC server
[rosmaster.master][INFO] 2020-10-13 11:17:07,095: Master initialized: port[11311], uri[http://addcaa2c049c:11311/]
[rosmaster.master][INFO] 2020-10-13 11:17:07,153: +PARAM [/run_id] by /roslaunch
[rosmaster.master][INFO] 2020-10-13 11:17:07,155: +PARAM [/roslaunch/uris/host_addcaa2c049c__37017] by /roslaunch
[rosmaster.master][INFO] 2020-10-13 11:17:07,189: +PARAM [/rosversion] by /roslaunch
[rosmaster.master][INFO] 2020-10-13 11:17:07,189: +PARAM [/rosdistro] by /roslaunch
[rosmaster.master][INFO] 2020-10-13 11:17:07,197: +SERVICE [/rosout/get_loggers] /rosout http://addcaa2c049c:45771/
[rosmaster.master][INFO] 2020-10-13 11:17:07,199: +SERVICE [/rosout/set_logger_level] /rosout http://addcaa2c049c:45771/
[rosmaster.master][INFO] 2020-10-13 11:17:07,200: +PUB [/rosout_agg] /rosout http://addcaa2c049c:45771/
[rosmaster.master][INFO] 2020-10-13 11:17:07,203: +SUB [/rosout] /rosout http://addcaa2c049c:45771/
[rosmaster.master][INFO] 2020-10-13 11:17:07,399: -PUB [/rosout_agg] /rosout http://addcaa2c049c:45771/
[rosmaster.master][INFO] 2020-10-13 11:17:07,400: -SUB [/rosout] /rosout http://addcaa2c049c:45771/
[rosmaster.master][INFO] 2020-10-13 11:17:07,400: -SERVICE [/rosout/get_loggers] /rosout rosrpc://addcaa2c049c:47105
[rosmaster.master][INFO] 2020-10-13 11:17:07,401: -SERVICE [/rosout/set_logger_level] /rosout rosrpc://addcaa2c049c:47105
[rosmaster.main][INFO] 2020-10-13 11:17:07,432: keyboard interrupt, will exit
[rosmaster.main][INFO] 2020-10-13 11:17:07,433: stopping master...
[rospy.core][INFO] 2020-10-13 11:17:07,433: signal_shutdown [atexit]
