[roslaunch.parent][INFO] 2020-06-26 13:29:30,790: starting roslaunch parent run
[roslaunch][INFO] 2020-06-26 13:29:30,791: loading roscore config file /opt/ros/melodic/etc/ros/roscore.xml
[roslaunch][INFO] 2020-06-26 13:29:31,171: Added core node of type [rosout/rosout] in namespace [/]
[roslaunch.config][INFO] 2020-06-26 13:29:31,172: loading config file /home/appuser/aido-auto/ros/catkin_ws/src/demo/launch/demo_node.launch
[roslaunch][INFO] 2020-06-26 13:29:31,189: Added node of type [demo/demo_node.py] in namespace [/]
[roslaunch][INFO] 2020-06-26 13:29:31,190: Added node of type [rosbag/record] in namespace [/]
[roslaunch][INFO] 2020-06-26 13:29:31,190: ... selected machine [] for node of type [demo/demo_node.py]
[roslaunch][INFO] 2020-06-26 13:29:31,190: ... selected machine [] for node of type [rosbag/record]
[roslaunch.pmon][INFO] 2020-06-26 13:29:31,192: start_process_monitor: creating ProcessMonitor
[roslaunch.pmon][INFO] 2020-06-26 13:29:31,193: created process monitor <ProcessMonitor(ProcessMonitor-1, initial daemon)>
[roslaunch.pmon][INFO] 2020-06-26 13:29:31,193: start_process_monitor: ProcessMonitor started
[roslaunch.parent][INFO] 2020-06-26 13:29:31,193: starting parent XML-RPC server
[roslaunch.server][INFO] 2020-06-26 13:29:31,194: starting roslaunch XML-RPC server
[roslaunch.server][INFO] 2020-06-26 13:29:31,194: waiting for roslaunch XML-RPC server to initialize
[xmlrpc][INFO] 2020-06-26 13:29:31,194: XML-RPC server binding to 0.0.0.0:0
[xmlrpc][INFO] 2020-06-26 13:29:31,195: Started XML-RPC server [http://687a9678aa9c:33423/]
[xmlrpc][INFO] 2020-06-26 13:29:31,196: xml rpc node: starting XML-RPC server
[roslaunch][INFO] 2020-06-26 13:29:31,207: started roslaunch server http://687a9678aa9c:33423/
[roslaunch.parent][INFO] 2020-06-26 13:29:31,208: ... parent XML-RPC server started
[roslaunch][INFO] 2020-06-26 13:29:31,209: master.is_running[http://localhost:11311]
[roslaunch][INFO] 2020-06-26 13:29:31,212: auto-starting new master
[roslaunch][INFO] 2020-06-26 13:29:31,212: create_master_process: rosmaster, /opt/ros/melodic/share/ros, 11311, 3, None, False
[roslaunch][INFO] 2020-06-26 13:29:31,213: process[master]: launching with args [['rosmaster', '--core', '-p', '11311', '-w', '3']]
[roslaunch.pmon][INFO] 2020-06-26 13:29:31,213: ProcessMonitor.register[master]
[roslaunch.pmon][INFO] 2020-06-26 13:29:31,213: ProcessMonitor.register[master] complete
[roslaunch][INFO] 2020-06-26 13:29:31,213: process[master]: starting os process
[roslaunch][INFO] 2020-06-26 13:29:31,214: process[master]: start w/ args [['rosmaster', '--core', '-p', '11311', '-w', '3', '__log:=/home/appuser/.ros/log/1084223a-b7b1-11ea-92d3-0242ac110010/master.log']]
[roslaunch][INFO] 2020-06-26 13:29:31,214: process[master]: cwd will be [/home/appuser/.ros]
[roslaunch][INFO] 2020-06-26 13:29:31,231: process[master]: started with pid [151]
[roslaunch][INFO] 2020-06-26 13:29:31,231: master.is_running[http://localhost:11311]
[roslaunch][INFO] 2020-06-26 13:29:31,333: master.is_running[http://localhost:11311]
[roslaunch][INFO] 2020-06-26 13:29:31,434: master.is_running[http://localhost:11311]
[roslaunch][INFO] 2020-06-26 13:29:31,536: master.is_running[http://localhost:11311]
[roslaunch][INFO] 2020-06-26 13:29:31,637: master.is_running[http://localhost:11311]
[roslaunch][INFO] 2020-06-26 13:29:31,738: master.is_running[http://localhost:11311]
[roslaunch][INFO] 2020-06-26 13:29:31,839: master.is_running[http://localhost:11311]
[roslaunch][INFO] 2020-06-26 13:29:31,941: master.is_running[http://localhost:11311]
[roslaunch][INFO] 2020-06-26 13:29:32,042: master.is_running[http://localhost:11311]
[roslaunch][INFO] 2020-06-26 13:29:32,143: master.is_running[http://localhost:11311]
[roslaunch][INFO] 2020-06-26 13:29:32,245: master.is_running[http://localhost:11311]
[roslaunch][INFO] 2020-06-26 13:29:32,346: master.is_running[http://localhost:11311]
[roslaunch][INFO] 2020-06-26 13:29:32,447: master.is_running[http://localhost:11311]
[roslaunch][INFO] 2020-06-26 13:29:32,549: master.is_running[http://localhost:11311]
[roslaunch][INFO] 2020-06-26 13:29:32,553: master.is_running[http://localhost:11311]
[roslaunch][INFO] 2020-06-26 13:29:32,555: ROS_MASTER_URI=http://localhost:11311
[roslaunch][INFO] 2020-06-26 13:29:32,557: setting /run_id to 1084223a-b7b1-11ea-92d3-0242ac110010
[roslaunch][INFO] 2020-06-26 13:29:32,559: setting /roslaunch/uris/host_687a9678aa9c__33423' to http://687a9678aa9c:33423/
[roslaunch][INFO] 2020-06-26 13:29:32,563: ... preparing to launch node of type [rosout/rosout]
[roslaunch][INFO] 2020-06-26 13:29:32,563: create_node_process: package[rosout] type[rosout] machine[Machine(name[] env_loader[None] address[localhost] ssh_port[22] user[None] assignable[True] timeout[10.0])] master_uri[http://localhost:11311]
[roslaunch][INFO] 2020-06-26 13:29:32,563: process[rosout-1]: env[{'DISPLAY': ':99', 'XAUTHORITY': '/tmp/appuser.xvfb.auth', 'LC_ALL': 'C.UTF-8', 'LD_LIBRARY_PATH': '/home/appuser/aido-auto/ros/catkin_ws/devel/lib:/opt/ros/melodic/lib', 'LANG': 'C.UTF-8', 'HOSTNAME': '687a9678aa9c', 'ROS_ETC_DIR': '/opt/ros/melodic/etc/ros', 'PUBLISHER_DROP_FOLDER': '/home/appuser/publisher-drop', 'PWD': '/home/appuser/aido-auto/gym-duckietown', 'HOME': '/home/appuser', 'CMAKE_PREFIX_PATH': '/home/appuser/aido-auto/ros/catkin_ws/devel:/opt/ros/melodic', 'ROS_ROOT': '/opt/ros/melodic/share/ros', 'ROS_MASTER_URI': 'http://localhost:11311', 'ROS_VERSION': '1', 'TERM': 'xterm', 'ROS_PYTHON_VERSION': '2', 'SHLVL': '4', 'PYTHONPATH': '/home/appuser/aido-auto/ros/catkin_ws/devel/lib/python2.7/dist-packages:/opt/ros/melodic/lib/python2.7/dist-packages', 'ROS_PACKAGE_PATH': '/home/appuser/aido-auto/ros/catkin_ws/src:/opt/ros/melodic/share', 'ROSLISP_PACKAGE_DIRECTORIES': '/home/appuser/aido-auto/ros/catkin_ws/devel/share/common-lisp', 'PATH': '/opt/ros/melodic/bin:/usr/local/sbin:/usr/local/bin:/usr/sbin:/usr/bin:/sbin:/bin', 'PKG_CONFIG_PATH': '/home/appuser/aido-auto/ros/catkin_ws/devel/lib/pkgconfig:/opt/ros/melodic/lib/pkgconfig', 'ROS_DISTRO': 'melodic', '_': '/usr/bin/timeout', 'ROS_LOG_FILENAME': '/home/appuser/.ros/log/1084223a-b7b1-11ea-92d3-0242ac110010/roslaunch-687a9678aa9c-136.log'}]
[roslaunch][INFO] 2020-06-26 13:29:32,657: process[rosout-1]: args[['/opt/ros/melodic/lib/rosout/rosout', '__name:=rosout']]
[roslaunch][INFO] 2020-06-26 13:29:32,658: ... created process [rosout-1]
[roslaunch.pmon][INFO] 2020-06-26 13:29:32,658: ProcessMonitor.register[rosout-1]
[roslaunch.pmon][INFO] 2020-06-26 13:29:32,658: ProcessMonitor.register[rosout-1] complete
[roslaunch][INFO] 2020-06-26 13:29:32,658: ... registered process [rosout-1]
[roslaunch][INFO] 2020-06-26 13:29:32,659: process[rosout-1]: starting os process
[roslaunch][INFO] 2020-06-26 13:29:32,659: process[rosout-1]: start w/ args [['/opt/ros/melodic/lib/rosout/rosout', '__name:=rosout', '__log:=/home/appuser/.ros/log/1084223a-b7b1-11ea-92d3-0242ac110010/rosout-1.log']]
[roslaunch][INFO] 2020-06-26 13:29:32,660: process[rosout-1]: cwd will be [/home/appuser/.ros]
[roslaunch][INFO] 2020-06-26 13:29:32,671: process[rosout-1]: started with pid [162]
[roslaunch][INFO] 2020-06-26 13:29:32,672: ... successfully launched [rosout-1]
[roslaunch][INFO] 2020-06-26 13:29:32,672: load_parameters starting ...
[roslaunch][INFO] 2020-06-26 13:29:32,678: ... load_parameters complete
[roslaunch][INFO] 2020-06-26 13:29:32,679: launch_nodes: launching local nodes ...
[roslaunch][INFO] 2020-06-26 13:29:32,679: ... preparing to launch node of type [demo/demo_node.py]
[roslaunch][INFO] 2020-06-26 13:29:32,680: create_node_process: package[demo] type[demo_node.py] machine[Machine(name[] env_loader[None] address[localhost] ssh_port[22] user[None] assignable[True] timeout[10.0])] master_uri[http://localhost:11311]
[roslaunch][INFO] 2020-06-26 13:29:32,680: process[demo_node-2]: env[{'DISPLAY': ':99', 'XAUTHORITY': '/tmp/appuser.xvfb.auth', 'LC_ALL': 'C.UTF-8', 'LD_LIBRARY_PATH': '/home/appuser/aido-auto/ros/catkin_ws/devel/lib:/opt/ros/melodic/lib', 'LANG': 'C.UTF-8', 'HOSTNAME': '687a9678aa9c', 'ROS_ETC_DIR': '/opt/ros/melodic/etc/ros', 'PUBLISHER_DROP_FOLDER': '/home/appuser/publisher-drop', 'PWD': '/home/appuser/aido-auto/gym-duckietown', 'HOME': '/home/appuser', 'CMAKE_PREFIX_PATH': '/home/appuser/aido-auto/ros/catkin_ws/devel:/opt/ros/melodic', 'ROS_ROOT': '/opt/ros/melodic/share/ros', 'ROS_MASTER_URI': 'http://localhost:11311', 'ROS_VERSION': '1', 'TERM': 'xterm', 'ROS_PYTHON_VERSION': '2', 'SHLVL': '4', 'PYTHONPATH': '/home/appuser/aido-auto/ros/catkin_ws/devel/lib/python2.7/dist-packages:/opt/ros/melodic/lib/python2.7/dist-packages', 'ROS_PACKAGE_PATH': '/home/appuser/aido-auto/ros/catkin_ws/src:/opt/ros/melodic/share', 'ROSLISP_PACKAGE_DIRECTORIES': '/home/appuser/aido-auto/ros/catkin_ws/devel/share/common-lisp', 'PATH': '/opt/ros/melodic/bin:/usr/local/sbin:/usr/local/bin:/usr/sbin:/usr/bin:/sbin:/bin', 'PKG_CONFIG_PATH': '/home/appuser/aido-auto/ros/catkin_ws/devel/lib/pkgconfig:/opt/ros/melodic/lib/pkgconfig', 'ROS_DISTRO': 'melodic', '_': '/usr/bin/timeout', 'ROS_LOG_FILENAME': '/home/appuser/.ros/log/1084223a-b7b1-11ea-92d3-0242ac110010/roslaunch-687a9678aa9c-136.log'}]
[roslaunch][INFO] 2020-06-26 13:29:32,724: process[demo_node-2]: args[['/home/appuser/aido-auto/ros/catkin_ws/src/demo/scripts/demo_node.py', '__name:=demo_node']]
[roslaunch][INFO] 2020-06-26 13:29:32,724: ... created process [demo_node-2]
[roslaunch.pmon][INFO] 2020-06-26 13:29:32,725: ProcessMonitor.register[demo_node-2]
[roslaunch.pmon][INFO] 2020-06-26 13:29:32,725: ProcessMonitor.register[demo_node-2] complete
[roslaunch][INFO] 2020-06-26 13:29:32,725: ... registered process [demo_node-2]
[roslaunch][INFO] 2020-06-26 13:29:32,725: process[demo_node-2]: starting os process
[roslaunch][INFO] 2020-06-26 13:29:32,725: process[demo_node-2]: start w/ args [['/home/appuser/aido-auto/ros/catkin_ws/src/demo/scripts/demo_node.py', '__name:=demo_node', '__log:=/home/appuser/.ros/log/1084223a-b7b1-11ea-92d3-0242ac110010/demo_node-2.log']]
[roslaunch][INFO] 2020-06-26 13:29:32,725: process[demo_node-2]: cwd will be [/home/appuser/.ros]
[roslaunch][INFO] 2020-06-26 13:29:32,732: process[demo_node-2]: started with pid [165]
[roslaunch][INFO] 2020-06-26 13:29:32,732: ... successfully launched [demo_node-2]
[roslaunch][INFO] 2020-06-26 13:29:32,732: ... preparing to launch node of type [rosbag/record]
[roslaunch][INFO] 2020-06-26 13:29:32,732: create_node_process: package[rosbag] type[record] machine[Machine(name[] env_loader[None] address[localhost] ssh_port[22] user[None] assignable[True] timeout[10.0])] master_uri[http://localhost:11311]
[roslaunch][INFO] 2020-06-26 13:29:32,733: process[record-3]: env[{'DISPLAY': ':99', 'XAUTHORITY': '/tmp/appuser.xvfb.auth', 'LC_ALL': 'C.UTF-8', 'LD_LIBRARY_PATH': '/home/appuser/aido-auto/ros/catkin_ws/devel/lib:/opt/ros/melodic/lib', 'LANG': 'C.UTF-8', 'HOSTNAME': '687a9678aa9c', 'ROS_ETC_DIR': '/opt/ros/melodic/etc/ros', 'PUBLISHER_DROP_FOLDER': '/home/appuser/publisher-drop', 'PWD': '/home/appuser/aido-auto/gym-duckietown', 'HOME': '/home/appuser', 'CMAKE_PREFIX_PATH': '/home/appuser/aido-auto/ros/catkin_ws/devel:/opt/ros/melodic', 'ROS_ROOT': '/opt/ros/melodic/share/ros', 'ROS_MASTER_URI': 'http://localhost:11311', 'ROS_VERSION': '1', 'TERM': 'xterm', 'ROS_PYTHON_VERSION': '2', 'SHLVL': '4', 'PYTHONPATH': '/home/appuser/aido-auto/ros/catkin_ws/devel/lib/python2.7/dist-packages:/opt/ros/melodic/lib/python2.7/dist-packages', 'ROS_PACKAGE_PATH': '/home/appuser/aido-auto/ros/catkin_ws/src:/opt/ros/melodic/share', 'ROSLISP_PACKAGE_DIRECTORIES': '/home/appuser/aido-auto/ros/catkin_ws/devel/share/common-lisp', 'PATH': '/opt/ros/melodic/bin:/usr/local/sbin:/usr/local/bin:/usr/sbin:/usr/bin:/sbin:/bin', 'PKG_CONFIG_PATH': '/home/appuser/aido-auto/ros/catkin_ws/devel/lib/pkgconfig:/opt/ros/melodic/lib/pkgconfig', 'ROS_DISTRO': 'melodic', '_': '/usr/bin/timeout', 'ROS_LOG_FILENAME': '/home/appuser/.ros/log/1084223a-b7b1-11ea-92d3-0242ac110010/roslaunch-687a9678aa9c-136.log'}]
[roslaunch][INFO] 2020-06-26 13:29:32,745: process[record-3]: args[['/opt/ros/melodic/lib/rosbag/record', '-a', '__name:=record']]
[roslaunch][INFO] 2020-06-26 13:29:32,746: ... created process [record-3]
[roslaunch.pmon][INFO] 2020-06-26 13:29:32,746: ProcessMonitor.register[record-3]
[roslaunch.pmon][INFO] 2020-06-26 13:29:32,746: ProcessMonitor.register[record-3] complete
[roslaunch][INFO] 2020-06-26 13:29:32,746: ... registered process [record-3]
[roslaunch][INFO] 2020-06-26 13:29:32,746: process[record-3]: starting os process
[roslaunch][INFO] 2020-06-26 13:29:32,746: process[record-3]: start w/ args [['/opt/ros/melodic/lib/rosbag/record', '-a', '__name:=record', '__log:=/home/appuser/.ros/log/1084223a-b7b1-11ea-92d3-0242ac110010/record-3.log']]
[roslaunch][INFO] 2020-06-26 13:29:32,747: process[record-3]: cwd will be [/home/appuser/.ros]
[roslaunch][INFO] 2020-06-26 13:29:32,777: process[record-3]: started with pid [166]
[roslaunch][INFO] 2020-06-26 13:29:32,777: ... successfully launched [record-3]
[roslaunch][INFO] 2020-06-26 13:29:32,777: ... launch_nodes complete
[roslaunch.pmon][INFO] 2020-06-26 13:29:32,778: registrations completed <ProcessMonitor(ProcessMonitor-1, started daemon 140533862696704)>
[roslaunch.parent][INFO] 2020-06-26 13:29:32,778: ... roslaunch parent running, waiting for process exit
