[roslaunch.parent][INFO] 2020-10-13 11:16:05,650: starting roslaunch parent run
[roslaunch][INFO] 2020-10-13 11:16:05,651: loading roscore config file /opt/ros/melodic/etc/ros/roscore.xml
[roslaunch][INFO] 2020-10-13 11:16:05,851: Added core node of type [rosout/rosout] in namespace [/]
[roslaunch.config][INFO] 2020-10-13 11:16:05,851: loading config file /home/appuser/aido-auto/ros/catkin_ws/src/demo/launch/demo_node.launch
[roslaunch][INFO] 2020-10-13 11:16:05,852: Added node of type [demo/demo_node.py] in namespace [/]
[roslaunch][INFO] 2020-10-13 11:16:05,852: Added node of type [rosbag/record] in namespace [/]
[roslaunch][INFO] 2020-10-13 11:16:05,852: ... selected machine [] for node of type [demo/demo_node.py]
[roslaunch][INFO] 2020-10-13 11:16:05,852: ... selected machine [] for node of type [rosbag/record]
[roslaunch.pmon][INFO] 2020-10-13 11:16:05,853: start_process_monitor: creating ProcessMonitor
[roslaunch.pmon][INFO] 2020-10-13 11:16:05,854: created process monitor <ProcessMonitor(ProcessMonitor-1, initial daemon)>
[roslaunch.pmon][INFO] 2020-10-13 11:16:05,854: start_process_monitor: ProcessMonitor started
[roslaunch.parent][INFO] 2020-10-13 11:16:05,854: starting parent XML-RPC server
[roslaunch.server][INFO] 2020-10-13 11:16:05,854: starting roslaunch XML-RPC server
[roslaunch.server][INFO] 2020-10-13 11:16:05,855: waiting for roslaunch XML-RPC server to initialize
[xmlrpc][INFO] 2020-10-13 11:16:05,855: XML-RPC server binding to 0.0.0.0:0
[xmlrpc][INFO] 2020-10-13 11:16:05,855: Started XML-RPC server [http://b037813175a3:45353/]
[xmlrpc][INFO] 2020-10-13 11:16:05,856: xml rpc node: starting XML-RPC server
[roslaunch][INFO] 2020-10-13 11:16:05,867: started roslaunch server http://b037813175a3:45353/
[roslaunch.parent][INFO] 2020-10-13 11:16:05,867: ... parent XML-RPC server started
[roslaunch][INFO] 2020-10-13 11:16:05,868: master.is_running[http://localhost:11311]
[roslaunch][INFO] 2020-10-13 11:16:05,869: auto-starting new master
[roslaunch][INFO] 2020-10-13 11:16:05,869: create_master_process: rosmaster, /opt/ros/melodic/share/ros, 11311, 3, None, False
[roslaunch][INFO] 2020-10-13 11:16:05,869: process[master]: launching with args [['rosmaster', '--core', '-p', '11311', '-w', '3']]
[roslaunch.pmon][INFO] 2020-10-13 11:16:05,869: ProcessMonitor.register[master]
[roslaunch.pmon][INFO] 2020-10-13 11:16:05,869: ProcessMonitor.register[master] complete
[roslaunch][INFO] 2020-10-13 11:16:05,869: process[master]: starting os process
[roslaunch][INFO] 2020-10-13 11:16:05,869: process[master]: start w/ args [['rosmaster', '--core', '-p', '11311', '-w', '3', '__log:=/home/appuser/.ros/log/7c6ad400-0d45-11eb-85ba-0242ac110003/master.log']]
[roslaunch][INFO] 2020-10-13 11:16:05,869: process[master]: cwd will be [/home/appuser/.ros]
[roslaunch][INFO] 2020-10-13 11:16:05,873: process[master]: started with pid [160]
[roslaunch][INFO] 2020-10-13 11:16:05,873: master.is_running[http://localhost:11311]
[roslaunch][INFO] 2020-10-13 11:16:05,974: master.is_running[http://localhost:11311]
[roslaunch][INFO] 2020-10-13 11:16:06,075: master.is_running[http://localhost:11311]
[roslaunch][INFO] 2020-10-13 11:16:06,176: master.is_running[http://localhost:11311]
[roslaunch][INFO] 2020-10-13 11:16:06,178: master.is_running[http://localhost:11311]
[roslaunch][INFO] 2020-10-13 11:16:06,180: ROS_MASTER_URI=http://localhost:11311
[roslaunch][INFO] 2020-10-13 11:16:06,182: setting /run_id to 7c6ad400-0d45-11eb-85ba-0242ac110003
[roslaunch][INFO] 2020-10-13 11:16:06,183: setting /roslaunch/uris/host_b037813175a3__45353' to http://b037813175a3:45353/
[roslaunch][INFO] 2020-10-13 11:16:06,186: ... preparing to launch node of type [rosout/rosout]
[roslaunch][INFO] 2020-10-13 11:16:06,186: create_node_process: package[rosout] type[rosout] machine[Machine(name[] env_loader[None] address[localhost] ssh_port[22] user[None] assignable[True] timeout[10.0])] master_uri[http://localhost:11311]
[roslaunch][INFO] 2020-10-13 11:16:06,186: process[rosout-1]: env[{'DISPLAY': ':99', 'XAUTHORITY': '/tmp/appuser.xvfb.auth', 'LC_ALL': 'C.UTF-8', 'LD_LIBRARY_PATH': '/home/appuser/aido-auto/ros/catkin_ws/devel/lib:/opt/ros/melodic/lib', 'LANG': 'C.UTF-8', 'HOSTNAME': 'b037813175a3', 'ROS_ETC_DIR': '/opt/ros/melodic/etc/ros', 'PUBLISHER_DROP_FOLDER': '/home/appuser/publisher-drop', 'PWD': '/home/appuser/aido-auto/gym-duckietown', 'HOME': '/home/appuser', 'CMAKE_PREFIX_PATH': '/home/appuser/aido-auto/ros/catkin_ws/devel:/opt/ros/melodic', 'ROS_ROOT': '/opt/ros/melodic/share/ros', 'ROS_MASTER_URI': 'http://localhost:11311', 'ROS_VERSION': '1', 'TERM': 'xterm', 'ROS_PYTHON_VERSION': '2', 'SHLVL': '4', 'PYTHONPATH': '/home/appuser/aido-auto/ros/catkin_ws/devel/lib/python2.7/dist-packages:/opt/ros/melodic/lib/python2.7/dist-packages', 'ROS_PACKAGE_PATH': '/home/appuser/aido-auto/ros/catkin_ws/src:/opt/ros/melodic/share', 'ROSLISP_PACKAGE_DIRECTORIES': '/home/appuser/aido-auto/ros/catkin_ws/devel/share/common-lisp', 'PATH': '/opt/ros/melodic/bin:/usr/local/sbin:/usr/local/bin:/usr/sbin:/usr/bin:/sbin:/bin', 'PKG_CONFIG_PATH': '/home/appuser/aido-auto/ros/catkin_ws/devel/lib/pkgconfig:/opt/ros/melodic/lib/pkgconfig', 'ROS_DISTRO': 'melodic', '_': '/usr/bin/timeout', 'QT_QPA_PLATFORM_PLUGIN_PATH': '/usr/local/lib/python3.6/dist-packages/cv2/qt/plugins', 'QT_QPA_FONTDIR': '/usr/local/lib/python3.6/dist-packages/cv2/qt/fonts', 'ROS_LOG_FILENAME': '/home/appuser/.ros/log/7c6ad400-0d45-11eb-85ba-0242ac110003/roslaunch-b037813175a3-145.log'}]
[roslaunch][INFO] 2020-10-13 11:16:06,209: process[rosout-1]: args[['/opt/ros/melodic/lib/rosout/rosout', '__name:=rosout']]
[roslaunch][INFO] 2020-10-13 11:16:06,209: ... created process [rosout-1]
[roslaunch.pmon][INFO] 2020-10-13 11:16:06,210: ProcessMonitor.register[rosout-1]
[roslaunch.pmon][INFO] 2020-10-13 11:16:06,210: ProcessMonitor.register[rosout-1] complete
[roslaunch][INFO] 2020-10-13 11:16:06,210: ... registered process [rosout-1]
[roslaunch][INFO] 2020-10-13 11:16:06,210: process[rosout-1]: starting os process
[roslaunch][INFO] 2020-10-13 11:16:06,210: process[rosout-1]: start w/ args [['/opt/ros/melodic/lib/rosout/rosout', '__name:=rosout', '__log:=/home/appuser/.ros/log/7c6ad400-0d45-11eb-85ba-0242ac110003/rosout-1.log']]
[roslaunch][INFO] 2020-10-13 11:16:06,210: process[rosout-1]: cwd will be [/home/appuser/.ros]
[roslaunch][INFO] 2020-10-13 11:16:06,213: process[rosout-1]: started with pid [171]
[roslaunch][INFO] 2020-10-13 11:16:06,214: ... successfully launched [rosout-1]
[roslaunch][INFO] 2020-10-13 11:16:06,214: load_parameters starting ...
[roslaunch][INFO] 2020-10-13 11:16:06,219: ... load_parameters complete
[roslaunch][INFO] 2020-10-13 11:16:06,219: launch_nodes: launching local nodes ...
[roslaunch][INFO] 2020-10-13 11:16:06,220: ... preparing to launch node of type [demo/demo_node.py]
[roslaunch][INFO] 2020-10-13 11:16:06,220: create_node_process: package[demo] type[demo_node.py] machine[Machine(name[] env_loader[None] address[localhost] ssh_port[22] user[None] assignable[True] timeout[10.0])] master_uri[http://localhost:11311]
[roslaunch][INFO] 2020-10-13 11:16:06,220: process[demo_node-2]: env[{'DISPLAY': ':99', 'XAUTHORITY': '/tmp/appuser.xvfb.auth', 'LC_ALL': 'C.UTF-8', 'LD_LIBRARY_PATH': '/home/appuser/aido-auto/ros/catkin_ws/devel/lib:/opt/ros/melodic/lib', 'LANG': 'C.UTF-8', 'HOSTNAME': 'b037813175a3', 'ROS_ETC_DIR': '/opt/ros/melodic/etc/ros', 'PUBLISHER_DROP_FOLDER': '/home/appuser/publisher-drop', 'PWD': '/home/appuser/aido-auto/gym-duckietown', 'HOME': '/home/appuser', 'CMAKE_PREFIX_PATH': '/home/appuser/aido-auto/ros/catkin_ws/devel:/opt/ros/melodic', 'ROS_ROOT': '/opt/ros/melodic/share/ros', 'ROS_MASTER_URI': 'http://localhost:11311', 'ROS_VERSION': '1', 'TERM': 'xterm', 'ROS_PYTHON_VERSION': '2', 'SHLVL': '4', 'PYTHONPATH': '/home/appuser/aido-auto/ros/catkin_ws/devel/lib/python2.7/dist-packages:/opt/ros/melodic/lib/python2.7/dist-packages', 'ROS_PACKAGE_PATH': '/home/appuser/aido-auto/ros/catkin_ws/src:/opt/ros/melodic/share', 'ROSLISP_PACKAGE_DIRECTORIES': '/home/appuser/aido-auto/ros/catkin_ws/devel/share/common-lisp', 'PATH': '/opt/ros/melodic/bin:/usr/local/sbin:/usr/local/bin:/usr/sbin:/usr/bin:/sbin:/bin', 'PKG_CONFIG_PATH': '/home/appuser/aido-auto/ros/catkin_ws/devel/lib/pkgconfig:/opt/ros/melodic/lib/pkgconfig', 'ROS_DISTRO': 'melodic', '_': '/usr/bin/timeout', 'QT_QPA_PLATFORM_PLUGIN_PATH': '/usr/local/lib/python3.6/dist-packages/cv2/qt/plugins', 'QT_QPA_FONTDIR': '/usr/local/lib/python3.6/dist-packages/cv2/qt/fonts', 'ROS_LOG_FILENAME': '/home/appuser/.ros/log/7c6ad400-0d45-11eb-85ba-0242ac110003/roslaunch-b037813175a3-145.log'}]
[roslaunch][INFO] 2020-10-13 11:16:06,221: process[demo_node-2]: args[['/home/appuser/aido-auto/ros/catkin_ws/src/demo/scripts/demo_node.py', '__name:=demo_node']]
[roslaunch][INFO] 2020-10-13 11:16:06,221: ... created process [demo_node-2]
[roslaunch.pmon][INFO] 2020-10-13 11:16:06,221: ProcessMonitor.register[demo_node-2]
[roslaunch.pmon][INFO] 2020-10-13 11:16:06,221: ProcessMonitor.register[demo_node-2] complete
[roslaunch][INFO] 2020-10-13 11:16:06,222: ... registered process [demo_node-2]
[roslaunch][INFO] 2020-10-13 11:16:06,222: process[demo_node-2]: starting os process
[roslaunch][INFO] 2020-10-13 11:16:06,222: process[demo_node-2]: start w/ args [['/home/appuser/aido-auto/ros/catkin_ws/src/demo/scripts/demo_node.py', '__name:=demo_node', '__log:=/home/appuser/.ros/log/7c6ad400-0d45-11eb-85ba-0242ac110003/demo_node-2.log']]
[roslaunch][INFO] 2020-10-13 11:16:06,222: process[demo_node-2]: cwd will be [/home/appuser/.ros]
[roslaunch][ERROR] 2020-10-13 11:16:06,225: OSError(8, Exec format error)
[roslaunch.pmon][INFO] 2020-10-13 11:16:06,227: ProcessMonitor.shutdown <ProcessMonitor(ProcessMonitor-1, started daemon 139876255307520)>
[roslaunch.pmon][INFO] 2020-10-13 11:16:06,255: ProcessMonitor._post_run <ProcessMonitor(ProcessMonitor-1, started daemon 139876255307520)>
[roslaunch.pmon][INFO] 2020-10-13 11:16:06,256: ProcessMonitor._post_run <ProcessMonitor(ProcessMonitor-1, started daemon 139876255307520)>: remaining procs are [<roslaunch.nodeprocess.LocalProcess object at 0x7f376f44bb38>, <roslaunch.nodeprocess.LocalProcess object at 0x7f376f4659b0>, <roslaunch.nodeprocess.LocalProcess object at 0x7f376f465b38>]
[roslaunch.pmon][INFO] 2020-10-13 11:16:06,256: ProcessMonitor exit: killing demo_node-2
[roslaunch][INFO] 2020-10-13 11:16:06,256: [demo_node-2] killing on exit
[roslaunch.pmon][INFO] 2020-10-13 11:16:06,258: ProcessMonitor exit: killing rosout-1
[roslaunch][INFO] 2020-10-13 11:16:06,258: [rosout-1] killing on exit
[roslaunch][INFO] 2020-10-13 11:16:06,259: process[rosout-1]: killing os process with pid[171] pgid[171]
[roslaunch][INFO] 2020-10-13 11:16:06,259: [rosout-1] sending SIGINT to pgid [171]
[roslaunch][INFO] 2020-10-13 11:16:06,259: [rosout-1] sent SIGINT to pgid [171]
[roslaunch][INFO] 2020-10-13 11:16:06,459: process[rosout-1]: SIGINT killed with return value 0
[roslaunch.pmon][INFO] 2020-10-13 11:16:06,460: ProcessMonitor exit: killing master
[roslaunch][INFO] 2020-10-13 11:16:06,460: [master] killing on exit
[roslaunch][INFO] 2020-10-13 11:16:06,460: process[master]: killing os process with pid[160] pgid[160]
[roslaunch][INFO] 2020-10-13 11:16:06,460: [master] sending SIGINT to pgid [160]
[roslaunch][INFO] 2020-10-13 11:16:06,460: [master] sent SIGINT to pgid [160]
[roslaunch][INFO] 2020-10-13 11:16:06,661: process[master]: SIGINT killed with return value 0
[roslaunch.pmon][INFO] 2020-10-13 11:16:06,661: ProcessMonitor exit: cleaning up data structures and signals
[roslaunch.pmon][INFO] 2020-10-13 11:16:06,661: ProcessMonitor exit: pmon has shutdown
[rospy.core][INFO] 2020-10-13 11:16:06,661: signal_shutdown [atexit]
