[roslaunch.parent][INFO] 2020-10-13 11:17:50,101: starting roslaunch parent run
[roslaunch][INFO] 2020-10-13 11:17:50,101: loading roscore config file /opt/ros/melodic/etc/ros/roscore.xml
[roslaunch][INFO] 2020-10-13 11:17:50,239: Added core node of type [rosout/rosout] in namespace [/]
[roslaunch.config][INFO] 2020-10-13 11:17:50,239: loading config file /home/appuser/aido-auto/ros/catkin_ws/src/demo/launch/demo_node.launch
[roslaunch][INFO] 2020-10-13 11:17:50,240: Added node of type [demo/demo_node.py] in namespace [/]
[roslaunch][INFO] 2020-10-13 11:17:50,240: Added node of type [rosbag/record] in namespace [/]
[roslaunch][INFO] 2020-10-13 11:17:50,240: ... selected machine [] for node of type [demo/demo_node.py]
[roslaunch][INFO] 2020-10-13 11:17:50,240: ... selected machine [] for node of type [rosbag/record]
[roslaunch.pmon][INFO] 2020-10-13 11:17:50,241: start_process_monitor: creating ProcessMonitor
[roslaunch.pmon][INFO] 2020-10-13 11:17:50,242: created process monitor <ProcessMonitor(ProcessMonitor-1, initial daemon)>
[roslaunch.pmon][INFO] 2020-10-13 11:17:50,242: start_process_monitor: ProcessMonitor started
[roslaunch.parent][INFO] 2020-10-13 11:17:50,242: starting parent XML-RPC server
[roslaunch.server][INFO] 2020-10-13 11:17:50,242: starting roslaunch XML-RPC server
[roslaunch.server][INFO] 2020-10-13 11:17:50,242: waiting for roslaunch XML-RPC server to initialize
[xmlrpc][INFO] 2020-10-13 11:17:50,243: XML-RPC server binding to 0.0.0.0:0
[xmlrpc][INFO] 2020-10-13 11:17:50,243: Started XML-RPC server [http://c3eefd6daca3:33953/]
[xmlrpc][INFO] 2020-10-13 11:17:50,243: xml rpc node: starting XML-RPC server
[roslaunch][INFO] 2020-10-13 11:17:50,255: started roslaunch server http://c3eefd6daca3:33953/
[roslaunch.parent][INFO] 2020-10-13 11:17:50,255: ... parent XML-RPC server started
[roslaunch][INFO] 2020-10-13 11:17:50,256: master.is_running[http://localhost:11311]
[roslaunch][INFO] 2020-10-13 11:17:50,256: auto-starting new master
[roslaunch][INFO] 2020-10-13 11:17:50,256: create_master_process: rosmaster, /opt/ros/melodic/share/ros, 11311, 3, None, False
[roslaunch][INFO] 2020-10-13 11:17:50,256: process[master]: launching with args [['rosmaster', '--core', '-p', '11311', '-w', '3']]
[roslaunch.pmon][INFO] 2020-10-13 11:17:50,256: ProcessMonitor.register[master]
[roslaunch.pmon][INFO] 2020-10-13 11:17:50,257: ProcessMonitor.register[master] complete
[roslaunch][INFO] 2020-10-13 11:17:50,257: process[master]: starting os process
[roslaunch][INFO] 2020-10-13 11:17:50,257: process[master]: start w/ args [['rosmaster', '--core', '-p', '11311', '-w', '3', '__log:=/home/appuser/.ros/log/baadbc28-0d45-11eb-9bf3-0242ac110003/master.log']]
[roslaunch][INFO] 2020-10-13 11:17:50,257: process[master]: cwd will be [/home/appuser/.ros]
[roslaunch][INFO] 2020-10-13 11:17:50,260: process[master]: started with pid [160]
[roslaunch][INFO] 2020-10-13 11:17:50,260: master.is_running[http://localhost:11311]
[roslaunch][INFO] 2020-10-13 11:17:50,361: master.is_running[http://localhost:11311]
[roslaunch][INFO] 2020-10-13 11:17:50,462: master.is_running[http://localhost:11311]
[roslaunch][INFO] 2020-10-13 11:17:50,563: master.is_running[http://localhost:11311]
[roslaunch][INFO] 2020-10-13 11:17:50,565: master.is_running[http://localhost:11311]
[roslaunch][INFO] 2020-10-13 11:17:50,567: ROS_MASTER_URI=http://localhost:11311
[roslaunch][INFO] 2020-10-13 11:17:50,569: setting /run_id to baadbc28-0d45-11eb-9bf3-0242ac110003
[roslaunch][INFO] 2020-10-13 11:17:50,570: setting /roslaunch/uris/host_c3eefd6daca3__33953' to http://c3eefd6daca3:33953/
[roslaunch][INFO] 2020-10-13 11:17:50,572: ... preparing to launch node of type [rosout/rosout]
[roslaunch][INFO] 2020-10-13 11:17:50,572: create_node_process: package[rosout] type[rosout] machine[Machine(name[] env_loader[None] address[localhost] ssh_port[22] user[None] assignable[True] timeout[10.0])] master_uri[http://localhost:11311]
[roslaunch][INFO] 2020-10-13 11:17:50,573: process[rosout-1]: env[{'DISPLAY': ':99', 'XAUTHORITY': '/tmp/appuser.xvfb.auth', 'LC_ALL': 'C.UTF-8', 'LD_LIBRARY_PATH': '/home/appuser/aido-auto/ros/catkin_ws/devel/lib:/opt/ros/melodic/lib', 'LANG': 'C.UTF-8', 'HOSTNAME': 'c3eefd6daca3', 'ROS_ETC_DIR': '/opt/ros/melodic/etc/ros', 'PUBLISHER_DROP_FOLDER': '/home/appuser/publisher-drop', 'PWD': '/home/appuser/aido-auto/gym-duckietown', 'HOME': '/home/appuser', 'CMAKE_PREFIX_PATH': '/home/appuser/aido-auto/ros/catkin_ws/devel:/opt/ros/melodic', 'ROS_ROOT': '/opt/ros/melodic/share/ros', 'ROS_MASTER_URI': 'http://localhost:11311', 'ROS_VERSION': '1', 'TERM': 'xterm', 'ROS_PYTHON_VERSION': '2', 'SHLVL': '4', 'PYTHONPATH': '/home/appuser/aido-auto/ros/catkin_ws/devel/lib/python2.7/dist-packages:/opt/ros/melodic/lib/python2.7/dist-packages', 'ROS_PACKAGE_PATH': '/home/appuser/aido-auto/ros/catkin_ws/src:/opt/ros/melodic/share', 'ROSLISP_PACKAGE_DIRECTORIES': '/home/appuser/aido-auto/ros/catkin_ws/devel/share/common-lisp', 'PATH': '/opt/ros/melodic/bin:/usr/local/sbin:/usr/local/bin:/usr/sbin:/usr/bin:/sbin:/bin', 'PKG_CONFIG_PATH': '/home/appuser/aido-auto/ros/catkin_ws/devel/lib/pkgconfig:/opt/ros/melodic/lib/pkgconfig', 'ROS_DISTRO': 'melodic', '_': '/usr/bin/timeout', 'QT_QPA_PLATFORM_PLUGIN_PATH': '/usr/local/lib/python3.6/dist-packages/cv2/qt/plugins', 'QT_QPA_FONTDIR': '/usr/local/lib/python3.6/dist-packages/cv2/qt/fonts', 'ROS_LOG_FILENAME': '/home/appuser/.ros/log/baadbc28-0d45-11eb-9bf3-0242ac110003/roslaunch-c3eefd6daca3-145.log'}]
[roslaunch][INFO] 2020-10-13 11:17:50,595: process[rosout-1]: args[['/opt/ros/melodic/lib/rosout/rosout', '__name:=rosout']]
[roslaunch][INFO] 2020-10-13 11:17:50,595: ... created process [rosout-1]
[roslaunch.pmon][INFO] 2020-10-13 11:17:50,596: ProcessMonitor.register[rosout-1]
[roslaunch.pmon][INFO] 2020-10-13 11:17:50,596: ProcessMonitor.register[rosout-1] complete
[roslaunch][INFO] 2020-10-13 11:17:50,596: ... registered process [rosout-1]
[roslaunch][INFO] 2020-10-13 11:17:50,596: process[rosout-1]: starting os process
[roslaunch][INFO] 2020-10-13 11:17:50,596: process[rosout-1]: start w/ args [['/opt/ros/melodic/lib/rosout/rosout', '__name:=rosout', '__log:=/home/appuser/.ros/log/baadbc28-0d45-11eb-9bf3-0242ac110003/rosout-1.log']]
[roslaunch][INFO] 2020-10-13 11:17:50,596: process[rosout-1]: cwd will be [/home/appuser/.ros]
[roslaunch][INFO] 2020-10-13 11:17:50,599: process[rosout-1]: started with pid [171]
[roslaunch][INFO] 2020-10-13 11:17:50,600: ... successfully launched [rosout-1]
[roslaunch][INFO] 2020-10-13 11:17:50,600: load_parameters starting ...
[roslaunch][INFO] 2020-10-13 11:17:50,604: ... load_parameters complete
[roslaunch][INFO] 2020-10-13 11:17:50,604: launch_nodes: launching local nodes ...
[roslaunch][INFO] 2020-10-13 11:17:50,605: ... preparing to launch node of type [demo/demo_node.py]
[roslaunch][INFO] 2020-10-13 11:17:50,605: create_node_process: package[demo] type[demo_node.py] machine[Machine(name[] env_loader[None] address[localhost] ssh_port[22] user[None] assignable[True] timeout[10.0])] master_uri[http://localhost:11311]
[roslaunch][INFO] 2020-10-13 11:17:50,605: process[demo_node-2]: env[{'DISPLAY': ':99', 'XAUTHORITY': '/tmp/appuser.xvfb.auth', 'LC_ALL': 'C.UTF-8', 'LD_LIBRARY_PATH': '/home/appuser/aido-auto/ros/catkin_ws/devel/lib:/opt/ros/melodic/lib', 'LANG': 'C.UTF-8', 'HOSTNAME': 'c3eefd6daca3', 'ROS_ETC_DIR': '/opt/ros/melodic/etc/ros', 'PUBLISHER_DROP_FOLDER': '/home/appuser/publisher-drop', 'PWD': '/home/appuser/aido-auto/gym-duckietown', 'HOME': '/home/appuser', 'CMAKE_PREFIX_PATH': '/home/appuser/aido-auto/ros/catkin_ws/devel:/opt/ros/melodic', 'ROS_ROOT': '/opt/ros/melodic/share/ros', 'ROS_MASTER_URI': 'http://localhost:11311', 'ROS_VERSION': '1', 'TERM': 'xterm', 'ROS_PYTHON_VERSION': '2', 'SHLVL': '4', 'PYTHONPATH': '/home/appuser/aido-auto/ros/catkin_ws/devel/lib/python2.7/dist-packages:/opt/ros/melodic/lib/python2.7/dist-packages', 'ROS_PACKAGE_PATH': '/home/appuser/aido-auto/ros/catkin_ws/src:/opt/ros/melodic/share', 'ROSLISP_PACKAGE_DIRECTORIES': '/home/appuser/aido-auto/ros/catkin_ws/devel/share/common-lisp', 'PATH': '/opt/ros/melodic/bin:/usr/local/sbin:/usr/local/bin:/usr/sbin:/usr/bin:/sbin:/bin', 'PKG_CONFIG_PATH': '/home/appuser/aido-auto/ros/catkin_ws/devel/lib/pkgconfig:/opt/ros/melodic/lib/pkgconfig', 'ROS_DISTRO': 'melodic', '_': '/usr/bin/timeout', 'QT_QPA_PLATFORM_PLUGIN_PATH': '/usr/local/lib/python3.6/dist-packages/cv2/qt/plugins', 'QT_QPA_FONTDIR': '/usr/local/lib/python3.6/dist-packages/cv2/qt/fonts', 'ROS_LOG_FILENAME': '/home/appuser/.ros/log/baadbc28-0d45-11eb-9bf3-0242ac110003/roslaunch-c3eefd6daca3-145.log'}]
[roslaunch][INFO] 2020-10-13 11:17:50,606: process[demo_node-2]: args[['/home/appuser/aido-auto/ros/catkin_ws/src/demo/scripts/demo_node.py', '__name:=demo_node']]
[roslaunch][INFO] 2020-10-13 11:17:50,606: ... created process [demo_node-2]
[roslaunch.pmon][INFO] 2020-10-13 11:17:50,606: ProcessMonitor.register[demo_node-2]
[roslaunch.pmon][INFO] 2020-10-13 11:17:50,607: ProcessMonitor.register[demo_node-2] complete
[roslaunch][INFO] 2020-10-13 11:17:50,607: ... registered process [demo_node-2]
[roslaunch][INFO] 2020-10-13 11:17:50,607: process[demo_node-2]: starting os process
[roslaunch][INFO] 2020-10-13 11:17:50,607: process[demo_node-2]: start w/ args [['/home/appuser/aido-auto/ros/catkin_ws/src/demo/scripts/demo_node.py', '__name:=demo_node', '__log:=/home/appuser/.ros/log/baadbc28-0d45-11eb-9bf3-0242ac110003/demo_node-2.log']]
[roslaunch][INFO] 2020-10-13 11:17:50,607: process[demo_node-2]: cwd will be [/home/appuser/.ros]
[roslaunch][ERROR] 2020-10-13 11:17:50,611: OSError(8, Exec format error)
[roslaunch.pmon][INFO] 2020-10-13 11:17:50,613: ProcessMonitor.shutdown <ProcessMonitor(ProcessMonitor-1, started daemon 140161830868736)>
[roslaunch.pmon][INFO] 2020-10-13 11:17:50,643: ProcessMonitor._post_run <ProcessMonitor(ProcessMonitor-1, started daemon 140161830868736)>
[roslaunch.pmon][INFO] 2020-10-13 11:17:50,644: ProcessMonitor._post_run <ProcessMonitor(ProcessMonitor-1, started daemon 140161830868736)>: remaining procs are [<roslaunch.nodeprocess.LocalProcess object at 0x7f79ecf41be0>, <roslaunch.nodeprocess.LocalProcess object at 0x7f79ecf39fd0>, <roslaunch.nodeprocess.LocalProcess object at 0x7f79ecf399b0>]
[roslaunch.pmon][INFO] 2020-10-13 11:17:50,644: ProcessMonitor exit: killing demo_node-2
[roslaunch][INFO] 2020-10-13 11:17:50,645: [demo_node-2] killing on exit
[roslaunch.pmon][INFO] 2020-10-13 11:17:50,646: ProcessMonitor exit: killing rosout-1
[roslaunch][INFO] 2020-10-13 11:17:50,647: [rosout-1] killing on exit
[roslaunch][INFO] 2020-10-13 11:17:50,647: process[rosout-1]: killing os process with pid[171] pgid[171]
[roslaunch][INFO] 2020-10-13 11:17:50,647: [rosout-1] sending SIGINT to pgid [171]
[roslaunch][INFO] 2020-10-13 11:17:50,647: [rosout-1] sent SIGINT to pgid [171]
[roslaunch][INFO] 2020-10-13 11:17:50,848: process[rosout-1]: SIGINT killed with return value 0
[roslaunch.pmon][INFO] 2020-10-13 11:17:50,848: ProcessMonitor exit: killing master
[roslaunch][INFO] 2020-10-13 11:17:50,848: [master] killing on exit
[roslaunch][INFO] 2020-10-13 11:17:50,848: process[master]: killing os process with pid[160] pgid[160]
[roslaunch][INFO] 2020-10-13 11:17:50,848: [master] sending SIGINT to pgid [160]
[roslaunch][INFO] 2020-10-13 11:17:50,848: [master] sent SIGINT to pgid [160]
[roslaunch][INFO] 2020-10-13 11:17:51,049: process[master]: SIGINT killed with return value 0
[roslaunch.pmon][INFO] 2020-10-13 11:17:51,049: ProcessMonitor exit: cleaning up data structures and signals
[roslaunch.pmon][INFO] 2020-10-13 11:17:51,049: ProcessMonitor exit: pmon has shutdown
[rospy.core][INFO] 2020-10-13 11:17:51,049: signal_shutdown [atexit]
