[roslaunch.parent][INFO] 2020-03-30 21:18:37,110: starting roslaunch parent run
[roslaunch][INFO] 2020-03-30 21:18:37,111: loading roscore config file /opt/ros/melodic/etc/ros/roscore.xml
[roslaunch][INFO] 2020-03-30 21:18:37,254: Added core node of type [rosout/rosout] in namespace [/]
[roslaunch.config][INFO] 2020-03-30 21:18:37,255: loading config file /home/appuser/aido-auto/ros/catkin_ws/src/demo/launch/demo_node.launch
[roslaunch][INFO] 2020-03-30 21:18:37,255: Added node of type [demo/demo_node.py] in namespace [/]
[roslaunch][INFO] 2020-03-30 21:18:37,255: Added node of type [rosbag/record] in namespace [/]
[roslaunch][INFO] 2020-03-30 21:18:37,256: ... selected machine [] for node of type [demo/demo_node.py]
[roslaunch][INFO] 2020-03-30 21:18:37,256: ... selected machine [] for node of type [rosbag/record]
[roslaunch.pmon][INFO] 2020-03-30 21:18:37,257: start_process_monitor: creating ProcessMonitor
[roslaunch.pmon][INFO] 2020-03-30 21:18:37,257: created process monitor <ProcessMonitor(ProcessMonitor-1, initial daemon)>
[roslaunch.pmon][INFO] 2020-03-30 21:18:37,257: start_process_monitor: ProcessMonitor started
[roslaunch.parent][INFO] 2020-03-30 21:18:37,257: starting parent XML-RPC server
[roslaunch.server][INFO] 2020-03-30 21:18:37,257: starting roslaunch XML-RPC server
[roslaunch.server][INFO] 2020-03-30 21:18:37,257: waiting for roslaunch XML-RPC server to initialize
[xmlrpc][INFO] 2020-03-30 21:18:37,258: XML-RPC server binding to 0.0.0.0:0
[xmlrpc][INFO] 2020-03-30 21:18:37,258: Started XML-RPC server [http://66068bfc2546:36823/]
[xmlrpc][INFO] 2020-03-30 21:18:37,258: xml rpc node: starting XML-RPC server
[roslaunch][INFO] 2020-03-30 21:18:37,270: started roslaunch server http://66068bfc2546:36823/
[roslaunch.parent][INFO] 2020-03-30 21:18:37,270: ... parent XML-RPC server started
[roslaunch][INFO] 2020-03-30 21:18:37,271: master.is_running[http://localhost:11311]
[roslaunch][INFO] 2020-03-30 21:18:37,271: auto-starting new master
[roslaunch][INFO] 2020-03-30 21:18:37,271: create_master_process: rosmaster, /opt/ros/melodic/share/ros, 11311, 3, None, False
[roslaunch][INFO] 2020-03-30 21:18:37,271: process[master]: launching with args [['rosmaster', '--core', '-p', '11311', '-w', '3']]
[roslaunch.pmon][INFO] 2020-03-30 21:18:37,271: ProcessMonitor.register[master]
[roslaunch.pmon][INFO] 2020-03-30 21:18:37,272: ProcessMonitor.register[master] complete
[roslaunch][INFO] 2020-03-30 21:18:37,272: process[master]: starting os process
[roslaunch][INFO] 2020-03-30 21:18:37,272: process[master]: start w/ args [['rosmaster', '--core', '-p', '11311', '-w', '3', '__log:=/home/appuser/.ros/log/04fdb978-72cc-11ea-b4f8-0242ac110002/master.log']]
[roslaunch][INFO] 2020-03-30 21:18:37,272: process[master]: cwd will be [/home/appuser/.ros]
[roslaunch][INFO] 2020-03-30 21:18:37,279: process[master]: started with pid [908]
[roslaunch][INFO] 2020-03-30 21:18:37,279: master.is_running[http://localhost:11311]
[roslaunch][INFO] 2020-03-30 21:18:37,380: master.is_running[http://localhost:11311]
[roslaunch][INFO] 2020-03-30 21:18:37,480: master.is_running[http://localhost:11311]
[roslaunch][INFO] 2020-03-30 21:18:37,581: master.is_running[http://localhost:11311]
[roslaunch][INFO] 2020-03-30 21:18:37,587: master.is_running[http://localhost:11311]
[roslaunch][INFO] 2020-03-30 21:18:37,591: ROS_MASTER_URI=http://localhost:11311
[roslaunch][INFO] 2020-03-30 21:18:37,595: setting /run_id to 04fdb978-72cc-11ea-b4f8-0242ac110002
[roslaunch][INFO] 2020-03-30 21:18:37,598: setting /roslaunch/uris/host_66068bfc2546__36823' to http://66068bfc2546:36823/
[roslaunch][INFO] 2020-03-30 21:18:37,605: ... preparing to launch node of type [rosout/rosout]
[roslaunch][INFO] 2020-03-30 21:18:37,605: create_node_process: package[rosout] type[rosout] machine[Machine(name[] env_loader[None] address[localhost] ssh_port[22] user[None] assignable[True] timeout[10.0])] master_uri[http://localhost:11311]
[roslaunch][INFO] 2020-03-30 21:18:37,606: process[rosout-1]: env[{'DISPLAY': ':99', 'XAUTHORITY': '/tmp/appuser.xvfb.auth', 'LC_ALL': 'C.UTF-8', 'LD_LIBRARY_PATH': '/home/appuser/aido-auto/ros/catkin_ws/devel/lib:/opt/ros/melodic/lib', 'LANG': 'C.UTF-8', 'HOSTNAME': '66068bfc2546', 'OLDPWD': '/home/appuser/aido-auto/xqueue-watcher', 'ROS_ETC_DIR': '/opt/ros/melodic/etc/ros', 'PWD': '/home/appuser/aido-auto/gym-duckietown', 'HOME': '/home/appuser', 'CMAKE_PREFIX_PATH': '/home/appuser/aido-auto/ros/catkin_ws/devel:/opt/ros/melodic', 'ROS_ROOT': '/opt/ros/melodic/share/ros', 'ROS_MASTER_URI': 'http://localhost:11311', 'ROS_VERSION': '1', 'TERM': 'xterm', 'ROS_PYTHON_VERSION': '2', 'SHLVL': '5', 'PYTHONPATH': '/home/appuser/aido-auto/ros/catkin_ws/devel/lib/python2.7/dist-packages:/opt/ros/melodic/lib/python2.7/dist-packages:/home/appuser/aido-auto/gym-duckietown/:/home/appuser/aido-auto/git-publish/', 'ROS_PACKAGE_PATH': '/home/appuser/aido-auto/ros/catkin_ws/src:/opt/ros/melodic/share', 'ROSLISP_PACKAGE_DIRECTORIES': '/home/appuser/aido-auto/ros/catkin_ws/devel/share/common-lisp', 'PATH': '/opt/ros/melodic/bin:/usr/local/sbin:/usr/local/bin:/usr/sbin:/usr/bin:/sbin:/bin', 'PKG_CONFIG_PATH': '/home/appuser/aido-auto/ros/catkin_ws/devel/lib/pkgconfig:/opt/ros/melodic/lib/pkgconfig', 'ROS_DISTRO': 'melodic', '_': '/usr/bin/timeout', 'ROS_LOG_FILENAME': '/home/appuser/.ros/log/04fdb978-72cc-11ea-b4f8-0242ac110002/roslaunch-66068bfc2546-874.log'}]
[roslaunch][INFO] 2020-03-30 21:18:37,649: process[rosout-1]: args[['/opt/ros/melodic/lib/rosout/rosout', '__name:=rosout']]
[roslaunch][INFO] 2020-03-30 21:18:37,649: ... created process [rosout-1]
[roslaunch.pmon][INFO] 2020-03-30 21:18:37,649: ProcessMonitor.register[rosout-1]
[roslaunch.pmon][INFO] 2020-03-30 21:18:37,649: ProcessMonitor.register[rosout-1] complete
[roslaunch][INFO] 2020-03-30 21:18:37,649: ... registered process [rosout-1]
[roslaunch][INFO] 2020-03-30 21:18:37,649: process[rosout-1]: starting os process
[roslaunch][INFO] 2020-03-30 21:18:37,650: process[rosout-1]: start w/ args [['/opt/ros/melodic/lib/rosout/rosout', '__name:=rosout', '__log:=/home/appuser/.ros/log/04fdb978-72cc-11ea-b4f8-0242ac110002/rosout-1.log']]
[roslaunch][INFO] 2020-03-30 21:18:37,650: process[rosout-1]: cwd will be [/home/appuser/.ros]
[roslaunch][INFO] 2020-03-30 21:18:37,656: process[rosout-1]: started with pid [919]
[roslaunch][INFO] 2020-03-30 21:18:37,656: ... successfully launched [rosout-1]
[roslaunch][INFO] 2020-03-30 21:18:37,657: load_parameters starting ...
[roslaunch][INFO] 2020-03-30 21:18:37,660: ... load_parameters complete
[roslaunch][INFO] 2020-03-30 21:18:37,660: launch_nodes: launching local nodes ...
[roslaunch][INFO] 2020-03-30 21:18:37,660: ... preparing to launch node of type [demo/demo_node.py]
[roslaunch][INFO] 2020-03-30 21:18:37,661: create_node_process: package[demo] type[demo_node.py] machine[Machine(name[] env_loader[None] address[localhost] ssh_port[22] user[None] assignable[True] timeout[10.0])] master_uri[http://localhost:11311]
[roslaunch][INFO] 2020-03-30 21:18:37,661: process[demo_node-2]: env[{'DISPLAY': ':99', 'XAUTHORITY': '/tmp/appuser.xvfb.auth', 'LC_ALL': 'C.UTF-8', 'LD_LIBRARY_PATH': '/home/appuser/aido-auto/ros/catkin_ws/devel/lib:/opt/ros/melodic/lib', 'LANG': 'C.UTF-8', 'HOSTNAME': '66068bfc2546', 'OLDPWD': '/home/appuser/aido-auto/xqueue-watcher', 'ROS_ETC_DIR': '/opt/ros/melodic/etc/ros', 'PWD': '/home/appuser/aido-auto/gym-duckietown', 'HOME': '/home/appuser', 'CMAKE_PREFIX_PATH': '/home/appuser/aido-auto/ros/catkin_ws/devel:/opt/ros/melodic', 'ROS_ROOT': '/opt/ros/melodic/share/ros', 'ROS_MASTER_URI': 'http://localhost:11311', 'ROS_VERSION': '1', 'TERM': 'xterm', 'ROS_PYTHON_VERSION': '2', 'SHLVL': '5', 'PYTHONPATH': '/home/appuser/aido-auto/ros/catkin_ws/devel/lib/python2.7/dist-packages:/opt/ros/melodic/lib/python2.7/dist-packages:/home/appuser/aido-auto/gym-duckietown/:/home/appuser/aido-auto/git-publish/', 'ROS_PACKAGE_PATH': '/home/appuser/aido-auto/ros/catkin_ws/src:/opt/ros/melodic/share', 'ROSLISP_PACKAGE_DIRECTORIES': '/home/appuser/aido-auto/ros/catkin_ws/devel/share/common-lisp', 'PATH': '/opt/ros/melodic/bin:/usr/local/sbin:/usr/local/bin:/usr/sbin:/usr/bin:/sbin:/bin', 'PKG_CONFIG_PATH': '/home/appuser/aido-auto/ros/catkin_ws/devel/lib/pkgconfig:/opt/ros/melodic/lib/pkgconfig', 'ROS_DISTRO': 'melodic', '_': '/usr/bin/timeout', 'ROS_LOG_FILENAME': '/home/appuser/.ros/log/04fdb978-72cc-11ea-b4f8-0242ac110002/roslaunch-66068bfc2546-874.log'}]
[roslaunch][INFO] 2020-03-30 21:18:37,662: process[demo_node-2]: args[['/home/appuser/aido-auto/ros/catkin_ws/src/demo/scripts/demo_node.py', '__name:=demo_node']]
[roslaunch][INFO] 2020-03-30 21:18:37,662: ... created process [demo_node-2]
[roslaunch.pmon][INFO] 2020-03-30 21:18:37,662: ProcessMonitor.register[demo_node-2]
[roslaunch.pmon][INFO] 2020-03-30 21:18:37,662: ProcessMonitor.register[demo_node-2] complete
[roslaunch][INFO] 2020-03-30 21:18:37,662: ... registered process [demo_node-2]
[roslaunch][INFO] 2020-03-30 21:18:37,663: process[demo_node-2]: starting os process
[roslaunch][INFO] 2020-03-30 21:18:37,663: process[demo_node-2]: start w/ args [['/home/appuser/aido-auto/ros/catkin_ws/src/demo/scripts/demo_node.py', '__name:=demo_node', '__log:=/home/appuser/.ros/log/04fdb978-72cc-11ea-b4f8-0242ac110002/demo_node-2.log']]
[roslaunch][INFO] 2020-03-30 21:18:37,663: process[demo_node-2]: cwd will be [/home/appuser/.ros]
[roslaunch][INFO] 2020-03-30 21:18:37,669: process[demo_node-2]: started with pid [922]
[roslaunch][INFO] 2020-03-30 21:18:37,670: ... successfully launched [demo_node-2]
[roslaunch][INFO] 2020-03-30 21:18:37,670: ... preparing to launch node of type [rosbag/record]
[roslaunch][INFO] 2020-03-30 21:18:37,670: create_node_process: package[rosbag] type[record] machine[Machine(name[] env_loader[None] address[localhost] ssh_port[22] user[None] assignable[True] timeout[10.0])] master_uri[http://localhost:11311]
[roslaunch][INFO] 2020-03-30 21:18:37,670: process[record-3]: env[{'DISPLAY': ':99', 'XAUTHORITY': '/tmp/appuser.xvfb.auth', 'LC_ALL': 'C.UTF-8', 'LD_LIBRARY_PATH': '/home/appuser/aido-auto/ros/catkin_ws/devel/lib:/opt/ros/melodic/lib', 'LANG': 'C.UTF-8', 'HOSTNAME': '66068bfc2546', 'OLDPWD': '/home/appuser/aido-auto/xqueue-watcher', 'ROS_ETC_DIR': '/opt/ros/melodic/etc/ros', 'PWD': '/home/appuser/aido-auto/gym-duckietown', 'HOME': '/home/appuser', 'CMAKE_PREFIX_PATH': '/home/appuser/aido-auto/ros/catkin_ws/devel:/opt/ros/melodic', 'ROS_ROOT': '/opt/ros/melodic/share/ros', 'ROS_MASTER_URI': 'http://localhost:11311', 'ROS_VERSION': '1', 'TERM': 'xterm', 'ROS_PYTHON_VERSION': '2', 'SHLVL': '5', 'PYTHONPATH': '/home/appuser/aido-auto/ros/catkin_ws/devel/lib/python2.7/dist-packages:/opt/ros/melodic/lib/python2.7/dist-packages:/home/appuser/aido-auto/gym-duckietown/:/home/appuser/aido-auto/git-publish/', 'ROS_PACKAGE_PATH': '/home/appuser/aido-auto/ros/catkin_ws/src:/opt/ros/melodic/share', 'ROSLISP_PACKAGE_DIRECTORIES': '/home/appuser/aido-auto/ros/catkin_ws/devel/share/common-lisp', 'PATH': '/opt/ros/melodic/bin:/usr/local/sbin:/usr/local/bin:/usr/sbin:/usr/bin:/sbin:/bin', 'PKG_CONFIG_PATH': '/home/appuser/aido-auto/ros/catkin_ws/devel/lib/pkgconfig:/opt/ros/melodic/lib/pkgconfig', 'ROS_DISTRO': 'melodic', '_': '/usr/bin/timeout', 'ROS_LOG_FILENAME': '/home/appuser/.ros/log/04fdb978-72cc-11ea-b4f8-0242ac110002/roslaunch-66068bfc2546-874.log'}]
[roslaunch][INFO] 2020-03-30 21:18:37,677: process[record-3]: args[['/opt/ros/melodic/lib/rosbag/record', '-a', '__name:=record']]
[roslaunch][INFO] 2020-03-30 21:18:37,677: ... created process [record-3]
[roslaunch.pmon][INFO] 2020-03-30 21:18:37,677: ProcessMonitor.register[record-3]
[roslaunch.pmon][INFO] 2020-03-30 21:18:37,677: ProcessMonitor.register[record-3] complete
[roslaunch][INFO] 2020-03-30 21:18:37,678: ... registered process [record-3]
[roslaunch][INFO] 2020-03-30 21:18:37,678: process[record-3]: starting os process
[roslaunch][INFO] 2020-03-30 21:18:37,678: process[record-3]: start w/ args [['/opt/ros/melodic/lib/rosbag/record', '-a', '__name:=record', '__log:=/home/appuser/.ros/log/04fdb978-72cc-11ea-b4f8-0242ac110002/record-3.log']]
[roslaunch][INFO] 2020-03-30 21:18:37,678: process[record-3]: cwd will be [/home/appuser/.ros]
[roslaunch][INFO] 2020-03-30 21:18:37,686: process[record-3]: started with pid [927]
[roslaunch][INFO] 2020-03-30 21:18:37,686: ... successfully launched [record-3]
[roslaunch][INFO] 2020-03-30 21:18:37,687: ... launch_nodes complete
[roslaunch.pmon][INFO] 2020-03-30 21:18:37,687: registrations completed <ProcessMonitor(ProcessMonitor-1, started daemon 139703354144512)>
[roslaunch.parent][INFO] 2020-03-30 21:18:37,687: ... roslaunch parent running, waiting for process exit
