[roslaunch.parent][INFO] 2020-10-13 11:17:06,677: starting roslaunch parent run
[roslaunch][INFO] 2020-10-13 11:17:06,678: loading roscore config file /opt/ros/melodic/etc/ros/roscore.xml
[roslaunch][INFO] 2020-10-13 11:17:06,822: Added core node of type [rosout/rosout] in namespace [/]
[roslaunch.config][INFO] 2020-10-13 11:17:06,823: loading config file /home/appuser/aido-auto/ros/catkin_ws/src/demo/launch/demo_node.launch
[roslaunch][INFO] 2020-10-13 11:17:06,823: Added node of type [demo/demo_node.py] in namespace [/]
[roslaunch][INFO] 2020-10-13 11:17:06,823: Added node of type [rosbag/record] in namespace [/]
[roslaunch][INFO] 2020-10-13 11:17:06,823: ... selected machine [] for node of type [demo/demo_node.py]
[roslaunch][INFO] 2020-10-13 11:17:06,823: ... selected machine [] for node of type [rosbag/record]
[roslaunch.pmon][INFO] 2020-10-13 11:17:06,824: start_process_monitor: creating ProcessMonitor
[roslaunch.pmon][INFO] 2020-10-13 11:17:06,825: created process monitor <ProcessMonitor(ProcessMonitor-1, initial daemon)>
[roslaunch.pmon][INFO] 2020-10-13 11:17:06,825: start_process_monitor: ProcessMonitor started
[roslaunch.parent][INFO] 2020-10-13 11:17:06,825: starting parent XML-RPC server
[roslaunch.server][INFO] 2020-10-13 11:17:06,825: starting roslaunch XML-RPC server
[roslaunch.server][INFO] 2020-10-13 11:17:06,826: waiting for roslaunch XML-RPC server to initialize
[xmlrpc][INFO] 2020-10-13 11:17:06,826: XML-RPC server binding to 0.0.0.0:0
[xmlrpc][INFO] 2020-10-13 11:17:06,826: Started XML-RPC server [http://addcaa2c049c:37017/]
[xmlrpc][INFO] 2020-10-13 11:17:06,827: xml rpc node: starting XML-RPC server
[roslaunch][INFO] 2020-10-13 11:17:06,839: started roslaunch server http://addcaa2c049c:37017/
[roslaunch.parent][INFO] 2020-10-13 11:17:06,839: ... parent XML-RPC server started
[roslaunch][INFO] 2020-10-13 11:17:06,840: master.is_running[http://localhost:11311]
[roslaunch][INFO] 2020-10-13 11:17:06,840: auto-starting new master
[roslaunch][INFO] 2020-10-13 11:17:06,840: create_master_process: rosmaster, /opt/ros/melodic/share/ros, 11311, 3, None, False
[roslaunch][INFO] 2020-10-13 11:17:06,840: process[master]: launching with args [['rosmaster', '--core', '-p', '11311', '-w', '3']]
[roslaunch.pmon][INFO] 2020-10-13 11:17:06,840: ProcessMonitor.register[master]
[roslaunch.pmon][INFO] 2020-10-13 11:17:06,841: ProcessMonitor.register[master] complete
[roslaunch][INFO] 2020-10-13 11:17:06,841: process[master]: starting os process
[roslaunch][INFO] 2020-10-13 11:17:06,841: process[master]: start w/ args [['rosmaster', '--core', '-p', '11311', '-w', '3', '__log:=/home/appuser/.ros/log/a0cbe4d8-0d45-11eb-9949-0242ac110003/master.log']]
[roslaunch][INFO] 2020-10-13 11:17:06,841: process[master]: cwd will be [/home/appuser/.ros]
[roslaunch][INFO] 2020-10-13 11:17:06,844: process[master]: started with pid [162]
[roslaunch][INFO] 2020-10-13 11:17:06,844: master.is_running[http://localhost:11311]
[roslaunch][INFO] 2020-10-13 11:17:06,945: master.is_running[http://localhost:11311]
[roslaunch][INFO] 2020-10-13 11:17:07,046: master.is_running[http://localhost:11311]
[roslaunch][INFO] 2020-10-13 11:17:07,147: master.is_running[http://localhost:11311]
[roslaunch][INFO] 2020-10-13 11:17:07,150: master.is_running[http://localhost:11311]
[roslaunch][INFO] 2020-10-13 11:17:07,152: ROS_MASTER_URI=http://localhost:11311
[roslaunch][INFO] 2020-10-13 11:17:07,153: setting /run_id to a0cbe4d8-0d45-11eb-9949-0242ac110003
[roslaunch][INFO] 2020-10-13 11:17:07,154: setting /roslaunch/uris/host_addcaa2c049c__37017' to http://addcaa2c049c:37017/
[roslaunch][INFO] 2020-10-13 11:17:07,158: ... preparing to launch node of type [rosout/rosout]
[roslaunch][INFO] 2020-10-13 11:17:07,158: create_node_process: package[rosout] type[rosout] machine[Machine(name[] env_loader[None] address[localhost] ssh_port[22] user[None] assignable[True] timeout[10.0])] master_uri[http://localhost:11311]
[roslaunch][INFO] 2020-10-13 11:17:07,158: process[rosout-1]: env[{'DISPLAY': ':99', 'XAUTHORITY': '/tmp/appuser.xvfb.auth', 'LC_ALL': 'C.UTF-8', 'LD_LIBRARY_PATH': '/home/appuser/aido-auto/ros/catkin_ws/devel/lib:/opt/ros/melodic/lib', 'LANG': 'C.UTF-8', 'HOSTNAME': 'addcaa2c049c', 'ROS_ETC_DIR': '/opt/ros/melodic/etc/ros', 'PUBLISHER_DROP_FOLDER': '/home/appuser/publisher-drop', 'PWD': '/home/appuser/aido-auto/gym-duckietown', 'HOME': '/home/appuser', 'CMAKE_PREFIX_PATH': '/home/appuser/aido-auto/ros/catkin_ws/devel:/opt/ros/melodic', 'ROS_ROOT': '/opt/ros/melodic/share/ros', 'ROS_MASTER_URI': 'http://localhost:11311', 'ROS_VERSION': '1', 'TERM': 'xterm', 'ROS_PYTHON_VERSION': '2', 'SHLVL': '4', 'PYTHONPATH': '/home/appuser/aido-auto/ros/catkin_ws/devel/lib/python2.7/dist-packages:/opt/ros/melodic/lib/python2.7/dist-packages', 'ROS_PACKAGE_PATH': '/home/appuser/aido-auto/ros/catkin_ws/src:/opt/ros/melodic/share', 'ROSLISP_PACKAGE_DIRECTORIES': '/home/appuser/aido-auto/ros/catkin_ws/devel/share/common-lisp', 'PATH': '/opt/ros/melodic/bin:/usr/local/sbin:/usr/local/bin:/usr/sbin:/usr/bin:/sbin:/bin', 'PKG_CONFIG_PATH': '/home/appuser/aido-auto/ros/catkin_ws/devel/lib/pkgconfig:/opt/ros/melodic/lib/pkgconfig', 'ROS_DISTRO': 'melodic', '_': '/usr/bin/timeout', 'QT_QPA_PLATFORM_PLUGIN_PATH': '/usr/local/lib/python3.6/dist-packages/cv2/qt/plugins', 'QT_QPA_FONTDIR': '/usr/local/lib/python3.6/dist-packages/cv2/qt/fonts', 'ROS_LOG_FILENAME': '/home/appuser/.ros/log/a0cbe4d8-0d45-11eb-9949-0242ac110003/roslaunch-addcaa2c049c-147.log'}]
[roslaunch][INFO] 2020-10-13 11:17:07,180: process[rosout-1]: args[['/opt/ros/melodic/lib/rosout/rosout', '__name:=rosout']]
[roslaunch][INFO] 2020-10-13 11:17:07,181: ... created process [rosout-1]
[roslaunch.pmon][INFO] 2020-10-13 11:17:07,181: ProcessMonitor.register[rosout-1]
[roslaunch.pmon][INFO] 2020-10-13 11:17:07,181: ProcessMonitor.register[rosout-1] complete
[roslaunch][INFO] 2020-10-13 11:17:07,181: ... registered process [rosout-1]
[roslaunch][INFO] 2020-10-13 11:17:07,181: process[rosout-1]: starting os process
[roslaunch][INFO] 2020-10-13 11:17:07,181: process[rosout-1]: start w/ args [['/opt/ros/melodic/lib/rosout/rosout', '__name:=rosout', '__log:=/home/appuser/.ros/log/a0cbe4d8-0d45-11eb-9949-0242ac110003/rosout-1.log']]
[roslaunch][INFO] 2020-10-13 11:17:07,181: process[rosout-1]: cwd will be [/home/appuser/.ros]
[roslaunch][INFO] 2020-10-13 11:17:07,184: process[rosout-1]: started with pid [173]
[roslaunch][INFO] 2020-10-13 11:17:07,184: ... successfully launched [rosout-1]
[roslaunch][INFO] 2020-10-13 11:17:07,185: load_parameters starting ...
[roslaunch][INFO] 2020-10-13 11:17:07,190: ... load_parameters complete
[roslaunch][INFO] 2020-10-13 11:17:07,190: launch_nodes: launching local nodes ...
[roslaunch][INFO] 2020-10-13 11:17:07,190: ... preparing to launch node of type [demo/demo_node.py]
[roslaunch][INFO] 2020-10-13 11:17:07,190: create_node_process: package[demo] type[demo_node.py] machine[Machine(name[] env_loader[None] address[localhost] ssh_port[22] user[None] assignable[True] timeout[10.0])] master_uri[http://localhost:11311]
[roslaunch][INFO] 2020-10-13 11:17:07,191: process[demo_node-2]: env[{'DISPLAY': ':99', 'XAUTHORITY': '/tmp/appuser.xvfb.auth', 'LC_ALL': 'C.UTF-8', 'LD_LIBRARY_PATH': '/home/appuser/aido-auto/ros/catkin_ws/devel/lib:/opt/ros/melodic/lib', 'LANG': 'C.UTF-8', 'HOSTNAME': 'addcaa2c049c', 'ROS_ETC_DIR': '/opt/ros/melodic/etc/ros', 'PUBLISHER_DROP_FOLDER': '/home/appuser/publisher-drop', 'PWD': '/home/appuser/aido-auto/gym-duckietown', 'HOME': '/home/appuser', 'CMAKE_PREFIX_PATH': '/home/appuser/aido-auto/ros/catkin_ws/devel:/opt/ros/melodic', 'ROS_ROOT': '/opt/ros/melodic/share/ros', 'ROS_MASTER_URI': 'http://localhost:11311', 'ROS_VERSION': '1', 'TERM': 'xterm', 'ROS_PYTHON_VERSION': '2', 'SHLVL': '4', 'PYTHONPATH': '/home/appuser/aido-auto/ros/catkin_ws/devel/lib/python2.7/dist-packages:/opt/ros/melodic/lib/python2.7/dist-packages', 'ROS_PACKAGE_PATH': '/home/appuser/aido-auto/ros/catkin_ws/src:/opt/ros/melodic/share', 'ROSLISP_PACKAGE_DIRECTORIES': '/home/appuser/aido-auto/ros/catkin_ws/devel/share/common-lisp', 'PATH': '/opt/ros/melodic/bin:/usr/local/sbin:/usr/local/bin:/usr/sbin:/usr/bin:/sbin:/bin', 'PKG_CONFIG_PATH': '/home/appuser/aido-auto/ros/catkin_ws/devel/lib/pkgconfig:/opt/ros/melodic/lib/pkgconfig', 'ROS_DISTRO': 'melodic', '_': '/usr/bin/timeout', 'QT_QPA_PLATFORM_PLUGIN_PATH': '/usr/local/lib/python3.6/dist-packages/cv2/qt/plugins', 'QT_QPA_FONTDIR': '/usr/local/lib/python3.6/dist-packages/cv2/qt/fonts', 'ROS_LOG_FILENAME': '/home/appuser/.ros/log/a0cbe4d8-0d45-11eb-9949-0242ac110003/roslaunch-addcaa2c049c-147.log'}]
[roslaunch][INFO] 2020-10-13 11:17:07,192: process[demo_node-2]: args[['/home/appuser/aido-auto/ros/catkin_ws/src/demo/scripts/demo_node.py', '__name:=demo_node']]
[roslaunch][INFO] 2020-10-13 11:17:07,192: ... created process [demo_node-2]
[roslaunch.pmon][INFO] 2020-10-13 11:17:07,192: ProcessMonitor.register[demo_node-2]
[roslaunch.pmon][INFO] 2020-10-13 11:17:07,192: ProcessMonitor.register[demo_node-2] complete
[roslaunch][INFO] 2020-10-13 11:17:07,192: ... registered process [demo_node-2]
[roslaunch][INFO] 2020-10-13 11:17:07,192: process[demo_node-2]: starting os process
[roslaunch][INFO] 2020-10-13 11:17:07,193: process[demo_node-2]: start w/ args [['/home/appuser/aido-auto/ros/catkin_ws/src/demo/scripts/demo_node.py', '__name:=demo_node', '__log:=/home/appuser/.ros/log/a0cbe4d8-0d45-11eb-9949-0242ac110003/demo_node-2.log']]
[roslaunch][INFO] 2020-10-13 11:17:07,193: process[demo_node-2]: cwd will be [/home/appuser/.ros]
[roslaunch][ERROR] 2020-10-13 11:17:07,196: OSError(8, Exec format error)
[roslaunch.pmon][INFO] 2020-10-13 11:17:07,199: ProcessMonitor.shutdown <ProcessMonitor(ProcessMonitor-1, started daemon 139748713801472)>
[roslaunch.pmon][INFO] 2020-10-13 11:17:07,226: ProcessMonitor._post_run <ProcessMonitor(ProcessMonitor-1, started daemon 139748713801472)>
[roslaunch.pmon][INFO] 2020-10-13 11:17:07,227: ProcessMonitor._post_run <ProcessMonitor(ProcessMonitor-1, started daemon 139748713801472)>: remaining procs are [<roslaunch.nodeprocess.LocalProcess object at 0x7f19bb33cb00>, <roslaunch.nodeprocess.LocalProcess object at 0x7f19bb3569b0>, <roslaunch.nodeprocess.LocalProcess object at 0x7f19bb356b38>]
[roslaunch.pmon][INFO] 2020-10-13 11:17:07,228: ProcessMonitor exit: killing demo_node-2
[roslaunch][INFO] 2020-10-13 11:17:07,228: [demo_node-2] killing on exit
[roslaunch.pmon][INFO] 2020-10-13 11:17:07,230: ProcessMonitor exit: killing rosout-1
[roslaunch][INFO] 2020-10-13 11:17:07,230: [rosout-1] killing on exit
[roslaunch][INFO] 2020-10-13 11:17:07,230: process[rosout-1]: killing os process with pid[173] pgid[173]
[roslaunch][INFO] 2020-10-13 11:17:07,230: [rosout-1] sending SIGINT to pgid [173]
[roslaunch][INFO] 2020-10-13 11:17:07,230: [rosout-1] sent SIGINT to pgid [173]
[roslaunch][INFO] 2020-10-13 11:17:07,431: process[rosout-1]: SIGINT killed with return value 0
[roslaunch.pmon][INFO] 2020-10-13 11:17:07,431: ProcessMonitor exit: killing master
[roslaunch][INFO] 2020-10-13 11:17:07,431: [master] killing on exit
[roslaunch][INFO] 2020-10-13 11:17:07,432: process[master]: killing os process with pid[162] pgid[162]
[roslaunch][INFO] 2020-10-13 11:17:07,432: [master] sending SIGINT to pgid [162]
[roslaunch][INFO] 2020-10-13 11:17:07,432: [master] sent SIGINT to pgid [162]
[roslaunch][INFO] 2020-10-13 11:17:07,633: process[master]: SIGINT killed with return value 0
[roslaunch.pmon][INFO] 2020-10-13 11:17:07,633: ProcessMonitor exit: cleaning up data structures and signals
[roslaunch.pmon][INFO] 2020-10-13 11:17:07,633: ProcessMonitor exit: pmon has shutdown
[rospy.core][INFO] 2020-10-13 11:17:07,633: signal_shutdown [atexit]
