[roslaunch.parent][INFO] 2023-01-20 14:47:46,046: starting roslaunch parent run
[roslaunch][INFO] 2023-01-20 14:47:46,047: loading roscore config file /opt/ros/melodic/etc/ros/roscore.xml
[roslaunch][INFO] 2023-01-20 14:47:46,193: Added core node of type [rosout/rosout] in namespace [/]
[roslaunch.config][INFO] 2023-01-20 14:47:46,194: loading config file /home/appuser/aido-auto/ros/catkin_ws/src/demo/launch/demo_node.launch
[roslaunch][INFO] 2023-01-20 14:47:46,194: Added node of type [demo/demo_node.py] in namespace [/]
[roslaunch][INFO] 2023-01-20 14:47:46,194: Added node of type [rosbag/record] in namespace [/]
[roslaunch][INFO] 2023-01-20 14:47:46,195: ... selected machine [] for node of type [demo/demo_node.py]
[roslaunch][INFO] 2023-01-20 14:47:46,195: ... selected machine [] for node of type [rosbag/record]
[roslaunch.pmon][INFO] 2023-01-20 14:47:46,201: start_process_monitor: creating ProcessMonitor
[roslaunch.pmon][INFO] 2023-01-20 14:47:46,202: created process monitor <ProcessMonitor(ProcessMonitor-1, initial daemon)>
[roslaunch.pmon][INFO] 2023-01-20 14:47:46,202: start_process_monitor: ProcessMonitor started
[roslaunch.parent][INFO] 2023-01-20 14:47:46,202: starting parent XML-RPC server
[roslaunch.server][INFO] 2023-01-20 14:47:46,202: starting roslaunch XML-RPC server
[roslaunch.server][INFO] 2023-01-20 14:47:46,202: waiting for roslaunch XML-RPC server to initialize
[xmlrpc][INFO] 2023-01-20 14:47:46,202: XML-RPC server binding to 0.0.0.0:0
[xmlrpc][INFO] 2023-01-20 14:47:46,203: Started XML-RPC server [http://c841d53cb3ea:39795/]
[xmlrpc][INFO] 2023-01-20 14:47:46,203: xml rpc node: starting XML-RPC server
[roslaunch][INFO] 2023-01-20 14:47:46,214: started roslaunch server http://c841d53cb3ea:39795/
[roslaunch.parent][INFO] 2023-01-20 14:47:46,214: ... parent XML-RPC server started
[roslaunch][INFO] 2023-01-20 14:47:46,214: master.is_running[http://localhost:11311]
[roslaunch][INFO] 2023-01-20 14:47:46,215: auto-starting new master
[roslaunch][INFO] 2023-01-20 14:47:46,215: create_master_process: rosmaster, /opt/ros/melodic/share/ros, 11311, 3, None, False
[roslaunch][INFO] 2023-01-20 14:47:46,215: process[master]: launching with args [['rosmaster', '--core', '-p', '11311', '-w', '3']]
[roslaunch.pmon][INFO] 2023-01-20 14:47:46,215: ProcessMonitor.register[master]
[roslaunch.pmon][INFO] 2023-01-20 14:47:46,215: ProcessMonitor.register[master] complete
[roslaunch][INFO] 2023-01-20 14:47:46,215: process[master]: starting os process
[roslaunch][INFO] 2023-01-20 14:47:46,215: process[master]: start w/ args [['rosmaster', '--core', '-p', '11311', '-w', '3', '__log:=/home/appuser/.ros/log/669fde4e-98d1-11ed-b77b-0242ac170003/master.log']]
[roslaunch][INFO] 2023-01-20 14:47:46,215: process[master]: cwd will be [/home/appuser/.ros]
[roslaunch][INFO] 2023-01-20 14:47:46,244: process[master]: started with pid [170]
[roslaunch][INFO] 2023-01-20 14:47:46,245: master.is_running[http://localhost:11311]
[roslaunch][INFO] 2023-01-20 14:47:46,347: master.is_running[http://localhost:11311]
[roslaunch][INFO] 2023-01-20 14:47:46,449: master.is_running[http://localhost:11311]
[roslaunch][INFO] 2023-01-20 14:47:46,551: master.is_running[http://localhost:11311]
[roslaunch][INFO] 2023-01-20 14:47:46,652: master.is_running[http://localhost:11311]
[roslaunch][INFO] 2023-01-20 14:47:46,753: master.is_running[http://localhost:11311]
[roslaunch][INFO] 2023-01-20 14:47:46,854: master.is_running[http://localhost:11311]
[roslaunch][INFO] 2023-01-20 14:47:46,955: master.is_running[http://localhost:11311]
[roslaunch][INFO] 2023-01-20 14:47:47,057: master.is_running[http://localhost:11311]
[roslaunch][INFO] 2023-01-20 14:47:47,158: master.is_running[http://localhost:11311]
[roslaunch][INFO] 2023-01-20 14:47:47,259: master.is_running[http://localhost:11311]
[roslaunch][INFO] 2023-01-20 14:47:47,361: master.is_running[http://localhost:11311]
[roslaunch][INFO] 2023-01-20 14:47:47,463: master.is_running[http://localhost:11311]
[roslaunch][INFO] 2023-01-20 14:47:47,564: master.is_running[http://localhost:11311]
[roslaunch][INFO] 2023-01-20 14:47:47,665: master.is_running[http://localhost:11311]
[roslaunch][INFO] 2023-01-20 14:47:47,767: master.is_running[http://localhost:11311]
[roslaunch][INFO] 2023-01-20 14:47:47,868: master.is_running[http://localhost:11311]
[roslaunch][INFO] 2023-01-20 14:47:47,970: master.is_running[http://localhost:11311]
[roslaunch][INFO] 2023-01-20 14:47:48,070: master.is_running[http://localhost:11311]
[roslaunch][INFO] 2023-01-20 14:47:48,171: master.is_running[http://localhost:11311]
[roslaunch][INFO] 2023-01-20 14:47:48,189: master.is_running[http://localhost:11311]
[roslaunch][INFO] 2023-01-20 14:47:48,193: ROS_MASTER_URI=http://localhost:11311
[roslaunch][INFO] 2023-01-20 14:47:48,196: setting /run_id to 669fde4e-98d1-11ed-b77b-0242ac170003
[roslaunch][INFO] 2023-01-20 14:47:48,200: setting /roslaunch/uris/host_c841d53cb3ea__39795' to http://c841d53cb3ea:39795/
[roslaunch][INFO] 2023-01-20 14:47:48,206: ... preparing to launch node of type [rosout/rosout]
[roslaunch][INFO] 2023-01-20 14:47:48,207: create_node_process: package[rosout] type[rosout] machine[Machine(name[] env_loader[None] address[localhost] ssh_port[22] user[None] assignable[True] timeout[10.0])] master_uri[http://localhost:11311]
[roslaunch][INFO] 2023-01-20 14:47:48,207: process[rosout-1]: env[{'DISPLAY': ':99', 'XAUTHORITY': '/tmp/appuser.xvfb.auth', 'LC_ALL': 'C.UTF-8', 'LD_LIBRARY_PATH': '/usr/local/lib/python3.6/dist-packages/cv2/../../lib64:/home/appuser/aido-auto/ros/catkin_ws/devel/lib:/opt/ros/melodic/lib', 'LANG': 'C.UTF-8', 'HOSTNAME': 'c841d53cb3ea', 'ROS_ETC_DIR': '/opt/ros/melodic/etc/ros', 'PUBLISHER_DROP_FOLDER': '/home/appuser/publisher-drop', 'PWD': '/home/appuser/aido-auto/gym-duckietown', 'HOME': '/home/appuser', 'CMAKE_PREFIX_PATH': '/home/appuser/aido-auto/ros/catkin_ws/devel:/opt/ros/melodic', 'ROS_ROOT': '/opt/ros/melodic/share/ros', 'ROS_MASTER_URI': 'http://localhost:11311', 'ROS_VERSION': '1', 'TERM': 'xterm', 'ROS_PYTHON_VERSION': '2', 'SHLVL': '4', 'PYTHONPATH': '/home/appuser/aido-auto/ros/catkin_ws/devel/lib/python2.7/dist-packages:/opt/ros/melodic/lib/python2.7/dist-packages', 'ROS_PACKAGE_PATH': '/home/appuser/aido-auto/ros/catkin_ws/src:/opt/ros/melodic/share', 'ROSLISP_PACKAGE_DIRECTORIES': '/home/appuser/aido-auto/ros/catkin_ws/devel/share/common-lisp', 'PATH': '/opt/ros/melodic/bin:/usr/local/sbin:/usr/local/bin:/usr/sbin:/usr/bin:/sbin:/bin', 'PKG_CONFIG_PATH': '/home/appuser/aido-auto/ros/catkin_ws/devel/lib/pkgconfig:/opt/ros/melodic/lib/pkgconfig', 'ROS_DISTRO': 'melodic', '_': '/usr/bin/timeout', 'QT_QPA_PLATFORM_PLUGIN_PATH': '/usr/local/lib/python3.6/dist-packages/cv2/qt/plugins', 'QT_QPA_FONTDIR': '/usr/local/lib/python3.6/dist-packages/cv2/qt/fonts', 'ROS_LOG_FILENAME': '/home/appuser/.ros/log/669fde4e-98d1-11ed-b77b-0242ac170003/roslaunch-c841d53cb3ea-155.log'}]
[roslaunch][INFO] 2023-01-20 14:47:48,364: process[rosout-1]: args[['/opt/ros/melodic/lib/rosout/rosout', '__name:=rosout']]
[roslaunch][INFO] 2023-01-20 14:47:48,364: ... created process [rosout-1]
[roslaunch.pmon][INFO] 2023-01-20 14:47:48,365: ProcessMonitor.register[rosout-1]
[roslaunch.pmon][INFO] 2023-01-20 14:47:48,365: ProcessMonitor.register[rosout-1] complete
[roslaunch][INFO] 2023-01-20 14:47:48,365: ... registered process [rosout-1]
[roslaunch][INFO] 2023-01-20 14:47:48,365: process[rosout-1]: starting os process
[roslaunch][INFO] 2023-01-20 14:47:48,366: process[rosout-1]: start w/ args [['/opt/ros/melodic/lib/rosout/rosout', '__name:=rosout', '__log:=/home/appuser/.ros/log/669fde4e-98d1-11ed-b77b-0242ac170003/rosout-1.log']]
[roslaunch][INFO] 2023-01-20 14:47:48,366: process[rosout-1]: cwd will be [/home/appuser/.ros]
[roslaunch][INFO] 2023-01-20 14:47:48,394: process[rosout-1]: started with pid [181]
[roslaunch][INFO] 2023-01-20 14:47:48,395: ... successfully launched [rosout-1]
[roslaunch][INFO] 2023-01-20 14:47:48,396: load_parameters starting ...
[roslaunch][INFO] 2023-01-20 14:47:48,406: ... load_parameters complete
[roslaunch][INFO] 2023-01-20 14:47:48,407: launch_nodes: launching local nodes ...
[roslaunch][INFO] 2023-01-20 14:47:48,408: ... preparing to launch node of type [demo/demo_node.py]
[roslaunch][INFO] 2023-01-20 14:47:48,408: create_node_process: package[demo] type[demo_node.py] machine[Machine(name[] env_loader[None] address[localhost] ssh_port[22] user[None] assignable[True] timeout[10.0])] master_uri[http://localhost:11311]
[roslaunch][INFO] 2023-01-20 14:47:48,409: process[demo_node-2]: env[{'DISPLAY': ':99', 'XAUTHORITY': '/tmp/appuser.xvfb.auth', 'LC_ALL': 'C.UTF-8', 'LD_LIBRARY_PATH': '/usr/local/lib/python3.6/dist-packages/cv2/../../lib64:/home/appuser/aido-auto/ros/catkin_ws/devel/lib:/opt/ros/melodic/lib', 'LANG': 'C.UTF-8', 'HOSTNAME': 'c841d53cb3ea', 'ROS_ETC_DIR': '/opt/ros/melodic/etc/ros', 'PUBLISHER_DROP_FOLDER': '/home/appuser/publisher-drop', 'PWD': '/home/appuser/aido-auto/gym-duckietown', 'HOME': '/home/appuser', 'CMAKE_PREFIX_PATH': '/home/appuser/aido-auto/ros/catkin_ws/devel:/opt/ros/melodic', 'ROS_ROOT': '/opt/ros/melodic/share/ros', 'ROS_MASTER_URI': 'http://localhost:11311', 'ROS_VERSION': '1', 'TERM': 'xterm', 'ROS_PYTHON_VERSION': '2', 'SHLVL': '4', 'PYTHONPATH': '/home/appuser/aido-auto/ros/catkin_ws/devel/lib/python2.7/dist-packages:/opt/ros/melodic/lib/python2.7/dist-packages', 'ROS_PACKAGE_PATH': '/home/appuser/aido-auto/ros/catkin_ws/src:/opt/ros/melodic/share', 'ROSLISP_PACKAGE_DIRECTORIES': '/home/appuser/aido-auto/ros/catkin_ws/devel/share/common-lisp', 'PATH': '/opt/ros/melodic/bin:/usr/local/sbin:/usr/local/bin:/usr/sbin:/usr/bin:/sbin:/bin', 'PKG_CONFIG_PATH': '/home/appuser/aido-auto/ros/catkin_ws/devel/lib/pkgconfig:/opt/ros/melodic/lib/pkgconfig', 'ROS_DISTRO': 'melodic', '_': '/usr/bin/timeout', 'QT_QPA_PLATFORM_PLUGIN_PATH': '/usr/local/lib/python3.6/dist-packages/cv2/qt/plugins', 'QT_QPA_FONTDIR': '/usr/local/lib/python3.6/dist-packages/cv2/qt/fonts', 'ROS_LOG_FILENAME': '/home/appuser/.ros/log/669fde4e-98d1-11ed-b77b-0242ac170003/roslaunch-c841d53cb3ea-155.log'}]
[roslaunch][INFO] 2023-01-20 14:47:48,413: process[demo_node-2]: args[['/home/appuser/aido-auto/ros/catkin_ws/src/demo/scripts/demo_node.py', '__name:=demo_node']]
[roslaunch][INFO] 2023-01-20 14:47:48,414: ... created process [demo_node-2]
[roslaunch.pmon][INFO] 2023-01-20 14:47:48,414: ProcessMonitor.register[demo_node-2]
[roslaunch.pmon][INFO] 2023-01-20 14:47:48,414: ProcessMonitor.register[demo_node-2] complete
[roslaunch][INFO] 2023-01-20 14:47:48,415: ... registered process [demo_node-2]
[roslaunch][INFO] 2023-01-20 14:47:48,415: process[demo_node-2]: starting os process
[roslaunch][INFO] 2023-01-20 14:47:48,415: process[demo_node-2]: start w/ args [['/home/appuser/aido-auto/ros/catkin_ws/src/demo/scripts/demo_node.py', '__name:=demo_node', '__log:=/home/appuser/.ros/log/669fde4e-98d1-11ed-b77b-0242ac170003/demo_node-2.log']]
[roslaunch][INFO] 2023-01-20 14:47:48,416: process[demo_node-2]: cwd will be [/home/appuser/.ros]
[roslaunch][ERROR] 2023-01-20 14:47:48,426: OSError(8, Exec format error)
[roslaunch.pmon][INFO] 2023-01-20 14:47:48,436: ProcessMonitor.shutdown <ProcessMonitor(ProcessMonitor-1, started daemon 140235040503552)>
[roslaunch.pmon][INFO] 2023-01-20 14:47:48,511: ProcessMonitor._post_run <ProcessMonitor(ProcessMonitor-1, started daemon 140235040503552)>
[roslaunch.pmon][INFO] 2023-01-20 14:47:48,511: ProcessMonitor._post_run <ProcessMonitor(ProcessMonitor-1, started daemon 140235040503552)>: remaining procs are [<roslaunch.nodeprocess.LocalProcess object at 0x7f8ad836a588>, <roslaunch.nodeprocess.LocalProcess object at 0x7f8ad836a390>, <roslaunch.nodeprocess.LocalProcess object at 0x7f8ad836a358>]
[roslaunch.pmon][INFO] 2023-01-20 14:47:48,512: ProcessMonitor exit: killing demo_node-2
[roslaunch][INFO] 2023-01-20 14:47:48,513: [demo_node-2] killing on exit
[roslaunch.pmon][INFO] 2023-01-20 14:47:48,518: ProcessMonitor exit: killing rosout-1
[roslaunch][INFO] 2023-01-20 14:47:48,518: [rosout-1] killing on exit
[roslaunch][INFO] 2023-01-20 14:47:48,519: process[rosout-1]: killing os process with pid[181] pgid[181]
[roslaunch][INFO] 2023-01-20 14:47:48,519: [rosout-1] sending SIGINT to pgid [181]
[roslaunch][INFO] 2023-01-20 14:47:48,519: [rosout-1] sent SIGINT to pgid [181]
[roslaunch][INFO] 2023-01-20 14:47:48,620: process[rosout-1]: SIGINT killed with return value -2
[roslaunch.pmon][INFO] 2023-01-20 14:47:48,620: ProcessMonitor exit: killing master
[roslaunch][INFO] 2023-01-20 14:47:48,621: [master] killing on exit
[roslaunch][INFO] 2023-01-20 14:47:48,621: process[master]: killing os process with pid[170] pgid[170]
[roslaunch][INFO] 2023-01-20 14:47:48,621: [master] sending SIGINT to pgid [170]
[roslaunch][INFO] 2023-01-20 14:47:48,621: [master] sent SIGINT to pgid [170]
[roslaunch][INFO] 2023-01-20 14:47:48,922: process[master]: SIGINT killed with return value 0
[roslaunch.pmon][INFO] 2023-01-20 14:47:48,923: ProcessMonitor exit: cleaning up data structures and signals
[roslaunch.pmon][INFO] 2023-01-20 14:47:48,923: ProcessMonitor exit: pmon has shutdown
[rospy.core][INFO] 2023-01-20 14:47:48,924: signal_shutdown [atexit]
