[roslaunch.parent][INFO] 2020-05-26 23:34:14,229: starting roslaunch parent run
[roslaunch][INFO] 2020-05-26 23:34:14,230: loading roscore config file /opt/ros/melodic/etc/ros/roscore.xml
[roslaunch][INFO] 2020-05-26 23:34:14,532: Added core node of type [rosout/rosout] in namespace [/]
[roslaunch.config][INFO] 2020-05-26 23:34:14,533: loading config file /home/appuser/aido-auto/ros/catkin_ws/src/demo/launch/demo_node.launch
[roslaunch][INFO] 2020-05-26 23:34:14,534: Added node of type [demo/demo_node.py] in namespace [/]
[roslaunch][INFO] 2020-05-26 23:34:14,534: Added node of type [rosbag/record] in namespace [/]
[roslaunch][INFO] 2020-05-26 23:34:14,534: ... selected machine [] for node of type [demo/demo_node.py]
[roslaunch][INFO] 2020-05-26 23:34:14,534: ... selected machine [] for node of type [rosbag/record]
[roslaunch.pmon][INFO] 2020-05-26 23:34:14,536: start_process_monitor: creating ProcessMonitor
[roslaunch.pmon][INFO] 2020-05-26 23:34:14,537: created process monitor <ProcessMonitor(ProcessMonitor-1, initial daemon)>
[roslaunch.pmon][INFO] 2020-05-26 23:34:14,537: start_process_monitor: ProcessMonitor started
[roslaunch.parent][INFO] 2020-05-26 23:34:14,537: starting parent XML-RPC server
[roslaunch.server][INFO] 2020-05-26 23:34:14,538: starting roslaunch XML-RPC server
[roslaunch.server][INFO] 2020-05-26 23:34:14,538: waiting for roslaunch XML-RPC server to initialize
[xmlrpc][INFO] 2020-05-26 23:34:14,538: XML-RPC server binding to 0.0.0.0:0
[xmlrpc][INFO] 2020-05-26 23:34:14,538: Started XML-RPC server [http://85bff247bf4a:41731/]
[xmlrpc][INFO] 2020-05-26 23:34:14,539: xml rpc node: starting XML-RPC server
[roslaunch][INFO] 2020-05-26 23:34:14,552: started roslaunch server http://85bff247bf4a:41731/
[roslaunch.parent][INFO] 2020-05-26 23:34:14,552: ... parent XML-RPC server started
[roslaunch][INFO] 2020-05-26 23:34:14,553: master.is_running[http://localhost:11311]
[roslaunch][INFO] 2020-05-26 23:34:14,555: auto-starting new master
[roslaunch][INFO] 2020-05-26 23:34:14,555: create_master_process: rosmaster, /opt/ros/melodic/share/ros, 11311, 3, None, False
[roslaunch][INFO] 2020-05-26 23:34:14,556: process[master]: launching with args [['rosmaster', '--core', '-p', '11311', '-w', '3']]
[roslaunch.pmon][INFO] 2020-05-26 23:34:14,556: ProcessMonitor.register[master]
[roslaunch.pmon][INFO] 2020-05-26 23:34:14,556: ProcessMonitor.register[master] complete
[roslaunch][INFO] 2020-05-26 23:34:14,556: process[master]: starting os process
[roslaunch][INFO] 2020-05-26 23:34:14,557: process[master]: start w/ args [['rosmaster', '--core', '-p', '11311', '-w', '3', '__log:=/home/appuser/.ros/log/68a14b20-9fa9-11ea-b7ba-0242ac110004/master.log']]
[roslaunch][INFO] 2020-05-26 23:34:14,557: process[master]: cwd will be [/home/appuser/.ros]
[roslaunch][INFO] 2020-05-26 23:34:14,567: process[master]: started with pid [147]
[roslaunch][INFO] 2020-05-26 23:34:14,568: master.is_running[http://localhost:11311]
[roslaunch][INFO] 2020-05-26 23:34:14,670: master.is_running[http://localhost:11311]
[roslaunch][INFO] 2020-05-26 23:34:14,772: master.is_running[http://localhost:11311]
[roslaunch][INFO] 2020-05-26 23:34:14,874: master.is_running[http://localhost:11311]
[roslaunch][INFO] 2020-05-26 23:34:14,975: master.is_running[http://localhost:11311]
[roslaunch][INFO] 2020-05-26 23:34:14,980: master.is_running[http://localhost:11311]
[roslaunch][INFO] 2020-05-26 23:34:14,982: ROS_MASTER_URI=http://localhost:11311
[roslaunch][INFO] 2020-05-26 23:34:14,985: setting /run_id to 68a14b20-9fa9-11ea-b7ba-0242ac110004
[roslaunch][INFO] 2020-05-26 23:34:14,987: setting /roslaunch/uris/host_85bff247bf4a__41731' to http://85bff247bf4a:41731/
[roslaunch][INFO] 2020-05-26 23:34:14,991: ... preparing to launch node of type [rosout/rosout]
[roslaunch][INFO] 2020-05-26 23:34:14,991: create_node_process: package[rosout] type[rosout] machine[Machine(name[] env_loader[None] address[localhost] ssh_port[22] user[None] assignable[True] timeout[10.0])] master_uri[http://localhost:11311]
[roslaunch][INFO] 2020-05-26 23:34:14,992: process[rosout-1]: env[{'DISPLAY': ':99', 'XAUTHORITY': '/tmp/appuser.xvfb.auth', 'LC_ALL': 'C.UTF-8', 'LD_LIBRARY_PATH': '/home/appuser/aido-auto/ros/catkin_ws/devel/lib:/opt/ros/melodic/lib', 'LANG': 'C.UTF-8', 'HOSTNAME': '85bff247bf4a', 'ROS_ETC_DIR': '/opt/ros/melodic/etc/ros', 'PUBLISHER_DROP_FOLDER': '/home/appuser/publisher-drop', 'PWD': '/home/appuser/aido-auto/gym-duckietown', 'HOME': '/home/appuser', 'CMAKE_PREFIX_PATH': '/home/appuser/aido-auto/ros/catkin_ws/devel:/opt/ros/melodic', 'ROS_ROOT': '/opt/ros/melodic/share/ros', 'ROS_MASTER_URI': 'http://localhost:11311', 'ROS_VERSION': '1', 'TERM': 'xterm', 'ROS_PYTHON_VERSION': '2', 'SHLVL': '4', 'PYTHONPATH': '/home/appuser/aido-auto/ros/catkin_ws/devel/lib/python2.7/dist-packages:/opt/ros/melodic/lib/python2.7/dist-packages', 'ROS_PACKAGE_PATH': '/home/appuser/aido-auto/ros/catkin_ws/src:/opt/ros/melodic/share', 'ROSLISP_PACKAGE_DIRECTORIES': '/home/appuser/aido-auto/ros/catkin_ws/devel/share/common-lisp', 'PATH': '/opt/ros/melodic/bin:/usr/local/sbin:/usr/local/bin:/usr/sbin:/usr/bin:/sbin:/bin', 'PKG_CONFIG_PATH': '/home/appuser/aido-auto/ros/catkin_ws/devel/lib/pkgconfig:/opt/ros/melodic/lib/pkgconfig', 'ROS_DISTRO': 'melodic', '_': '/usr/bin/timeout', 'ROS_LOG_FILENAME': '/home/appuser/.ros/log/68a14b20-9fa9-11ea-b7ba-0242ac110004/roslaunch-85bff247bf4a-135.log'}]
[roslaunch][INFO] 2020-05-26 23:34:15,024: process[rosout-1]: args[['/opt/ros/melodic/lib/rosout/rosout', '__name:=rosout']]
[roslaunch][INFO] 2020-05-26 23:34:15,025: ... created process [rosout-1]
[roslaunch.pmon][INFO] 2020-05-26 23:34:15,025: ProcessMonitor.register[rosout-1]
[roslaunch.pmon][INFO] 2020-05-26 23:34:15,025: ProcessMonitor.register[rosout-1] complete
[roslaunch][INFO] 2020-05-26 23:34:15,025: ... registered process [rosout-1]
[roslaunch][INFO] 2020-05-26 23:34:15,025: process[rosout-1]: starting os process
[roslaunch][INFO] 2020-05-26 23:34:15,025: process[rosout-1]: start w/ args [['/opt/ros/melodic/lib/rosout/rosout', '__name:=rosout', '__log:=/home/appuser/.ros/log/68a14b20-9fa9-11ea-b7ba-0242ac110004/rosout-1.log']]
[roslaunch][INFO] 2020-05-26 23:34:15,026: process[rosout-1]: cwd will be [/home/appuser/.ros]
[roslaunch][INFO] 2020-05-26 23:34:15,035: process[rosout-1]: started with pid [158]
[roslaunch][INFO] 2020-05-26 23:34:15,035: ... successfully launched [rosout-1]
[roslaunch][INFO] 2020-05-26 23:34:15,036: load_parameters starting ...
[roslaunch][INFO] 2020-05-26 23:34:15,042: ... load_parameters complete
[roslaunch][INFO] 2020-05-26 23:34:15,043: launch_nodes: launching local nodes ...
[roslaunch][INFO] 2020-05-26 23:34:15,043: ... preparing to launch node of type [demo/demo_node.py]
[roslaunch][INFO] 2020-05-26 23:34:15,044: create_node_process: package[demo] type[demo_node.py] machine[Machine(name[] env_loader[None] address[localhost] ssh_port[22] user[None] assignable[True] timeout[10.0])] master_uri[http://localhost:11311]
[roslaunch][INFO] 2020-05-26 23:34:15,044: process[demo_node-2]: env[{'DISPLAY': ':99', 'XAUTHORITY': '/tmp/appuser.xvfb.auth', 'LC_ALL': 'C.UTF-8', 'LD_LIBRARY_PATH': '/home/appuser/aido-auto/ros/catkin_ws/devel/lib:/opt/ros/melodic/lib', 'LANG': 'C.UTF-8', 'HOSTNAME': '85bff247bf4a', 'ROS_ETC_DIR': '/opt/ros/melodic/etc/ros', 'PUBLISHER_DROP_FOLDER': '/home/appuser/publisher-drop', 'PWD': '/home/appuser/aido-auto/gym-duckietown', 'HOME': '/home/appuser', 'CMAKE_PREFIX_PATH': '/home/appuser/aido-auto/ros/catkin_ws/devel:/opt/ros/melodic', 'ROS_ROOT': '/opt/ros/melodic/share/ros', 'ROS_MASTER_URI': 'http://localhost:11311', 'ROS_VERSION': '1', 'TERM': 'xterm', 'ROS_PYTHON_VERSION': '2', 'SHLVL': '4', 'PYTHONPATH': '/home/appuser/aido-auto/ros/catkin_ws/devel/lib/python2.7/dist-packages:/opt/ros/melodic/lib/python2.7/dist-packages', 'ROS_PACKAGE_PATH': '/home/appuser/aido-auto/ros/catkin_ws/src:/opt/ros/melodic/share', 'ROSLISP_PACKAGE_DIRECTORIES': '/home/appuser/aido-auto/ros/catkin_ws/devel/share/common-lisp', 'PATH': '/opt/ros/melodic/bin:/usr/local/sbin:/usr/local/bin:/usr/sbin:/usr/bin:/sbin:/bin', 'PKG_CONFIG_PATH': '/home/appuser/aido-auto/ros/catkin_ws/devel/lib/pkgconfig:/opt/ros/melodic/lib/pkgconfig', 'ROS_DISTRO': 'melodic', '_': '/usr/bin/timeout', 'ROS_LOG_FILENAME': '/home/appuser/.ros/log/68a14b20-9fa9-11ea-b7ba-0242ac110004/roslaunch-85bff247bf4a-135.log'}]
[roslaunch][INFO] 2020-05-26 23:34:15,046: process[demo_node-2]: args[['/home/appuser/aido-auto/ros/catkin_ws/src/demo/scripts/demo_node.py', '__name:=demo_node']]
[roslaunch][INFO] 2020-05-26 23:34:15,046: ... created process [demo_node-2]
[roslaunch.pmon][INFO] 2020-05-26 23:34:15,046: ProcessMonitor.register[demo_node-2]
[roslaunch.pmon][INFO] 2020-05-26 23:34:15,046: ProcessMonitor.register[demo_node-2] complete
[roslaunch][INFO] 2020-05-26 23:34:15,046: ... registered process [demo_node-2]
[roslaunch][INFO] 2020-05-26 23:34:15,046: process[demo_node-2]: starting os process
[roslaunch][INFO] 2020-05-26 23:34:15,047: process[demo_node-2]: start w/ args [['/home/appuser/aido-auto/ros/catkin_ws/src/demo/scripts/demo_node.py', '__name:=demo_node', '__log:=/home/appuser/.ros/log/68a14b20-9fa9-11ea-b7ba-0242ac110004/demo_node-2.log']]
[roslaunch][INFO] 2020-05-26 23:34:15,047: process[demo_node-2]: cwd will be [/home/appuser/.ros]
[roslaunch][INFO] 2020-05-26 23:34:15,058: process[demo_node-2]: started with pid [161]
[roslaunch][INFO] 2020-05-26 23:34:15,058: ... successfully launched [demo_node-2]
[roslaunch][INFO] 2020-05-26 23:34:15,059: ... preparing to launch node of type [rosbag/record]
[roslaunch][INFO] 2020-05-26 23:34:15,059: create_node_process: package[rosbag] type[record] machine[Machine(name[] env_loader[None] address[localhost] ssh_port[22] user[None] assignable[True] timeout[10.0])] master_uri[http://localhost:11311]
[roslaunch][INFO] 2020-05-26 23:34:15,059: process[record-3]: env[{'DISPLAY': ':99', 'XAUTHORITY': '/tmp/appuser.xvfb.auth', 'LC_ALL': 'C.UTF-8', 'LD_LIBRARY_PATH': '/home/appuser/aido-auto/ros/catkin_ws/devel/lib:/opt/ros/melodic/lib', 'LANG': 'C.UTF-8', 'HOSTNAME': '85bff247bf4a', 'ROS_ETC_DIR': '/opt/ros/melodic/etc/ros', 'PUBLISHER_DROP_FOLDER': '/home/appuser/publisher-drop', 'PWD': '/home/appuser/aido-auto/gym-duckietown', 'HOME': '/home/appuser', 'CMAKE_PREFIX_PATH': '/home/appuser/aido-auto/ros/catkin_ws/devel:/opt/ros/melodic', 'ROS_ROOT': '/opt/ros/melodic/share/ros', 'ROS_MASTER_URI': 'http://localhost:11311', 'ROS_VERSION': '1', 'TERM': 'xterm', 'ROS_PYTHON_VERSION': '2', 'SHLVL': '4', 'PYTHONPATH': '/home/appuser/aido-auto/ros/catkin_ws/devel/lib/python2.7/dist-packages:/opt/ros/melodic/lib/python2.7/dist-packages', 'ROS_PACKAGE_PATH': '/home/appuser/aido-auto/ros/catkin_ws/src:/opt/ros/melodic/share', 'ROSLISP_PACKAGE_DIRECTORIES': '/home/appuser/aido-auto/ros/catkin_ws/devel/share/common-lisp', 'PATH': '/opt/ros/melodic/bin:/usr/local/sbin:/usr/local/bin:/usr/sbin:/usr/bin:/sbin:/bin', 'PKG_CONFIG_PATH': '/home/appuser/aido-auto/ros/catkin_ws/devel/lib/pkgconfig:/opt/ros/melodic/lib/pkgconfig', 'ROS_DISTRO': 'melodic', '_': '/usr/bin/timeout', 'ROS_LOG_FILENAME': '/home/appuser/.ros/log/68a14b20-9fa9-11ea-b7ba-0242ac110004/roslaunch-85bff247bf4a-135.log'}]
[roslaunch][INFO] 2020-05-26 23:34:15,061: process[record-3]: args[['/opt/ros/melodic/lib/rosbag/record', '-a', '__name:=record']]
[roslaunch][INFO] 2020-05-26 23:34:15,062: ... created process [record-3]
[roslaunch.pmon][INFO] 2020-05-26 23:34:15,062: ProcessMonitor.register[record-3]
[roslaunch.pmon][INFO] 2020-05-26 23:34:15,062: ProcessMonitor.register[record-3] complete
[roslaunch][INFO] 2020-05-26 23:34:15,062: ... registered process [record-3]
[roslaunch][INFO] 2020-05-26 23:34:15,062: process[record-3]: starting os process
[roslaunch][INFO] 2020-05-26 23:34:15,062: process[record-3]: start w/ args [['/opt/ros/melodic/lib/rosbag/record', '-a', '__name:=record', '__log:=/home/appuser/.ros/log/68a14b20-9fa9-11ea-b7ba-0242ac110004/record-3.log']]
[roslaunch][INFO] 2020-05-26 23:34:15,063: process[record-3]: cwd will be [/home/appuser/.ros]
[roslaunch][INFO] 2020-05-26 23:34:15,072: process[record-3]: started with pid [166]
[roslaunch][INFO] 2020-05-26 23:34:15,073: ... successfully launched [record-3]
[roslaunch][INFO] 2020-05-26 23:34:15,073: ... launch_nodes complete
[roslaunch.pmon][INFO] 2020-05-26 23:34:15,073: registrations completed <ProcessMonitor(ProcessMonitor-1, started daemon 140611112347392)>
[roslaunch.parent][INFO] 2020-05-26 23:34:15,073: ... roslaunch parent running, waiting for process exit
