[roslaunch.parent][INFO] 2020-05-26 21:12:53,544: starting roslaunch parent run
[roslaunch][INFO] 2020-05-26 21:12:53,544: loading roscore config file /opt/ros/melodic/etc/ros/roscore.xml
[roslaunch][INFO] 2020-05-26 21:12:53,694: Added core node of type [rosout/rosout] in namespace [/]
[roslaunch.config][INFO] 2020-05-26 21:12:53,694: loading config file /home/appuser/aido-auto/ros/catkin_ws/src/demo/launch/demo_node.launch
[roslaunch][INFO] 2020-05-26 21:12:53,695: Added node of type [demo/demo_node.py] in namespace [/]
[roslaunch][INFO] 2020-05-26 21:12:53,695: Added node of type [rosbag/record] in namespace [/]
[roslaunch][INFO] 2020-05-26 21:12:53,695: ... selected machine [] for node of type [demo/demo_node.py]
[roslaunch][INFO] 2020-05-26 21:12:53,695: ... selected machine [] for node of type [rosbag/record]
[roslaunch.pmon][INFO] 2020-05-26 21:12:53,696: start_process_monitor: creating ProcessMonitor
[roslaunch.pmon][INFO] 2020-05-26 21:12:53,697: created process monitor <ProcessMonitor(ProcessMonitor-1, initial daemon)>
[roslaunch.pmon][INFO] 2020-05-26 21:12:53,697: start_process_monitor: ProcessMonitor started
[roslaunch.parent][INFO] 2020-05-26 21:12:53,697: starting parent XML-RPC server
[roslaunch.server][INFO] 2020-05-26 21:12:53,697: starting roslaunch XML-RPC server
[roslaunch.server][INFO] 2020-05-26 21:12:53,698: waiting for roslaunch XML-RPC server to initialize
[xmlrpc][INFO] 2020-05-26 21:12:53,698: XML-RPC server binding to 0.0.0.0:0
[xmlrpc][INFO] 2020-05-26 21:12:53,698: Started XML-RPC server [http://ee11a31cd19e:32845/]
[xmlrpc][INFO] 2020-05-26 21:12:53,699: xml rpc node: starting XML-RPC server
[roslaunch][INFO] 2020-05-26 21:12:53,712: started roslaunch server http://ee11a31cd19e:32845/
[roslaunch.parent][INFO] 2020-05-26 21:12:53,712: ... parent XML-RPC server started
[roslaunch][INFO] 2020-05-26 21:12:53,713: master.is_running[http://localhost:11311]
[roslaunch][INFO] 2020-05-26 21:12:53,715: auto-starting new master
[roslaunch][INFO] 2020-05-26 21:12:53,715: create_master_process: rosmaster, /opt/ros/melodic/share/ros, 11311, 3, None, False
[roslaunch][INFO] 2020-05-26 21:12:53,715: process[master]: launching with args [['rosmaster', '--core', '-p', '11311', '-w', '3']]
[roslaunch.pmon][INFO] 2020-05-26 21:12:53,716: ProcessMonitor.register[master]
[roslaunch.pmon][INFO] 2020-05-26 21:12:53,716: ProcessMonitor.register[master] complete
[roslaunch][INFO] 2020-05-26 21:12:53,716: process[master]: starting os process
[roslaunch][INFO] 2020-05-26 21:12:53,716: process[master]: start w/ args [['rosmaster', '--core', '-p', '11311', '-w', '3', '__log:=/home/appuser/.ros/log/a9c190ba-9f95-11ea-a2cf-0242ac110005/master.log']]
[roslaunch][INFO] 2020-05-26 21:12:53,716: process[master]: cwd will be [/home/appuser/.ros]
[roslaunch][INFO] 2020-05-26 21:12:53,724: process[master]: started with pid [148]
[roslaunch][INFO] 2020-05-26 21:12:53,724: master.is_running[http://localhost:11311]
[roslaunch][INFO] 2020-05-26 21:12:53,826: master.is_running[http://localhost:11311]
[roslaunch][INFO] 2020-05-26 21:12:53,927: master.is_running[http://localhost:11311]
[roslaunch][INFO] 2020-05-26 21:12:54,028: master.is_running[http://localhost:11311]
[roslaunch][INFO] 2020-05-26 21:12:54,031: master.is_running[http://localhost:11311]
[roslaunch][INFO] 2020-05-26 21:12:54,034: ROS_MASTER_URI=http://localhost:11311
[roslaunch][INFO] 2020-05-26 21:12:54,037: setting /run_id to a9c190ba-9f95-11ea-a2cf-0242ac110005
[roslaunch][INFO] 2020-05-26 21:12:54,039: setting /roslaunch/uris/host_ee11a31cd19e__32845' to http://ee11a31cd19e:32845/
[roslaunch][INFO] 2020-05-26 21:12:54,044: ... preparing to launch node of type [rosout/rosout]
[roslaunch][INFO] 2020-05-26 21:12:54,044: create_node_process: package[rosout] type[rosout] machine[Machine(name[] env_loader[None] address[localhost] ssh_port[22] user[None] assignable[True] timeout[10.0])] master_uri[http://localhost:11311]
[roslaunch][INFO] 2020-05-26 21:12:54,044: process[rosout-1]: env[{'DISPLAY': ':99', 'XAUTHORITY': '/tmp/appuser.xvfb.auth', 'LC_ALL': 'C.UTF-8', 'LD_LIBRARY_PATH': '/home/appuser/aido-auto/ros/catkin_ws/devel/lib:/opt/ros/melodic/lib', 'LANG': 'C.UTF-8', 'HOSTNAME': 'ee11a31cd19e', 'ROS_ETC_DIR': '/opt/ros/melodic/etc/ros', 'PUBLISHER_DROP_FOLDER': '/home/appuser/publisher-drop', 'PWD': '/home/appuser/aido-auto/gym-duckietown', 'HOME': '/home/appuser', 'CMAKE_PREFIX_PATH': '/home/appuser/aido-auto/ros/catkin_ws/devel:/opt/ros/melodic', 'ROS_ROOT': '/opt/ros/melodic/share/ros', 'ROS_MASTER_URI': 'http://localhost:11311', 'ROS_VERSION': '1', 'TERM': 'xterm', 'ROS_PYTHON_VERSION': '2', 'SHLVL': '4', 'PYTHONPATH': '/home/appuser/aido-auto/ros/catkin_ws/devel/lib/python2.7/dist-packages:/opt/ros/melodic/lib/python2.7/dist-packages', 'ROS_PACKAGE_PATH': '/home/appuser/aido-auto/ros/catkin_ws/src:/opt/ros/melodic/share', 'ROSLISP_PACKAGE_DIRECTORIES': '/home/appuser/aido-auto/ros/catkin_ws/devel/share/common-lisp', 'PATH': '/opt/ros/melodic/bin:/usr/local/sbin:/usr/local/bin:/usr/sbin:/usr/bin:/sbin:/bin', 'PKG_CONFIG_PATH': '/home/appuser/aido-auto/ros/catkin_ws/devel/lib/pkgconfig:/opt/ros/melodic/lib/pkgconfig', 'ROS_DISTRO': 'melodic', '_': '/usr/bin/timeout', 'ROS_LOG_FILENAME': '/home/appuser/.ros/log/a9c190ba-9f95-11ea-a2cf-0242ac110005/roslaunch-ee11a31cd19e-136.log'}]
[roslaunch][INFO] 2020-05-26 21:12:54,070: process[rosout-1]: args[['/opt/ros/melodic/lib/rosout/rosout', '__name:=rosout']]
[roslaunch][INFO] 2020-05-26 21:12:54,071: ... created process [rosout-1]
[roslaunch.pmon][INFO] 2020-05-26 21:12:54,071: ProcessMonitor.register[rosout-1]
[roslaunch.pmon][INFO] 2020-05-26 21:12:54,071: ProcessMonitor.register[rosout-1] complete
[roslaunch][INFO] 2020-05-26 21:12:54,071: ... registered process [rosout-1]
[roslaunch][INFO] 2020-05-26 21:12:54,071: process[rosout-1]: starting os process
[roslaunch][INFO] 2020-05-26 21:12:54,071: process[rosout-1]: start w/ args [['/opt/ros/melodic/lib/rosout/rosout', '__name:=rosout', '__log:=/home/appuser/.ros/log/a9c190ba-9f95-11ea-a2cf-0242ac110005/rosout-1.log']]
[roslaunch][INFO] 2020-05-26 21:12:54,071: process[rosout-1]: cwd will be [/home/appuser/.ros]
[roslaunch][INFO] 2020-05-26 21:12:54,078: process[rosout-1]: started with pid [159]
[roslaunch][INFO] 2020-05-26 21:12:54,078: ... successfully launched [rosout-1]
[roslaunch][INFO] 2020-05-26 21:12:54,079: load_parameters starting ...
[roslaunch][INFO] 2020-05-26 21:12:54,083: ... load_parameters complete
[roslaunch][INFO] 2020-05-26 21:12:54,083: launch_nodes: launching local nodes ...
[roslaunch][INFO] 2020-05-26 21:12:54,084: ... preparing to launch node of type [demo/demo_node.py]
[roslaunch][INFO] 2020-05-26 21:12:54,084: create_node_process: package[demo] type[demo_node.py] machine[Machine(name[] env_loader[None] address[localhost] ssh_port[22] user[None] assignable[True] timeout[10.0])] master_uri[http://localhost:11311]
[roslaunch][INFO] 2020-05-26 21:12:54,085: process[demo_node-2]: env[{'DISPLAY': ':99', 'XAUTHORITY': '/tmp/appuser.xvfb.auth', 'LC_ALL': 'C.UTF-8', 'LD_LIBRARY_PATH': '/home/appuser/aido-auto/ros/catkin_ws/devel/lib:/opt/ros/melodic/lib', 'LANG': 'C.UTF-8', 'HOSTNAME': 'ee11a31cd19e', 'ROS_ETC_DIR': '/opt/ros/melodic/etc/ros', 'PUBLISHER_DROP_FOLDER': '/home/appuser/publisher-drop', 'PWD': '/home/appuser/aido-auto/gym-duckietown', 'HOME': '/home/appuser', 'CMAKE_PREFIX_PATH': '/home/appuser/aido-auto/ros/catkin_ws/devel:/opt/ros/melodic', 'ROS_ROOT': '/opt/ros/melodic/share/ros', 'ROS_MASTER_URI': 'http://localhost:11311', 'ROS_VERSION': '1', 'TERM': 'xterm', 'ROS_PYTHON_VERSION': '2', 'SHLVL': '4', 'PYTHONPATH': '/home/appuser/aido-auto/ros/catkin_ws/devel/lib/python2.7/dist-packages:/opt/ros/melodic/lib/python2.7/dist-packages', 'ROS_PACKAGE_PATH': '/home/appuser/aido-auto/ros/catkin_ws/src:/opt/ros/melodic/share', 'ROSLISP_PACKAGE_DIRECTORIES': '/home/appuser/aido-auto/ros/catkin_ws/devel/share/common-lisp', 'PATH': '/opt/ros/melodic/bin:/usr/local/sbin:/usr/local/bin:/usr/sbin:/usr/bin:/sbin:/bin', 'PKG_CONFIG_PATH': '/home/appuser/aido-auto/ros/catkin_ws/devel/lib/pkgconfig:/opt/ros/melodic/lib/pkgconfig', 'ROS_DISTRO': 'melodic', '_': '/usr/bin/timeout', 'ROS_LOG_FILENAME': '/home/appuser/.ros/log/a9c190ba-9f95-11ea-a2cf-0242ac110005/roslaunch-ee11a31cd19e-136.log'}]
[roslaunch][INFO] 2020-05-26 21:12:54,087: process[demo_node-2]: args[['/home/appuser/aido-auto/ros/catkin_ws/src/demo/scripts/demo_node.py', '__name:=demo_node']]
[roslaunch][INFO] 2020-05-26 21:12:54,087: ... created process [demo_node-2]
[roslaunch.pmon][INFO] 2020-05-26 21:12:54,087: ProcessMonitor.register[demo_node-2]
[roslaunch.pmon][INFO] 2020-05-26 21:12:54,087: ProcessMonitor.register[demo_node-2] complete
[roslaunch][INFO] 2020-05-26 21:12:54,088: ... registered process [demo_node-2]
[roslaunch][INFO] 2020-05-26 21:12:54,088: process[demo_node-2]: starting os process
[roslaunch][INFO] 2020-05-26 21:12:54,088: process[demo_node-2]: start w/ args [['/home/appuser/aido-auto/ros/catkin_ws/src/demo/scripts/demo_node.py', '__name:=demo_node', '__log:=/home/appuser/.ros/log/a9c190ba-9f95-11ea-a2cf-0242ac110005/demo_node-2.log']]
[roslaunch][INFO] 2020-05-26 21:12:54,088: process[demo_node-2]: cwd will be [/home/appuser/.ros]
[roslaunch][INFO] 2020-05-26 21:12:54,097: process[demo_node-2]: started with pid [162]
[roslaunch][INFO] 2020-05-26 21:12:54,097: ... successfully launched [demo_node-2]
[roslaunch][INFO] 2020-05-26 21:12:54,097: ... preparing to launch node of type [rosbag/record]
[roslaunch][INFO] 2020-05-26 21:12:54,097: create_node_process: package[rosbag] type[record] machine[Machine(name[] env_loader[None] address[localhost] ssh_port[22] user[None] assignable[True] timeout[10.0])] master_uri[http://localhost:11311]
[roslaunch][INFO] 2020-05-26 21:12:54,098: process[record-3]: env[{'DISPLAY': ':99', 'XAUTHORITY': '/tmp/appuser.xvfb.auth', 'LC_ALL': 'C.UTF-8', 'LD_LIBRARY_PATH': '/home/appuser/aido-auto/ros/catkin_ws/devel/lib:/opt/ros/melodic/lib', 'LANG': 'C.UTF-8', 'HOSTNAME': 'ee11a31cd19e', 'ROS_ETC_DIR': '/opt/ros/melodic/etc/ros', 'PUBLISHER_DROP_FOLDER': '/home/appuser/publisher-drop', 'PWD': '/home/appuser/aido-auto/gym-duckietown', 'HOME': '/home/appuser', 'CMAKE_PREFIX_PATH': '/home/appuser/aido-auto/ros/catkin_ws/devel:/opt/ros/melodic', 'ROS_ROOT': '/opt/ros/melodic/share/ros', 'ROS_MASTER_URI': 'http://localhost:11311', 'ROS_VERSION': '1', 'TERM': 'xterm', 'ROS_PYTHON_VERSION': '2', 'SHLVL': '4', 'PYTHONPATH': '/home/appuser/aido-auto/ros/catkin_ws/devel/lib/python2.7/dist-packages:/opt/ros/melodic/lib/python2.7/dist-packages', 'ROS_PACKAGE_PATH': '/home/appuser/aido-auto/ros/catkin_ws/src:/opt/ros/melodic/share', 'ROSLISP_PACKAGE_DIRECTORIES': '/home/appuser/aido-auto/ros/catkin_ws/devel/share/common-lisp', 'PATH': '/opt/ros/melodic/bin:/usr/local/sbin:/usr/local/bin:/usr/sbin:/usr/bin:/sbin:/bin', 'PKG_CONFIG_PATH': '/home/appuser/aido-auto/ros/catkin_ws/devel/lib/pkgconfig:/opt/ros/melodic/lib/pkgconfig', 'ROS_DISTRO': 'melodic', '_': '/usr/bin/timeout', 'ROS_LOG_FILENAME': '/home/appuser/.ros/log/a9c190ba-9f95-11ea-a2cf-0242ac110005/roslaunch-ee11a31cd19e-136.log'}]
[roslaunch][INFO] 2020-05-26 21:12:54,099: process[record-3]: args[['/opt/ros/melodic/lib/rosbag/record', '-a', '__name:=record']]
[roslaunch][INFO] 2020-05-26 21:12:54,099: ... created process [record-3]
[roslaunch.pmon][INFO] 2020-05-26 21:12:54,099: ProcessMonitor.register[record-3]
[roslaunch.pmon][INFO] 2020-05-26 21:12:54,100: ProcessMonitor.register[record-3] complete
[roslaunch][INFO] 2020-05-26 21:12:54,100: ... registered process [record-3]
[roslaunch][INFO] 2020-05-26 21:12:54,100: process[record-3]: starting os process
[roslaunch][INFO] 2020-05-26 21:12:54,100: process[record-3]: start w/ args [['/opt/ros/melodic/lib/rosbag/record', '-a', '__name:=record', '__log:=/home/appuser/.ros/log/a9c190ba-9f95-11ea-a2cf-0242ac110005/record-3.log']]
[roslaunch][INFO] 2020-05-26 21:12:54,100: process[record-3]: cwd will be [/home/appuser/.ros]
[roslaunch][INFO] 2020-05-26 21:12:54,107: process[record-3]: started with pid [167]
[roslaunch][INFO] 2020-05-26 21:12:54,108: ... successfully launched [record-3]
[roslaunch][INFO] 2020-05-26 21:12:54,108: ... launch_nodes complete
[roslaunch.pmon][INFO] 2020-05-26 21:12:54,108: registrations completed <ProcessMonitor(ProcessMonitor-1, started daemon 140334918264576)>
[roslaunch.parent][INFO] 2020-05-26 21:12:54,108: ... roslaunch parent running, waiting for process exit
