[roslaunch.parent][INFO] 2020-05-26 21:11:36,386: starting roslaunch parent run
[roslaunch][INFO] 2020-05-26 21:11:36,387: loading roscore config file /opt/ros/melodic/etc/ros/roscore.xml
[roslaunch][INFO] 2020-05-26 21:11:36,578: Added core node of type [rosout/rosout] in namespace [/]
[roslaunch.config][INFO] 2020-05-26 21:11:36,578: loading config file /home/appuser/aido-auto/ros/catkin_ws/src/demo/launch/demo_node.launch
[roslaunch][INFO] 2020-05-26 21:11:36,590: Added node of type [demo/demo_node.py] in namespace [/]
[roslaunch][INFO] 2020-05-26 21:11:36,591: Added node of type [rosbag/record] in namespace [/]
[roslaunch][INFO] 2020-05-26 21:11:36,591: ... selected machine [] for node of type [demo/demo_node.py]
[roslaunch][INFO] 2020-05-26 21:11:36,591: ... selected machine [] for node of type [rosbag/record]
[roslaunch.pmon][INFO] 2020-05-26 21:11:36,593: start_process_monitor: creating ProcessMonitor
[roslaunch.pmon][INFO] 2020-05-26 21:11:36,593: created process monitor <ProcessMonitor(ProcessMonitor-1, initial daemon)>
[roslaunch.pmon][INFO] 2020-05-26 21:11:36,593: start_process_monitor: ProcessMonitor started
[roslaunch.parent][INFO] 2020-05-26 21:11:36,594: starting parent XML-RPC server
[roslaunch.server][INFO] 2020-05-26 21:11:36,594: starting roslaunch XML-RPC server
[roslaunch.server][INFO] 2020-05-26 21:11:36,594: waiting for roslaunch XML-RPC server to initialize
[xmlrpc][INFO] 2020-05-26 21:11:36,594: XML-RPC server binding to 0.0.0.0:0
[xmlrpc][INFO] 2020-05-26 21:11:36,595: Started XML-RPC server [http://dc6b5d01911a:45535/]
[xmlrpc][INFO] 2020-05-26 21:11:36,595: xml rpc node: starting XML-RPC server
[roslaunch][INFO] 2020-05-26 21:11:36,607: started roslaunch server http://dc6b5d01911a:45535/
[roslaunch.parent][INFO] 2020-05-26 21:11:36,608: ... parent XML-RPC server started
[roslaunch][INFO] 2020-05-26 21:11:36,609: master.is_running[http://localhost:11311]
[roslaunch][INFO] 2020-05-26 21:11:36,610: auto-starting new master
[roslaunch][INFO] 2020-05-26 21:11:36,610: create_master_process: rosmaster, /opt/ros/melodic/share/ros, 11311, 3, None, False
[roslaunch][INFO] 2020-05-26 21:11:36,610: process[master]: launching with args [['rosmaster', '--core', '-p', '11311', '-w', '3']]
[roslaunch.pmon][INFO] 2020-05-26 21:11:36,611: ProcessMonitor.register[master]
[roslaunch.pmon][INFO] 2020-05-26 21:11:36,611: ProcessMonitor.register[master] complete
[roslaunch][INFO] 2020-05-26 21:11:36,611: process[master]: starting os process
[roslaunch][INFO] 2020-05-26 21:11:36,611: process[master]: start w/ args [['rosmaster', '--core', '-p', '11311', '-w', '3', '__log:=/home/appuser/.ros/log/7bc27418-9f95-11ea-a1af-0242ac110005/master.log']]
[roslaunch][INFO] 2020-05-26 21:11:36,611: process[master]: cwd will be [/home/appuser/.ros]
[roslaunch][INFO] 2020-05-26 21:11:36,628: process[master]: started with pid [150]
[roslaunch][INFO] 2020-05-26 21:11:36,628: master.is_running[http://localhost:11311]
[roslaunch][INFO] 2020-05-26 21:11:36,730: master.is_running[http://localhost:11311]
[roslaunch][INFO] 2020-05-26 21:11:36,832: master.is_running[http://localhost:11311]
[roslaunch][INFO] 2020-05-26 21:11:36,933: master.is_running[http://localhost:11311]
[roslaunch][INFO] 2020-05-26 21:11:37,035: master.is_running[http://localhost:11311]
[roslaunch][INFO] 2020-05-26 21:11:37,136: master.is_running[http://localhost:11311]
[roslaunch][INFO] 2020-05-26 21:11:37,237: master.is_running[http://localhost:11311]
[roslaunch][INFO] 2020-05-26 21:11:37,241: master.is_running[http://localhost:11311]
[roslaunch][INFO] 2020-05-26 21:11:37,243: ROS_MASTER_URI=http://localhost:11311
[roslaunch][INFO] 2020-05-26 21:11:37,245: setting /run_id to 7bc27418-9f95-11ea-a1af-0242ac110005
[roslaunch][INFO] 2020-05-26 21:11:37,247: setting /roslaunch/uris/host_dc6b5d01911a__45535' to http://dc6b5d01911a:45535/
[roslaunch][INFO] 2020-05-26 21:11:37,250: ... preparing to launch node of type [rosout/rosout]
[roslaunch][INFO] 2020-05-26 21:11:37,251: create_node_process: package[rosout] type[rosout] machine[Machine(name[] env_loader[None] address[localhost] ssh_port[22] user[None] assignable[True] timeout[10.0])] master_uri[http://localhost:11311]
[roslaunch][INFO] 2020-05-26 21:11:37,251: process[rosout-1]: env[{'DISPLAY': ':99', 'XAUTHORITY': '/tmp/appuser.xvfb.auth', 'LC_ALL': 'C.UTF-8', 'LD_LIBRARY_PATH': '/home/appuser/aido-auto/ros/catkin_ws/devel/lib:/opt/ros/melodic/lib', 'LANG': 'C.UTF-8', 'HOSTNAME': 'dc6b5d01911a', 'ROS_ETC_DIR': '/opt/ros/melodic/etc/ros', 'PUBLISHER_DROP_FOLDER': '/home/appuser/publisher-drop', 'PWD': '/home/appuser/aido-auto/gym-duckietown', 'HOME': '/home/appuser', 'CMAKE_PREFIX_PATH': '/home/appuser/aido-auto/ros/catkin_ws/devel:/opt/ros/melodic', 'ROS_ROOT': '/opt/ros/melodic/share/ros', 'ROS_MASTER_URI': 'http://localhost:11311', 'ROS_VERSION': '1', 'TERM': 'xterm', 'ROS_PYTHON_VERSION': '2', 'SHLVL': '4', 'PYTHONPATH': '/home/appuser/aido-auto/ros/catkin_ws/devel/lib/python2.7/dist-packages:/opt/ros/melodic/lib/python2.7/dist-packages', 'ROS_PACKAGE_PATH': '/home/appuser/aido-auto/ros/catkin_ws/src:/opt/ros/melodic/share', 'ROSLISP_PACKAGE_DIRECTORIES': '/home/appuser/aido-auto/ros/catkin_ws/devel/share/common-lisp', 'PATH': '/opt/ros/melodic/bin:/usr/local/sbin:/usr/local/bin:/usr/sbin:/usr/bin:/sbin:/bin', 'PKG_CONFIG_PATH': '/home/appuser/aido-auto/ros/catkin_ws/devel/lib/pkgconfig:/opt/ros/melodic/lib/pkgconfig', 'ROS_DISTRO': 'melodic', '_': '/usr/bin/timeout', 'ROS_LOG_FILENAME': '/home/appuser/.ros/log/7bc27418-9f95-11ea-a1af-0242ac110005/roslaunch-dc6b5d01911a-138.log'}]
[roslaunch][INFO] 2020-05-26 21:11:37,336: process[rosout-1]: args[['/opt/ros/melodic/lib/rosout/rosout', '__name:=rosout']]
[roslaunch][INFO] 2020-05-26 21:11:37,337: ... created process [rosout-1]
[roslaunch.pmon][INFO] 2020-05-26 21:11:37,337: ProcessMonitor.register[rosout-1]
[roslaunch.pmon][INFO] 2020-05-26 21:11:37,337: ProcessMonitor.register[rosout-1] complete
[roslaunch][INFO] 2020-05-26 21:11:37,337: ... registered process [rosout-1]
[roslaunch][INFO] 2020-05-26 21:11:37,337: process[rosout-1]: starting os process
[roslaunch][INFO] 2020-05-26 21:11:37,337: process[rosout-1]: start w/ args [['/opt/ros/melodic/lib/rosout/rosout', '__name:=rosout', '__log:=/home/appuser/.ros/log/7bc27418-9f95-11ea-a1af-0242ac110005/rosout-1.log']]
[roslaunch][INFO] 2020-05-26 21:11:37,338: process[rosout-1]: cwd will be [/home/appuser/.ros]
[roslaunch][INFO] 2020-05-26 21:11:37,357: process[rosout-1]: started with pid [161]
[roslaunch][INFO] 2020-05-26 21:11:37,358: ... successfully launched [rosout-1]
[roslaunch][INFO] 2020-05-26 21:11:37,358: load_parameters starting ...
[roslaunch][INFO] 2020-05-26 21:11:37,365: ... load_parameters complete
[roslaunch][INFO] 2020-05-26 21:11:37,365: launch_nodes: launching local nodes ...
[roslaunch][INFO] 2020-05-26 21:11:37,366: ... preparing to launch node of type [demo/demo_node.py]
[roslaunch][INFO] 2020-05-26 21:11:37,366: create_node_process: package[demo] type[demo_node.py] machine[Machine(name[] env_loader[None] address[localhost] ssh_port[22] user[None] assignable[True] timeout[10.0])] master_uri[http://localhost:11311]
[roslaunch][INFO] 2020-05-26 21:11:37,366: process[demo_node-2]: env[{'DISPLAY': ':99', 'XAUTHORITY': '/tmp/appuser.xvfb.auth', 'LC_ALL': 'C.UTF-8', 'LD_LIBRARY_PATH': '/home/appuser/aido-auto/ros/catkin_ws/devel/lib:/opt/ros/melodic/lib', 'LANG': 'C.UTF-8', 'HOSTNAME': 'dc6b5d01911a', 'ROS_ETC_DIR': '/opt/ros/melodic/etc/ros', 'PUBLISHER_DROP_FOLDER': '/home/appuser/publisher-drop', 'PWD': '/home/appuser/aido-auto/gym-duckietown', 'HOME': '/home/appuser', 'CMAKE_PREFIX_PATH': '/home/appuser/aido-auto/ros/catkin_ws/devel:/opt/ros/melodic', 'ROS_ROOT': '/opt/ros/melodic/share/ros', 'ROS_MASTER_URI': 'http://localhost:11311', 'ROS_VERSION': '1', 'TERM': 'xterm', 'ROS_PYTHON_VERSION': '2', 'SHLVL': '4', 'PYTHONPATH': '/home/appuser/aido-auto/ros/catkin_ws/devel/lib/python2.7/dist-packages:/opt/ros/melodic/lib/python2.7/dist-packages', 'ROS_PACKAGE_PATH': '/home/appuser/aido-auto/ros/catkin_ws/src:/opt/ros/melodic/share', 'ROSLISP_PACKAGE_DIRECTORIES': '/home/appuser/aido-auto/ros/catkin_ws/devel/share/common-lisp', 'PATH': '/opt/ros/melodic/bin:/usr/local/sbin:/usr/local/bin:/usr/sbin:/usr/bin:/sbin:/bin', 'PKG_CONFIG_PATH': '/home/appuser/aido-auto/ros/catkin_ws/devel/lib/pkgconfig:/opt/ros/melodic/lib/pkgconfig', 'ROS_DISTRO': 'melodic', '_': '/usr/bin/timeout', 'ROS_LOG_FILENAME': '/home/appuser/.ros/log/7bc27418-9f95-11ea-a1af-0242ac110005/roslaunch-dc6b5d01911a-138.log'}]
[roslaunch][INFO] 2020-05-26 21:11:37,368: process[demo_node-2]: args[['/home/appuser/aido-auto/ros/catkin_ws/src/demo/scripts/demo_node.py', '__name:=demo_node']]
[roslaunch][INFO] 2020-05-26 21:11:37,368: ... created process [demo_node-2]
[roslaunch.pmon][INFO] 2020-05-26 21:11:37,368: ProcessMonitor.register[demo_node-2]
[roslaunch.pmon][INFO] 2020-05-26 21:11:37,369: ProcessMonitor.register[demo_node-2] complete
[roslaunch][INFO] 2020-05-26 21:11:37,369: ... registered process [demo_node-2]
[roslaunch][INFO] 2020-05-26 21:11:37,369: process[demo_node-2]: starting os process
[roslaunch][INFO] 2020-05-26 21:11:37,369: process[demo_node-2]: start w/ args [['/home/appuser/aido-auto/ros/catkin_ws/src/demo/scripts/demo_node.py', '__name:=demo_node', '__log:=/home/appuser/.ros/log/7bc27418-9f95-11ea-a1af-0242ac110005/demo_node-2.log']]
[roslaunch][INFO] 2020-05-26 21:11:37,369: process[demo_node-2]: cwd will be [/home/appuser/.ros]
[roslaunch][INFO] 2020-05-26 21:11:37,415: process[demo_node-2]: started with pid [164]
[roslaunch][INFO] 2020-05-26 21:11:37,415: ... successfully launched [demo_node-2]
[roslaunch][INFO] 2020-05-26 21:11:37,416: ... preparing to launch node of type [rosbag/record]
[roslaunch][INFO] 2020-05-26 21:11:37,416: create_node_process: package[rosbag] type[record] machine[Machine(name[] env_loader[None] address[localhost] ssh_port[22] user[None] assignable[True] timeout[10.0])] master_uri[http://localhost:11311]
[roslaunch][INFO] 2020-05-26 21:11:37,416: process[record-3]: env[{'DISPLAY': ':99', 'XAUTHORITY': '/tmp/appuser.xvfb.auth', 'LC_ALL': 'C.UTF-8', 'LD_LIBRARY_PATH': '/home/appuser/aido-auto/ros/catkin_ws/devel/lib:/opt/ros/melodic/lib', 'LANG': 'C.UTF-8', 'HOSTNAME': 'dc6b5d01911a', 'ROS_ETC_DIR': '/opt/ros/melodic/etc/ros', 'PUBLISHER_DROP_FOLDER': '/home/appuser/publisher-drop', 'PWD': '/home/appuser/aido-auto/gym-duckietown', 'HOME': '/home/appuser', 'CMAKE_PREFIX_PATH': '/home/appuser/aido-auto/ros/catkin_ws/devel:/opt/ros/melodic', 'ROS_ROOT': '/opt/ros/melodic/share/ros', 'ROS_MASTER_URI': 'http://localhost:11311', 'ROS_VERSION': '1', 'TERM': 'xterm', 'ROS_PYTHON_VERSION': '2', 'SHLVL': '4', 'PYTHONPATH': '/home/appuser/aido-auto/ros/catkin_ws/devel/lib/python2.7/dist-packages:/opt/ros/melodic/lib/python2.7/dist-packages', 'ROS_PACKAGE_PATH': '/home/appuser/aido-auto/ros/catkin_ws/src:/opt/ros/melodic/share', 'ROSLISP_PACKAGE_DIRECTORIES': '/home/appuser/aido-auto/ros/catkin_ws/devel/share/common-lisp', 'PATH': '/opt/ros/melodic/bin:/usr/local/sbin:/usr/local/bin:/usr/sbin:/usr/bin:/sbin:/bin', 'PKG_CONFIG_PATH': '/home/appuser/aido-auto/ros/catkin_ws/devel/lib/pkgconfig:/opt/ros/melodic/lib/pkgconfig', 'ROS_DISTRO': 'melodic', '_': '/usr/bin/timeout', 'ROS_LOG_FILENAME': '/home/appuser/.ros/log/7bc27418-9f95-11ea-a1af-0242ac110005/roslaunch-dc6b5d01911a-138.log'}]
[roslaunch][INFO] 2020-05-26 21:11:37,419: process[record-3]: args[['/opt/ros/melodic/lib/rosbag/record', '-a', '__name:=record']]
[roslaunch][INFO] 2020-05-26 21:11:37,419: ... created process [record-3]
[roslaunch.pmon][INFO] 2020-05-26 21:11:37,419: ProcessMonitor.register[record-3]
[roslaunch.pmon][INFO] 2020-05-26 21:11:37,419: ProcessMonitor.register[record-3] complete
[roslaunch][INFO] 2020-05-26 21:11:37,419: ... registered process [record-3]
[roslaunch][INFO] 2020-05-26 21:11:37,420: process[record-3]: starting os process
[roslaunch][INFO] 2020-05-26 21:11:37,420: process[record-3]: start w/ args [['/opt/ros/melodic/lib/rosbag/record', '-a', '__name:=record', '__log:=/home/appuser/.ros/log/7bc27418-9f95-11ea-a1af-0242ac110005/record-3.log']]
[roslaunch][INFO] 2020-05-26 21:11:37,420: process[record-3]: cwd will be [/home/appuser/.ros]
[roslaunch][INFO] 2020-05-26 21:11:37,454: process[record-3]: started with pid [165]
[roslaunch][INFO] 2020-05-26 21:11:37,455: ... successfully launched [record-3]
[roslaunch][INFO] 2020-05-26 21:11:37,455: ... launch_nodes complete
[roslaunch.pmon][INFO] 2020-05-26 21:11:37,455: registrations completed <ProcessMonitor(ProcessMonitor-1, started daemon 139688247559936)>
[roslaunch.parent][INFO] 2020-05-26 21:11:37,456: ... roslaunch parent running, waiting for process exit
