[roslaunch.parent][INFO] 2023-09-28 09:34:57,030: starting roslaunch parent run
[roslaunch][INFO] 2023-09-28 09:34:57,030: loading roscore config file /opt/ros/melodic/etc/ros/roscore.xml
[roslaunch][INFO] 2023-09-28 09:34:57,211: Added core node of type [rosout/rosout] in namespace [/]
[roslaunch.config][INFO] 2023-09-28 09:34:57,211: loading config file /home/appuser/aido-auto/ros/catkin_ws/src/demo/launch/demo_node.launch
[roslaunch][INFO] 2023-09-28 09:34:57,229: Added node of type [demo/demo_node.py] in namespace [/]
[roslaunch][INFO] 2023-09-28 09:34:57,229: Added node of type [rosbag/record] in namespace [/]
[roslaunch][INFO] 2023-09-28 09:34:57,229: ... selected machine [] for node of type [demo/demo_node.py]
[roslaunch][INFO] 2023-09-28 09:34:57,229: ... selected machine [] for node of type [rosbag/record]
[roslaunch.pmon][INFO] 2023-09-28 09:34:57,233: start_process_monitor: creating ProcessMonitor
[roslaunch.pmon][INFO] 2023-09-28 09:34:57,233: created process monitor <ProcessMonitor(ProcessMonitor-1, initial daemon)>
[roslaunch.pmon][INFO] 2023-09-28 09:34:57,233: start_process_monitor: ProcessMonitor started
[roslaunch.parent][INFO] 2023-09-28 09:34:57,233: starting parent XML-RPC server
[roslaunch.server][INFO] 2023-09-28 09:34:57,233: starting roslaunch XML-RPC server
[roslaunch.server][INFO] 2023-09-28 09:34:57,233: waiting for roslaunch XML-RPC server to initialize
[xmlrpc][INFO] 2023-09-28 09:34:57,234: XML-RPC server binding to 0.0.0.0:0
[xmlrpc][INFO] 2023-09-28 09:34:57,234: Started XML-RPC server [http://b9c14c0b934e:38035/]
[xmlrpc][INFO] 2023-09-28 09:34:57,234: xml rpc node: starting XML-RPC server
[roslaunch][INFO] 2023-09-28 09:34:57,245: started roslaunch server http://b9c14c0b934e:38035/
[roslaunch.parent][INFO] 2023-09-28 09:34:57,245: ... parent XML-RPC server started
[roslaunch][INFO] 2023-09-28 09:34:57,246: master.is_running[http://localhost:11311]
[roslaunch][INFO] 2023-09-28 09:34:57,246: auto-starting new master
[roslaunch][INFO] 2023-09-28 09:34:57,246: create_master_process: rosmaster, /opt/ros/melodic/share/ros, 11311, 3, None, False
[roslaunch][INFO] 2023-09-28 09:34:57,246: process[master]: launching with args [['rosmaster', '--core', '-p', '11311', '-w', '3']]
[roslaunch.pmon][INFO] 2023-09-28 09:34:57,247: ProcessMonitor.register[master]
[roslaunch.pmon][INFO] 2023-09-28 09:34:57,247: ProcessMonitor.register[master] complete
[roslaunch][INFO] 2023-09-28 09:34:57,247: process[master]: starting os process
[roslaunch][INFO] 2023-09-28 09:34:57,247: process[master]: start w/ args [['rosmaster', '--core', '-p', '11311', '-w', '3', '__log:=/home/appuser/.ros/log/48cd3610-5de2-11ee-84c4-0242ac170003/master.log']]
[roslaunch][INFO] 2023-09-28 09:34:57,247: process[master]: cwd will be [/home/appuser/.ros]
[roslaunch][INFO] 2023-09-28 09:34:57,267: process[master]: started with pid [171]
[roslaunch][INFO] 2023-09-28 09:34:57,268: master.is_running[http://localhost:11311]
[roslaunch][INFO] 2023-09-28 09:34:57,371: master.is_running[http://localhost:11311]
[roslaunch][INFO] 2023-09-28 09:34:57,473: master.is_running[http://localhost:11311]
[roslaunch][INFO] 2023-09-28 09:34:57,574: master.is_running[http://localhost:11311]
[roslaunch][INFO] 2023-09-28 09:34:57,675: master.is_running[http://localhost:11311]
[roslaunch][INFO] 2023-09-28 09:34:57,777: master.is_running[http://localhost:11311]
[roslaunch][INFO] 2023-09-28 09:34:57,879: master.is_running[http://localhost:11311]
[roslaunch][INFO] 2023-09-28 09:34:57,981: master.is_running[http://localhost:11311]
[roslaunch][INFO] 2023-09-28 09:34:58,081: master.is_running[http://localhost:11311]
[roslaunch][INFO] 2023-09-28 09:34:58,182: master.is_running[http://localhost:11311]
[roslaunch][INFO] 2023-09-28 09:34:58,284: master.is_running[http://localhost:11311]
[roslaunch][INFO] 2023-09-28 09:34:58,385: master.is_running[http://localhost:11311]
[roslaunch][INFO] 2023-09-28 09:34:58,488: master.is_running[http://localhost:11311]
[roslaunch][INFO] 2023-09-28 09:34:58,588: master.is_running[http://localhost:11311]
[roslaunch][INFO] 2023-09-28 09:34:58,690: master.is_running[http://localhost:11311]
[roslaunch][INFO] 2023-09-28 09:34:58,791: master.is_running[http://localhost:11311]
[roslaunch][INFO] 2023-09-28 09:34:58,893: master.is_running[http://localhost:11311]
[roslaunch][INFO] 2023-09-28 09:34:58,995: master.is_running[http://localhost:11311]
[roslaunch][INFO] 2023-09-28 09:34:59,097: master.is_running[http://localhost:11311]
[roslaunch][INFO] 2023-09-28 09:34:59,198: master.is_running[http://localhost:11311]
[roslaunch][INFO] 2023-09-28 09:34:59,300: master.is_running[http://localhost:11311]
[roslaunch][INFO] 2023-09-28 09:34:59,402: master.is_running[http://localhost:11311]
[roslaunch][INFO] 2023-09-28 09:34:59,503: master.is_running[http://localhost:11311]
[roslaunch][INFO] 2023-09-28 09:34:59,605: master.is_running[http://localhost:11311]
[roslaunch][INFO] 2023-09-28 09:34:59,705: master.is_running[http://localhost:11311]
[roslaunch][INFO] 2023-09-28 09:34:59,807: master.is_running[http://localhost:11311]
[roslaunch][INFO] 2023-09-28 09:34:59,826: master.is_running[http://localhost:11311]
[roslaunch][INFO] 2023-09-28 09:34:59,827: ROS_MASTER_URI=http://localhost:11311
[roslaunch][INFO] 2023-09-28 09:34:59,828: setting /run_id to 48cd3610-5de2-11ee-84c4-0242ac170003
[roslaunch][INFO] 2023-09-28 09:34:59,829: setting /roslaunch/uris/host_b9c14c0b934e__38035' to http://b9c14c0b934e:38035/
[roslaunch][INFO] 2023-09-28 09:34:59,830: ... preparing to launch node of type [rosout/rosout]
[roslaunch][INFO] 2023-09-28 09:34:59,830: create_node_process: package[rosout] type[rosout] machine[Machine(name[] env_loader[None] address[localhost] ssh_port[22] user[None] assignable[True] timeout[10.0])] master_uri[http://localhost:11311]
[roslaunch][INFO] 2023-09-28 09:34:59,830: process[rosout-1]: env[{'DISPLAY': ':99', 'XAUTHORITY': '/tmp/appuser.xvfb.auth', 'LC_ALL': 'C.UTF-8', 'LD_LIBRARY_PATH': '/usr/local/lib/python3.6/dist-packages/cv2/../../lib:/home/appuser/aido-auto/ros/catkin_ws/devel/lib:/opt/ros/melodic/lib', 'LANG': 'C.UTF-8', 'HOSTNAME': 'b9c14c0b934e', 'ROS_ETC_DIR': '/opt/ros/melodic/etc/ros', 'PUBLISHER_DROP_FOLDER': '/home/appuser/publisher-drop', 'PWD': '/home/appuser/aido-auto/gym-duckietown', 'HOME': '/home/appuser', 'CMAKE_PREFIX_PATH': '/home/appuser/aido-auto/ros/catkin_ws/devel:/opt/ros/melodic', 'ROS_ROOT': '/opt/ros/melodic/share/ros', 'ROS_MASTER_URI': 'http://localhost:11311', 'ROS_VERSION': '1', 'TERM': 'xterm', 'ROS_PYTHON_VERSION': '2', 'SHLVL': '4', 'PYTHONPATH': '/home/appuser/aido-auto/ros/catkin_ws/devel/lib/python2.7/dist-packages:/opt/ros/melodic/lib/python2.7/dist-packages', 'ROS_PACKAGE_PATH': '/home/appuser/aido-auto/ros/catkin_ws/src:/opt/ros/melodic/share', 'ROSLISP_PACKAGE_DIRECTORIES': '/home/appuser/aido-auto/ros/catkin_ws/devel/share/common-lisp', 'PATH': '/opt/ros/melodic/bin:/usr/local/sbin:/usr/local/bin:/usr/sbin:/usr/bin:/sbin:/bin', 'PKG_CONFIG_PATH': '/home/appuser/aido-auto/ros/catkin_ws/devel/lib/pkgconfig:/opt/ros/melodic/lib/pkgconfig', 'ROS_DISTRO': 'melodic', '_': '/usr/bin/timeout', 'ROS_LOG_FILENAME': '/home/appuser/.ros/log/48cd3610-5de2-11ee-84c4-0242ac170003/roslaunch-b9c14c0b934e-156.log'}]
[roslaunch][INFO] 2023-09-28 09:34:59,860: process[rosout-1]: args[['/opt/ros/melodic/lib/rosout/rosout', '__name:=rosout']]
[roslaunch][INFO] 2023-09-28 09:34:59,860: ... created process [rosout-1]
[roslaunch.pmon][INFO] 2023-09-28 09:34:59,861: ProcessMonitor.register[rosout-1]
[roslaunch.pmon][INFO] 2023-09-28 09:34:59,861: ProcessMonitor.register[rosout-1] complete
[roslaunch][INFO] 2023-09-28 09:34:59,861: ... registered process [rosout-1]
[roslaunch][INFO] 2023-09-28 09:34:59,861: process[rosout-1]: starting os process
[roslaunch][INFO] 2023-09-28 09:34:59,861: process[rosout-1]: start w/ args [['/opt/ros/melodic/lib/rosout/rosout', '__name:=rosout', '__log:=/home/appuser/.ros/log/48cd3610-5de2-11ee-84c4-0242ac170003/rosout-1.log']]
[roslaunch][INFO] 2023-09-28 09:34:59,861: process[rosout-1]: cwd will be [/home/appuser/.ros]
[roslaunch][INFO] 2023-09-28 09:34:59,879: process[rosout-1]: started with pid [182]
[roslaunch][INFO] 2023-09-28 09:34:59,879: ... successfully launched [rosout-1]
[roslaunch][INFO] 2023-09-28 09:34:59,879: load_parameters starting ...
[roslaunch][INFO] 2023-09-28 09:34:59,882: ... load_parameters complete
[roslaunch][INFO] 2023-09-28 09:34:59,882: launch_nodes: launching local nodes ...
[roslaunch][INFO] 2023-09-28 09:34:59,882: ... preparing to launch node of type [demo/demo_node.py]
[roslaunch][INFO] 2023-09-28 09:34:59,882: create_node_process: package[demo] type[demo_node.py] machine[Machine(name[] env_loader[None] address[localhost] ssh_port[22] user[None] assignable[True] timeout[10.0])] master_uri[http://localhost:11311]
[roslaunch][INFO] 2023-09-28 09:34:59,883: process[demo_node-2]: env[{'DISPLAY': ':99', 'XAUTHORITY': '/tmp/appuser.xvfb.auth', 'LC_ALL': 'C.UTF-8', 'LD_LIBRARY_PATH': '/usr/local/lib/python3.6/dist-packages/cv2/../../lib:/home/appuser/aido-auto/ros/catkin_ws/devel/lib:/opt/ros/melodic/lib', 'LANG': 'C.UTF-8', 'HOSTNAME': 'b9c14c0b934e', 'ROS_ETC_DIR': '/opt/ros/melodic/etc/ros', 'PUBLISHER_DROP_FOLDER': '/home/appuser/publisher-drop', 'PWD': '/home/appuser/aido-auto/gym-duckietown', 'HOME': '/home/appuser', 'CMAKE_PREFIX_PATH': '/home/appuser/aido-auto/ros/catkin_ws/devel:/opt/ros/melodic', 'ROS_ROOT': '/opt/ros/melodic/share/ros', 'ROS_MASTER_URI': 'http://localhost:11311', 'ROS_VERSION': '1', 'TERM': 'xterm', 'ROS_PYTHON_VERSION': '2', 'SHLVL': '4', 'PYTHONPATH': '/home/appuser/aido-auto/ros/catkin_ws/devel/lib/python2.7/dist-packages:/opt/ros/melodic/lib/python2.7/dist-packages', 'ROS_PACKAGE_PATH': '/home/appuser/aido-auto/ros/catkin_ws/src:/opt/ros/melodic/share', 'ROSLISP_PACKAGE_DIRECTORIES': '/home/appuser/aido-auto/ros/catkin_ws/devel/share/common-lisp', 'PATH': '/opt/ros/melodic/bin:/usr/local/sbin:/usr/local/bin:/usr/sbin:/usr/bin:/sbin:/bin', 'PKG_CONFIG_PATH': '/home/appuser/aido-auto/ros/catkin_ws/devel/lib/pkgconfig:/opt/ros/melodic/lib/pkgconfig', 'ROS_DISTRO': 'melodic', '_': '/usr/bin/timeout', 'ROS_LOG_FILENAME': '/home/appuser/.ros/log/48cd3610-5de2-11ee-84c4-0242ac170003/roslaunch-b9c14c0b934e-156.log'}]
[roslaunch][INFO] 2023-09-28 09:34:59,888: process[demo_node-2]: args[['/home/appuser/aido-auto/ros/catkin_ws/src/demo/scripts/demo_node.py', '__name:=demo_node']]
[roslaunch][INFO] 2023-09-28 09:34:59,888: ... created process [demo_node-2]
[roslaunch.pmon][INFO] 2023-09-28 09:34:59,888: ProcessMonitor.register[demo_node-2]
[roslaunch.pmon][INFO] 2023-09-28 09:34:59,888: ProcessMonitor.register[demo_node-2] complete
[roslaunch][INFO] 2023-09-28 09:34:59,888: ... registered process [demo_node-2]
[roslaunch][INFO] 2023-09-28 09:34:59,888: process[demo_node-2]: starting os process
[roslaunch][INFO] 2023-09-28 09:34:59,888: process[demo_node-2]: start w/ args [['/home/appuser/aido-auto/ros/catkin_ws/src/demo/scripts/demo_node.py', '__name:=demo_node', '__log:=/home/appuser/.ros/log/48cd3610-5de2-11ee-84c4-0242ac170003/demo_node-2.log']]
[roslaunch][INFO] 2023-09-28 09:34:59,888: process[demo_node-2]: cwd will be [/home/appuser/.ros]
[roslaunch][ERROR] 2023-09-28 09:34:59,892: OSError(8, Exec format error)
[roslaunch.pmon][INFO] 2023-09-28 09:34:59,903: ProcessMonitor.shutdown <ProcessMonitor(ProcessMonitor-1, started daemon 140480546641664)>
[roslaunch.pmon][INFO] 2023-09-28 09:34:59,941: ProcessMonitor._post_run <ProcessMonitor(ProcessMonitor-1, started daemon 140480546641664)>
[roslaunch.pmon][INFO] 2023-09-28 09:34:59,941: ProcessMonitor._post_run <ProcessMonitor(ProcessMonitor-1, started daemon 140480546641664)>: remaining procs are [<roslaunch.nodeprocess.LocalProcess object at 0x7fc3f502cdd8>, <roslaunch.nodeprocess.LocalProcess object at 0x7fc3f4ff3dd8>, <roslaunch.nodeprocess.LocalProcess object at 0x7fc3f5060ef0>]
[roslaunch.pmon][INFO] 2023-09-28 09:34:59,942: ProcessMonitor exit: killing demo_node-2
[roslaunch][INFO] 2023-09-28 09:34:59,944: [demo_node-2] killing on exit
[roslaunch.pmon][INFO] 2023-09-28 09:34:59,947: ProcessMonitor exit: killing rosout-1
[roslaunch][INFO] 2023-09-28 09:34:59,947: [rosout-1] killing on exit
[roslaunch][INFO] 2023-09-28 09:34:59,947: process[rosout-1]: killing os process with pid[182] pgid[182]
[roslaunch][INFO] 2023-09-28 09:34:59,947: [rosout-1] sending SIGINT to pgid [182]
[roslaunch][INFO] 2023-09-28 09:34:59,948: [rosout-1] sent SIGINT to pgid [182]
[roslaunch][INFO] 2023-09-28 09:35:00,048: process[rosout-1]: SIGINT killed with return value -2
[roslaunch.pmon][INFO] 2023-09-28 09:35:00,048: ProcessMonitor exit: killing master
[roslaunch][INFO] 2023-09-28 09:35:00,049: [master] killing on exit
[roslaunch][INFO] 2023-09-28 09:35:00,049: process[master]: killing os process with pid[171] pgid[171]
[roslaunch][INFO] 2023-09-28 09:35:00,049: [master] sending SIGINT to pgid [171]
[roslaunch][INFO] 2023-09-28 09:35:00,049: [master] sent SIGINT to pgid [171]
[roslaunch][INFO] 2023-09-28 09:35:00,250: process[master]: SIGINT killed with return value 0
[roslaunch.pmon][INFO] 2023-09-28 09:35:00,250: ProcessMonitor exit: cleaning up data structures and signals
[roslaunch.pmon][INFO] 2023-09-28 09:35:00,250: ProcessMonitor exit: pmon has shutdown
[rospy.core][INFO] 2023-09-28 09:35:00,251: signal_shutdown [atexit]
