[roslaunch.parent][INFO] 2020-10-12 17:34:04,806: starting roslaunch parent run
[roslaunch][INFO] 2020-10-12 17:34:04,806: loading roscore config file /opt/ros/melodic/etc/ros/roscore.xml
[roslaunch][INFO] 2020-10-12 17:34:04,953: Added core node of type [rosout/rosout] in namespace [/]
[roslaunch.config][INFO] 2020-10-12 17:34:04,953: loading config file /home/appuser/aido-auto/ros/catkin_ws/src/demo/launch/demo_node.launch
[roslaunch][INFO] 2020-10-12 17:34:04,954: Added node of type [demo/demo_node.py] in namespace [/]
[roslaunch][INFO] 2020-10-12 17:34:04,954: Added node of type [rosbag/record] in namespace [/]
[roslaunch][INFO] 2020-10-12 17:34:04,954: ... selected machine [] for node of type [demo/demo_node.py]
[roslaunch][INFO] 2020-10-12 17:34:04,954: ... selected machine [] for node of type [rosbag/record]
[roslaunch.pmon][INFO] 2020-10-12 17:34:04,955: start_process_monitor: creating ProcessMonitor
[roslaunch.pmon][INFO] 2020-10-12 17:34:04,955: created process monitor <ProcessMonitor(ProcessMonitor-1, initial daemon)>
[roslaunch.pmon][INFO] 2020-10-12 17:34:04,955: start_process_monitor: ProcessMonitor started
[roslaunch.parent][INFO] 2020-10-12 17:34:04,955: starting parent XML-RPC server
[roslaunch.server][INFO] 2020-10-12 17:34:04,956: starting roslaunch XML-RPC server
[roslaunch.server][INFO] 2020-10-12 17:34:04,956: waiting for roslaunch XML-RPC server to initialize
[xmlrpc][INFO] 2020-10-12 17:34:04,956: XML-RPC server binding to 0.0.0.0:0
[xmlrpc][INFO] 2020-10-12 17:34:04,956: Started XML-RPC server [http://7a99f1f0dfb9:38909/]
[xmlrpc][INFO] 2020-10-12 17:34:04,957: xml rpc node: starting XML-RPC server
[roslaunch][INFO] 2020-10-12 17:34:04,969: started roslaunch server http://7a99f1f0dfb9:38909/
[roslaunch.parent][INFO] 2020-10-12 17:34:04,969: ... parent XML-RPC server started
[roslaunch][INFO] 2020-10-12 17:34:04,970: master.is_running[http://localhost:11311]
[roslaunch][INFO] 2020-10-12 17:34:04,971: auto-starting new master
[roslaunch][INFO] 2020-10-12 17:34:04,971: create_master_process: rosmaster, /opt/ros/melodic/share/ros, 11311, 3, None, False
[roslaunch][INFO] 2020-10-12 17:34:04,971: process[master]: launching with args [['rosmaster', '--core', '-p', '11311', '-w', '3']]
[roslaunch.pmon][INFO] 2020-10-12 17:34:04,971: ProcessMonitor.register[master]
[roslaunch.pmon][INFO] 2020-10-12 17:34:04,971: ProcessMonitor.register[master] complete
[roslaunch][INFO] 2020-10-12 17:34:04,971: process[master]: starting os process
[roslaunch][INFO] 2020-10-12 17:34:04,972: process[master]: start w/ args [['rosmaster', '--core', '-p', '11311', '-w', '3', '__log:=/home/appuser/.ros/log/1fd67a1c-0cb1-11eb-b72e-0242ac110003/master.log']]
[roslaunch][INFO] 2020-10-12 17:34:04,972: process[master]: cwd will be [/home/appuser/.ros]
[roslaunch][INFO] 2020-10-12 17:34:04,975: process[master]: started with pid [161]
[roslaunch][INFO] 2020-10-12 17:34:04,975: master.is_running[http://localhost:11311]
[roslaunch][INFO] 2020-10-12 17:34:05,076: master.is_running[http://localhost:11311]
[roslaunch][INFO] 2020-10-12 17:34:05,177: master.is_running[http://localhost:11311]
[roslaunch][INFO] 2020-10-12 17:34:05,278: master.is_running[http://localhost:11311]
[roslaunch][INFO] 2020-10-12 17:34:05,281: master.is_running[http://localhost:11311]
[roslaunch][INFO] 2020-10-12 17:34:05,284: ROS_MASTER_URI=http://localhost:11311
[roslaunch][INFO] 2020-10-12 17:34:05,285: setting /run_id to 1fd67a1c-0cb1-11eb-b72e-0242ac110003
[roslaunch][INFO] 2020-10-12 17:34:05,287: setting /roslaunch/uris/host_7a99f1f0dfb9__38909' to http://7a99f1f0dfb9:38909/
[roslaunch][INFO] 2020-10-12 17:34:05,290: ... preparing to launch node of type [rosout/rosout]
[roslaunch][INFO] 2020-10-12 17:34:05,290: create_node_process: package[rosout] type[rosout] machine[Machine(name[] env_loader[None] address[localhost] ssh_port[22] user[None] assignable[True] timeout[10.0])] master_uri[http://localhost:11311]
[roslaunch][INFO] 2020-10-12 17:34:05,290: process[rosout-1]: env[{'DISPLAY': ':99', 'XAUTHORITY': '/tmp/appuser.xvfb.auth', 'LC_ALL': 'C.UTF-8', 'LD_LIBRARY_PATH': '/home/appuser/aido-auto/ros/catkin_ws/devel/lib:/opt/ros/melodic/lib', 'LANG': 'C.UTF-8', 'HOSTNAME': '7a99f1f0dfb9', 'ROS_ETC_DIR': '/opt/ros/melodic/etc/ros', 'PUBLISHER_DROP_FOLDER': '/home/appuser/publisher-drop', 'PWD': '/home/appuser/aido-auto/gym-duckietown', 'HOME': '/home/appuser', 'CMAKE_PREFIX_PATH': '/home/appuser/aido-auto/ros/catkin_ws/devel:/opt/ros/melodic', 'ROS_ROOT': '/opt/ros/melodic/share/ros', 'ROS_MASTER_URI': 'http://localhost:11311', 'ROS_VERSION': '1', 'TERM': 'xterm', 'ROS_PYTHON_VERSION': '2', 'SHLVL': '4', 'PYTHONPATH': '/home/appuser/aido-auto/ros/catkin_ws/devel/lib/python2.7/dist-packages:/opt/ros/melodic/lib/python2.7/dist-packages', 'ROS_PACKAGE_PATH': '/home/appuser/aido-auto/ros/catkin_ws/src:/opt/ros/melodic/share', 'ROSLISP_PACKAGE_DIRECTORIES': '/home/appuser/aido-auto/ros/catkin_ws/devel/share/common-lisp', 'PATH': '/opt/ros/melodic/bin:/usr/local/sbin:/usr/local/bin:/usr/sbin:/usr/bin:/sbin:/bin', 'PKG_CONFIG_PATH': '/home/appuser/aido-auto/ros/catkin_ws/devel/lib/pkgconfig:/opt/ros/melodic/lib/pkgconfig', 'ROS_DISTRO': 'melodic', '_': '/usr/bin/timeout', 'QT_QPA_PLATFORM_PLUGIN_PATH': '/usr/local/lib/python3.6/dist-packages/cv2/qt/plugins', 'QT_QPA_FONTDIR': '/usr/local/lib/python3.6/dist-packages/cv2/qt/fonts', 'ROS_LOG_FILENAME': '/home/appuser/.ros/log/1fd67a1c-0cb1-11eb-b72e-0242ac110003/roslaunch-7a99f1f0dfb9-146.log'}]
[roslaunch][INFO] 2020-10-12 17:34:05,314: process[rosout-1]: args[['/opt/ros/melodic/lib/rosout/rosout', '__name:=rosout']]
[roslaunch][INFO] 2020-10-12 17:34:05,314: ... created process [rosout-1]
[roslaunch.pmon][INFO] 2020-10-12 17:34:05,314: ProcessMonitor.register[rosout-1]
[roslaunch.pmon][INFO] 2020-10-12 17:34:05,314: ProcessMonitor.register[rosout-1] complete
[roslaunch][INFO] 2020-10-12 17:34:05,315: ... registered process [rosout-1]
[roslaunch][INFO] 2020-10-12 17:34:05,315: process[rosout-1]: starting os process
[roslaunch][INFO] 2020-10-12 17:34:05,315: process[rosout-1]: start w/ args [['/opt/ros/melodic/lib/rosout/rosout', '__name:=rosout', '__log:=/home/appuser/.ros/log/1fd67a1c-0cb1-11eb-b72e-0242ac110003/rosout-1.log']]
[roslaunch][INFO] 2020-10-12 17:34:05,315: process[rosout-1]: cwd will be [/home/appuser/.ros]
[roslaunch][INFO] 2020-10-12 17:34:05,318: process[rosout-1]: started with pid [172]
[roslaunch][INFO] 2020-10-12 17:34:05,319: ... successfully launched [rosout-1]
[roslaunch][INFO] 2020-10-12 17:34:05,319: load_parameters starting ...
[roslaunch][INFO] 2020-10-12 17:34:05,324: ... load_parameters complete
[roslaunch][INFO] 2020-10-12 17:34:05,324: launch_nodes: launching local nodes ...
[roslaunch][INFO] 2020-10-12 17:34:05,325: ... preparing to launch node of type [demo/demo_node.py]
[roslaunch][INFO] 2020-10-12 17:34:05,325: create_node_process: package[demo] type[demo_node.py] machine[Machine(name[] env_loader[None] address[localhost] ssh_port[22] user[None] assignable[True] timeout[10.0])] master_uri[http://localhost:11311]
[roslaunch][INFO] 2020-10-12 17:34:05,325: process[demo_node-2]: env[{'DISPLAY': ':99', 'XAUTHORITY': '/tmp/appuser.xvfb.auth', 'LC_ALL': 'C.UTF-8', 'LD_LIBRARY_PATH': '/home/appuser/aido-auto/ros/catkin_ws/devel/lib:/opt/ros/melodic/lib', 'LANG': 'C.UTF-8', 'HOSTNAME': '7a99f1f0dfb9', 'ROS_ETC_DIR': '/opt/ros/melodic/etc/ros', 'PUBLISHER_DROP_FOLDER': '/home/appuser/publisher-drop', 'PWD': '/home/appuser/aido-auto/gym-duckietown', 'HOME': '/home/appuser', 'CMAKE_PREFIX_PATH': '/home/appuser/aido-auto/ros/catkin_ws/devel:/opt/ros/melodic', 'ROS_ROOT': '/opt/ros/melodic/share/ros', 'ROS_MASTER_URI': 'http://localhost:11311', 'ROS_VERSION': '1', 'TERM': 'xterm', 'ROS_PYTHON_VERSION': '2', 'SHLVL': '4', 'PYTHONPATH': '/home/appuser/aido-auto/ros/catkin_ws/devel/lib/python2.7/dist-packages:/opt/ros/melodic/lib/python2.7/dist-packages', 'ROS_PACKAGE_PATH': '/home/appuser/aido-auto/ros/catkin_ws/src:/opt/ros/melodic/share', 'ROSLISP_PACKAGE_DIRECTORIES': '/home/appuser/aido-auto/ros/catkin_ws/devel/share/common-lisp', 'PATH': '/opt/ros/melodic/bin:/usr/local/sbin:/usr/local/bin:/usr/sbin:/usr/bin:/sbin:/bin', 'PKG_CONFIG_PATH': '/home/appuser/aido-auto/ros/catkin_ws/devel/lib/pkgconfig:/opt/ros/melodic/lib/pkgconfig', 'ROS_DISTRO': 'melodic', '_': '/usr/bin/timeout', 'QT_QPA_PLATFORM_PLUGIN_PATH': '/usr/local/lib/python3.6/dist-packages/cv2/qt/plugins', 'QT_QPA_FONTDIR': '/usr/local/lib/python3.6/dist-packages/cv2/qt/fonts', 'ROS_LOG_FILENAME': '/home/appuser/.ros/log/1fd67a1c-0cb1-11eb-b72e-0242ac110003/roslaunch-7a99f1f0dfb9-146.log'}]
[roslaunch][INFO] 2020-10-12 17:34:05,326: process[demo_node-2]: args[['/home/appuser/aido-auto/ros/catkin_ws/src/demo/scripts/demo_node.py', '__name:=demo_node']]
[roslaunch][INFO] 2020-10-12 17:34:05,326: ... created process [demo_node-2]
[roslaunch.pmon][INFO] 2020-10-12 17:34:05,326: ProcessMonitor.register[demo_node-2]
[roslaunch.pmon][INFO] 2020-10-12 17:34:05,326: ProcessMonitor.register[demo_node-2] complete
[roslaunch][INFO] 2020-10-12 17:34:05,327: ... registered process [demo_node-2]
[roslaunch][INFO] 2020-10-12 17:34:05,327: process[demo_node-2]: starting os process
[roslaunch][INFO] 2020-10-12 17:34:05,327: process[demo_node-2]: start w/ args [['/home/appuser/aido-auto/ros/catkin_ws/src/demo/scripts/demo_node.py', '__name:=demo_node', '__log:=/home/appuser/.ros/log/1fd67a1c-0cb1-11eb-b72e-0242ac110003/demo_node-2.log']]
[roslaunch][INFO] 2020-10-12 17:34:05,327: process[demo_node-2]: cwd will be [/home/appuser/.ros]
[roslaunch][ERROR] 2020-10-12 17:34:05,330: OSError(8, Exec format error)
[roslaunch.pmon][INFO] 2020-10-12 17:34:05,332: ProcessMonitor.shutdown <ProcessMonitor(ProcessMonitor-1, started daemon 140711509530368)>
[roslaunch.pmon][INFO] 2020-10-12 17:34:05,356: ProcessMonitor._post_run <ProcessMonitor(ProcessMonitor-1, started daemon 140711509530368)>
[roslaunch.pmon][INFO] 2020-10-12 17:34:05,358: ProcessMonitor._post_run <ProcessMonitor(ProcessMonitor-1, started daemon 140711509530368)>: remaining procs are [<roslaunch.nodeprocess.LocalProcess object at 0x7ff9e651c898>, <roslaunch.nodeprocess.LocalProcess object at 0x7ff9e6525cf8>, <roslaunch.nodeprocess.LocalProcess object at 0x7ff9e65250b8>]
[roslaunch.pmon][INFO] 2020-10-12 17:34:05,358: ProcessMonitor exit: killing demo_node-2
[roslaunch][INFO] 2020-10-12 17:34:05,358: [demo_node-2] killing on exit
[roslaunch.pmon][INFO] 2020-10-12 17:34:05,360: ProcessMonitor exit: killing rosout-1
[roslaunch][INFO] 2020-10-12 17:34:05,360: [rosout-1] killing on exit
[roslaunch][INFO] 2020-10-12 17:34:05,360: process[rosout-1]: killing os process with pid[172] pgid[172]
[roslaunch][INFO] 2020-10-12 17:34:05,360: [rosout-1] sending SIGINT to pgid [172]
[roslaunch][INFO] 2020-10-12 17:34:05,361: [rosout-1] sent SIGINT to pgid [172]
[roslaunch][INFO] 2020-10-12 17:34:05,561: process[rosout-1]: SIGINT killed with return value 0
[roslaunch.pmon][INFO] 2020-10-12 17:34:05,561: ProcessMonitor exit: killing master
[roslaunch][INFO] 2020-10-12 17:34:05,562: [master] killing on exit
[roslaunch][INFO] 2020-10-12 17:34:05,562: process[master]: killing os process with pid[161] pgid[161]
[roslaunch][INFO] 2020-10-12 17:34:05,562: [master] sending SIGINT to pgid [161]
[roslaunch][INFO] 2020-10-12 17:34:05,562: [master] sent SIGINT to pgid [161]
[roslaunch][INFO] 2020-10-12 17:34:05,763: process[master]: SIGINT killed with return value 0
[roslaunch.pmon][INFO] 2020-10-12 17:34:05,763: ProcessMonitor exit: cleaning up data structures and signals
[roslaunch.pmon][INFO] 2020-10-12 17:34:05,763: ProcessMonitor exit: pmon has shutdown
[rospy.core][INFO] 2020-10-12 17:34:05,763: signal_shutdown [atexit]
