[roslaunch.parent][INFO] 2023-01-30 12:14:41,646: starting roslaunch parent run
[roslaunch][INFO] 2023-01-30 12:14:41,647: loading roscore config file /opt/ros/melodic/etc/ros/roscore.xml
[roslaunch][INFO] 2023-01-30 12:14:41,746: Added core node of type [rosout/rosout] in namespace [/]
[roslaunch.config][INFO] 2023-01-30 12:14:41,747: loading config file /home/appuser/aido-auto/ros/catkin_ws/src/demo/launch/demo_node.launch
[roslaunch][INFO] 2023-01-30 12:14:41,747: Added node of type [demo/demo_node.py] in namespace [/]
[roslaunch][INFO] 2023-01-30 12:14:41,747: Added node of type [rosbag/record] in namespace [/]
[roslaunch][INFO] 2023-01-30 12:14:41,747: ... selected machine [] for node of type [demo/demo_node.py]
[roslaunch][INFO] 2023-01-30 12:14:41,747: ... selected machine [] for node of type [rosbag/record]
[roslaunch.pmon][INFO] 2023-01-30 12:14:41,748: start_process_monitor: creating ProcessMonitor
[roslaunch.pmon][INFO] 2023-01-30 12:14:41,748: created process monitor <ProcessMonitor(ProcessMonitor-1, initial daemon)>
[roslaunch.pmon][INFO] 2023-01-30 12:14:41,748: start_process_monitor: ProcessMonitor started
[roslaunch.parent][INFO] 2023-01-30 12:14:41,748: starting parent XML-RPC server
[roslaunch.server][INFO] 2023-01-30 12:14:41,749: starting roslaunch XML-RPC server
[roslaunch.server][INFO] 2023-01-30 12:14:41,749: waiting for roslaunch XML-RPC server to initialize
[xmlrpc][INFO] 2023-01-30 12:14:41,749: XML-RPC server binding to 0.0.0.0:0
[xmlrpc][INFO] 2023-01-30 12:14:41,749: Started XML-RPC server [http://0dd3fc96c864:43009/]
[xmlrpc][INFO] 2023-01-30 12:14:41,749: xml rpc node: starting XML-RPC server
[roslaunch][INFO] 2023-01-30 12:14:41,760: started roslaunch server http://0dd3fc96c864:43009/
[roslaunch.parent][INFO] 2023-01-30 12:14:41,760: ... parent XML-RPC server started
[roslaunch][INFO] 2023-01-30 12:14:41,761: master.is_running[http://localhost:11311]
[roslaunch][INFO] 2023-01-30 12:14:41,761: auto-starting new master
[roslaunch][INFO] 2023-01-30 12:14:41,761: create_master_process: rosmaster, /opt/ros/melodic/share/ros, 11311, 3, None, False
[roslaunch][INFO] 2023-01-30 12:14:41,761: process[master]: launching with args [['rosmaster', '--core', '-p', '11311', '-w', '3']]
[roslaunch.pmon][INFO] 2023-01-30 12:14:41,761: ProcessMonitor.register[master]
[roslaunch.pmon][INFO] 2023-01-30 12:14:41,761: ProcessMonitor.register[master] complete
[roslaunch][INFO] 2023-01-30 12:14:41,761: process[master]: starting os process
[roslaunch][INFO] 2023-01-30 12:14:41,761: process[master]: start w/ args [['rosmaster', '--core', '-p', '11311', '-w', '3', '__log:=/home/appuser/.ros/log/acb3951a-a097-11ed-81b0-0242ac170003/master.log']]
[roslaunch][INFO] 2023-01-30 12:14:41,762: process[master]: cwd will be [/home/appuser/.ros]
[roslaunch][INFO] 2023-01-30 12:14:41,765: process[master]: started with pid [170]
[roslaunch][INFO] 2023-01-30 12:14:41,765: master.is_running[http://localhost:11311]
[roslaunch][INFO] 2023-01-30 12:14:41,866: master.is_running[http://localhost:11311]
[roslaunch][INFO] 2023-01-30 12:14:41,967: master.is_running[http://localhost:11311]
[roslaunch][INFO] 2023-01-30 12:14:41,970: master.is_running[http://localhost:11311]
[roslaunch][INFO] 2023-01-30 12:14:41,972: ROS_MASTER_URI=http://localhost:11311
[roslaunch][INFO] 2023-01-30 12:14:41,974: setting /run_id to acb3951a-a097-11ed-81b0-0242ac170003
[roslaunch][INFO] 2023-01-30 12:14:41,976: setting /roslaunch/uris/host_0dd3fc96c864__43009' to http://0dd3fc96c864:43009/
[roslaunch][INFO] 2023-01-30 12:14:41,978: ... preparing to launch node of type [rosout/rosout]
[roslaunch][INFO] 2023-01-30 12:14:41,978: create_node_process: package[rosout] type[rosout] machine[Machine(name[] env_loader[None] address[localhost] ssh_port[22] user[None] assignable[True] timeout[10.0])] master_uri[http://localhost:11311]
[roslaunch][INFO] 2023-01-30 12:14:41,978: process[rosout-1]: env[{'DISPLAY': ':99', 'XAUTHORITY': '/tmp/appuser.xvfb.auth', 'LC_ALL': 'C.UTF-8', 'LD_LIBRARY_PATH': '/usr/local/lib/python3.6/dist-packages/cv2/../../lib:/home/appuser/aido-auto/ros/catkin_ws/devel/lib:/opt/ros/melodic/lib', 'LANG': 'C.UTF-8', 'HOSTNAME': '0dd3fc96c864', 'ROS_ETC_DIR': '/opt/ros/melodic/etc/ros', 'PUBLISHER_DROP_FOLDER': '/home/appuser/publisher-drop', 'PWD': '/home/appuser/aido-auto/gym-duckietown', 'HOME': '/home/appuser', 'CMAKE_PREFIX_PATH': '/home/appuser/aido-auto/ros/catkin_ws/devel:/opt/ros/melodic', 'ROS_ROOT': '/opt/ros/melodic/share/ros', 'ROS_MASTER_URI': 'http://localhost:11311', 'ROS_VERSION': '1', 'TERM': 'xterm', 'ROS_PYTHON_VERSION': '2', 'SHLVL': '4', 'PYTHONPATH': '/home/appuser/aido-auto/ros/catkin_ws/devel/lib/python2.7/dist-packages:/opt/ros/melodic/lib/python2.7/dist-packages', 'ROS_PACKAGE_PATH': '/home/appuser/aido-auto/ros/catkin_ws/src:/opt/ros/melodic/share', 'ROSLISP_PACKAGE_DIRECTORIES': '/home/appuser/aido-auto/ros/catkin_ws/devel/share/common-lisp', 'PATH': '/opt/ros/melodic/bin:/usr/local/sbin:/usr/local/bin:/usr/sbin:/usr/bin:/sbin:/bin', 'PKG_CONFIG_PATH': '/home/appuser/aido-auto/ros/catkin_ws/devel/lib/pkgconfig:/opt/ros/melodic/lib/pkgconfig', 'ROS_DISTRO': 'melodic', '_': '/usr/bin/timeout', 'ROS_LOG_FILENAME': '/home/appuser/.ros/log/acb3951a-a097-11ed-81b0-0242ac170003/roslaunch-0dd3fc96c864-155.log'}]
[roslaunch][INFO] 2023-01-30 12:14:41,998: process[rosout-1]: args[['/opt/ros/melodic/lib/rosout/rosout', '__name:=rosout']]
[roslaunch][INFO] 2023-01-30 12:14:41,998: ... created process [rosout-1]
[roslaunch.pmon][INFO] 2023-01-30 12:14:41,999: ProcessMonitor.register[rosout-1]
[roslaunch.pmon][INFO] 2023-01-30 12:14:41,999: ProcessMonitor.register[rosout-1] complete
[roslaunch][INFO] 2023-01-30 12:14:41,999: ... registered process [rosout-1]
[roslaunch][INFO] 2023-01-30 12:14:41,999: process[rosout-1]: starting os process
[roslaunch][INFO] 2023-01-30 12:14:41,999: process[rosout-1]: start w/ args [['/opt/ros/melodic/lib/rosout/rosout', '__name:=rosout', '__log:=/home/appuser/.ros/log/acb3951a-a097-11ed-81b0-0242ac170003/rosout-1.log']]
[roslaunch][INFO] 2023-01-30 12:14:41,999: process[rosout-1]: cwd will be [/home/appuser/.ros]
[roslaunch][INFO] 2023-01-30 12:14:42,003: process[rosout-1]: started with pid [181]
[roslaunch][INFO] 2023-01-30 12:14:42,003: ... successfully launched [rosout-1]
[roslaunch][INFO] 2023-01-30 12:14:42,004: load_parameters starting ...
[roslaunch][INFO] 2023-01-30 12:14:42,006: ... load_parameters complete
[roslaunch][INFO] 2023-01-30 12:14:42,006: launch_nodes: launching local nodes ...
[roslaunch][INFO] 2023-01-30 12:14:42,006: ... preparing to launch node of type [demo/demo_node.py]
[roslaunch][INFO] 2023-01-30 12:14:42,006: create_node_process: package[demo] type[demo_node.py] machine[Machine(name[] env_loader[None] address[localhost] ssh_port[22] user[None] assignable[True] timeout[10.0])] master_uri[http://localhost:11311]
[roslaunch][INFO] 2023-01-30 12:14:42,007: process[demo_node-2]: env[{'DISPLAY': ':99', 'XAUTHORITY': '/tmp/appuser.xvfb.auth', 'LC_ALL': 'C.UTF-8', 'LD_LIBRARY_PATH': '/usr/local/lib/python3.6/dist-packages/cv2/../../lib:/home/appuser/aido-auto/ros/catkin_ws/devel/lib:/opt/ros/melodic/lib', 'LANG': 'C.UTF-8', 'HOSTNAME': '0dd3fc96c864', 'ROS_ETC_DIR': '/opt/ros/melodic/etc/ros', 'PUBLISHER_DROP_FOLDER': '/home/appuser/publisher-drop', 'PWD': '/home/appuser/aido-auto/gym-duckietown', 'HOME': '/home/appuser', 'CMAKE_PREFIX_PATH': '/home/appuser/aido-auto/ros/catkin_ws/devel:/opt/ros/melodic', 'ROS_ROOT': '/opt/ros/melodic/share/ros', 'ROS_MASTER_URI': 'http://localhost:11311', 'ROS_VERSION': '1', 'TERM': 'xterm', 'ROS_PYTHON_VERSION': '2', 'SHLVL': '4', 'PYTHONPATH': '/home/appuser/aido-auto/ros/catkin_ws/devel/lib/python2.7/dist-packages:/opt/ros/melodic/lib/python2.7/dist-packages', 'ROS_PACKAGE_PATH': '/home/appuser/aido-auto/ros/catkin_ws/src:/opt/ros/melodic/share', 'ROSLISP_PACKAGE_DIRECTORIES': '/home/appuser/aido-auto/ros/catkin_ws/devel/share/common-lisp', 'PATH': '/opt/ros/melodic/bin:/usr/local/sbin:/usr/local/bin:/usr/sbin:/usr/bin:/sbin:/bin', 'PKG_CONFIG_PATH': '/home/appuser/aido-auto/ros/catkin_ws/devel/lib/pkgconfig:/opt/ros/melodic/lib/pkgconfig', 'ROS_DISTRO': 'melodic', '_': '/usr/bin/timeout', 'ROS_LOG_FILENAME': '/home/appuser/.ros/log/acb3951a-a097-11ed-81b0-0242ac170003/roslaunch-0dd3fc96c864-155.log'}]
[roslaunch][INFO] 2023-01-30 12:14:42,007: process[demo_node-2]: args[['/home/appuser/aido-auto/ros/catkin_ws/src/demo/scripts/demo_node.py', '__name:=demo_node']]
[roslaunch][INFO] 2023-01-30 12:14:42,007: ... created process [demo_node-2]
[roslaunch.pmon][INFO] 2023-01-30 12:14:42,007: ProcessMonitor.register[demo_node-2]
[roslaunch.pmon][INFO] 2023-01-30 12:14:42,008: ProcessMonitor.register[demo_node-2] complete
[roslaunch][INFO] 2023-01-30 12:14:42,008: ... registered process [demo_node-2]
[roslaunch][INFO] 2023-01-30 12:14:42,008: process[demo_node-2]: starting os process
[roslaunch][INFO] 2023-01-30 12:14:42,008: process[demo_node-2]: start w/ args [['/home/appuser/aido-auto/ros/catkin_ws/src/demo/scripts/demo_node.py', '__name:=demo_node', '__log:=/home/appuser/.ros/log/acb3951a-a097-11ed-81b0-0242ac170003/demo_node-2.log']]
[roslaunch][INFO] 2023-01-30 12:14:42,008: process[demo_node-2]: cwd will be [/home/appuser/.ros]
[roslaunch][ERROR] 2023-01-30 12:14:42,012: OSError(8, Exec format error)
[roslaunch.pmon][INFO] 2023-01-30 12:14:42,014: ProcessMonitor.shutdown <ProcessMonitor(ProcessMonitor-1, started daemon 139731907561216)>
[roslaunch.pmon][INFO] 2023-01-30 12:14:42,049: ProcessMonitor._post_run <ProcessMonitor(ProcessMonitor-1, started daemon 139731907561216)>
[roslaunch.pmon][INFO] 2023-01-30 12:14:42,050: ProcessMonitor._post_run <ProcessMonitor(ProcessMonitor-1, started daemon 139731907561216)>: remaining procs are [<roslaunch.nodeprocess.LocalProcess object at 0x7f15a6a696d8>, <roslaunch.nodeprocess.LocalProcess object at 0x7f15a6a69208>, <roslaunch.nodeprocess.LocalProcess object at 0x7f15a6a69080>]
[roslaunch.pmon][INFO] 2023-01-30 12:14:42,051: ProcessMonitor exit: killing demo_node-2
[roslaunch][INFO] 2023-01-30 12:14:42,051: [demo_node-2] killing on exit
[roslaunch.pmon][INFO] 2023-01-30 12:14:42,055: ProcessMonitor exit: killing rosout-1
[roslaunch][INFO] 2023-01-30 12:14:42,055: [rosout-1] killing on exit
[roslaunch][INFO] 2023-01-30 12:14:42,056: process[rosout-1]: killing os process with pid[181] pgid[181]
[roslaunch][INFO] 2023-01-30 12:14:42,056: [rosout-1] sending SIGINT to pgid [181]
[roslaunch][INFO] 2023-01-30 12:14:42,056: [rosout-1] sent SIGINT to pgid [181]
[roslaunch][INFO] 2023-01-30 12:14:42,257: process[rosout-1]: SIGINT killed with return value 0
[roslaunch.pmon][INFO] 2023-01-30 12:14:42,257: ProcessMonitor exit: killing master
[roslaunch][INFO] 2023-01-30 12:14:42,257: [master] killing on exit
[roslaunch][INFO] 2023-01-30 12:14:42,257: process[master]: killing os process with pid[170] pgid[170]
[roslaunch][INFO] 2023-01-30 12:14:42,257: [master] sending SIGINT to pgid [170]
[roslaunch][INFO] 2023-01-30 12:14:42,257: [master] sent SIGINT to pgid [170]
[roslaunch][INFO] 2023-01-30 12:14:42,458: process[master]: SIGINT killed with return value 0
[roslaunch.pmon][INFO] 2023-01-30 12:14:42,458: ProcessMonitor exit: cleaning up data structures and signals
[roslaunch.pmon][INFO] 2023-01-30 12:14:42,458: ProcessMonitor exit: pmon has shutdown
[rospy.core][INFO] 2023-01-30 12:14:42,459: signal_shutdown [atexit]
