[roslaunch.parent][INFO] 2020-10-12 17:29:13,866: starting roslaunch parent run
[roslaunch][INFO] 2020-10-12 17:29:13,866: loading roscore config file /opt/ros/melodic/etc/ros/roscore.xml
[roslaunch][INFO] 2020-10-12 17:29:14,029: Added core node of type [rosout/rosout] in namespace [/]
[roslaunch.config][INFO] 2020-10-12 17:29:14,030: loading config file /home/appuser/aido-auto/ros/catkin_ws/src/demo/launch/demo_node.launch
[roslaunch][INFO] 2020-10-12 17:29:14,032: Added node of type [demo/demo_node.py] in namespace [/]
[roslaunch][INFO] 2020-10-12 17:29:14,032: Added node of type [rosbag/record] in namespace [/]
[roslaunch][INFO] 2020-10-12 17:29:14,032: ... selected machine [] for node of type [demo/demo_node.py]
[roslaunch][INFO] 2020-10-12 17:29:14,032: ... selected machine [] for node of type [rosbag/record]
[roslaunch.pmon][INFO] 2020-10-12 17:29:14,034: start_process_monitor: creating ProcessMonitor
[roslaunch.pmon][INFO] 2020-10-12 17:29:14,034: created process monitor <ProcessMonitor(ProcessMonitor-1, initial daemon)>
[roslaunch.pmon][INFO] 2020-10-12 17:29:14,035: start_process_monitor: ProcessMonitor started
[roslaunch.parent][INFO] 2020-10-12 17:29:14,035: starting parent XML-RPC server
[roslaunch.server][INFO] 2020-10-12 17:29:14,035: starting roslaunch XML-RPC server
[roslaunch.server][INFO] 2020-10-12 17:29:14,035: waiting for roslaunch XML-RPC server to initialize
[xmlrpc][INFO] 2020-10-12 17:29:14,035: XML-RPC server binding to 0.0.0.0:0
[xmlrpc][INFO] 2020-10-12 17:29:14,036: Started XML-RPC server [http://98131e6ff2ed:39617/]
[xmlrpc][INFO] 2020-10-12 17:29:14,037: xml rpc node: starting XML-RPC server
[roslaunch][INFO] 2020-10-12 17:29:14,049: started roslaunch server http://98131e6ff2ed:39617/
[roslaunch.parent][INFO] 2020-10-12 17:29:14,049: ... parent XML-RPC server started
[roslaunch][INFO] 2020-10-12 17:29:14,050: master.is_running[http://localhost:11311]
[roslaunch][INFO] 2020-10-12 17:29:14,050: auto-starting new master
[roslaunch][INFO] 2020-10-12 17:29:14,051: create_master_process: rosmaster, /opt/ros/melodic/share/ros, 11311, 3, None, False
[roslaunch][INFO] 2020-10-12 17:29:14,051: process[master]: launching with args [['rosmaster', '--core', '-p', '11311', '-w', '3']]
[roslaunch.pmon][INFO] 2020-10-12 17:29:14,051: ProcessMonitor.register[master]
[roslaunch.pmon][INFO] 2020-10-12 17:29:14,051: ProcessMonitor.register[master] complete
[roslaunch][INFO] 2020-10-12 17:29:14,051: process[master]: starting os process
[roslaunch][INFO] 2020-10-12 17:29:14,051: process[master]: start w/ args [['rosmaster', '--core', '-p', '11311', '-w', '3', '__log:=/home/appuser/.ros/log/726c1d1e-0cb0-11eb-b9d2-0242ac110003/master.log']]
[roslaunch][INFO] 2020-10-12 17:29:14,051: process[master]: cwd will be [/home/appuser/.ros]
[roslaunch][INFO] 2020-10-12 17:29:14,056: process[master]: started with pid [161]
[roslaunch][INFO] 2020-10-12 17:29:14,056: master.is_running[http://localhost:11311]
[roslaunch][INFO] 2020-10-12 17:29:14,157: master.is_running[http://localhost:11311]
[roslaunch][INFO] 2020-10-12 17:29:14,258: master.is_running[http://localhost:11311]
[roslaunch][INFO] 2020-10-12 17:29:14,359: master.is_running[http://localhost:11311]
[roslaunch][INFO] 2020-10-12 17:29:14,460: master.is_running[http://localhost:11311]
[roslaunch][INFO] 2020-10-12 17:29:14,463: master.is_running[http://localhost:11311]
[roslaunch][INFO] 2020-10-12 17:29:14,465: ROS_MASTER_URI=http://localhost:11311
[roslaunch][INFO] 2020-10-12 17:29:14,466: setting /run_id to 726c1d1e-0cb0-11eb-b9d2-0242ac110003
[roslaunch][INFO] 2020-10-12 17:29:14,468: setting /roslaunch/uris/host_98131e6ff2ed__39617' to http://98131e6ff2ed:39617/
[roslaunch][INFO] 2020-10-12 17:29:14,472: ... preparing to launch node of type [rosout/rosout]
[roslaunch][INFO] 2020-10-12 17:29:14,472: create_node_process: package[rosout] type[rosout] machine[Machine(name[] env_loader[None] address[localhost] ssh_port[22] user[None] assignable[True] timeout[10.0])] master_uri[http://localhost:11311]
[roslaunch][INFO] 2020-10-12 17:29:14,472: process[rosout-1]: env[{'DISPLAY': ':99', 'XAUTHORITY': '/tmp/appuser.xvfb.auth', 'LC_ALL': 'C.UTF-8', 'LD_LIBRARY_PATH': '/home/appuser/aido-auto/ros/catkin_ws/devel/lib:/opt/ros/melodic/lib', 'LANG': 'C.UTF-8', 'HOSTNAME': '98131e6ff2ed', 'ROS_ETC_DIR': '/opt/ros/melodic/etc/ros', 'PUBLISHER_DROP_FOLDER': '/home/appuser/publisher-drop', 'PWD': '/home/appuser/aido-auto/gym-duckietown', 'HOME': '/home/appuser', 'CMAKE_PREFIX_PATH': '/home/appuser/aido-auto/ros/catkin_ws/devel:/opt/ros/melodic', 'ROS_ROOT': '/opt/ros/melodic/share/ros', 'ROS_MASTER_URI': 'http://localhost:11311', 'ROS_VERSION': '1', 'TERM': 'xterm', 'ROS_PYTHON_VERSION': '2', 'SHLVL': '4', 'PYTHONPATH': '/home/appuser/aido-auto/ros/catkin_ws/devel/lib/python2.7/dist-packages:/opt/ros/melodic/lib/python2.7/dist-packages', 'ROS_PACKAGE_PATH': '/home/appuser/aido-auto/ros/catkin_ws/src:/opt/ros/melodic/share', 'ROSLISP_PACKAGE_DIRECTORIES': '/home/appuser/aido-auto/ros/catkin_ws/devel/share/common-lisp', 'PATH': '/opt/ros/melodic/bin:/usr/local/sbin:/usr/local/bin:/usr/sbin:/usr/bin:/sbin:/bin', 'PKG_CONFIG_PATH': '/home/appuser/aido-auto/ros/catkin_ws/devel/lib/pkgconfig:/opt/ros/melodic/lib/pkgconfig', 'ROS_DISTRO': 'melodic', '_': '/usr/bin/timeout', 'QT_QPA_PLATFORM_PLUGIN_PATH': '/usr/local/lib/python3.6/dist-packages/cv2/qt/plugins', 'QT_QPA_FONTDIR': '/usr/local/lib/python3.6/dist-packages/cv2/qt/fonts', 'ROS_LOG_FILENAME': '/home/appuser/.ros/log/726c1d1e-0cb0-11eb-b9d2-0242ac110003/roslaunch-98131e6ff2ed-146.log'}]
[roslaunch][INFO] 2020-10-12 17:29:14,501: process[rosout-1]: args[['/opt/ros/melodic/lib/rosout/rosout', '__name:=rosout']]
[roslaunch][INFO] 2020-10-12 17:29:14,502: ... created process [rosout-1]
[roslaunch.pmon][INFO] 2020-10-12 17:29:14,502: ProcessMonitor.register[rosout-1]
[roslaunch.pmon][INFO] 2020-10-12 17:29:14,502: ProcessMonitor.register[rosout-1] complete
[roslaunch][INFO] 2020-10-12 17:29:14,502: ... registered process [rosout-1]
[roslaunch][INFO] 2020-10-12 17:29:14,502: process[rosout-1]: starting os process
[roslaunch][INFO] 2020-10-12 17:29:14,502: process[rosout-1]: start w/ args [['/opt/ros/melodic/lib/rosout/rosout', '__name:=rosout', '__log:=/home/appuser/.ros/log/726c1d1e-0cb0-11eb-b9d2-0242ac110003/rosout-1.log']]
[roslaunch][INFO] 2020-10-12 17:29:14,502: process[rosout-1]: cwd will be [/home/appuser/.ros]
[roslaunch][INFO] 2020-10-12 17:29:14,507: process[rosout-1]: started with pid [172]
[roslaunch][INFO] 2020-10-12 17:29:14,508: ... successfully launched [rosout-1]
[roslaunch][INFO] 2020-10-12 17:29:14,508: load_parameters starting ...
[roslaunch][INFO] 2020-10-12 17:29:14,513: ... load_parameters complete
[roslaunch][INFO] 2020-10-12 17:29:14,513: launch_nodes: launching local nodes ...
[roslaunch][INFO] 2020-10-12 17:29:14,514: ... preparing to launch node of type [demo/demo_node.py]
[roslaunch][INFO] 2020-10-12 17:29:14,514: create_node_process: package[demo] type[demo_node.py] machine[Machine(name[] env_loader[None] address[localhost] ssh_port[22] user[None] assignable[True] timeout[10.0])] master_uri[http://localhost:11311]
[roslaunch][INFO] 2020-10-12 17:29:14,514: process[demo_node-2]: env[{'DISPLAY': ':99', 'XAUTHORITY': '/tmp/appuser.xvfb.auth', 'LC_ALL': 'C.UTF-8', 'LD_LIBRARY_PATH': '/home/appuser/aido-auto/ros/catkin_ws/devel/lib:/opt/ros/melodic/lib', 'LANG': 'C.UTF-8', 'HOSTNAME': '98131e6ff2ed', 'ROS_ETC_DIR': '/opt/ros/melodic/etc/ros', 'PUBLISHER_DROP_FOLDER': '/home/appuser/publisher-drop', 'PWD': '/home/appuser/aido-auto/gym-duckietown', 'HOME': '/home/appuser', 'CMAKE_PREFIX_PATH': '/home/appuser/aido-auto/ros/catkin_ws/devel:/opt/ros/melodic', 'ROS_ROOT': '/opt/ros/melodic/share/ros', 'ROS_MASTER_URI': 'http://localhost:11311', 'ROS_VERSION': '1', 'TERM': 'xterm', 'ROS_PYTHON_VERSION': '2', 'SHLVL': '4', 'PYTHONPATH': '/home/appuser/aido-auto/ros/catkin_ws/devel/lib/python2.7/dist-packages:/opt/ros/melodic/lib/python2.7/dist-packages', 'ROS_PACKAGE_PATH': '/home/appuser/aido-auto/ros/catkin_ws/src:/opt/ros/melodic/share', 'ROSLISP_PACKAGE_DIRECTORIES': '/home/appuser/aido-auto/ros/catkin_ws/devel/share/common-lisp', 'PATH': '/opt/ros/melodic/bin:/usr/local/sbin:/usr/local/bin:/usr/sbin:/usr/bin:/sbin:/bin', 'PKG_CONFIG_PATH': '/home/appuser/aido-auto/ros/catkin_ws/devel/lib/pkgconfig:/opt/ros/melodic/lib/pkgconfig', 'ROS_DISTRO': 'melodic', '_': '/usr/bin/timeout', 'QT_QPA_PLATFORM_PLUGIN_PATH': '/usr/local/lib/python3.6/dist-packages/cv2/qt/plugins', 'QT_QPA_FONTDIR': '/usr/local/lib/python3.6/dist-packages/cv2/qt/fonts', 'ROS_LOG_FILENAME': '/home/appuser/.ros/log/726c1d1e-0cb0-11eb-b9d2-0242ac110003/roslaunch-98131e6ff2ed-146.log'}]
[roslaunch][INFO] 2020-10-12 17:29:14,524: process[demo_node-2]: args[['/home/appuser/aido-auto/ros/catkin_ws/src/demo/scripts/demo_node.py', '__name:=demo_node']]
[roslaunch][INFO] 2020-10-12 17:29:14,524: ... created process [demo_node-2]
[roslaunch.pmon][INFO] 2020-10-12 17:29:14,524: ProcessMonitor.register[demo_node-2]
[roslaunch.pmon][INFO] 2020-10-12 17:29:14,524: ProcessMonitor.register[demo_node-2] complete
[roslaunch][INFO] 2020-10-12 17:29:14,525: ... registered process [demo_node-2]
[roslaunch][INFO] 2020-10-12 17:29:14,525: process[demo_node-2]: starting os process
[roslaunch][INFO] 2020-10-12 17:29:14,525: process[demo_node-2]: start w/ args [['/home/appuser/aido-auto/ros/catkin_ws/src/demo/scripts/demo_node.py', '__name:=demo_node', '__log:=/home/appuser/.ros/log/726c1d1e-0cb0-11eb-b9d2-0242ac110003/demo_node-2.log']]
[roslaunch][INFO] 2020-10-12 17:29:14,525: process[demo_node-2]: cwd will be [/home/appuser/.ros]
[roslaunch][ERROR] 2020-10-12 17:29:14,528: OSError(8, Exec format error)
[roslaunch.pmon][INFO] 2020-10-12 17:29:14,532: ProcessMonitor.shutdown <ProcessMonitor(ProcessMonitor-1, started daemon 140216268740352)>
[roslaunch.pmon][INFO] 2020-10-12 17:29:14,536: ProcessMonitor._post_run <ProcessMonitor(ProcessMonitor-1, started daemon 140216268740352)>
[roslaunch.pmon][INFO] 2020-10-12 17:29:14,536: ProcessMonitor._post_run <ProcessMonitor(ProcessMonitor-1, started daemon 140216268740352)>: remaining procs are [<roslaunch.nodeprocess.LocalProcess object at 0x7f8699b26b38>, <roslaunch.nodeprocess.LocalProcess object at 0x7f8699b3cba8>, <roslaunch.nodeprocess.LocalProcess object at 0x7f8699b3fef0>]
[roslaunch.pmon][INFO] 2020-10-12 17:29:14,537: ProcessMonitor exit: killing demo_node-2
[roslaunch][INFO] 2020-10-12 17:29:14,537: [demo_node-2] killing on exit
[roslaunch.pmon][INFO] 2020-10-12 17:29:14,539: ProcessMonitor exit: killing rosout-1
[roslaunch][INFO] 2020-10-12 17:29:14,539: [rosout-1] killing on exit
[roslaunch][INFO] 2020-10-12 17:29:14,539: process[rosout-1]: killing os process with pid[172] pgid[172]
[roslaunch][INFO] 2020-10-12 17:29:14,539: [rosout-1] sending SIGINT to pgid [172]
[roslaunch][INFO] 2020-10-12 17:29:14,539: [rosout-1] sent SIGINT to pgid [172]
[roslaunch][INFO] 2020-10-12 17:29:14,640: process[rosout-1]: SIGINT killed with return value -2
[roslaunch.pmon][INFO] 2020-10-12 17:29:14,640: ProcessMonitor exit: killing master
[roslaunch][INFO] 2020-10-12 17:29:14,640: [master] killing on exit
[roslaunch][INFO] 2020-10-12 17:29:14,640: process[master]: killing os process with pid[161] pgid[161]
[roslaunch][INFO] 2020-10-12 17:29:14,640: [master] sending SIGINT to pgid [161]
[roslaunch][INFO] 2020-10-12 17:29:14,640: [master] sent SIGINT to pgid [161]
[roslaunch][INFO] 2020-10-12 17:29:14,841: process[master]: SIGINT killed with return value 0
[roslaunch.pmon][INFO] 2020-10-12 17:29:14,841: ProcessMonitor exit: cleaning up data structures and signals
[roslaunch.pmon][INFO] 2020-10-12 17:29:14,841: ProcessMonitor exit: pmon has shutdown
[rospy.core][INFO] 2020-10-12 17:29:14,842: signal_shutdown [atexit]
