[roslaunch.parent][INFO] 2020-06-30 14:28:07,770: starting roslaunch parent run
[roslaunch][INFO] 2020-06-30 14:28:07,770: loading roscore config file /opt/ros/melodic/etc/ros/roscore.xml
[roslaunch][INFO] 2020-06-30 14:28:07,949: Added core node of type [rosout/rosout] in namespace [/]
[roslaunch.config][INFO] 2020-06-30 14:28:07,949: loading config file /home/appuser/aido-auto/ros/catkin_ws/src/demo/launch/demo_node.launch
[roslaunch][INFO] 2020-06-30 14:28:07,950: Added node of type [demo/demo_node.py] in namespace [/]
[roslaunch][INFO] 2020-06-30 14:28:07,951: Added node of type [rosbag/record] in namespace [/]
[roslaunch][INFO] 2020-06-30 14:28:07,951: ... selected machine [] for node of type [demo/demo_node.py]
[roslaunch][INFO] 2020-06-30 14:28:07,951: ... selected machine [] for node of type [rosbag/record]
[roslaunch.pmon][INFO] 2020-06-30 14:28:07,952: start_process_monitor: creating ProcessMonitor
[roslaunch.pmon][INFO] 2020-06-30 14:28:07,952: created process monitor <ProcessMonitor(ProcessMonitor-1, initial daemon)>
[roslaunch.pmon][INFO] 2020-06-30 14:28:07,953: start_process_monitor: ProcessMonitor started
[roslaunch.parent][INFO] 2020-06-30 14:28:07,953: starting parent XML-RPC server
[roslaunch.server][INFO] 2020-06-30 14:28:07,953: starting roslaunch XML-RPC server
[roslaunch.server][INFO] 2020-06-30 14:28:07,953: waiting for roslaunch XML-RPC server to initialize
[xmlrpc][INFO] 2020-06-30 14:28:07,954: XML-RPC server binding to 0.0.0.0:0
[xmlrpc][INFO] 2020-06-30 14:28:07,954: Started XML-RPC server [http://7b2090284c9c:38679/]
[xmlrpc][INFO] 2020-06-30 14:28:07,956: xml rpc node: starting XML-RPC server
[roslaunch][INFO] 2020-06-30 14:28:07,966: started roslaunch server http://7b2090284c9c:38679/
[roslaunch.parent][INFO] 2020-06-30 14:28:07,966: ... parent XML-RPC server started
[roslaunch][INFO] 2020-06-30 14:28:07,966: master.is_running[http://localhost:11311]
[roslaunch][INFO] 2020-06-30 14:28:07,967: auto-starting new master
[roslaunch][INFO] 2020-06-30 14:28:07,967: create_master_process: rosmaster, /opt/ros/melodic/share/ros, 11311, 3, None, False
[roslaunch][INFO] 2020-06-30 14:28:07,967: process[master]: launching with args [['rosmaster', '--core', '-p', '11311', '-w', '3']]
[roslaunch.pmon][INFO] 2020-06-30 14:28:07,968: ProcessMonitor.register[master]
[roslaunch.pmon][INFO] 2020-06-30 14:28:07,968: ProcessMonitor.register[master] complete
[roslaunch][INFO] 2020-06-30 14:28:07,968: process[master]: starting os process
[roslaunch][INFO] 2020-06-30 14:28:07,968: process[master]: start w/ args [['rosmaster', '--core', '-p', '11311', '-w', '3', '__log:=/home/appuser/.ros/log/eac3f0f4-badd-11ea-ab63-0242ac11000e/master.log']]
[roslaunch][INFO] 2020-06-30 14:28:07,968: process[master]: cwd will be [/home/appuser/.ros]
[roslaunch][INFO] 2020-06-30 14:28:07,975: process[master]: started with pid [150]
[roslaunch][INFO] 2020-06-30 14:28:07,975: master.is_running[http://localhost:11311]
[roslaunch][INFO] 2020-06-30 14:28:08,076: master.is_running[http://localhost:11311]
[roslaunch][INFO] 2020-06-30 14:28:08,177: master.is_running[http://localhost:11311]
[roslaunch][INFO] 2020-06-30 14:28:08,278: master.is_running[http://localhost:11311]
[roslaunch][INFO] 2020-06-30 14:28:08,379: master.is_running[http://localhost:11311]
[roslaunch][INFO] 2020-06-30 14:28:08,383: master.is_running[http://localhost:11311]
[roslaunch][INFO] 2020-06-30 14:28:08,385: ROS_MASTER_URI=http://localhost:11311
[roslaunch][INFO] 2020-06-30 14:28:08,387: setting /run_id to eac3f0f4-badd-11ea-ab63-0242ac11000e
[roslaunch][INFO] 2020-06-30 14:28:08,389: setting /roslaunch/uris/host_7b2090284c9c__38679' to http://7b2090284c9c:38679/
[roslaunch][INFO] 2020-06-30 14:28:08,391: ... preparing to launch node of type [rosout/rosout]
[roslaunch][INFO] 2020-06-30 14:28:08,391: create_node_process: package[rosout] type[rosout] machine[Machine(name[] env_loader[None] address[localhost] ssh_port[22] user[None] assignable[True] timeout[10.0])] master_uri[http://localhost:11311]
[roslaunch][INFO] 2020-06-30 14:28:08,391: process[rosout-1]: env[{'DISPLAY': ':99', 'XAUTHORITY': '/tmp/appuser.xvfb.auth', 'LC_ALL': 'C.UTF-8', 'LD_LIBRARY_PATH': '/home/appuser/aido-auto/ros/catkin_ws/devel/lib:/opt/ros/melodic/lib', 'LANG': 'C.UTF-8', 'HOSTNAME': '7b2090284c9c', 'ROS_ETC_DIR': '/opt/ros/melodic/etc/ros', 'PUBLISHER_DROP_FOLDER': '/home/appuser/publisher-drop', 'PWD': '/home/appuser/aido-auto/gym-duckietown', 'HOME': '/home/appuser', 'CMAKE_PREFIX_PATH': '/home/appuser/aido-auto/ros/catkin_ws/devel:/opt/ros/melodic', 'ROS_ROOT': '/opt/ros/melodic/share/ros', 'ROS_MASTER_URI': 'http://localhost:11311', 'ROS_VERSION': '1', 'TERM': 'xterm', 'ROS_PYTHON_VERSION': '2', 'SHLVL': '4', 'PYTHONPATH': '/home/appuser/aido-auto/ros/catkin_ws/devel/lib/python2.7/dist-packages:/opt/ros/melodic/lib/python2.7/dist-packages', 'ROS_PACKAGE_PATH': '/home/appuser/aido-auto/ros/catkin_ws/src:/opt/ros/melodic/share', 'ROSLISP_PACKAGE_DIRECTORIES': '/home/appuser/aido-auto/ros/catkin_ws/devel/share/common-lisp', 'PATH': '/opt/ros/melodic/bin:/usr/local/sbin:/usr/local/bin:/usr/sbin:/usr/bin:/sbin:/bin', 'PKG_CONFIG_PATH': '/home/appuser/aido-auto/ros/catkin_ws/devel/lib/pkgconfig:/opt/ros/melodic/lib/pkgconfig', 'ROS_DISTRO': 'melodic', '_': '/usr/bin/timeout', 'ROS_LOG_FILENAME': '/home/appuser/.ros/log/eac3f0f4-badd-11ea-ab63-0242ac11000e/roslaunch-7b2090284c9c-135.log'}]
[roslaunch][INFO] 2020-06-30 14:28:08,419: process[rosout-1]: args[['/opt/ros/melodic/lib/rosout/rosout', '__name:=rosout']]
[roslaunch][INFO] 2020-06-30 14:28:08,420: ... created process [rosout-1]
[roslaunch.pmon][INFO] 2020-06-30 14:28:08,420: ProcessMonitor.register[rosout-1]
[roslaunch.pmon][INFO] 2020-06-30 14:28:08,420: ProcessMonitor.register[rosout-1] complete
[roslaunch][INFO] 2020-06-30 14:28:08,420: ... registered process [rosout-1]
[roslaunch][INFO] 2020-06-30 14:28:08,420: process[rosout-1]: starting os process
[roslaunch][INFO] 2020-06-30 14:28:08,420: process[rosout-1]: start w/ args [['/opt/ros/melodic/lib/rosout/rosout', '__name:=rosout', '__log:=/home/appuser/.ros/log/eac3f0f4-badd-11ea-ab63-0242ac11000e/rosout-1.log']]
[roslaunch][INFO] 2020-06-30 14:28:08,420: process[rosout-1]: cwd will be [/home/appuser/.ros]
[roslaunch][INFO] 2020-06-30 14:28:08,425: process[rosout-1]: started with pid [161]
[roslaunch][INFO] 2020-06-30 14:28:08,425: ... successfully launched [rosout-1]
[roslaunch][INFO] 2020-06-30 14:28:08,425: load_parameters starting ...
[roslaunch][INFO] 2020-06-30 14:28:08,430: ... load_parameters complete
[roslaunch][INFO] 2020-06-30 14:28:08,430: launch_nodes: launching local nodes ...
[roslaunch][INFO] 2020-06-30 14:28:08,430: ... preparing to launch node of type [demo/demo_node.py]
[roslaunch][INFO] 2020-06-30 14:28:08,430: create_node_process: package[demo] type[demo_node.py] machine[Machine(name[] env_loader[None] address[localhost] ssh_port[22] user[None] assignable[True] timeout[10.0])] master_uri[http://localhost:11311]
[roslaunch][INFO] 2020-06-30 14:28:08,431: process[demo_node-2]: env[{'DISPLAY': ':99', 'XAUTHORITY': '/tmp/appuser.xvfb.auth', 'LC_ALL': 'C.UTF-8', 'LD_LIBRARY_PATH': '/home/appuser/aido-auto/ros/catkin_ws/devel/lib:/opt/ros/melodic/lib', 'LANG': 'C.UTF-8', 'HOSTNAME': '7b2090284c9c', 'ROS_ETC_DIR': '/opt/ros/melodic/etc/ros', 'PUBLISHER_DROP_FOLDER': '/home/appuser/publisher-drop', 'PWD': '/home/appuser/aido-auto/gym-duckietown', 'HOME': '/home/appuser', 'CMAKE_PREFIX_PATH': '/home/appuser/aido-auto/ros/catkin_ws/devel:/opt/ros/melodic', 'ROS_ROOT': '/opt/ros/melodic/share/ros', 'ROS_MASTER_URI': 'http://localhost:11311', 'ROS_VERSION': '1', 'TERM': 'xterm', 'ROS_PYTHON_VERSION': '2', 'SHLVL': '4', 'PYTHONPATH': '/home/appuser/aido-auto/ros/catkin_ws/devel/lib/python2.7/dist-packages:/opt/ros/melodic/lib/python2.7/dist-packages', 'ROS_PACKAGE_PATH': '/home/appuser/aido-auto/ros/catkin_ws/src:/opt/ros/melodic/share', 'ROSLISP_PACKAGE_DIRECTORIES': '/home/appuser/aido-auto/ros/catkin_ws/devel/share/common-lisp', 'PATH': '/opt/ros/melodic/bin:/usr/local/sbin:/usr/local/bin:/usr/sbin:/usr/bin:/sbin:/bin', 'PKG_CONFIG_PATH': '/home/appuser/aido-auto/ros/catkin_ws/devel/lib/pkgconfig:/opt/ros/melodic/lib/pkgconfig', 'ROS_DISTRO': 'melodic', '_': '/usr/bin/timeout', 'ROS_LOG_FILENAME': '/home/appuser/.ros/log/eac3f0f4-badd-11ea-ab63-0242ac11000e/roslaunch-7b2090284c9c-135.log'}]
[roslaunch][INFO] 2020-06-30 14:28:08,432: process[demo_node-2]: args[['/home/appuser/aido-auto/ros/catkin_ws/src/demo/scripts/demo_node.py', '__name:=demo_node']]
[roslaunch][INFO] 2020-06-30 14:28:08,432: ... created process [demo_node-2]
[roslaunch.pmon][INFO] 2020-06-30 14:28:08,432: ProcessMonitor.register[demo_node-2]
[roslaunch.pmon][INFO] 2020-06-30 14:28:08,433: ProcessMonitor.register[demo_node-2] complete
[roslaunch][INFO] 2020-06-30 14:28:08,433: ... registered process [demo_node-2]
[roslaunch][INFO] 2020-06-30 14:28:08,433: process[demo_node-2]: starting os process
[roslaunch][INFO] 2020-06-30 14:28:08,433: process[demo_node-2]: start w/ args [['/home/appuser/aido-auto/ros/catkin_ws/src/demo/scripts/demo_node.py', '__name:=demo_node', '__log:=/home/appuser/.ros/log/eac3f0f4-badd-11ea-ab63-0242ac11000e/demo_node-2.log']]
[roslaunch][INFO] 2020-06-30 14:28:08,433: process[demo_node-2]: cwd will be [/home/appuser/.ros]
[roslaunch][ERROR] 2020-06-30 14:28:08,438: OSError(8, Exec format error)
[roslaunch.pmon][INFO] 2020-06-30 14:28:08,441: ProcessMonitor.shutdown <ProcessMonitor(ProcessMonitor-1, started daemon 140659242891008)>
[roslaunch.pmon][INFO] 2020-06-30 14:28:08,454: ProcessMonitor._post_run <ProcessMonitor(ProcessMonitor-1, started daemon 140659242891008)>
[roslaunch.pmon][INFO] 2020-06-30 14:28:08,454: ProcessMonitor._post_run <ProcessMonitor(ProcessMonitor-1, started daemon 140659242891008)>: remaining procs are [<roslaunch.nodeprocess.LocalProcess object at 0x7fedbb02bf28>, <roslaunch.nodeprocess.LocalProcess object at 0x7fedbaf862b0>, <roslaunch.nodeprocess.LocalProcess object at 0x7fedbaf86390>]
[roslaunch.pmon][INFO] 2020-06-30 14:28:08,455: ProcessMonitor exit: killing demo_node-2
[roslaunch][INFO] 2020-06-30 14:28:08,455: [demo_node-2] killing on exit
[roslaunch.pmon][INFO] 2020-06-30 14:28:08,456: ProcessMonitor exit: killing rosout-1
[roslaunch][INFO] 2020-06-30 14:28:08,456: [rosout-1] killing on exit
[roslaunch][INFO] 2020-06-30 14:28:08,456: process[rosout-1]: killing os process with pid[161] pgid[161]
[roslaunch][INFO] 2020-06-30 14:28:08,456: [rosout-1] sending SIGINT to pgid [161]
[roslaunch][INFO] 2020-06-30 14:28:08,457: [rosout-1] sent SIGINT to pgid [161]
[roslaunch][INFO] 2020-06-30 14:28:08,557: process[rosout-1]: SIGINT killed with return value -2
[roslaunch.pmon][INFO] 2020-06-30 14:28:08,557: ProcessMonitor exit: killing master
[roslaunch][INFO] 2020-06-30 14:28:08,557: [master] killing on exit
[roslaunch][INFO] 2020-06-30 14:28:08,557: process[master]: killing os process with pid[150] pgid[150]
[roslaunch][INFO] 2020-06-30 14:28:08,557: [master] sending SIGINT to pgid [150]
[roslaunch][INFO] 2020-06-30 14:28:08,557: [master] sent SIGINT to pgid [150]
[roslaunch][INFO] 2020-06-30 14:28:08,758: process[master]: SIGINT killed with return value 0
[roslaunch.pmon][INFO] 2020-06-30 14:28:08,758: ProcessMonitor exit: cleaning up data structures and signals
[roslaunch.pmon][INFO] 2020-06-30 14:28:08,758: ProcessMonitor exit: pmon has shutdown
[rospy.core][INFO] 2020-06-30 14:28:08,758: signal_shutdown [atexit]
