[roslaunch.parent][INFO] 2020-10-13 11:18:11,465: starting roslaunch parent run
[roslaunch][INFO] 2020-10-13 11:18:11,466: loading roscore config file /opt/ros/melodic/etc/ros/roscore.xml
[roslaunch][INFO] 2020-10-13 11:18:11,612: Added core node of type [rosout/rosout] in namespace [/]
[roslaunch.config][INFO] 2020-10-13 11:18:11,612: loading config file /home/appuser/aido-auto/ros/catkin_ws/src/demo/launch/demo_node.launch
[roslaunch][INFO] 2020-10-13 11:18:11,613: Added node of type [demo/demo_node.py] in namespace [/]
[roslaunch][INFO] 2020-10-13 11:18:11,613: Added node of type [rosbag/record] in namespace [/]
[roslaunch][INFO] 2020-10-13 11:18:11,613: ... selected machine [] for node of type [demo/demo_node.py]
[roslaunch][INFO] 2020-10-13 11:18:11,613: ... selected machine [] for node of type [rosbag/record]
[roslaunch.pmon][INFO] 2020-10-13 11:18:11,614: start_process_monitor: creating ProcessMonitor
[roslaunch.pmon][INFO] 2020-10-13 11:18:11,615: created process monitor <ProcessMonitor(ProcessMonitor-1, initial daemon)>
[roslaunch.pmon][INFO] 2020-10-13 11:18:11,615: start_process_monitor: ProcessMonitor started
[roslaunch.parent][INFO] 2020-10-13 11:18:11,615: starting parent XML-RPC server
[roslaunch.server][INFO] 2020-10-13 11:18:11,615: starting roslaunch XML-RPC server
[roslaunch.server][INFO] 2020-10-13 11:18:11,615: waiting for roslaunch XML-RPC server to initialize
[xmlrpc][INFO] 2020-10-13 11:18:11,616: XML-RPC server binding to 0.0.0.0:0
[xmlrpc][INFO] 2020-10-13 11:18:11,616: Started XML-RPC server [http://0885504c8f8f:42755/]
[xmlrpc][INFO] 2020-10-13 11:18:11,617: xml rpc node: starting XML-RPC server
[roslaunch][INFO] 2020-10-13 11:18:11,628: started roslaunch server http://0885504c8f8f:42755/
[roslaunch.parent][INFO] 2020-10-13 11:18:11,629: ... parent XML-RPC server started
[roslaunch][INFO] 2020-10-13 11:18:11,630: master.is_running[http://localhost:11311]
[roslaunch][INFO] 2020-10-13 11:18:11,630: auto-starting new master
[roslaunch][INFO] 2020-10-13 11:18:11,631: create_master_process: rosmaster, /opt/ros/melodic/share/ros, 11311, 3, None, False
[roslaunch][INFO] 2020-10-13 11:18:11,631: process[master]: launching with args [['rosmaster', '--core', '-p', '11311', '-w', '3']]
[roslaunch.pmon][INFO] 2020-10-13 11:18:11,631: ProcessMonitor.register[master]
[roslaunch.pmon][INFO] 2020-10-13 11:18:11,631: ProcessMonitor.register[master] complete
[roslaunch][INFO] 2020-10-13 11:18:11,631: process[master]: starting os process
[roslaunch][INFO] 2020-10-13 11:18:11,631: process[master]: start w/ args [['rosmaster', '--core', '-p', '11311', '-w', '3', '__log:=/home/appuser/.ros/log/c7698ad2-0d45-11eb-afb0-0242ac110003/master.log']]
[roslaunch][INFO] 2020-10-13 11:18:11,631: process[master]: cwd will be [/home/appuser/.ros]
[roslaunch][INFO] 2020-10-13 11:18:11,635: process[master]: started with pid [159]
[roslaunch][INFO] 2020-10-13 11:18:11,635: master.is_running[http://localhost:11311]
[roslaunch][INFO] 2020-10-13 11:18:11,736: master.is_running[http://localhost:11311]
[roslaunch][INFO] 2020-10-13 11:18:11,837: master.is_running[http://localhost:11311]
[roslaunch][INFO] 2020-10-13 11:18:11,938: master.is_running[http://localhost:11311]
[roslaunch][INFO] 2020-10-13 11:18:11,941: master.is_running[http://localhost:11311]
[roslaunch][INFO] 2020-10-13 11:18:11,943: ROS_MASTER_URI=http://localhost:11311
[roslaunch][INFO] 2020-10-13 11:18:11,945: setting /run_id to c7698ad2-0d45-11eb-afb0-0242ac110003
[roslaunch][INFO] 2020-10-13 11:18:11,946: setting /roslaunch/uris/host_0885504c8f8f__42755' to http://0885504c8f8f:42755/
[roslaunch][INFO] 2020-10-13 11:18:11,949: ... preparing to launch node of type [rosout/rosout]
[roslaunch][INFO] 2020-10-13 11:18:11,949: create_node_process: package[rosout] type[rosout] machine[Machine(name[] env_loader[None] address[localhost] ssh_port[22] user[None] assignable[True] timeout[10.0])] master_uri[http://localhost:11311]
[roslaunch][INFO] 2020-10-13 11:18:11,950: process[rosout-1]: env[{'DISPLAY': ':99', 'XAUTHORITY': '/tmp/appuser.xvfb.auth', 'LC_ALL': 'C.UTF-8', 'LD_LIBRARY_PATH': '/home/appuser/aido-auto/ros/catkin_ws/devel/lib:/opt/ros/melodic/lib', 'LANG': 'C.UTF-8', 'HOSTNAME': '0885504c8f8f', 'ROS_ETC_DIR': '/opt/ros/melodic/etc/ros', 'PUBLISHER_DROP_FOLDER': '/home/appuser/publisher-drop', 'PWD': '/home/appuser/aido-auto/gym-duckietown', 'HOME': '/home/appuser', 'CMAKE_PREFIX_PATH': '/home/appuser/aido-auto/ros/catkin_ws/devel:/opt/ros/melodic', 'ROS_ROOT': '/opt/ros/melodic/share/ros', 'ROS_MASTER_URI': 'http://localhost:11311', 'ROS_VERSION': '1', 'TERM': 'xterm', 'ROS_PYTHON_VERSION': '2', 'SHLVL': '4', 'PYTHONPATH': '/home/appuser/aido-auto/ros/catkin_ws/devel/lib/python2.7/dist-packages:/opt/ros/melodic/lib/python2.7/dist-packages', 'ROS_PACKAGE_PATH': '/home/appuser/aido-auto/ros/catkin_ws/src:/opt/ros/melodic/share', 'ROSLISP_PACKAGE_DIRECTORIES': '/home/appuser/aido-auto/ros/catkin_ws/devel/share/common-lisp', 'PATH': '/opt/ros/melodic/bin:/usr/local/sbin:/usr/local/bin:/usr/sbin:/usr/bin:/sbin:/bin', 'PKG_CONFIG_PATH': '/home/appuser/aido-auto/ros/catkin_ws/devel/lib/pkgconfig:/opt/ros/melodic/lib/pkgconfig', 'ROS_DISTRO': 'melodic', '_': '/usr/bin/timeout', 'QT_QPA_PLATFORM_PLUGIN_PATH': '/usr/local/lib/python3.6/dist-packages/cv2/qt/plugins', 'QT_QPA_FONTDIR': '/usr/local/lib/python3.6/dist-packages/cv2/qt/fonts', 'ROS_LOG_FILENAME': '/home/appuser/.ros/log/c7698ad2-0d45-11eb-afb0-0242ac110003/roslaunch-0885504c8f8f-144.log'}]
[roslaunch][INFO] 2020-10-13 11:18:11,974: process[rosout-1]: args[['/opt/ros/melodic/lib/rosout/rosout', '__name:=rosout']]
[roslaunch][INFO] 2020-10-13 11:18:11,974: ... created process [rosout-1]
[roslaunch.pmon][INFO] 2020-10-13 11:18:11,974: ProcessMonitor.register[rosout-1]
[roslaunch.pmon][INFO] 2020-10-13 11:18:11,975: ProcessMonitor.register[rosout-1] complete
[roslaunch][INFO] 2020-10-13 11:18:11,975: ... registered process [rosout-1]
[roslaunch][INFO] 2020-10-13 11:18:11,975: process[rosout-1]: starting os process
[roslaunch][INFO] 2020-10-13 11:18:11,975: process[rosout-1]: start w/ args [['/opt/ros/melodic/lib/rosout/rosout', '__name:=rosout', '__log:=/home/appuser/.ros/log/c7698ad2-0d45-11eb-afb0-0242ac110003/rosout-1.log']]
[roslaunch][INFO] 2020-10-13 11:18:11,975: process[rosout-1]: cwd will be [/home/appuser/.ros]
[roslaunch][INFO] 2020-10-13 11:18:11,978: process[rosout-1]: started with pid [170]
[roslaunch][INFO] 2020-10-13 11:18:11,979: ... successfully launched [rosout-1]
[roslaunch][INFO] 2020-10-13 11:18:11,979: load_parameters starting ...
[roslaunch][INFO] 2020-10-13 11:18:11,984: ... load_parameters complete
[roslaunch][INFO] 2020-10-13 11:18:11,984: launch_nodes: launching local nodes ...
[roslaunch][INFO] 2020-10-13 11:18:11,984: ... preparing to launch node of type [demo/demo_node.py]
[roslaunch][INFO] 2020-10-13 11:18:11,984: create_node_process: package[demo] type[demo_node.py] machine[Machine(name[] env_loader[None] address[localhost] ssh_port[22] user[None] assignable[True] timeout[10.0])] master_uri[http://localhost:11311]
[roslaunch][INFO] 2020-10-13 11:18:11,985: process[demo_node-2]: env[{'DISPLAY': ':99', 'XAUTHORITY': '/tmp/appuser.xvfb.auth', 'LC_ALL': 'C.UTF-8', 'LD_LIBRARY_PATH': '/home/appuser/aido-auto/ros/catkin_ws/devel/lib:/opt/ros/melodic/lib', 'LANG': 'C.UTF-8', 'HOSTNAME': '0885504c8f8f', 'ROS_ETC_DIR': '/opt/ros/melodic/etc/ros', 'PUBLISHER_DROP_FOLDER': '/home/appuser/publisher-drop', 'PWD': '/home/appuser/aido-auto/gym-duckietown', 'HOME': '/home/appuser', 'CMAKE_PREFIX_PATH': '/home/appuser/aido-auto/ros/catkin_ws/devel:/opt/ros/melodic', 'ROS_ROOT': '/opt/ros/melodic/share/ros', 'ROS_MASTER_URI': 'http://localhost:11311', 'ROS_VERSION': '1', 'TERM': 'xterm', 'ROS_PYTHON_VERSION': '2', 'SHLVL': '4', 'PYTHONPATH': '/home/appuser/aido-auto/ros/catkin_ws/devel/lib/python2.7/dist-packages:/opt/ros/melodic/lib/python2.7/dist-packages', 'ROS_PACKAGE_PATH': '/home/appuser/aido-auto/ros/catkin_ws/src:/opt/ros/melodic/share', 'ROSLISP_PACKAGE_DIRECTORIES': '/home/appuser/aido-auto/ros/catkin_ws/devel/share/common-lisp', 'PATH': '/opt/ros/melodic/bin:/usr/local/sbin:/usr/local/bin:/usr/sbin:/usr/bin:/sbin:/bin', 'PKG_CONFIG_PATH': '/home/appuser/aido-auto/ros/catkin_ws/devel/lib/pkgconfig:/opt/ros/melodic/lib/pkgconfig', 'ROS_DISTRO': 'melodic', '_': '/usr/bin/timeout', 'QT_QPA_PLATFORM_PLUGIN_PATH': '/usr/local/lib/python3.6/dist-packages/cv2/qt/plugins', 'QT_QPA_FONTDIR': '/usr/local/lib/python3.6/dist-packages/cv2/qt/fonts', 'ROS_LOG_FILENAME': '/home/appuser/.ros/log/c7698ad2-0d45-11eb-afb0-0242ac110003/roslaunch-0885504c8f8f-144.log'}]
[roslaunch][INFO] 2020-10-13 11:18:11,986: process[demo_node-2]: args[['/home/appuser/aido-auto/ros/catkin_ws/src/demo/scripts/demo_node.py', '__name:=demo_node']]
[roslaunch][INFO] 2020-10-13 11:18:11,986: ... created process [demo_node-2]
[roslaunch.pmon][INFO] 2020-10-13 11:18:11,986: ProcessMonitor.register[demo_node-2]
[roslaunch.pmon][INFO] 2020-10-13 11:18:11,986: ProcessMonitor.register[demo_node-2] complete
[roslaunch][INFO] 2020-10-13 11:18:11,986: ... registered process [demo_node-2]
[roslaunch][INFO] 2020-10-13 11:18:11,986: process[demo_node-2]: starting os process
[roslaunch][INFO] 2020-10-13 11:18:11,987: process[demo_node-2]: start w/ args [['/home/appuser/aido-auto/ros/catkin_ws/src/demo/scripts/demo_node.py', '__name:=demo_node', '__log:=/home/appuser/.ros/log/c7698ad2-0d45-11eb-afb0-0242ac110003/demo_node-2.log']]
[roslaunch][INFO] 2020-10-13 11:18:11,987: process[demo_node-2]: cwd will be [/home/appuser/.ros]
[roslaunch][ERROR] 2020-10-13 11:18:11,991: OSError(8, Exec format error)
[roslaunch.pmon][INFO] 2020-10-13 11:18:11,994: ProcessMonitor.shutdown <ProcessMonitor(ProcessMonitor-1, started daemon 139915203077888)>
[roslaunch.pmon][INFO] 2020-10-13 11:18:12,016: ProcessMonitor._post_run <ProcessMonitor(ProcessMonitor-1, started daemon 139915203077888)>
[roslaunch.pmon][INFO] 2020-10-13 11:18:12,017: ProcessMonitor._post_run <ProcessMonitor(ProcessMonitor-1, started daemon 139915203077888)>: remaining procs are [<roslaunch.nodeprocess.LocalProcess object at 0x7f4080caab70>, <roslaunch.nodeprocess.LocalProcess object at 0x7f4080caa908>, <roslaunch.nodeprocess.LocalProcess object at 0x7f4080ca29b0>]
[roslaunch.pmon][INFO] 2020-10-13 11:18:12,017: ProcessMonitor exit: killing demo_node-2
[roslaunch][INFO] 2020-10-13 11:18:12,018: [demo_node-2] killing on exit
[roslaunch.pmon][INFO] 2020-10-13 11:18:12,020: ProcessMonitor exit: killing rosout-1
[roslaunch][INFO] 2020-10-13 11:18:12,020: [rosout-1] killing on exit
[roslaunch][INFO] 2020-10-13 11:18:12,020: process[rosout-1]: killing os process with pid[170] pgid[170]
[roslaunch][INFO] 2020-10-13 11:18:12,020: [rosout-1] sending SIGINT to pgid [170]
[roslaunch][INFO] 2020-10-13 11:18:12,020: [rosout-1] sent SIGINT to pgid [170]
[roslaunch][INFO] 2020-10-13 11:18:12,221: process[rosout-1]: SIGINT killed with return value 0
[roslaunch.pmon][INFO] 2020-10-13 11:18:12,221: ProcessMonitor exit: killing master
[roslaunch][INFO] 2020-10-13 11:18:12,221: [master] killing on exit
[roslaunch][INFO] 2020-10-13 11:18:12,221: process[master]: killing os process with pid[159] pgid[159]
[roslaunch][INFO] 2020-10-13 11:18:12,221: [master] sending SIGINT to pgid [159]
[roslaunch][INFO] 2020-10-13 11:18:12,221: [master] sent SIGINT to pgid [159]
[roslaunch][INFO] 2020-10-13 11:18:12,422: process[master]: SIGINT killed with return value 0
[roslaunch.pmon][INFO] 2020-10-13 11:18:12,422: ProcessMonitor exit: cleaning up data structures and signals
[roslaunch.pmon][INFO] 2020-10-13 11:18:12,422: ProcessMonitor exit: pmon has shutdown
[rospy.core][INFO] 2020-10-13 11:18:12,422: signal_shutdown [atexit]
