[roslaunch.parent][INFO] 2020-06-30 14:30:19,021: starting roslaunch parent run
[roslaunch][INFO] 2020-06-30 14:30:19,022: loading roscore config file /opt/ros/melodic/etc/ros/roscore.xml
[roslaunch][INFO] 2020-06-30 14:30:19,220: Added core node of type [rosout/rosout] in namespace [/]
[roslaunch.config][INFO] 2020-06-30 14:30:19,220: loading config file /home/appuser/aido-auto/ros/catkin_ws/src/demo/launch/demo_node.launch
[roslaunch][INFO] 2020-06-30 14:30:19,221: Added node of type [demo/demo_node.py] in namespace [/]
[roslaunch][INFO] 2020-06-30 14:30:19,222: Added node of type [rosbag/record] in namespace [/]
[roslaunch][INFO] 2020-06-30 14:30:19,222: ... selected machine [] for node of type [demo/demo_node.py]
[roslaunch][INFO] 2020-06-30 14:30:19,222: ... selected machine [] for node of type [rosbag/record]
[roslaunch.pmon][INFO] 2020-06-30 14:30:19,223: start_process_monitor: creating ProcessMonitor
[roslaunch.pmon][INFO] 2020-06-30 14:30:19,223: created process monitor <ProcessMonitor(ProcessMonitor-1, initial daemon)>
[roslaunch.pmon][INFO] 2020-06-30 14:30:19,223: start_process_monitor: ProcessMonitor started
[roslaunch.parent][INFO] 2020-06-30 14:30:19,224: starting parent XML-RPC server
[roslaunch.server][INFO] 2020-06-30 14:30:19,224: starting roslaunch XML-RPC server
[roslaunch.server][INFO] 2020-06-30 14:30:19,224: waiting for roslaunch XML-RPC server to initialize
[xmlrpc][INFO] 2020-06-30 14:30:19,224: XML-RPC server binding to 0.0.0.0:0
[xmlrpc][INFO] 2020-06-30 14:30:19,224: Started XML-RPC server [http://2a8c51cf720e:37621/]
[xmlrpc][INFO] 2020-06-30 14:30:19,227: xml rpc node: starting XML-RPC server
[roslaunch][INFO] 2020-06-30 14:30:19,236: started roslaunch server http://2a8c51cf720e:37621/
[roslaunch.parent][INFO] 2020-06-30 14:30:19,236: ... parent XML-RPC server started
[roslaunch][INFO] 2020-06-30 14:30:19,236: master.is_running[http://localhost:11311]
[roslaunch][INFO] 2020-06-30 14:30:19,237: auto-starting new master
[roslaunch][INFO] 2020-06-30 14:30:19,237: create_master_process: rosmaster, /opt/ros/melodic/share/ros, 11311, 3, None, False
[roslaunch][INFO] 2020-06-30 14:30:19,237: process[master]: launching with args [['rosmaster', '--core', '-p', '11311', '-w', '3']]
[roslaunch.pmon][INFO] 2020-06-30 14:30:19,237: ProcessMonitor.register[master]
[roslaunch.pmon][INFO] 2020-06-30 14:30:19,237: ProcessMonitor.register[master] complete
[roslaunch][INFO] 2020-06-30 14:30:19,237: process[master]: starting os process
[roslaunch][INFO] 2020-06-30 14:30:19,237: process[master]: start w/ args [['rosmaster', '--core', '-p', '11311', '-w', '3', '__log:=/home/appuser/.ros/log/38fdfdb4-bade-11ea-8ae5-0242ac11000e/master.log']]
[roslaunch][INFO] 2020-06-30 14:30:19,237: process[master]: cwd will be [/home/appuser/.ros]
[roslaunch][INFO] 2020-06-30 14:30:19,244: process[master]: started with pid [155]
[roslaunch][INFO] 2020-06-30 14:30:19,245: master.is_running[http://localhost:11311]
[roslaunch][INFO] 2020-06-30 14:30:19,349: master.is_running[http://localhost:11311]
[roslaunch][INFO] 2020-06-30 14:30:19,451: master.is_running[http://localhost:11311]
[roslaunch][INFO] 2020-06-30 14:30:19,553: master.is_running[http://localhost:11311]
[roslaunch][INFO] 2020-06-30 14:30:19,653: master.is_running[http://localhost:11311]
[roslaunch][INFO] 2020-06-30 14:30:19,656: master.is_running[http://localhost:11311]
[roslaunch][INFO] 2020-06-30 14:30:19,657: ROS_MASTER_URI=http://localhost:11311
[roslaunch][INFO] 2020-06-30 14:30:19,658: setting /run_id to 38fdfdb4-bade-11ea-8ae5-0242ac11000e
[roslaunch][INFO] 2020-06-30 14:30:19,659: setting /roslaunch/uris/host_2a8c51cf720e__37621' to http://2a8c51cf720e:37621/
[roslaunch][INFO] 2020-06-30 14:30:19,662: ... preparing to launch node of type [rosout/rosout]
[roslaunch][INFO] 2020-06-30 14:30:19,662: create_node_process: package[rosout] type[rosout] machine[Machine(name[] env_loader[None] address[localhost] ssh_port[22] user[None] assignable[True] timeout[10.0])] master_uri[http://localhost:11311]
[roslaunch][INFO] 2020-06-30 14:30:19,662: process[rosout-1]: env[{'DISPLAY': ':99', 'XAUTHORITY': '/tmp/appuser.xvfb.auth', 'LC_ALL': 'C.UTF-8', 'LD_LIBRARY_PATH': '/home/appuser/aido-auto/ros/catkin_ws/devel/lib:/opt/ros/melodic/lib', 'LANG': 'C.UTF-8', 'HOSTNAME': '2a8c51cf720e', 'ROS_ETC_DIR': '/opt/ros/melodic/etc/ros', 'PUBLISHER_DROP_FOLDER': '/home/appuser/publisher-drop', 'PWD': '/home/appuser/aido-auto/gym-duckietown', 'HOME': '/home/appuser', 'CMAKE_PREFIX_PATH': '/home/appuser/aido-auto/ros/catkin_ws/devel:/opt/ros/melodic', 'ROS_ROOT': '/opt/ros/melodic/share/ros', 'ROS_MASTER_URI': 'http://localhost:11311', 'ROS_VERSION': '1', 'TERM': 'xterm', 'ROS_PYTHON_VERSION': '2', 'SHLVL': '4', 'PYTHONPATH': '/home/appuser/aido-auto/ros/catkin_ws/devel/lib/python2.7/dist-packages:/opt/ros/melodic/lib/python2.7/dist-packages', 'ROS_PACKAGE_PATH': '/home/appuser/aido-auto/ros/catkin_ws/src:/opt/ros/melodic/share', 'ROSLISP_PACKAGE_DIRECTORIES': '/home/appuser/aido-auto/ros/catkin_ws/devel/share/common-lisp', 'PATH': '/opt/ros/melodic/bin:/usr/local/sbin:/usr/local/bin:/usr/sbin:/usr/bin:/sbin:/bin', 'PKG_CONFIG_PATH': '/home/appuser/aido-auto/ros/catkin_ws/devel/lib/pkgconfig:/opt/ros/melodic/lib/pkgconfig', 'ROS_DISTRO': 'melodic', '_': '/usr/bin/timeout', 'ROS_LOG_FILENAME': '/home/appuser/.ros/log/38fdfdb4-bade-11ea-8ae5-0242ac11000e/roslaunch-2a8c51cf720e-140.log'}]
[roslaunch][INFO] 2020-06-30 14:30:19,691: process[rosout-1]: args[['/opt/ros/melodic/lib/rosout/rosout', '__name:=rosout']]
[roslaunch][INFO] 2020-06-30 14:30:19,691: ... created process [rosout-1]
[roslaunch.pmon][INFO] 2020-06-30 14:30:19,691: ProcessMonitor.register[rosout-1]
[roslaunch.pmon][INFO] 2020-06-30 14:30:19,691: ProcessMonitor.register[rosout-1] complete
[roslaunch][INFO] 2020-06-30 14:30:19,691: ... registered process [rosout-1]
[roslaunch][INFO] 2020-06-30 14:30:19,691: process[rosout-1]: starting os process
[roslaunch][INFO] 2020-06-30 14:30:19,691: process[rosout-1]: start w/ args [['/opt/ros/melodic/lib/rosout/rosout', '__name:=rosout', '__log:=/home/appuser/.ros/log/38fdfdb4-bade-11ea-8ae5-0242ac11000e/rosout-1.log']]
[roslaunch][INFO] 2020-06-30 14:30:19,691: process[rosout-1]: cwd will be [/home/appuser/.ros]
[roslaunch][INFO] 2020-06-30 14:30:19,696: process[rosout-1]: started with pid [166]
[roslaunch][INFO] 2020-06-30 14:30:19,696: ... successfully launched [rosout-1]
[roslaunch][INFO] 2020-06-30 14:30:19,697: load_parameters starting ...
[roslaunch][INFO] 2020-06-30 14:30:19,713: ... load_parameters complete
[roslaunch][INFO] 2020-06-30 14:30:19,714: launch_nodes: launching local nodes ...
[roslaunch][INFO] 2020-06-30 14:30:19,715: ... preparing to launch node of type [demo/demo_node.py]
[roslaunch][INFO] 2020-06-30 14:30:19,715: create_node_process: package[demo] type[demo_node.py] machine[Machine(name[] env_loader[None] address[localhost] ssh_port[22] user[None] assignable[True] timeout[10.0])] master_uri[http://localhost:11311]
[roslaunch][INFO] 2020-06-30 14:30:19,715: process[demo_node-2]: env[{'DISPLAY': ':99', 'XAUTHORITY': '/tmp/appuser.xvfb.auth', 'LC_ALL': 'C.UTF-8', 'LD_LIBRARY_PATH': '/home/appuser/aido-auto/ros/catkin_ws/devel/lib:/opt/ros/melodic/lib', 'LANG': 'C.UTF-8', 'HOSTNAME': '2a8c51cf720e', 'ROS_ETC_DIR': '/opt/ros/melodic/etc/ros', 'PUBLISHER_DROP_FOLDER': '/home/appuser/publisher-drop', 'PWD': '/home/appuser/aido-auto/gym-duckietown', 'HOME': '/home/appuser', 'CMAKE_PREFIX_PATH': '/home/appuser/aido-auto/ros/catkin_ws/devel:/opt/ros/melodic', 'ROS_ROOT': '/opt/ros/melodic/share/ros', 'ROS_MASTER_URI': 'http://localhost:11311', 'ROS_VERSION': '1', 'TERM': 'xterm', 'ROS_PYTHON_VERSION': '2', 'SHLVL': '4', 'PYTHONPATH': '/home/appuser/aido-auto/ros/catkin_ws/devel/lib/python2.7/dist-packages:/opt/ros/melodic/lib/python2.7/dist-packages', 'ROS_PACKAGE_PATH': '/home/appuser/aido-auto/ros/catkin_ws/src:/opt/ros/melodic/share', 'ROSLISP_PACKAGE_DIRECTORIES': '/home/appuser/aido-auto/ros/catkin_ws/devel/share/common-lisp', 'PATH': '/opt/ros/melodic/bin:/usr/local/sbin:/usr/local/bin:/usr/sbin:/usr/bin:/sbin:/bin', 'PKG_CONFIG_PATH': '/home/appuser/aido-auto/ros/catkin_ws/devel/lib/pkgconfig:/opt/ros/melodic/lib/pkgconfig', 'ROS_DISTRO': 'melodic', '_': '/usr/bin/timeout', 'ROS_LOG_FILENAME': '/home/appuser/.ros/log/38fdfdb4-bade-11ea-8ae5-0242ac11000e/roslaunch-2a8c51cf720e-140.log'}]
[roslaunch][INFO] 2020-06-30 14:30:19,717: process[demo_node-2]: args[['/home/appuser/aido-auto/ros/catkin_ws/src/demo/scripts/demo_node.py', '__name:=demo_node']]
[roslaunch][INFO] 2020-06-30 14:30:19,717: ... created process [demo_node-2]
[roslaunch.pmon][INFO] 2020-06-30 14:30:19,717: ProcessMonitor.register[demo_node-2]
[roslaunch.pmon][INFO] 2020-06-30 14:30:19,717: ProcessMonitor.register[demo_node-2] complete
[roslaunch][INFO] 2020-06-30 14:30:19,717: ... registered process [demo_node-2]
[roslaunch][INFO] 2020-06-30 14:30:19,717: process[demo_node-2]: starting os process
[roslaunch][INFO] 2020-06-30 14:30:19,718: process[demo_node-2]: start w/ args [['/home/appuser/aido-auto/ros/catkin_ws/src/demo/scripts/demo_node.py', '__name:=demo_node', '__log:=/home/appuser/.ros/log/38fdfdb4-bade-11ea-8ae5-0242ac11000e/demo_node-2.log']]
[roslaunch][INFO] 2020-06-30 14:30:19,718: process[demo_node-2]: cwd will be [/home/appuser/.ros]
[roslaunch][INFO] 2020-06-30 14:30:19,725: process[demo_node-2]: started with pid [170]
[roslaunch][INFO] 2020-06-30 14:30:19,725: ... successfully launched [demo_node-2]
[roslaunch][INFO] 2020-06-30 14:30:19,725: ... preparing to launch node of type [rosbag/record]
[roslaunch][INFO] 2020-06-30 14:30:19,726: create_node_process: package[rosbag] type[record] machine[Machine(name[] env_loader[None] address[localhost] ssh_port[22] user[None] assignable[True] timeout[10.0])] master_uri[http://localhost:11311]
[roslaunch][INFO] 2020-06-30 14:30:19,726: process[record-3]: env[{'DISPLAY': ':99', 'XAUTHORITY': '/tmp/appuser.xvfb.auth', 'LC_ALL': 'C.UTF-8', 'LD_LIBRARY_PATH': '/home/appuser/aido-auto/ros/catkin_ws/devel/lib:/opt/ros/melodic/lib', 'LANG': 'C.UTF-8', 'HOSTNAME': '2a8c51cf720e', 'ROS_ETC_DIR': '/opt/ros/melodic/etc/ros', 'PUBLISHER_DROP_FOLDER': '/home/appuser/publisher-drop', 'PWD': '/home/appuser/aido-auto/gym-duckietown', 'HOME': '/home/appuser', 'CMAKE_PREFIX_PATH': '/home/appuser/aido-auto/ros/catkin_ws/devel:/opt/ros/melodic', 'ROS_ROOT': '/opt/ros/melodic/share/ros', 'ROS_MASTER_URI': 'http://localhost:11311', 'ROS_VERSION': '1', 'TERM': 'xterm', 'ROS_PYTHON_VERSION': '2', 'SHLVL': '4', 'PYTHONPATH': '/home/appuser/aido-auto/ros/catkin_ws/devel/lib/python2.7/dist-packages:/opt/ros/melodic/lib/python2.7/dist-packages', 'ROS_PACKAGE_PATH': '/home/appuser/aido-auto/ros/catkin_ws/src:/opt/ros/melodic/share', 'ROSLISP_PACKAGE_DIRECTORIES': '/home/appuser/aido-auto/ros/catkin_ws/devel/share/common-lisp', 'PATH': '/opt/ros/melodic/bin:/usr/local/sbin:/usr/local/bin:/usr/sbin:/usr/bin:/sbin:/bin', 'PKG_CONFIG_PATH': '/home/appuser/aido-auto/ros/catkin_ws/devel/lib/pkgconfig:/opt/ros/melodic/lib/pkgconfig', 'ROS_DISTRO': 'melodic', '_': '/usr/bin/timeout', 'ROS_LOG_FILENAME': '/home/appuser/.ros/log/38fdfdb4-bade-11ea-8ae5-0242ac11000e/roslaunch-2a8c51cf720e-140.log'}]
[roslaunch][INFO] 2020-06-30 14:30:19,728: process[record-3]: args[['/opt/ros/melodic/lib/rosbag/record', '-a', '__name:=record']]
[roslaunch][INFO] 2020-06-30 14:30:19,728: ... created process [record-3]
[roslaunch.pmon][INFO] 2020-06-30 14:30:19,728: ProcessMonitor.register[record-3]
[roslaunch.pmon][INFO] 2020-06-30 14:30:19,728: ProcessMonitor.register[record-3] complete
[roslaunch][INFO] 2020-06-30 14:30:19,729: ... registered process [record-3]
[roslaunch][INFO] 2020-06-30 14:30:19,729: process[record-3]: starting os process
[roslaunch][INFO] 2020-06-30 14:30:19,729: process[record-3]: start w/ args [['/opt/ros/melodic/lib/rosbag/record', '-a', '__name:=record', '__log:=/home/appuser/.ros/log/38fdfdb4-bade-11ea-8ae5-0242ac11000e/record-3.log']]
[roslaunch][INFO] 2020-06-30 14:30:19,729: process[record-3]: cwd will be [/home/appuser/.ros]
[roslaunch][INFO] 2020-06-30 14:30:19,741: process[record-3]: started with pid [174]
[roslaunch][INFO] 2020-06-30 14:30:19,741: ... successfully launched [record-3]
[roslaunch][INFO] 2020-06-30 14:30:19,741: ... launch_nodes complete
[roslaunch.pmon][INFO] 2020-06-30 14:30:19,742: registrations completed <ProcessMonitor(ProcessMonitor-1, started daemon 140257375762176)>
[roslaunch.parent][INFO] 2020-06-30 14:30:19,742: ... roslaunch parent running, waiting for process exit
