[roslaunch.parent][INFO] 2020-10-13 11:19:58,337: starting roslaunch parent run
[roslaunch][INFO] 2020-10-13 11:19:58,337: loading roscore config file /opt/ros/melodic/etc/ros/roscore.xml
[roslaunch][INFO] 2020-10-13 11:19:58,481: Added core node of type [rosout/rosout] in namespace [/]
[roslaunch.config][INFO] 2020-10-13 11:19:58,481: loading config file /home/appuser/aido-auto/ros/catkin_ws/src/demo/launch/demo_node.launch
[roslaunch][INFO] 2020-10-13 11:19:58,482: Added node of type [demo/demo_node.py] in namespace [/]
[roslaunch][INFO] 2020-10-13 11:19:58,482: Added node of type [rosbag/record] in namespace [/]
[roslaunch][INFO] 2020-10-13 11:19:58,482: ... selected machine [] for node of type [demo/demo_node.py]
[roslaunch][INFO] 2020-10-13 11:19:58,482: ... selected machine [] for node of type [rosbag/record]
[roslaunch.pmon][INFO] 2020-10-13 11:19:58,483: start_process_monitor: creating ProcessMonitor
[roslaunch.pmon][INFO] 2020-10-13 11:19:58,483: created process monitor <ProcessMonitor(ProcessMonitor-1, initial daemon)>
[roslaunch.pmon][INFO] 2020-10-13 11:19:58,483: start_process_monitor: ProcessMonitor started
[roslaunch.parent][INFO] 2020-10-13 11:19:58,484: starting parent XML-RPC server
[roslaunch.server][INFO] 2020-10-13 11:19:58,484: starting roslaunch XML-RPC server
[roslaunch.server][INFO] 2020-10-13 11:19:58,484: waiting for roslaunch XML-RPC server to initialize
[xmlrpc][INFO] 2020-10-13 11:19:58,484: XML-RPC server binding to 0.0.0.0:0
[xmlrpc][INFO] 2020-10-13 11:19:58,484: Started XML-RPC server [http://f6adeb32f925:45233/]
[xmlrpc][INFO] 2020-10-13 11:19:58,485: xml rpc node: starting XML-RPC server
[roslaunch][INFO] 2020-10-13 11:19:58,496: started roslaunch server http://f6adeb32f925:45233/
[roslaunch.parent][INFO] 2020-10-13 11:19:58,497: ... parent XML-RPC server started
[roslaunch][INFO] 2020-10-13 11:19:58,497: master.is_running[http://localhost:11311]
[roslaunch][INFO] 2020-10-13 11:19:58,498: auto-starting new master
[roslaunch][INFO] 2020-10-13 11:19:58,498: create_master_process: rosmaster, /opt/ros/melodic/share/ros, 11311, 3, None, False
[roslaunch][INFO] 2020-10-13 11:19:58,498: process[master]: launching with args [['rosmaster', '--core', '-p', '11311', '-w', '3']]
[roslaunch.pmon][INFO] 2020-10-13 11:19:58,498: ProcessMonitor.register[master]
[roslaunch.pmon][INFO] 2020-10-13 11:19:58,498: ProcessMonitor.register[master] complete
[roslaunch][INFO] 2020-10-13 11:19:58,498: process[master]: starting os process
[roslaunch][INFO] 2020-10-13 11:19:58,499: process[master]: start w/ args [['rosmaster', '--core', '-p', '11311', '-w', '3', '__log:=/home/appuser/.ros/log/071cf268-0d46-11eb-a03a-0242ac110003/master.log']]
[roslaunch][INFO] 2020-10-13 11:19:58,499: process[master]: cwd will be [/home/appuser/.ros]
[roslaunch][INFO] 2020-10-13 11:19:58,502: process[master]: started with pid [161]
[roslaunch][INFO] 2020-10-13 11:19:58,502: master.is_running[http://localhost:11311]
[roslaunch][INFO] 2020-10-13 11:19:58,603: master.is_running[http://localhost:11311]
[roslaunch][INFO] 2020-10-13 11:19:58,704: master.is_running[http://localhost:11311]
[roslaunch][INFO] 2020-10-13 11:19:58,805: master.is_running[http://localhost:11311]
[roslaunch][INFO] 2020-10-13 11:19:58,808: master.is_running[http://localhost:11311]
[roslaunch][INFO] 2020-10-13 11:19:58,809: ROS_MASTER_URI=http://localhost:11311
[roslaunch][INFO] 2020-10-13 11:19:58,811: setting /run_id to 071cf268-0d46-11eb-a03a-0242ac110003
[roslaunch][INFO] 2020-10-13 11:19:58,812: setting /roslaunch/uris/host_f6adeb32f925__45233' to http://f6adeb32f925:45233/
[roslaunch][INFO] 2020-10-13 11:19:58,815: ... preparing to launch node of type [rosout/rosout]
[roslaunch][INFO] 2020-10-13 11:19:58,816: create_node_process: package[rosout] type[rosout] machine[Machine(name[] env_loader[None] address[localhost] ssh_port[22] user[None] assignable[True] timeout[10.0])] master_uri[http://localhost:11311]
[roslaunch][INFO] 2020-10-13 11:19:58,816: process[rosout-1]: env[{'DISPLAY': ':99', 'XAUTHORITY': '/tmp/appuser.xvfb.auth', 'LC_ALL': 'C.UTF-8', 'LD_LIBRARY_PATH': '/home/appuser/aido-auto/ros/catkin_ws/devel/lib:/opt/ros/melodic/lib', 'LANG': 'C.UTF-8', 'HOSTNAME': 'f6adeb32f925', 'ROS_ETC_DIR': '/opt/ros/melodic/etc/ros', 'PUBLISHER_DROP_FOLDER': '/home/appuser/publisher-drop', 'PWD': '/home/appuser/aido-auto/gym-duckietown', 'HOME': '/home/appuser', 'CMAKE_PREFIX_PATH': '/home/appuser/aido-auto/ros/catkin_ws/devel:/opt/ros/melodic', 'ROS_ROOT': '/opt/ros/melodic/share/ros', 'ROS_MASTER_URI': 'http://localhost:11311', 'ROS_VERSION': '1', 'TERM': 'xterm', 'ROS_PYTHON_VERSION': '2', 'SHLVL': '4', 'PYTHONPATH': '/home/appuser/aido-auto/ros/catkin_ws/devel/lib/python2.7/dist-packages:/opt/ros/melodic/lib/python2.7/dist-packages', 'ROS_PACKAGE_PATH': '/home/appuser/aido-auto/ros/catkin_ws/src:/opt/ros/melodic/share', 'ROSLISP_PACKAGE_DIRECTORIES': '/home/appuser/aido-auto/ros/catkin_ws/devel/share/common-lisp', 'PATH': '/opt/ros/melodic/bin:/usr/local/sbin:/usr/local/bin:/usr/sbin:/usr/bin:/sbin:/bin', 'PKG_CONFIG_PATH': '/home/appuser/aido-auto/ros/catkin_ws/devel/lib/pkgconfig:/opt/ros/melodic/lib/pkgconfig', 'ROS_DISTRO': 'melodic', '_': '/usr/bin/timeout', 'QT_QPA_PLATFORM_PLUGIN_PATH': '/usr/local/lib/python3.6/dist-packages/cv2/qt/plugins', 'QT_QPA_FONTDIR': '/usr/local/lib/python3.6/dist-packages/cv2/qt/fonts', 'ROS_LOG_FILENAME': '/home/appuser/.ros/log/071cf268-0d46-11eb-a03a-0242ac110003/roslaunch-f6adeb32f925-146.log'}]
[roslaunch][INFO] 2020-10-13 11:19:58,838: process[rosout-1]: args[['/opt/ros/melodic/lib/rosout/rosout', '__name:=rosout']]
[roslaunch][INFO] 2020-10-13 11:19:58,839: ... created process [rosout-1]
[roslaunch.pmon][INFO] 2020-10-13 11:19:58,839: ProcessMonitor.register[rosout-1]
[roslaunch.pmon][INFO] 2020-10-13 11:19:58,839: ProcessMonitor.register[rosout-1] complete
[roslaunch][INFO] 2020-10-13 11:19:58,839: ... registered process [rosout-1]
[roslaunch][INFO] 2020-10-13 11:19:58,839: process[rosout-1]: starting os process
[roslaunch][INFO] 2020-10-13 11:19:58,839: process[rosout-1]: start w/ args [['/opt/ros/melodic/lib/rosout/rosout', '__name:=rosout', '__log:=/home/appuser/.ros/log/071cf268-0d46-11eb-a03a-0242ac110003/rosout-1.log']]
[roslaunch][INFO] 2020-10-13 11:19:58,839: process[rosout-1]: cwd will be [/home/appuser/.ros]
[roslaunch][INFO] 2020-10-13 11:19:58,842: process[rosout-1]: started with pid [172]
[roslaunch][INFO] 2020-10-13 11:19:58,842: ... successfully launched [rosout-1]
[roslaunch][INFO] 2020-10-13 11:19:58,843: load_parameters starting ...
[roslaunch][INFO] 2020-10-13 11:19:58,847: ... load_parameters complete
[roslaunch][INFO] 2020-10-13 11:19:58,847: launch_nodes: launching local nodes ...
[roslaunch][INFO] 2020-10-13 11:19:58,847: ... preparing to launch node of type [demo/demo_node.py]
[roslaunch][INFO] 2020-10-13 11:19:58,847: create_node_process: package[demo] type[demo_node.py] machine[Machine(name[] env_loader[None] address[localhost] ssh_port[22] user[None] assignable[True] timeout[10.0])] master_uri[http://localhost:11311]
[roslaunch][INFO] 2020-10-13 11:19:58,848: process[demo_node-2]: env[{'DISPLAY': ':99', 'XAUTHORITY': '/tmp/appuser.xvfb.auth', 'LC_ALL': 'C.UTF-8', 'LD_LIBRARY_PATH': '/home/appuser/aido-auto/ros/catkin_ws/devel/lib:/opt/ros/melodic/lib', 'LANG': 'C.UTF-8', 'HOSTNAME': 'f6adeb32f925', 'ROS_ETC_DIR': '/opt/ros/melodic/etc/ros', 'PUBLISHER_DROP_FOLDER': '/home/appuser/publisher-drop', 'PWD': '/home/appuser/aido-auto/gym-duckietown', 'HOME': '/home/appuser', 'CMAKE_PREFIX_PATH': '/home/appuser/aido-auto/ros/catkin_ws/devel:/opt/ros/melodic', 'ROS_ROOT': '/opt/ros/melodic/share/ros', 'ROS_MASTER_URI': 'http://localhost:11311', 'ROS_VERSION': '1', 'TERM': 'xterm', 'ROS_PYTHON_VERSION': '2', 'SHLVL': '4', 'PYTHONPATH': '/home/appuser/aido-auto/ros/catkin_ws/devel/lib/python2.7/dist-packages:/opt/ros/melodic/lib/python2.7/dist-packages', 'ROS_PACKAGE_PATH': '/home/appuser/aido-auto/ros/catkin_ws/src:/opt/ros/melodic/share', 'ROSLISP_PACKAGE_DIRECTORIES': '/home/appuser/aido-auto/ros/catkin_ws/devel/share/common-lisp', 'PATH': '/opt/ros/melodic/bin:/usr/local/sbin:/usr/local/bin:/usr/sbin:/usr/bin:/sbin:/bin', 'PKG_CONFIG_PATH': '/home/appuser/aido-auto/ros/catkin_ws/devel/lib/pkgconfig:/opt/ros/melodic/lib/pkgconfig', 'ROS_DISTRO': 'melodic', '_': '/usr/bin/timeout', 'QT_QPA_PLATFORM_PLUGIN_PATH': '/usr/local/lib/python3.6/dist-packages/cv2/qt/plugins', 'QT_QPA_FONTDIR': '/usr/local/lib/python3.6/dist-packages/cv2/qt/fonts', 'ROS_LOG_FILENAME': '/home/appuser/.ros/log/071cf268-0d46-11eb-a03a-0242ac110003/roslaunch-f6adeb32f925-146.log'}]
[roslaunch][INFO] 2020-10-13 11:19:58,849: process[demo_node-2]: args[['/home/appuser/aido-auto/ros/catkin_ws/src/demo/scripts/demo_node.py', '__name:=demo_node']]
[roslaunch][INFO] 2020-10-13 11:19:58,849: ... created process [demo_node-2]
[roslaunch.pmon][INFO] 2020-10-13 11:19:58,849: ProcessMonitor.register[demo_node-2]
[roslaunch.pmon][INFO] 2020-10-13 11:19:58,849: ProcessMonitor.register[demo_node-2] complete
[roslaunch][INFO] 2020-10-13 11:19:58,849: ... registered process [demo_node-2]
[roslaunch][INFO] 2020-10-13 11:19:58,849: process[demo_node-2]: starting os process
[roslaunch][INFO] 2020-10-13 11:19:58,849: process[demo_node-2]: start w/ args [['/home/appuser/aido-auto/ros/catkin_ws/src/demo/scripts/demo_node.py', '__name:=demo_node', '__log:=/home/appuser/.ros/log/071cf268-0d46-11eb-a03a-0242ac110003/demo_node-2.log']]
[roslaunch][INFO] 2020-10-13 11:19:58,849: process[demo_node-2]: cwd will be [/home/appuser/.ros]
[roslaunch][ERROR] 2020-10-13 11:19:58,853: OSError(8, Exec format error)
[roslaunch.pmon][INFO] 2020-10-13 11:19:58,856: ProcessMonitor.shutdown <ProcessMonitor(ProcessMonitor-1, started daemon 140151266514688)>
[roslaunch.pmon][INFO] 2020-10-13 11:19:58,885: ProcessMonitor._post_run <ProcessMonitor(ProcessMonitor-1, started daemon 140151266514688)>
[roslaunch.pmon][INFO] 2020-10-13 11:19:58,885: ProcessMonitor._post_run <ProcessMonitor(ProcessMonitor-1, started daemon 140151266514688)>: remaining procs are [<roslaunch.nodeprocess.LocalProcess object at 0x7f777735e908>, <roslaunch.nodeprocess.LocalProcess object at 0x7f7777438ba8>, <roslaunch.nodeprocess.LocalProcess object at 0x7f77773859b0>]
[roslaunch.pmon][INFO] 2020-10-13 11:19:58,886: ProcessMonitor exit: killing demo_node-2
[roslaunch][INFO] 2020-10-13 11:19:58,886: [demo_node-2] killing on exit
[roslaunch.pmon][INFO] 2020-10-13 11:19:58,888: ProcessMonitor exit: killing rosout-1
[roslaunch][INFO] 2020-10-13 11:19:58,888: [rosout-1] killing on exit
[roslaunch][INFO] 2020-10-13 11:19:58,888: process[rosout-1]: killing os process with pid[172] pgid[172]
[roslaunch][INFO] 2020-10-13 11:19:58,888: [rosout-1] sending SIGINT to pgid [172]
[roslaunch][INFO] 2020-10-13 11:19:58,889: [rosout-1] sent SIGINT to pgid [172]
[roslaunch][INFO] 2020-10-13 11:19:59,089: process[rosout-1]: SIGINT killed with return value 0
[roslaunch.pmon][INFO] 2020-10-13 11:19:59,089: ProcessMonitor exit: killing master
[roslaunch][INFO] 2020-10-13 11:19:59,089: [master] killing on exit
[roslaunch][INFO] 2020-10-13 11:19:59,089: process[master]: killing os process with pid[161] pgid[161]
[roslaunch][INFO] 2020-10-13 11:19:59,089: [master] sending SIGINT to pgid [161]
[roslaunch][INFO] 2020-10-13 11:19:59,090: [master] sent SIGINT to pgid [161]
[roslaunch][INFO] 2020-10-13 11:19:59,290: process[master]: SIGINT killed with return value 0
[roslaunch.pmon][INFO] 2020-10-13 11:19:59,290: ProcessMonitor exit: cleaning up data structures and signals
[roslaunch.pmon][INFO] 2020-10-13 11:19:59,290: ProcessMonitor exit: pmon has shutdown
[rospy.core][INFO] 2020-10-13 11:19:59,291: signal_shutdown [atexit]
