[roslaunch.parent][INFO] 2020-05-27 00:18:56,810: starting roslaunch parent run
[roslaunch][INFO] 2020-05-27 00:18:56,811: loading roscore config file /opt/ros/melodic/etc/ros/roscore.xml
[roslaunch][INFO] 2020-05-27 00:18:57,030: Added core node of type [rosout/rosout] in namespace [/]
[roslaunch.config][INFO] 2020-05-27 00:18:57,030: loading config file /home/appuser/aido-auto/ros/catkin_ws/src/demo/launch/demo_node.launch
[roslaunch][INFO] 2020-05-27 00:18:57,031: Added node of type [demo/demo_node.py] in namespace [/]
[roslaunch][INFO] 2020-05-27 00:18:57,031: Added node of type [rosbag/record] in namespace [/]
[roslaunch][INFO] 2020-05-27 00:18:57,031: ... selected machine [] for node of type [demo/demo_node.py]
[roslaunch][INFO] 2020-05-27 00:18:57,031: ... selected machine [] for node of type [rosbag/record]
[roslaunch.pmon][INFO] 2020-05-27 00:18:57,049: start_process_monitor: creating ProcessMonitor
[roslaunch.pmon][INFO] 2020-05-27 00:18:57,050: created process monitor <ProcessMonitor(ProcessMonitor-1, initial daemon)>
[roslaunch.pmon][INFO] 2020-05-27 00:18:57,050: start_process_monitor: ProcessMonitor started
[roslaunch.parent][INFO] 2020-05-27 00:18:57,051: starting parent XML-RPC server
[roslaunch.server][INFO] 2020-05-27 00:18:57,051: starting roslaunch XML-RPC server
[roslaunch.server][INFO] 2020-05-27 00:18:57,051: waiting for roslaunch XML-RPC server to initialize
[xmlrpc][INFO] 2020-05-27 00:18:57,051: XML-RPC server binding to 0.0.0.0:0
[xmlrpc][INFO] 2020-05-27 00:18:57,052: Started XML-RPC server [http://254e020b5cd7:40277/]
[xmlrpc][INFO] 2020-05-27 00:18:57,053: xml rpc node: starting XML-RPC server
[roslaunch][INFO] 2020-05-27 00:18:57,065: started roslaunch server http://254e020b5cd7:40277/
[roslaunch.parent][INFO] 2020-05-27 00:18:57,065: ... parent XML-RPC server started
[roslaunch][INFO] 2020-05-27 00:18:57,066: master.is_running[http://localhost:11311]
[roslaunch][INFO] 2020-05-27 00:18:57,068: auto-starting new master
[roslaunch][INFO] 2020-05-27 00:18:57,068: create_master_process: rosmaster, /opt/ros/melodic/share/ros, 11311, 3, None, False
[roslaunch][INFO] 2020-05-27 00:18:57,068: process[master]: launching with args [['rosmaster', '--core', '-p', '11311', '-w', '3']]
[roslaunch.pmon][INFO] 2020-05-27 00:18:57,068: ProcessMonitor.register[master]
[roslaunch.pmon][INFO] 2020-05-27 00:18:57,069: ProcessMonitor.register[master] complete
[roslaunch][INFO] 2020-05-27 00:18:57,069: process[master]: starting os process
[roslaunch][INFO] 2020-05-27 00:18:57,069: process[master]: start w/ args [['rosmaster', '--core', '-p', '11311', '-w', '3', '__log:=/home/appuser/.ros/log/a77dc16a-9faf-11ea-97fc-0242ac110007/master.log']]
[roslaunch][INFO] 2020-05-27 00:18:57,069: process[master]: cwd will be [/home/appuser/.ros]
[roslaunch][INFO] 2020-05-27 00:18:57,077: process[master]: started with pid [149]
[roslaunch][INFO] 2020-05-27 00:18:57,077: master.is_running[http://localhost:11311]
[roslaunch][INFO] 2020-05-27 00:18:57,178: master.is_running[http://localhost:11311]
[roslaunch][INFO] 2020-05-27 00:18:57,279: master.is_running[http://localhost:11311]
[roslaunch][INFO] 2020-05-27 00:18:57,380: master.is_running[http://localhost:11311]
[roslaunch][INFO] 2020-05-27 00:18:57,482: master.is_running[http://localhost:11311]
[roslaunch][INFO] 2020-05-27 00:18:57,583: master.is_running[http://localhost:11311]
[roslaunch][INFO] 2020-05-27 00:18:57,684: master.is_running[http://localhost:11311]
[roslaunch][INFO] 2020-05-27 00:18:57,785: master.is_running[http://localhost:11311]
[roslaunch][INFO] 2020-05-27 00:18:57,886: master.is_running[http://localhost:11311]
[roslaunch][INFO] 2020-05-27 00:18:57,987: master.is_running[http://localhost:11311]
[roslaunch][INFO] 2020-05-27 00:18:58,089: master.is_running[http://localhost:11311]
[roslaunch][INFO] 2020-05-27 00:18:58,190: master.is_running[http://localhost:11311]
[roslaunch][INFO] 2020-05-27 00:18:58,194: master.is_running[http://localhost:11311]
[roslaunch][INFO] 2020-05-27 00:18:58,196: ROS_MASTER_URI=http://localhost:11311
[roslaunch][INFO] 2020-05-27 00:18:58,199: setting /run_id to a77dc16a-9faf-11ea-97fc-0242ac110007
[roslaunch][INFO] 2020-05-27 00:18:58,201: setting /roslaunch/uris/host_254e020b5cd7__40277' to http://254e020b5cd7:40277/
[roslaunch][INFO] 2020-05-27 00:18:58,205: ... preparing to launch node of type [rosout/rosout]
[roslaunch][INFO] 2020-05-27 00:18:58,205: create_node_process: package[rosout] type[rosout] machine[Machine(name[] env_loader[None] address[localhost] ssh_port[22] user[None] assignable[True] timeout[10.0])] master_uri[http://localhost:11311]
[roslaunch][INFO] 2020-05-27 00:18:58,205: process[rosout-1]: env[{'DISPLAY': ':99', 'XAUTHORITY': '/tmp/appuser.xvfb.auth', 'LC_ALL': 'C.UTF-8', 'LD_LIBRARY_PATH': '/home/appuser/aido-auto/ros/catkin_ws/devel/lib:/opt/ros/melodic/lib', 'LANG': 'C.UTF-8', 'HOSTNAME': '254e020b5cd7', 'ROS_ETC_DIR': '/opt/ros/melodic/etc/ros', 'PUBLISHER_DROP_FOLDER': '/home/appuser/publisher-drop', 'PWD': '/home/appuser/aido-auto/gym-duckietown', 'HOME': '/home/appuser', 'CMAKE_PREFIX_PATH': '/home/appuser/aido-auto/ros/catkin_ws/devel:/opt/ros/melodic', 'ROS_ROOT': '/opt/ros/melodic/share/ros', 'ROS_MASTER_URI': 'http://localhost:11311', 'ROS_VERSION': '1', 'TERM': 'xterm', 'ROS_PYTHON_VERSION': '2', 'SHLVL': '4', 'PYTHONPATH': '/home/appuser/aido-auto/ros/catkin_ws/devel/lib/python2.7/dist-packages:/opt/ros/melodic/lib/python2.7/dist-packages', 'ROS_PACKAGE_PATH': '/home/appuser/aido-auto/ros/catkin_ws/src:/opt/ros/melodic/share', 'ROSLISP_PACKAGE_DIRECTORIES': '/home/appuser/aido-auto/ros/catkin_ws/devel/share/common-lisp', 'PATH': '/opt/ros/melodic/bin:/usr/local/sbin:/usr/local/bin:/usr/sbin:/usr/bin:/sbin:/bin', 'PKG_CONFIG_PATH': '/home/appuser/aido-auto/ros/catkin_ws/devel/lib/pkgconfig:/opt/ros/melodic/lib/pkgconfig', 'ROS_DISTRO': 'melodic', '_': '/usr/bin/timeout', 'ROS_LOG_FILENAME': '/home/appuser/.ros/log/a77dc16a-9faf-11ea-97fc-0242ac110007/roslaunch-254e020b5cd7-137.log'}]
[roslaunch][INFO] 2020-05-27 00:18:58,274: process[rosout-1]: args[['/opt/ros/melodic/lib/rosout/rosout', '__name:=rosout']]
[roslaunch][INFO] 2020-05-27 00:18:58,274: ... created process [rosout-1]
[roslaunch.pmon][INFO] 2020-05-27 00:18:58,274: ProcessMonitor.register[rosout-1]
[roslaunch.pmon][INFO] 2020-05-27 00:18:58,275: ProcessMonitor.register[rosout-1] complete
[roslaunch][INFO] 2020-05-27 00:18:58,275: ... registered process [rosout-1]
[roslaunch][INFO] 2020-05-27 00:18:58,275: process[rosout-1]: starting os process
[roslaunch][INFO] 2020-05-27 00:18:58,275: process[rosout-1]: start w/ args [['/opt/ros/melodic/lib/rosout/rosout', '__name:=rosout', '__log:=/home/appuser/.ros/log/a77dc16a-9faf-11ea-97fc-0242ac110007/rosout-1.log']]
[roslaunch][INFO] 2020-05-27 00:18:58,275: process[rosout-1]: cwd will be [/home/appuser/.ros]
[roslaunch][INFO] 2020-05-27 00:18:58,281: process[rosout-1]: started with pid [160]
[roslaunch][INFO] 2020-05-27 00:18:58,281: ... successfully launched [rosout-1]
[roslaunch][INFO] 2020-05-27 00:18:58,281: load_parameters starting ...
[roslaunch][INFO] 2020-05-27 00:18:58,286: ... load_parameters complete
[roslaunch][INFO] 2020-05-27 00:18:58,286: launch_nodes: launching local nodes ...
[roslaunch][INFO] 2020-05-27 00:18:58,287: ... preparing to launch node of type [demo/demo_node.py]
[roslaunch][INFO] 2020-05-27 00:18:58,287: create_node_process: package[demo] type[demo_node.py] machine[Machine(name[] env_loader[None] address[localhost] ssh_port[22] user[None] assignable[True] timeout[10.0])] master_uri[http://localhost:11311]
[roslaunch][INFO] 2020-05-27 00:18:58,288: process[demo_node-2]: env[{'DISPLAY': ':99', 'XAUTHORITY': '/tmp/appuser.xvfb.auth', 'LC_ALL': 'C.UTF-8', 'LD_LIBRARY_PATH': '/home/appuser/aido-auto/ros/catkin_ws/devel/lib:/opt/ros/melodic/lib', 'LANG': 'C.UTF-8', 'HOSTNAME': '254e020b5cd7', 'ROS_ETC_DIR': '/opt/ros/melodic/etc/ros', 'PUBLISHER_DROP_FOLDER': '/home/appuser/publisher-drop', 'PWD': '/home/appuser/aido-auto/gym-duckietown', 'HOME': '/home/appuser', 'CMAKE_PREFIX_PATH': '/home/appuser/aido-auto/ros/catkin_ws/devel:/opt/ros/melodic', 'ROS_ROOT': '/opt/ros/melodic/share/ros', 'ROS_MASTER_URI': 'http://localhost:11311', 'ROS_VERSION': '1', 'TERM': 'xterm', 'ROS_PYTHON_VERSION': '2', 'SHLVL': '4', 'PYTHONPATH': '/home/appuser/aido-auto/ros/catkin_ws/devel/lib/python2.7/dist-packages:/opt/ros/melodic/lib/python2.7/dist-packages', 'ROS_PACKAGE_PATH': '/home/appuser/aido-auto/ros/catkin_ws/src:/opt/ros/melodic/share', 'ROSLISP_PACKAGE_DIRECTORIES': '/home/appuser/aido-auto/ros/catkin_ws/devel/share/common-lisp', 'PATH': '/opt/ros/melodic/bin:/usr/local/sbin:/usr/local/bin:/usr/sbin:/usr/bin:/sbin:/bin', 'PKG_CONFIG_PATH': '/home/appuser/aido-auto/ros/catkin_ws/devel/lib/pkgconfig:/opt/ros/melodic/lib/pkgconfig', 'ROS_DISTRO': 'melodic', '_': '/usr/bin/timeout', 'ROS_LOG_FILENAME': '/home/appuser/.ros/log/a77dc16a-9faf-11ea-97fc-0242ac110007/roslaunch-254e020b5cd7-137.log'}]
[roslaunch][INFO] 2020-05-27 00:18:58,404: process[demo_node-2]: args[['/home/appuser/aido-auto/ros/catkin_ws/src/demo/scripts/demo_node.py', '__name:=demo_node']]
[roslaunch][INFO] 2020-05-27 00:18:58,404: ... created process [demo_node-2]
[roslaunch.pmon][INFO] 2020-05-27 00:18:58,404: ProcessMonitor.register[demo_node-2]
[roslaunch.pmon][INFO] 2020-05-27 00:18:58,404: ProcessMonitor.register[demo_node-2] complete
[roslaunch][INFO] 2020-05-27 00:18:58,405: ... registered process [demo_node-2]
[roslaunch][INFO] 2020-05-27 00:18:58,405: process[demo_node-2]: starting os process
[roslaunch][INFO] 2020-05-27 00:18:58,405: process[demo_node-2]: start w/ args [['/home/appuser/aido-auto/ros/catkin_ws/src/demo/scripts/demo_node.py', '__name:=demo_node', '__log:=/home/appuser/.ros/log/a77dc16a-9faf-11ea-97fc-0242ac110007/demo_node-2.log']]
[roslaunch][INFO] 2020-05-27 00:18:58,405: process[demo_node-2]: cwd will be [/home/appuser/.ros]
[roslaunch][INFO] 2020-05-27 00:18:58,500: process[demo_node-2]: started with pid [163]
[roslaunch][INFO] 2020-05-27 00:18:58,501: ... successfully launched [demo_node-2]
[roslaunch][INFO] 2020-05-27 00:18:58,501: ... preparing to launch node of type [rosbag/record]
[roslaunch][INFO] 2020-05-27 00:18:58,501: create_node_process: package[rosbag] type[record] machine[Machine(name[] env_loader[None] address[localhost] ssh_port[22] user[None] assignable[True] timeout[10.0])] master_uri[http://localhost:11311]
[roslaunch][INFO] 2020-05-27 00:18:58,501: process[record-3]: env[{'DISPLAY': ':99', 'XAUTHORITY': '/tmp/appuser.xvfb.auth', 'LC_ALL': 'C.UTF-8', 'LD_LIBRARY_PATH': '/home/appuser/aido-auto/ros/catkin_ws/devel/lib:/opt/ros/melodic/lib', 'LANG': 'C.UTF-8', 'HOSTNAME': '254e020b5cd7', 'ROS_ETC_DIR': '/opt/ros/melodic/etc/ros', 'PUBLISHER_DROP_FOLDER': '/home/appuser/publisher-drop', 'PWD': '/home/appuser/aido-auto/gym-duckietown', 'HOME': '/home/appuser', 'CMAKE_PREFIX_PATH': '/home/appuser/aido-auto/ros/catkin_ws/devel:/opt/ros/melodic', 'ROS_ROOT': '/opt/ros/melodic/share/ros', 'ROS_MASTER_URI': 'http://localhost:11311', 'ROS_VERSION': '1', 'TERM': 'xterm', 'ROS_PYTHON_VERSION': '2', 'SHLVL': '4', 'PYTHONPATH': '/home/appuser/aido-auto/ros/catkin_ws/devel/lib/python2.7/dist-packages:/opt/ros/melodic/lib/python2.7/dist-packages', 'ROS_PACKAGE_PATH': '/home/appuser/aido-auto/ros/catkin_ws/src:/opt/ros/melodic/share', 'ROSLISP_PACKAGE_DIRECTORIES': '/home/appuser/aido-auto/ros/catkin_ws/devel/share/common-lisp', 'PATH': '/opt/ros/melodic/bin:/usr/local/sbin:/usr/local/bin:/usr/sbin:/usr/bin:/sbin:/bin', 'PKG_CONFIG_PATH': '/home/appuser/aido-auto/ros/catkin_ws/devel/lib/pkgconfig:/opt/ros/melodic/lib/pkgconfig', 'ROS_DISTRO': 'melodic', '_': '/usr/bin/timeout', 'ROS_LOG_FILENAME': '/home/appuser/.ros/log/a77dc16a-9faf-11ea-97fc-0242ac110007/roslaunch-254e020b5cd7-137.log'}]
[roslaunch][INFO] 2020-05-27 00:18:58,503: process[record-3]: args[['/opt/ros/melodic/lib/rosbag/record', '-a', '__name:=record']]
[roslaunch][INFO] 2020-05-27 00:18:58,503: ... created process [record-3]
[roslaunch.pmon][INFO] 2020-05-27 00:18:58,503: ProcessMonitor.register[record-3]
[roslaunch.pmon][INFO] 2020-05-27 00:18:58,504: ProcessMonitor.register[record-3] complete
[roslaunch][INFO] 2020-05-27 00:18:58,504: ... registered process [record-3]
[roslaunch][INFO] 2020-05-27 00:18:58,504: process[record-3]: starting os process
[roslaunch][INFO] 2020-05-27 00:18:58,504: process[record-3]: start w/ args [['/opt/ros/melodic/lib/rosbag/record', '-a', '__name:=record', '__log:=/home/appuser/.ros/log/a77dc16a-9faf-11ea-97fc-0242ac110007/record-3.log']]
[roslaunch][INFO] 2020-05-27 00:18:58,504: process[record-3]: cwd will be [/home/appuser/.ros]
[roslaunch][INFO] 2020-05-27 00:18:58,510: process[record-3]: started with pid [164]
[roslaunch][INFO] 2020-05-27 00:18:58,511: ... successfully launched [record-3]
[roslaunch][INFO] 2020-05-27 00:18:58,511: ... launch_nodes complete
[roslaunch.pmon][INFO] 2020-05-27 00:18:58,511: registrations completed <ProcessMonitor(ProcessMonitor-1, started daemon 140614361577216)>
[roslaunch.parent][INFO] 2020-05-27 00:18:58,511: ... roslaunch parent running, waiting for process exit
