[roslaunch.parent][INFO] 2023-01-30 11:01:13,893: starting roslaunch parent run
[roslaunch][INFO] 2023-01-30 11:01:13,893: loading roscore config file /opt/ros/melodic/etc/ros/roscore.xml
[roslaunch][INFO] 2023-01-30 11:01:13,990: Added core node of type [rosout/rosout] in namespace [/]
[roslaunch.config][INFO] 2023-01-30 11:01:13,990: loading config file /home/appuser/aido-auto/ros/catkin_ws/src/demo/launch/demo_node.launch
[roslaunch][INFO] 2023-01-30 11:01:13,990: Added node of type [demo/demo_node.py] in namespace [/]
[roslaunch][INFO] 2023-01-30 11:01:13,991: Added node of type [rosbag/record] in namespace [/]
[roslaunch][INFO] 2023-01-30 11:01:13,991: ... selected machine [] for node of type [demo/demo_node.py]
[roslaunch][INFO] 2023-01-30 11:01:13,991: ... selected machine [] for node of type [rosbag/record]
[roslaunch.pmon][INFO] 2023-01-30 11:01:13,991: start_process_monitor: creating ProcessMonitor
[roslaunch.pmon][INFO] 2023-01-30 11:01:13,992: created process monitor <ProcessMonitor(ProcessMonitor-1, initial daemon)>
[roslaunch.pmon][INFO] 2023-01-30 11:01:13,992: start_process_monitor: ProcessMonitor started
[roslaunch.parent][INFO] 2023-01-30 11:01:13,992: starting parent XML-RPC server
[roslaunch.server][INFO] 2023-01-30 11:01:13,992: starting roslaunch XML-RPC server
[roslaunch.server][INFO] 2023-01-30 11:01:13,992: waiting for roslaunch XML-RPC server to initialize
[xmlrpc][INFO] 2023-01-30 11:01:13,992: XML-RPC server binding to 0.0.0.0:0
[xmlrpc][INFO] 2023-01-30 11:01:13,992: Started XML-RPC server [http://43e655584b1e:42149/]
[xmlrpc][INFO] 2023-01-30 11:01:13,993: xml rpc node: starting XML-RPC server
[roslaunch][INFO] 2023-01-30 11:01:14,004: started roslaunch server http://43e655584b1e:42149/
[roslaunch.parent][INFO] 2023-01-30 11:01:14,004: ... parent XML-RPC server started
[roslaunch][INFO] 2023-01-30 11:01:14,004: master.is_running[http://localhost:11311]
[roslaunch][INFO] 2023-01-30 11:01:14,005: auto-starting new master
[roslaunch][INFO] 2023-01-30 11:01:14,005: create_master_process: rosmaster, /opt/ros/melodic/share/ros, 11311, 3, None, False
[roslaunch][INFO] 2023-01-30 11:01:14,005: process[master]: launching with args [['rosmaster', '--core', '-p', '11311', '-w', '3']]
[roslaunch.pmon][INFO] 2023-01-30 11:01:14,005: ProcessMonitor.register[master]
[roslaunch.pmon][INFO] 2023-01-30 11:01:14,005: ProcessMonitor.register[master] complete
[roslaunch][INFO] 2023-01-30 11:01:14,005: process[master]: starting os process
[roslaunch][INFO] 2023-01-30 11:01:14,005: process[master]: start w/ args [['rosmaster', '--core', '-p', '11311', '-w', '3', '__log:=/home/appuser/.ros/log/6979d32c-a08d-11ed-9f61-0242ac170003/master.log']]
[roslaunch][INFO] 2023-01-30 11:01:14,005: process[master]: cwd will be [/home/appuser/.ros]
[roslaunch][INFO] 2023-01-30 11:01:14,009: process[master]: started with pid [170]
[roslaunch][INFO] 2023-01-30 11:01:14,010: master.is_running[http://localhost:11311]
[roslaunch][INFO] 2023-01-30 11:01:14,110: master.is_running[http://localhost:11311]
[roslaunch][INFO] 2023-01-30 11:01:14,211: master.is_running[http://localhost:11311]
[roslaunch][INFO] 2023-01-30 11:01:14,212: master.is_running[http://localhost:11311]
[roslaunch][INFO] 2023-01-30 11:01:14,213: ROS_MASTER_URI=http://localhost:11311
[roslaunch][INFO] 2023-01-30 11:01:14,214: setting /run_id to 6979d32c-a08d-11ed-9f61-0242ac170003
[roslaunch][INFO] 2023-01-30 11:01:14,215: setting /roslaunch/uris/host_43e655584b1e__42149' to http://43e655584b1e:42149/
[roslaunch][INFO] 2023-01-30 11:01:14,216: ... preparing to launch node of type [rosout/rosout]
[roslaunch][INFO] 2023-01-30 11:01:14,216: create_node_process: package[rosout] type[rosout] machine[Machine(name[] env_loader[None] address[localhost] ssh_port[22] user[None] assignable[True] timeout[10.0])] master_uri[http://localhost:11311]
[roslaunch][INFO] 2023-01-30 11:01:14,216: process[rosout-1]: env[{'DISPLAY': ':99', 'XAUTHORITY': '/tmp/appuser.xvfb.auth', 'LC_ALL': 'C.UTF-8', 'LD_LIBRARY_PATH': '/usr/local/lib/python3.6/dist-packages/cv2/../../lib:/home/appuser/aido-auto/ros/catkin_ws/devel/lib:/opt/ros/melodic/lib', 'LANG': 'C.UTF-8', 'HOSTNAME': '43e655584b1e', 'ROS_ETC_DIR': '/opt/ros/melodic/etc/ros', 'PUBLISHER_DROP_FOLDER': '/home/appuser/publisher-drop', 'PWD': '/home/appuser/aido-auto/gym-duckietown', 'HOME': '/home/appuser', 'CMAKE_PREFIX_PATH': '/home/appuser/aido-auto/ros/catkin_ws/devel:/opt/ros/melodic', 'ROS_ROOT': '/opt/ros/melodic/share/ros', 'ROS_MASTER_URI': 'http://localhost:11311', 'ROS_VERSION': '1', 'TERM': 'xterm', 'ROS_PYTHON_VERSION': '2', 'SHLVL': '4', 'PYTHONPATH': '/home/appuser/aido-auto/ros/catkin_ws/devel/lib/python2.7/dist-packages:/opt/ros/melodic/lib/python2.7/dist-packages', 'ROS_PACKAGE_PATH': '/home/appuser/aido-auto/ros/catkin_ws/src:/opt/ros/melodic/share', 'ROSLISP_PACKAGE_DIRECTORIES': '/home/appuser/aido-auto/ros/catkin_ws/devel/share/common-lisp', 'PATH': '/opt/ros/melodic/bin:/usr/local/sbin:/usr/local/bin:/usr/sbin:/usr/bin:/sbin:/bin', 'PKG_CONFIG_PATH': '/home/appuser/aido-auto/ros/catkin_ws/devel/lib/pkgconfig:/opt/ros/melodic/lib/pkgconfig', 'ROS_DISTRO': 'melodic', '_': '/usr/bin/timeout', 'SDL_AUDIODRIVER': 'dsp', 'PYGAME_HIDE_SUPPORT_PROMPT': 'hide', 'ROS_LOG_FILENAME': '/home/appuser/.ros/log/6979d32c-a08d-11ed-9f61-0242ac170003/roslaunch-43e655584b1e-155.log'}]
[roslaunch][INFO] 2023-01-30 11:01:14,231: process[rosout-1]: args[['/opt/ros/melodic/lib/rosout/rosout', '__name:=rosout']]
[roslaunch][INFO] 2023-01-30 11:01:14,231: ... created process [rosout-1]
[roslaunch.pmon][INFO] 2023-01-30 11:01:14,231: ProcessMonitor.register[rosout-1]
[roslaunch.pmon][INFO] 2023-01-30 11:01:14,231: ProcessMonitor.register[rosout-1] complete
[roslaunch][INFO] 2023-01-30 11:01:14,231: ... registered process [rosout-1]
[roslaunch][INFO] 2023-01-30 11:01:14,231: process[rosout-1]: starting os process
[roslaunch][INFO] 2023-01-30 11:01:14,231: process[rosout-1]: start w/ args [['/opt/ros/melodic/lib/rosout/rosout', '__name:=rosout', '__log:=/home/appuser/.ros/log/6979d32c-a08d-11ed-9f61-0242ac170003/rosout-1.log']]
[roslaunch][INFO] 2023-01-30 11:01:14,231: process[rosout-1]: cwd will be [/home/appuser/.ros]
[roslaunch][INFO] 2023-01-30 11:01:14,235: process[rosout-1]: started with pid [181]
[roslaunch][INFO] 2023-01-30 11:01:14,236: ... successfully launched [rosout-1]
[roslaunch][INFO] 2023-01-30 11:01:14,236: load_parameters starting ...
[roslaunch][INFO] 2023-01-30 11:01:14,238: ... load_parameters complete
[roslaunch][INFO] 2023-01-30 11:01:14,238: launch_nodes: launching local nodes ...
[roslaunch][INFO] 2023-01-30 11:01:14,238: ... preparing to launch node of type [demo/demo_node.py]
[roslaunch][INFO] 2023-01-30 11:01:14,239: create_node_process: package[demo] type[demo_node.py] machine[Machine(name[] env_loader[None] address[localhost] ssh_port[22] user[None] assignable[True] timeout[10.0])] master_uri[http://localhost:11311]
[roslaunch][INFO] 2023-01-30 11:01:14,239: process[demo_node-2]: env[{'DISPLAY': ':99', 'XAUTHORITY': '/tmp/appuser.xvfb.auth', 'LC_ALL': 'C.UTF-8', 'LD_LIBRARY_PATH': '/usr/local/lib/python3.6/dist-packages/cv2/../../lib:/home/appuser/aido-auto/ros/catkin_ws/devel/lib:/opt/ros/melodic/lib', 'LANG': 'C.UTF-8', 'HOSTNAME': '43e655584b1e', 'ROS_ETC_DIR': '/opt/ros/melodic/etc/ros', 'PUBLISHER_DROP_FOLDER': '/home/appuser/publisher-drop', 'PWD': '/home/appuser/aido-auto/gym-duckietown', 'HOME': '/home/appuser', 'CMAKE_PREFIX_PATH': '/home/appuser/aido-auto/ros/catkin_ws/devel:/opt/ros/melodic', 'ROS_ROOT': '/opt/ros/melodic/share/ros', 'ROS_MASTER_URI': 'http://localhost:11311', 'ROS_VERSION': '1', 'TERM': 'xterm', 'ROS_PYTHON_VERSION': '2', 'SHLVL': '4', 'PYTHONPATH': '/home/appuser/aido-auto/ros/catkin_ws/devel/lib/python2.7/dist-packages:/opt/ros/melodic/lib/python2.7/dist-packages', 'ROS_PACKAGE_PATH': '/home/appuser/aido-auto/ros/catkin_ws/src:/opt/ros/melodic/share', 'ROSLISP_PACKAGE_DIRECTORIES': '/home/appuser/aido-auto/ros/catkin_ws/devel/share/common-lisp', 'PATH': '/opt/ros/melodic/bin:/usr/local/sbin:/usr/local/bin:/usr/sbin:/usr/bin:/sbin:/bin', 'PKG_CONFIG_PATH': '/home/appuser/aido-auto/ros/catkin_ws/devel/lib/pkgconfig:/opt/ros/melodic/lib/pkgconfig', 'ROS_DISTRO': 'melodic', '_': '/usr/bin/timeout', 'SDL_AUDIODRIVER': 'dsp', 'PYGAME_HIDE_SUPPORT_PROMPT': 'hide', 'ROS_LOG_FILENAME': '/home/appuser/.ros/log/6979d32c-a08d-11ed-9f61-0242ac170003/roslaunch-43e655584b1e-155.log'}]
[roslaunch][INFO] 2023-01-30 11:01:14,239: process[demo_node-2]: args[['/home/appuser/aido-auto/ros/catkin_ws/src/demo/scripts/demo_node.py', '__name:=demo_node']]
[roslaunch][INFO] 2023-01-30 11:01:14,240: ... created process [demo_node-2]
[roslaunch.pmon][INFO] 2023-01-30 11:01:14,240: ProcessMonitor.register[demo_node-2]
[roslaunch.pmon][INFO] 2023-01-30 11:01:14,240: ProcessMonitor.register[demo_node-2] complete
[roslaunch][INFO] 2023-01-30 11:01:14,240: ... registered process [demo_node-2]
[roslaunch][INFO] 2023-01-30 11:01:14,240: process[demo_node-2]: starting os process
[roslaunch][INFO] 2023-01-30 11:01:14,240: process[demo_node-2]: start w/ args [['/home/appuser/aido-auto/ros/catkin_ws/src/demo/scripts/demo_node.py', '__name:=demo_node', '__log:=/home/appuser/.ros/log/6979d32c-a08d-11ed-9f61-0242ac170003/demo_node-2.log']]
[roslaunch][INFO] 2023-01-30 11:01:14,240: process[demo_node-2]: cwd will be [/home/appuser/.ros]
[roslaunch][ERROR] 2023-01-30 11:01:14,244: OSError(8, Exec format error)
[roslaunch.pmon][INFO] 2023-01-30 11:01:14,246: ProcessMonitor.shutdown <ProcessMonitor(ProcessMonitor-1, started daemon 140013687396096)>
[roslaunch.pmon][INFO] 2023-01-30 11:01:14,293: ProcessMonitor._post_run <ProcessMonitor(ProcessMonitor-1, started daemon 140013687396096)>
[roslaunch.pmon][INFO] 2023-01-30 11:01:14,293: ProcessMonitor._post_run <ProcessMonitor(ProcessMonitor-1, started daemon 140013687396096)>: remaining procs are [<roslaunch.nodeprocess.LocalProcess object at 0x7f574182e1d0>, <roslaunch.nodeprocess.LocalProcess object at 0x7f5741856828>, <roslaunch.nodeprocess.LocalProcess object at 0x7f5741909f60>]
[roslaunch.pmon][INFO] 2023-01-30 11:01:14,294: ProcessMonitor exit: killing demo_node-2
[roslaunch][INFO] 2023-01-30 11:01:14,295: [demo_node-2] killing on exit
[roslaunch.pmon][INFO] 2023-01-30 11:01:14,298: ProcessMonitor exit: killing rosout-1
[roslaunch][INFO] 2023-01-30 11:01:14,299: [rosout-1] killing on exit
[roslaunch][INFO] 2023-01-30 11:01:14,299: process[rosout-1]: killing os process with pid[181] pgid[181]
[roslaunch][INFO] 2023-01-30 11:01:14,299: [rosout-1] sending SIGINT to pgid [181]
[roslaunch][INFO] 2023-01-30 11:01:14,299: [rosout-1] sent SIGINT to pgid [181]
[roslaunch][INFO] 2023-01-30 11:01:14,500: process[rosout-1]: SIGINT killed with return value 0
[roslaunch.pmon][INFO] 2023-01-30 11:01:14,500: ProcessMonitor exit: killing master
[roslaunch][INFO] 2023-01-30 11:01:14,500: [master] killing on exit
[roslaunch][INFO] 2023-01-30 11:01:14,500: process[master]: killing os process with pid[170] pgid[170]
[roslaunch][INFO] 2023-01-30 11:01:14,500: [master] sending SIGINT to pgid [170]
[roslaunch][INFO] 2023-01-30 11:01:14,500: [master] sent SIGINT to pgid [170]
[roslaunch][INFO] 2023-01-30 11:01:14,701: process[master]: SIGINT killed with return value 0
[roslaunch.pmon][INFO] 2023-01-30 11:01:14,701: ProcessMonitor exit: cleaning up data structures and signals
[roslaunch.pmon][INFO] 2023-01-30 11:01:14,702: ProcessMonitor exit: pmon has shutdown
[rospy.core][INFO] 2023-01-30 11:01:14,702: signal_shutdown [atexit]
