[rospy.client][INFO] 2020-08-31 15:08:59,601: init_node, name[/demo_node], pid[160]
[xmlrpc][INFO] 2020-08-31 15:08:59,602: XML-RPC server binding to 0.0.0.0:0
[rospy.init][INFO] 2020-08-31 15:08:59,603: ROS Slave URI: [http://03033af6c90a:44739/]
[xmlrpc][INFO] 2020-08-31 15:08:59,603: Started XML-RPC server [http://03033af6c90a:44739/]
[rospy.impl.masterslave][INFO] 2020-08-31 15:08:59,604: _ready: http://03033af6c90a:44739/
[xmlrpc][INFO] 2020-08-31 15:08:59,604: xml rpc node: starting XML-RPC server
[rospy.registration][INFO] 2020-08-31 15:08:59,605: Registering with master node http://localhost:11311
[rospy.init][INFO] 2020-08-31 15:08:59,704: registered with master
[rospy.rosout][INFO] 2020-08-31 15:08:59,704: initializing /rosout core topic
[rospy.rosout][INFO] 2020-08-31 15:08:59,708: connected to core topic /rosout
[rospy.simtime][INFO] 2020-08-31 15:08:59,728: /use_sim_time is not set, will not subscribe to simulated time [/clock] topic
[rospy.internal][INFO] 2020-08-31 15:08:59,892: topic[/03033af6c90a/corrected_image/compressed] adding connection to [http://03033af6c90a:37767/], count 0
[rospy.internal][INFO] 2020-08-31 15:08:59,911: topic[/rosout] adding connection to [/rosout], count 0
[rospy.internal][INFO] 2020-08-31 15:08:59,934: topic[/rosout] adding connection to [/record], count 1
[rospy.internal][INFO] 2020-08-31 15:09:00,100: topic[/03033af6c90a/car_cmd] adding connection to [/ROSAgent], count 0
[rospy.internal][INFO] 2020-08-31 15:09:00,737: topic[/03033af6c90a/car_cmd] adding connection to [/record], count 1
[rospy.core][INFO] 2020-08-31 15:09:04,942: signal_shutdown [signal-2]
[rospy.internal][INFO] 2020-08-31 15:09:04,946: topic[/rosout] removing connection to /rosout
[rospy.internal][INFO] 2020-08-31 15:09:04,946: topic[/rosout] removing connection to /record
[rospy.internal][INFO] 2020-08-31 15:09:04,950: topic[/03033af6c90a/car_cmd] removing connection to /ROSAgent
[rospy.internal][INFO] 2020-08-31 15:09:04,950: topic[/03033af6c90a/car_cmd] removing connection to /record
[rospy.internal][INFO] 2020-08-31 15:09:04,978: topic[/03033af6c90a/corrected_image/compressed] removing connection to http://03033af6c90a:37767/
[rospy.impl.masterslave][INFO] 2020-08-31 15:09:04,978: signal-2
[rospy.internal][WARNING] 2020-08-31 15:09:04,979: Unknown error initiating TCP/IP socket to 03033af6c90a:45095 (http://03033af6c90a:37767/): Traceback (most recent call last):
  File "/opt/ros/melodic/lib/python2.7/dist-packages/rospy/impl/tcpros_base.py", line 563, in connect
    self.local_endpoint = self.socket.getsockname()
AttributeError: 'NoneType' object has no attribute 'getsockname'

[rospy.core][INFO] 2020-08-31 15:09:05,604: signal_shutdown [atexit]
