[rosmaster.main][INFO] 2020-09-02 08:34:40,107: initialization complete, waiting for shutdown
[rosmaster.main][INFO] 2020-09-02 08:34:40,107: Starting ROS Master Node
[xmlrpc][INFO] 2020-09-02 08:34:40,108: XML-RPC server binding to 0.0.0.0:11311
[xmlrpc][INFO] 2020-09-02 08:34:40,109: Started XML-RPC server [http://15f463abbb9c:11311/]
[rosmaster.master][INFO] 2020-09-02 08:34:40,109: Master initialized: port[11311], uri[http://15f463abbb9c:11311/]
[xmlrpc][INFO] 2020-09-02 08:34:40,109: xml rpc node: starting XML-RPC server
[rosmaster.master][INFO] 2020-09-02 08:34:40,121: +PARAM [/run_id] by /roslaunch
[rosmaster.master][INFO] 2020-09-02 08:34:40,122: +PARAM [/roslaunch/uris/host_15f463abbb9c__34991] by /roslaunch
[rosmaster.master][INFO] 2020-09-02 08:34:40,164: +PARAM [/rosversion] by /roslaunch
[rosmaster.master][INFO] 2020-09-02 08:34:40,164: +PARAM [/rosdistro] by /roslaunch
[rosmaster.master][INFO] 2020-09-02 08:34:40,181: +SERVICE [/rosout/get_loggers] /rosout http://15f463abbb9c:40169/
[rosmaster.master][INFO] 2020-09-02 08:34:40,181: +SERVICE [/rosout/set_logger_level] /rosout http://15f463abbb9c:40169/
[rosmaster.master][INFO] 2020-09-02 08:34:40,183: +PUB [/rosout_agg] /rosout http://15f463abbb9c:40169/
[rosmaster.master][INFO] 2020-09-02 08:34:40,193: +SUB [/rosout] /rosout http://15f463abbb9c:40169/
[rosmaster.master][INFO] 2020-09-02 08:34:40,292: +PUB [/15f463abbb9c/corrected_image/compressed] /ROSAgent http://15f463abbb9c:43453/
[rosmaster.master][INFO] 2020-09-02 08:34:40,295: +PUB [/15f463abbb9c/camera_node/camera_info] /ROSAgent http://15f463abbb9c:43453/
[rosmaster.master][INFO] 2020-09-02 08:34:40,296: +SUB [/15f463abbb9c/car_cmd] /ROSAgent http://15f463abbb9c:43453/
[rosmaster.master][INFO] 2020-09-02 08:34:40,299: +PUB [/rosout] /record http://15f463abbb9c:44403/
[rosmaster.master][INFO] 2020-09-02 08:34:40,300: +SERVICE [/record/get_loggers] /record http://15f463abbb9c:44403/
[rosmaster.master][INFO] 2020-09-02 08:34:40,301: +SERVICE [/record/set_logger_level] /record http://15f463abbb9c:44403/
[rosmaster.master][INFO] 2020-09-02 08:34:40,308: +SUB [/rosout] /record http://15f463abbb9c:44403/
[rosmaster.master][INFO] 2020-09-02 08:34:40,309: publisherUpdate[/rosout] -> http://15f463abbb9c:40169/ ['http://15f463abbb9c:44403/']
[rosmaster.master][INFO] 2020-09-02 08:34:40,314: +SUB [/15f463abbb9c/camera_node/camera_info] /record http://15f463abbb9c:44403/
[rosmaster.master][INFO] 2020-09-02 08:34:40,324: +SUB [/rosout_agg] /record http://15f463abbb9c:44403/
[rosmaster.master][INFO] 2020-09-02 08:34:40,328: +SUB [/15f463abbb9c/corrected_image/compressed] /record http://15f463abbb9c:44403/
[rosmaster.master][INFO] 2020-09-02 08:34:40,364: publisherUpdate[/rosout] -> http://15f463abbb9c:40169/ ['http://15f463abbb9c:44403/']: sec=0.06, result=[1, '', 0]
[rosmaster.master][INFO] 2020-09-02 08:34:40,385: +PUB [/rosout] /ROSAgent http://15f463abbb9c:43453/
[rosmaster.master][INFO] 2020-09-02 08:34:40,389: +SERVICE [/ROSAgent/get_loggers] /ROSAgent http://15f463abbb9c:43453/
[rosmaster.master][INFO] 2020-09-02 08:34:40,391: +SERVICE [/ROSAgent/set_logger_level] /ROSAgent http://15f463abbb9c:43453/
[rosmaster.master][INFO] 2020-09-02 08:34:40,410: publisherUpdate[/rosout] -> http://15f463abbb9c:40169/ ['http://15f463abbb9c:44403/', 'http://15f463abbb9c:43453/']
[rosmaster.master][INFO] 2020-09-02 08:34:40,411: publisherUpdate[/rosout] -> http://15f463abbb9c:44403/ ['http://15f463abbb9c:44403/', 'http://15f463abbb9c:43453/']
[rosmaster.master][INFO] 2020-09-02 08:34:40,455: publisherUpdate[/rosout] -> http://15f463abbb9c:40169/ ['http://15f463abbb9c:44403/', 'http://15f463abbb9c:43453/']: sec=0.04, result=[1, '', 0]
[rosmaster.master][INFO] 2020-09-02 08:34:40,461: publisherUpdate[/rosout] -> http://15f463abbb9c:44403/ ['http://15f463abbb9c:44403/', 'http://15f463abbb9c:43453/']: sec=0.05, result=[1, '', 0]
[rosmaster.master][INFO] 2020-09-02 08:34:41,348: +PUB [/rosout] /demo_node http://15f463abbb9c:45015/
[rosmaster.master][INFO] 2020-09-02 08:34:41,351: +SERVICE [/demo_node/get_loggers] /demo_node http://15f463abbb9c:45015/
[rosmaster.master][INFO] 2020-09-02 08:34:41,353: +SERVICE [/demo_node/set_logger_level] /demo_node http://15f463abbb9c:45015/
[rosmaster.master][INFO] 2020-09-02 08:34:41,356: +SUB [/15f463abbb9c/corrected_image/compressed] /demo_node http://15f463abbb9c:45015/
[rosmaster.master][INFO] 2020-09-02 08:34:41,357: +PUB [/15f463abbb9c/car_cmd] /demo_node http://15f463abbb9c:45015/
[rosmaster.master][INFO] 2020-09-02 08:34:41,358: publisherUpdate[/rosout] -> http://15f463abbb9c:40169/ ['http://15f463abbb9c:44403/', 'http://15f463abbb9c:43453/', 'http://15f463abbb9c:45015/']
[rosmaster.master][INFO] 2020-09-02 08:34:41,360: publisherUpdate[/rosout] -> http://15f463abbb9c:40169/ ['http://15f463abbb9c:44403/', 'http://15f463abbb9c:43453/', 'http://15f463abbb9c:45015/']: sec=0.00, result=[1, '', 0]
[rosmaster.master][INFO] 2020-09-02 08:34:41,360: publisherUpdate[/rosout] -> http://15f463abbb9c:44403/ ['http://15f463abbb9c:44403/', 'http://15f463abbb9c:43453/', 'http://15f463abbb9c:45015/']
[rosmaster.master][INFO] 2020-09-02 08:34:41,378: publisherUpdate[/15f463abbb9c/car_cmd] -> http://15f463abbb9c:43453/ ['http://15f463abbb9c:45015/']
[rosmaster.master][INFO] 2020-09-02 08:34:41,380: publisherUpdate[/rosout] -> http://15f463abbb9c:44403/ ['http://15f463abbb9c:44403/', 'http://15f463abbb9c:43453/', 'http://15f463abbb9c:45015/']: sec=0.02, result=[1, '', 0]
[rosmaster.master][INFO] 2020-09-02 08:34:41,482: publisherUpdate[/15f463abbb9c/car_cmd] -> http://15f463abbb9c:43453/ ['http://15f463abbb9c:45015/']: sec=0.10, result=[1, '', 0]
[rosmaster.master][INFO] 2020-09-02 08:34:42,334: +SUB [/15f463abbb9c/car_cmd] /record http://15f463abbb9c:44403/
[rosmaster.master][INFO] 2020-09-02 08:34:46,635: -SUB [/15f463abbb9c/corrected_image/compressed] /demo_node http://15f463abbb9c:45015/
[rosmaster.master][INFO] 2020-09-02 08:34:46,635: -PUB [/15f463abbb9c/car_cmd] /demo_node http://15f463abbb9c:45015/
[rosmaster.master][INFO] 2020-09-02 08:34:46,636: -PUB [/rosout] /demo_node http://15f463abbb9c:45015/
[rosmaster.master][INFO] 2020-09-02 08:34:46,636: -SERVICE [/demo_node/get_loggers] /demo_node rosrpc://15f463abbb9c:36591
[rosmaster.master][INFO] 2020-09-02 08:34:46,636: -SERVICE [/demo_node/set_logger_level] /demo_node rosrpc://15f463abbb9c:36591
[rosmaster.master][INFO] 2020-09-02 08:34:46,696: publisherUpdate[/15f463abbb9c/car_cmd] -> http://15f463abbb9c:43453/ []
[rosmaster.master][INFO] 2020-09-02 08:34:46,698: publisherUpdate[/15f463abbb9c/car_cmd] -> http://15f463abbb9c:44403/ []
[rosmaster.master][INFO] 2020-09-02 08:34:46,698: publisherUpdate[/rosout] -> http://15f463abbb9c:40169/ ['http://15f463abbb9c:44403/', 'http://15f463abbb9c:43453/']
[rosmaster.master][INFO] 2020-09-02 08:34:46,700: publisherUpdate[/15f463abbb9c/car_cmd] -> http://15f463abbb9c:44403/ []: sec=0.00, result=[1, '', 0]
[rosmaster.master][INFO] 2020-09-02 08:34:46,700: publisherUpdate[/rosout] -> http://15f463abbb9c:44403/ ['http://15f463abbb9c:44403/', 'http://15f463abbb9c:43453/']
[rosmaster.master][INFO] 2020-09-02 08:34:46,716: publisherUpdate[/15f463abbb9c/car_cmd] -> http://15f463abbb9c:43453/ []: sec=0.02, result=[1, '', 0]
[rosmaster.master][INFO] 2020-09-02 08:34:46,718: publisherUpdate[/rosout] -> http://15f463abbb9c:44403/ ['http://15f463abbb9c:44403/', 'http://15f463abbb9c:43453/']: sec=0.02, result=[1, '', 0]
[rosmaster.master][INFO] 2020-09-02 08:34:46,774: publisherUpdate[/rosout] -> http://15f463abbb9c:40169/ ['http://15f463abbb9c:44403/', 'http://15f463abbb9c:43453/']: sec=0.08, result=[1, '', 0]
[rosmaster.master][INFO] 2020-09-02 08:34:46,816: -PUB [/rosout] /record http://15f463abbb9c:44403/
[rosmaster.master][INFO] 2020-09-02 08:34:46,817: publisherUpdate[/rosout] -> http://15f463abbb9c:40169/ ['http://15f463abbb9c:43453/']
[rosmaster.master][INFO] 2020-09-02 08:34:46,817: -SUB [/rosout] /record http://15f463abbb9c:44403/
[rosmaster.master][INFO] 2020-09-02 08:34:46,818: publisherUpdate[/rosout] -> http://15f463abbb9c:40169/ ['http://15f463abbb9c:43453/']: sec=0.00, result=[1, '', 0]
[rosmaster.master][INFO] 2020-09-02 08:34:46,819: publisherUpdate[/rosout] -> http://15f463abbb9c:44403/ ['http://15f463abbb9c:43453/']
[rosmaster.master][INFO] 2020-09-02 08:34:46,822: -SUB [/15f463abbb9c/camera_node/camera_info] /record http://15f463abbb9c:44403/
[rosmaster.master][INFO] 2020-09-02 08:34:46,823: -SUB [/rosout_agg] /record http://15f463abbb9c:44403/
[rosmaster.master][INFO] 2020-09-02 08:34:46,824: -SUB [/15f463abbb9c/corrected_image/compressed] /record http://15f463abbb9c:44403/
[rosmaster.master][INFO] 2020-09-02 08:34:46,824: -SUB [/15f463abbb9c/car_cmd] /record http://15f463abbb9c:44403/
[rosmaster.master][INFO] 2020-09-02 08:34:46,825: -SERVICE [/record/get_loggers] /record rosrpc://15f463abbb9c:41631
[rosmaster.master][INFO] 2020-09-02 08:34:46,826: -SERVICE [/record/set_logger_level] /record rosrpc://15f463abbb9c:41631
[rosmaster.master][INFO] 2020-09-02 08:34:46,826: publisherUpdate[/rosout] -> http://15f463abbb9c:44403/ ['http://15f463abbb9c:43453/']: sec=0.01, exception=<Fault -1: 'publisherUpdate: unknown method name'>
[rosmaster.threadpool][ERROR] 2020-09-02 08:34:46,827: Traceback (most recent call last):
  File "/opt/ros/melodic/lib/python2.7/dist-packages/rosmaster/threadpool.py", line 218, in run
    result = cmd(*args)
  File "/opt/ros/melodic/lib/python2.7/dist-packages/rosmaster/master_api.py", line 210, in publisher_update_task
    ret = xmlrpcapi(api).publisherUpdate('/master', topic, pub_uris)
  File "/usr/lib/python2.7/xmlrpclib.py", line 1243, in __call__
    return self.__send(self.__name, args)
  File "/usr/lib/python2.7/xmlrpclib.py", line 1602, in __request
    verbose=self.__verbose
  File "/usr/lib/python2.7/xmlrpclib.py", line 1283, in request
    return self.single_request(host, handler, request_body, verbose)
  File "/usr/lib/python2.7/xmlrpclib.py", line 1316, in single_request
    return self.parse_response(response)
  File "/usr/lib/python2.7/xmlrpclib.py", line 1493, in parse_response
    return u.close()
  File "/usr/lib/python2.7/xmlrpclib.py", line 800, in close
    raise Fault(**self._stack[0])
Fault: <Fault -1: 'publisherUpdate: unknown method name'>

[rosmaster.master][INFO] 2020-09-02 08:34:47,219: -PUB [/rosout_agg] /rosout http://15f463abbb9c:40169/
[rosmaster.master][INFO] 2020-09-02 08:34:47,220: -SUB [/rosout] /rosout http://15f463abbb9c:40169/
[rosmaster.master][INFO] 2020-09-02 08:34:47,220: -SERVICE [/rosout/get_loggers] /rosout rosrpc://15f463abbb9c:59493
[rosmaster.master][INFO] 2020-09-02 08:34:47,221: -SERVICE [/rosout/set_logger_level] /rosout rosrpc://15f463abbb9c:59493
[rosmaster.main][INFO] 2020-09-02 08:34:47,249: keyboard interrupt, will exit
[rosmaster.main][INFO] 2020-09-02 08:34:47,249: stopping master...
[rospy.core][INFO] 2020-09-02 08:34:47,249: signal_shutdown [atexit]
