[roslaunch.parent][INFO] 2020-09-02 09:38:03,295: starting roslaunch parent run
[roslaunch][INFO] 2020-09-02 09:38:03,295: loading roscore config file /opt/ros/melodic/etc/ros/roscore.xml
[roslaunch][INFO] 2020-09-02 09:38:03,463: Added core node of type [rosout/rosout] in namespace [/]
[roslaunch.config][INFO] 2020-09-02 09:38:03,463: loading config file /home/appuser/aido-auto/ros/catkin_ws/src/demo/launch/demo_node.launch
[roslaunch][INFO] 2020-09-02 09:38:03,464: Added node of type [demo/demo_node.py] in namespace [/]
[roslaunch][INFO] 2020-09-02 09:38:03,464: Added node of type [rosbag/record] in namespace [/]
[roslaunch][INFO] 2020-09-02 09:38:03,464: ... selected machine [] for node of type [demo/demo_node.py]
[roslaunch][INFO] 2020-09-02 09:38:03,464: ... selected machine [] for node of type [rosbag/record]
[roslaunch.pmon][INFO] 2020-09-02 09:38:03,466: start_process_monitor: creating ProcessMonitor
[roslaunch.pmon][INFO] 2020-09-02 09:38:03,466: created process monitor <ProcessMonitor(ProcessMonitor-1, initial daemon)>
[roslaunch.pmon][INFO] 2020-09-02 09:38:03,466: start_process_monitor: ProcessMonitor started
[roslaunch.parent][INFO] 2020-09-02 09:38:03,466: starting parent XML-RPC server
[roslaunch.server][INFO] 2020-09-02 09:38:03,467: starting roslaunch XML-RPC server
[roslaunch.server][INFO] 2020-09-02 09:38:03,467: waiting for roslaunch XML-RPC server to initialize
[xmlrpc][INFO] 2020-09-02 09:38:03,467: XML-RPC server binding to 0.0.0.0:0
[xmlrpc][INFO] 2020-09-02 09:38:03,467: Started XML-RPC server [http://c137e744d44a:35399/]
[xmlrpc][INFO] 2020-09-02 09:38:03,468: xml rpc node: starting XML-RPC server
[roslaunch][INFO] 2020-09-02 09:38:03,479: started roslaunch server http://c137e744d44a:35399/
[roslaunch.parent][INFO] 2020-09-02 09:38:03,479: ... parent XML-RPC server started
[roslaunch][INFO] 2020-09-02 09:38:03,480: master.is_running[http://localhost:11311]
[roslaunch][INFO] 2020-09-02 09:38:03,481: auto-starting new master
[roslaunch][INFO] 2020-09-02 09:38:03,481: create_master_process: rosmaster, /opt/ros/melodic/share/ros, 11311, 3, None, False
[roslaunch][INFO] 2020-09-02 09:38:03,481: process[master]: launching with args [['rosmaster', '--core', '-p', '11311', '-w', '3']]
[roslaunch.pmon][INFO] 2020-09-02 09:38:03,481: ProcessMonitor.register[master]
[roslaunch.pmon][INFO] 2020-09-02 09:38:03,481: ProcessMonitor.register[master] complete
[roslaunch][INFO] 2020-09-02 09:38:03,481: process[master]: starting os process
[roslaunch][INFO] 2020-09-02 09:38:03,481: process[master]: start w/ args [['rosmaster', '--core', '-p', '11311', '-w', '3', '__log:=/home/appuser/.ros/log/ff537c98-ecff-11ea-b5cd-0242ac110003/master.log']]
[roslaunch][INFO] 2020-09-02 09:38:03,482: process[master]: cwd will be [/home/appuser/.ros]
[roslaunch][INFO] 2020-09-02 09:38:03,487: process[master]: started with pid [150]
[roslaunch][INFO] 2020-09-02 09:38:03,488: master.is_running[http://localhost:11311]
[roslaunch][INFO] 2020-09-02 09:38:03,589: master.is_running[http://localhost:11311]
[roslaunch][INFO] 2020-09-02 09:38:03,690: master.is_running[http://localhost:11311]
[roslaunch][INFO] 2020-09-02 09:38:03,792: master.is_running[http://localhost:11311]
[roslaunch][INFO] 2020-09-02 09:38:03,794: master.is_running[http://localhost:11311]
[roslaunch][INFO] 2020-09-02 09:38:03,796: ROS_MASTER_URI=http://localhost:11311
[roslaunch][INFO] 2020-09-02 09:38:03,798: setting /run_id to ff537c98-ecff-11ea-b5cd-0242ac110003
[roslaunch][INFO] 2020-09-02 09:38:03,799: setting /roslaunch/uris/host_c137e744d44a__35399' to http://c137e744d44a:35399/
[roslaunch][INFO] 2020-09-02 09:38:03,801: ... preparing to launch node of type [rosout/rosout]
[roslaunch][INFO] 2020-09-02 09:38:03,802: create_node_process: package[rosout] type[rosout] machine[Machine(name[] env_loader[None] address[localhost] ssh_port[22] user[None] assignable[True] timeout[10.0])] master_uri[http://localhost:11311]
[roslaunch][INFO] 2020-09-02 09:38:03,802: process[rosout-1]: env[{'DISPLAY': ':99', 'XAUTHORITY': '/tmp/appuser.xvfb.auth', 'LC_ALL': 'C.UTF-8', 'LD_LIBRARY_PATH': '/home/appuser/aido-auto/ros/catkin_ws/devel/lib:/opt/ros/melodic/lib', 'LANG': 'C.UTF-8', 'HOSTNAME': 'c137e744d44a', 'ROS_ETC_DIR': '/opt/ros/melodic/etc/ros', 'PUBLISHER_DROP_FOLDER': '/home/appuser/publisher-drop', 'PWD': '/home/appuser/aido-auto/gym-duckietown', 'HOME': '/home/appuser', 'CMAKE_PREFIX_PATH': '/home/appuser/aido-auto/ros/catkin_ws/devel:/opt/ros/melodic', 'ROS_ROOT': '/opt/ros/melodic/share/ros', 'ROS_MASTER_URI': 'http://localhost:11311', 'ROS_VERSION': '1', 'TERM': 'xterm', 'ROS_PYTHON_VERSION': '2', 'SHLVL': '4', 'PYTHONPATH': '/home/appuser/aido-auto/ros/catkin_ws/devel/lib/python2.7/dist-packages:/opt/ros/melodic/lib/python2.7/dist-packages', 'ROS_PACKAGE_PATH': '/home/appuser/aido-auto/ros/catkin_ws/src:/opt/ros/melodic/share', 'ROSLISP_PACKAGE_DIRECTORIES': '/home/appuser/aido-auto/ros/catkin_ws/devel/share/common-lisp', 'PATH': '/opt/ros/melodic/bin:/usr/local/sbin:/usr/local/bin:/usr/sbin:/usr/bin:/sbin:/bin', 'PKG_CONFIG_PATH': '/home/appuser/aido-auto/ros/catkin_ws/devel/lib/pkgconfig:/opt/ros/melodic/lib/pkgconfig', 'ROS_DISTRO': 'melodic', '_': '/usr/bin/timeout', 'QT_QPA_PLATFORM_PLUGIN_PATH': '/usr/local/lib/python3.6/dist-packages/cv2/qt/plugins', 'QT_QPA_FONTDIR': '/usr/local/lib/python3.6/dist-packages/cv2/qt/fonts', 'ROS_LOG_FILENAME': '/home/appuser/.ros/log/ff537c98-ecff-11ea-b5cd-0242ac110003/roslaunch-c137e744d44a-139.log'}]
[roslaunch][INFO] 2020-09-02 09:38:03,829: process[rosout-1]: args[['/opt/ros/melodic/lib/rosout/rosout', '__name:=rosout']]
[roslaunch][INFO] 2020-09-02 09:38:03,829: ... created process [rosout-1]
[roslaunch.pmon][INFO] 2020-09-02 09:38:03,829: ProcessMonitor.register[rosout-1]
[roslaunch.pmon][INFO] 2020-09-02 09:38:03,829: ProcessMonitor.register[rosout-1] complete
[roslaunch][INFO] 2020-09-02 09:38:03,829: ... registered process [rosout-1]
[roslaunch][INFO] 2020-09-02 09:38:03,830: process[rosout-1]: starting os process
[roslaunch][INFO] 2020-09-02 09:38:03,830: process[rosout-1]: start w/ args [['/opt/ros/melodic/lib/rosout/rosout', '__name:=rosout', '__log:=/home/appuser/.ros/log/ff537c98-ecff-11ea-b5cd-0242ac110003/rosout-1.log']]
[roslaunch][INFO] 2020-09-02 09:38:03,830: process[rosout-1]: cwd will be [/home/appuser/.ros]
[roslaunch][INFO] 2020-09-02 09:38:03,835: process[rosout-1]: started with pid [161]
[roslaunch][INFO] 2020-09-02 09:38:03,836: ... successfully launched [rosout-1]
[roslaunch][INFO] 2020-09-02 09:38:03,837: load_parameters starting ...
[roslaunch][INFO] 2020-09-02 09:38:03,842: ... load_parameters complete
[roslaunch][INFO] 2020-09-02 09:38:03,842: launch_nodes: launching local nodes ...
[roslaunch][INFO] 2020-09-02 09:38:03,843: ... preparing to launch node of type [demo/demo_node.py]
[roslaunch][INFO] 2020-09-02 09:38:03,843: create_node_process: package[demo] type[demo_node.py] machine[Machine(name[] env_loader[None] address[localhost] ssh_port[22] user[None] assignable[True] timeout[10.0])] master_uri[http://localhost:11311]
[roslaunch][INFO] 2020-09-02 09:38:03,843: process[demo_node-2]: env[{'DISPLAY': ':99', 'XAUTHORITY': '/tmp/appuser.xvfb.auth', 'LC_ALL': 'C.UTF-8', 'LD_LIBRARY_PATH': '/home/appuser/aido-auto/ros/catkin_ws/devel/lib:/opt/ros/melodic/lib', 'LANG': 'C.UTF-8', 'HOSTNAME': 'c137e744d44a', 'ROS_ETC_DIR': '/opt/ros/melodic/etc/ros', 'PUBLISHER_DROP_FOLDER': '/home/appuser/publisher-drop', 'PWD': '/home/appuser/aido-auto/gym-duckietown', 'HOME': '/home/appuser', 'CMAKE_PREFIX_PATH': '/home/appuser/aido-auto/ros/catkin_ws/devel:/opt/ros/melodic', 'ROS_ROOT': '/opt/ros/melodic/share/ros', 'ROS_MASTER_URI': 'http://localhost:11311', 'ROS_VERSION': '1', 'TERM': 'xterm', 'ROS_PYTHON_VERSION': '2', 'SHLVL': '4', 'PYTHONPATH': '/home/appuser/aido-auto/ros/catkin_ws/devel/lib/python2.7/dist-packages:/opt/ros/melodic/lib/python2.7/dist-packages', 'ROS_PACKAGE_PATH': '/home/appuser/aido-auto/ros/catkin_ws/src:/opt/ros/melodic/share', 'ROSLISP_PACKAGE_DIRECTORIES': '/home/appuser/aido-auto/ros/catkin_ws/devel/share/common-lisp', 'PATH': '/opt/ros/melodic/bin:/usr/local/sbin:/usr/local/bin:/usr/sbin:/usr/bin:/sbin:/bin', 'PKG_CONFIG_PATH': '/home/appuser/aido-auto/ros/catkin_ws/devel/lib/pkgconfig:/opt/ros/melodic/lib/pkgconfig', 'ROS_DISTRO': 'melodic', '_': '/usr/bin/timeout', 'QT_QPA_PLATFORM_PLUGIN_PATH': '/usr/local/lib/python3.6/dist-packages/cv2/qt/plugins', 'QT_QPA_FONTDIR': '/usr/local/lib/python3.6/dist-packages/cv2/qt/fonts', 'ROS_LOG_FILENAME': '/home/appuser/.ros/log/ff537c98-ecff-11ea-b5cd-0242ac110003/roslaunch-c137e744d44a-139.log'}]
[roslaunch][INFO] 2020-09-02 09:38:03,846: process[demo_node-2]: args[['/home/appuser/aido-auto/ros/catkin_ws/src/demo/scripts/demo_node.py', '__name:=demo_node']]
[roslaunch][INFO] 2020-09-02 09:38:03,846: ... created process [demo_node-2]
[roslaunch.pmon][INFO] 2020-09-02 09:38:03,846: ProcessMonitor.register[demo_node-2]
[roslaunch.pmon][INFO] 2020-09-02 09:38:03,846: ProcessMonitor.register[demo_node-2] complete
[roslaunch][INFO] 2020-09-02 09:38:03,846: ... registered process [demo_node-2]
[roslaunch][INFO] 2020-09-02 09:38:03,847: process[demo_node-2]: starting os process
[roslaunch][INFO] 2020-09-02 09:38:03,847: process[demo_node-2]: start w/ args [['/home/appuser/aido-auto/ros/catkin_ws/src/demo/scripts/demo_node.py', '__name:=demo_node', '__log:=/home/appuser/.ros/log/ff537c98-ecff-11ea-b5cd-0242ac110003/demo_node-2.log']]
[roslaunch][INFO] 2020-09-02 09:38:03,847: process[demo_node-2]: cwd will be [/home/appuser/.ros]
[roslaunch][ERROR] 2020-09-02 09:38:03,854: OSError(8, Exec format error)
[roslaunch.pmon][INFO] 2020-09-02 09:38:03,858: ProcessMonitor.shutdown <ProcessMonitor(ProcessMonitor-1, started daemon 140144496068352)>
[roslaunch.pmon][INFO] 2020-09-02 09:38:03,867: ProcessMonitor._post_run <ProcessMonitor(ProcessMonitor-1, started daemon 140144496068352)>
[roslaunch.pmon][INFO] 2020-09-02 09:38:03,868: ProcessMonitor._post_run <ProcessMonitor(ProcessMonitor-1, started daemon 140144496068352)>: remaining procs are [<roslaunch.nodeprocess.LocalProcess object at 0x7f75d5b53f60>, <roslaunch.nodeprocess.LocalProcess object at 0x7f75d5bc0048>, <roslaunch.nodeprocess.LocalProcess object at 0x7f75d5baf0b8>]
[roslaunch.pmon][INFO] 2020-09-02 09:38:03,868: ProcessMonitor exit: killing demo_node-2
[roslaunch][INFO] 2020-09-02 09:38:03,868: [demo_node-2] killing on exit
[roslaunch.pmon][INFO] 2020-09-02 09:38:03,871: ProcessMonitor exit: killing rosout-1
[roslaunch][INFO] 2020-09-02 09:38:03,871: [rosout-1] killing on exit
[roslaunch][INFO] 2020-09-02 09:38:03,871: process[rosout-1]: killing os process with pid[161] pgid[161]
[roslaunch][INFO] 2020-09-02 09:38:03,872: [rosout-1] sending SIGINT to pgid [161]
[roslaunch][INFO] 2020-09-02 09:38:03,872: [rosout-1] sent SIGINT to pgid [161]
[roslaunch][INFO] 2020-09-02 09:38:04,072: process[rosout-1]: SIGINT killed with return value 0
[roslaunch.pmon][INFO] 2020-09-02 09:38:04,072: ProcessMonitor exit: killing master
[roslaunch][INFO] 2020-09-02 09:38:04,073: [master] killing on exit
[roslaunch][INFO] 2020-09-02 09:38:04,073: process[master]: killing os process with pid[150] pgid[150]
[roslaunch][INFO] 2020-09-02 09:38:04,073: [master] sending SIGINT to pgid [150]
[roslaunch][INFO] 2020-09-02 09:38:04,073: [master] sent SIGINT to pgid [150]
[roslaunch][INFO] 2020-09-02 09:38:04,273: process[master]: SIGINT killed with return value 0
[roslaunch.pmon][INFO] 2020-09-02 09:38:04,274: ProcessMonitor exit: cleaning up data structures and signals
[roslaunch.pmon][INFO] 2020-09-02 09:38:04,274: ProcessMonitor exit: pmon has shutdown
[rospy.core][INFO] 2020-09-02 09:38:04,274: signal_shutdown [atexit]
