[roslaunch.parent][INFO] 2022-06-10 12:15:52,972: starting roslaunch parent run
[roslaunch][INFO] 2022-06-10 12:15:52,972: loading roscore config file /opt/ros/melodic/etc/ros/roscore.xml
[roslaunch][INFO] 2022-06-10 12:15:53,130: Added core node of type [rosout/rosout] in namespace [/]
[roslaunch.config][INFO] 2022-06-10 12:15:53,131: loading config file /home/appuser/aido-auto/ros/catkin_ws/src/demo/launch/demo_node.launch
[roslaunch][INFO] 2022-06-10 12:15:53,133: Added node of type [demo/demo_node.py] in namespace [/]
[roslaunch][INFO] 2022-06-10 12:15:53,133: Added node of type [rosbag/record] in namespace [/]
[roslaunch][INFO] 2022-06-10 12:15:53,134: ... selected machine [] for node of type [demo/demo_node.py]
[roslaunch][INFO] 2022-06-10 12:15:53,134: ... selected machine [] for node of type [rosbag/record]
[roslaunch.pmon][INFO] 2022-06-10 12:15:53,136: start_process_monitor: creating ProcessMonitor
[roslaunch.pmon][INFO] 2022-06-10 12:15:53,136: created process monitor <ProcessMonitor(ProcessMonitor-1, initial daemon)>
[roslaunch.pmon][INFO] 2022-06-10 12:15:53,137: start_process_monitor: ProcessMonitor started
[roslaunch.parent][INFO] 2022-06-10 12:15:53,137: starting parent XML-RPC server
[roslaunch.server][INFO] 2022-06-10 12:15:53,137: starting roslaunch XML-RPC server
[roslaunch.server][INFO] 2022-06-10 12:15:53,137: waiting for roslaunch XML-RPC server to initialize
[xmlrpc][INFO] 2022-06-10 12:15:53,137: XML-RPC server binding to 0.0.0.0:0
[xmlrpc][INFO] 2022-06-10 12:15:53,138: Started XML-RPC server [http://384d835d9f02:35105/]
[xmlrpc][INFO] 2022-06-10 12:15:53,138: xml rpc node: starting XML-RPC server
[roslaunch][INFO] 2022-06-10 12:15:53,150: started roslaunch server http://384d835d9f02:35105/
[roslaunch.parent][INFO] 2022-06-10 12:15:53,150: ... parent XML-RPC server started
[roslaunch][INFO] 2022-06-10 12:15:53,150: master.is_running[http://localhost:11311]
[roslaunch][INFO] 2022-06-10 12:15:53,151: auto-starting new master
[roslaunch][INFO] 2022-06-10 12:15:53,151: create_master_process: rosmaster, /opt/ros/melodic/share/ros, 11311, 3, None, False
[roslaunch][INFO] 2022-06-10 12:15:53,151: process[master]: launching with args [['rosmaster', '--core', '-p', '11311', '-w', '3']]
[roslaunch.pmon][INFO] 2022-06-10 12:15:53,151: ProcessMonitor.register[master]
[roslaunch.pmon][INFO] 2022-06-10 12:15:53,152: ProcessMonitor.register[master] complete
[roslaunch][INFO] 2022-06-10 12:15:53,152: process[master]: starting os process
[roslaunch][INFO] 2022-06-10 12:15:53,152: process[master]: start w/ args [['rosmaster', '--core', '-p', '11311', '-w', '3', '__log:=/home/appuser/.ros/log/126bbc00-e8b7-11ec-a88b-0242ac110003/master.log']]
[roslaunch][INFO] 2022-06-10 12:15:53,152: process[master]: cwd will be [/home/appuser/.ros]
[roslaunch][INFO] 2022-06-10 12:15:53,158: process[master]: started with pid [161]
[roslaunch][INFO] 2022-06-10 12:15:53,159: master.is_running[http://localhost:11311]
[roslaunch][INFO] 2022-06-10 12:15:53,260: master.is_running[http://localhost:11311]
[roslaunch][INFO] 2022-06-10 12:15:53,361: master.is_running[http://localhost:11311]
[roslaunch][INFO] 2022-06-10 12:15:53,462: master.is_running[http://localhost:11311]
[roslaunch][INFO] 2022-06-10 12:15:53,563: master.is_running[http://localhost:11311]
[roslaunch][INFO] 2022-06-10 12:15:53,665: master.is_running[http://localhost:11311]
[roslaunch][INFO] 2022-06-10 12:15:53,766: master.is_running[http://localhost:11311]
[roslaunch][INFO] 2022-06-10 12:15:53,867: master.is_running[http://localhost:11311]
[roslaunch][INFO] 2022-06-10 12:15:53,968: master.is_running[http://localhost:11311]
[roslaunch][INFO] 2022-06-10 12:15:54,069: master.is_running[http://localhost:11311]
[roslaunch][INFO] 2022-06-10 12:15:54,170: master.is_running[http://localhost:11311]
[roslaunch][INFO] 2022-06-10 12:15:54,271: master.is_running[http://localhost:11311]
[roslaunch][INFO] 2022-06-10 12:15:54,275: master.is_running[http://localhost:11311]
[roslaunch][INFO] 2022-06-10 12:15:54,277: ROS_MASTER_URI=http://localhost:11311
[roslaunch][INFO] 2022-06-10 12:15:54,278: setting /run_id to 126bbc00-e8b7-11ec-a88b-0242ac110003
[roslaunch][INFO] 2022-06-10 12:15:54,279: setting /roslaunch/uris/host_384d835d9f02__35105' to http://384d835d9f02:35105/
[roslaunch][INFO] 2022-06-10 12:15:54,281: ... preparing to launch node of type [rosout/rosout]
[roslaunch][INFO] 2022-06-10 12:15:54,281: create_node_process: package[rosout] type[rosout] machine[Machine(name[] env_loader[None] address[localhost] ssh_port[22] user[None] assignable[True] timeout[10.0])] master_uri[http://localhost:11311]
[roslaunch][INFO] 2022-06-10 12:15:54,282: process[rosout-1]: env[{'DISPLAY': ':99', 'XAUTHORITY': '/tmp/appuser.xvfb.auth', 'LC_ALL': 'C.UTF-8', 'LD_LIBRARY_PATH': '/usr/local/lib/python3.6/dist-packages/cv2/../../lib64:/home/appuser/aido-auto/ros/catkin_ws/devel/lib:/opt/ros/melodic/lib', 'LANG': 'C.UTF-8', 'HOSTNAME': '384d835d9f02', 'ROS_ETC_DIR': '/opt/ros/melodic/etc/ros', 'PUBLISHER_DROP_FOLDER': '/home/appuser/publisher-drop', 'PWD': '/home/appuser/aido-auto/gym-duckietown', 'HOME': '/home/appuser', 'CMAKE_PREFIX_PATH': '/home/appuser/aido-auto/ros/catkin_ws/devel:/opt/ros/melodic', 'ROS_ROOT': '/opt/ros/melodic/share/ros', 'ROS_MASTER_URI': 'http://localhost:11311', 'ROS_VERSION': '1', 'TERM': 'xterm', 'ROS_PYTHON_VERSION': '2', 'SHLVL': '4', 'PYTHONPATH': '/home/appuser/aido-auto/ros/catkin_ws/devel/lib/python2.7/dist-packages:/opt/ros/melodic/lib/python2.7/dist-packages', 'ROS_PACKAGE_PATH': '/home/appuser/aido-auto/ros/catkin_ws/src:/opt/ros/melodic/share', 'ROSLISP_PACKAGE_DIRECTORIES': '/home/appuser/aido-auto/ros/catkin_ws/devel/share/common-lisp', 'PATH': '/opt/ros/melodic/bin:/usr/local/sbin:/usr/local/bin:/usr/sbin:/usr/bin:/sbin:/bin', 'PKG_CONFIG_PATH': '/home/appuser/aido-auto/ros/catkin_ws/devel/lib/pkgconfig:/opt/ros/melodic/lib/pkgconfig', 'ROS_DISTRO': 'melodic', '_': '/usr/bin/timeout', 'QT_QPA_PLATFORM_PLUGIN_PATH': '/usr/local/lib/python3.6/dist-packages/cv2/qt/plugins', 'QT_QPA_FONTDIR': '/usr/local/lib/python3.6/dist-packages/cv2/qt/fonts', 'ROS_LOG_FILENAME': '/home/appuser/.ros/log/126bbc00-e8b7-11ec-a88b-0242ac110003/roslaunch-384d835d9f02-146.log'}]
[roslaunch][INFO] 2022-06-10 12:15:54,306: process[rosout-1]: args[['/opt/ros/melodic/lib/rosout/rosout', '__name:=rosout']]
[roslaunch][INFO] 2022-06-10 12:15:54,306: ... created process [rosout-1]
[roslaunch.pmon][INFO] 2022-06-10 12:15:54,306: ProcessMonitor.register[rosout-1]
[roslaunch.pmon][INFO] 2022-06-10 12:15:54,307: ProcessMonitor.register[rosout-1] complete
[roslaunch][INFO] 2022-06-10 12:15:54,307: ... registered process [rosout-1]
[roslaunch][INFO] 2022-06-10 12:15:54,307: process[rosout-1]: starting os process
[roslaunch][INFO] 2022-06-10 12:15:54,307: process[rosout-1]: start w/ args [['/opt/ros/melodic/lib/rosout/rosout', '__name:=rosout', '__log:=/home/appuser/.ros/log/126bbc00-e8b7-11ec-a88b-0242ac110003/rosout-1.log']]
[roslaunch][INFO] 2022-06-10 12:15:54,307: process[rosout-1]: cwd will be [/home/appuser/.ros]
[roslaunch][INFO] 2022-06-10 12:15:54,313: process[rosout-1]: started with pid [172]
[roslaunch][INFO] 2022-06-10 12:15:54,314: ... successfully launched [rosout-1]
[roslaunch][INFO] 2022-06-10 12:15:54,314: load_parameters starting ...
[roslaunch][INFO] 2022-06-10 12:15:54,318: ... load_parameters complete
[roslaunch][INFO] 2022-06-10 12:15:54,318: launch_nodes: launching local nodes ...
[roslaunch][INFO] 2022-06-10 12:15:54,318: ... preparing to launch node of type [demo/demo_node.py]
[roslaunch][INFO] 2022-06-10 12:15:54,319: create_node_process: package[demo] type[demo_node.py] machine[Machine(name[] env_loader[None] address[localhost] ssh_port[22] user[None] assignable[True] timeout[10.0])] master_uri[http://localhost:11311]
[roslaunch][INFO] 2022-06-10 12:15:54,319: process[demo_node-2]: env[{'DISPLAY': ':99', 'XAUTHORITY': '/tmp/appuser.xvfb.auth', 'LC_ALL': 'C.UTF-8', 'LD_LIBRARY_PATH': '/usr/local/lib/python3.6/dist-packages/cv2/../../lib64:/home/appuser/aido-auto/ros/catkin_ws/devel/lib:/opt/ros/melodic/lib', 'LANG': 'C.UTF-8', 'HOSTNAME': '384d835d9f02', 'ROS_ETC_DIR': '/opt/ros/melodic/etc/ros', 'PUBLISHER_DROP_FOLDER': '/home/appuser/publisher-drop', 'PWD': '/home/appuser/aido-auto/gym-duckietown', 'HOME': '/home/appuser', 'CMAKE_PREFIX_PATH': '/home/appuser/aido-auto/ros/catkin_ws/devel:/opt/ros/melodic', 'ROS_ROOT': '/opt/ros/melodic/share/ros', 'ROS_MASTER_URI': 'http://localhost:11311', 'ROS_VERSION': '1', 'TERM': 'xterm', 'ROS_PYTHON_VERSION': '2', 'SHLVL': '4', 'PYTHONPATH': '/home/appuser/aido-auto/ros/catkin_ws/devel/lib/python2.7/dist-packages:/opt/ros/melodic/lib/python2.7/dist-packages', 'ROS_PACKAGE_PATH': '/home/appuser/aido-auto/ros/catkin_ws/src:/opt/ros/melodic/share', 'ROSLISP_PACKAGE_DIRECTORIES': '/home/appuser/aido-auto/ros/catkin_ws/devel/share/common-lisp', 'PATH': '/opt/ros/melodic/bin:/usr/local/sbin:/usr/local/bin:/usr/sbin:/usr/bin:/sbin:/bin', 'PKG_CONFIG_PATH': '/home/appuser/aido-auto/ros/catkin_ws/devel/lib/pkgconfig:/opt/ros/melodic/lib/pkgconfig', 'ROS_DISTRO': 'melodic', '_': '/usr/bin/timeout', 'QT_QPA_PLATFORM_PLUGIN_PATH': '/usr/local/lib/python3.6/dist-packages/cv2/qt/plugins', 'QT_QPA_FONTDIR': '/usr/local/lib/python3.6/dist-packages/cv2/qt/fonts', 'ROS_LOG_FILENAME': '/home/appuser/.ros/log/126bbc00-e8b7-11ec-a88b-0242ac110003/roslaunch-384d835d9f02-146.log'}]
[roslaunch][INFO] 2022-06-10 12:15:54,320: process[demo_node-2]: args[['/home/appuser/aido-auto/ros/catkin_ws/src/demo/scripts/demo_node.py', '__name:=demo_node']]
[roslaunch][INFO] 2022-06-10 12:15:54,320: ... created process [demo_node-2]
[roslaunch.pmon][INFO] 2022-06-10 12:15:54,320: ProcessMonitor.register[demo_node-2]
[roslaunch.pmon][INFO] 2022-06-10 12:15:54,321: ProcessMonitor.register[demo_node-2] complete
[roslaunch][INFO] 2022-06-10 12:15:54,321: ... registered process [demo_node-2]
[roslaunch][INFO] 2022-06-10 12:15:54,321: process[demo_node-2]: starting os process
[roslaunch][INFO] 2022-06-10 12:15:54,321: process[demo_node-2]: start w/ args [['/home/appuser/aido-auto/ros/catkin_ws/src/demo/scripts/demo_node.py', '__name:=demo_node', '__log:=/home/appuser/.ros/log/126bbc00-e8b7-11ec-a88b-0242ac110003/demo_node-2.log']]
[roslaunch][INFO] 2022-06-10 12:15:54,321: process[demo_node-2]: cwd will be [/home/appuser/.ros]
[roslaunch][ERROR] 2022-06-10 12:15:54,325: OSError(8, Exec format error)
[roslaunch.pmon][INFO] 2022-06-10 12:15:54,330: ProcessMonitor.shutdown <ProcessMonitor(ProcessMonitor-1, started daemon 140639580317440)>
[roslaunch.pmon][INFO] 2022-06-10 12:15:54,340: ProcessMonitor._post_run <ProcessMonitor(ProcessMonitor-1, started daemon 140639580317440)>
[roslaunch.pmon][INFO] 2022-06-10 12:15:54,341: ProcessMonitor._post_run <ProcessMonitor(ProcessMonitor-1, started daemon 140639580317440)>: remaining procs are [<roslaunch.nodeprocess.LocalProcess object at 0x7fe9109e06a0>, <roslaunch.nodeprocess.LocalProcess object at 0x7fe9109c0b70>, <roslaunch.nodeprocess.LocalProcess object at 0x7fe910aa1518>]
[roslaunch.pmon][INFO] 2022-06-10 12:15:54,341: ProcessMonitor exit: killing demo_node-2
[roslaunch][INFO] 2022-06-10 12:15:54,341: [demo_node-2] killing on exit
[roslaunch.pmon][INFO] 2022-06-10 12:15:54,342: ProcessMonitor exit: killing rosout-1
[roslaunch][INFO] 2022-06-10 12:15:54,342: [rosout-1] killing on exit
[roslaunch][INFO] 2022-06-10 12:15:54,343: process[rosout-1]: killing os process with pid[172] pgid[172]
[roslaunch][INFO] 2022-06-10 12:15:54,343: [rosout-1] sending SIGINT to pgid [172]
[roslaunch][INFO] 2022-06-10 12:15:54,343: [rosout-1] sent SIGINT to pgid [172]
[roslaunch][INFO] 2022-06-10 12:15:54,443: process[rosout-1]: SIGINT killed with return value -2
[roslaunch.pmon][INFO] 2022-06-10 12:15:54,443: ProcessMonitor exit: killing master
[roslaunch][INFO] 2022-06-10 12:15:54,444: [master] killing on exit
[roslaunch][INFO] 2022-06-10 12:15:54,444: process[master]: killing os process with pid[161] pgid[161]
[roslaunch][INFO] 2022-06-10 12:15:54,444: [master] sending SIGINT to pgid [161]
[roslaunch][INFO] 2022-06-10 12:15:54,444: [master] sent SIGINT to pgid [161]
[roslaunch][INFO] 2022-06-10 12:15:54,644: process[master]: SIGINT killed with return value 0
[roslaunch.pmon][INFO] 2022-06-10 12:15:54,645: ProcessMonitor exit: cleaning up data structures and signals
[roslaunch.pmon][INFO] 2022-06-10 12:15:54,645: ProcessMonitor exit: pmon has shutdown
[rospy.core][INFO] 2022-06-10 12:15:54,645: signal_shutdown [atexit]
