[roslaunch.parent][INFO] 2020-08-31 15:11:59,759: starting roslaunch parent run
[roslaunch][INFO] 2020-08-31 15:11:59,759: loading roscore config file /opt/ros/melodic/etc/ros/roscore.xml
[roslaunch][INFO] 2020-08-31 15:11:59,974: Added core node of type [rosout/rosout] in namespace [/]
[roslaunch.config][INFO] 2020-08-31 15:11:59,974: loading config file /home/appuser/aido-auto/ros/catkin_ws/src/demo/launch/demo_node.launch
[roslaunch][INFO] 2020-08-31 15:11:59,975: Added node of type [demo/demo_node.py] in namespace [/]
[roslaunch][INFO] 2020-08-31 15:11:59,975: Added node of type [rosbag/record] in namespace [/]
[roslaunch][INFO] 2020-08-31 15:11:59,975: ... selected machine [] for node of type [demo/demo_node.py]
[roslaunch][INFO] 2020-08-31 15:11:59,976: ... selected machine [] for node of type [rosbag/record]
[roslaunch.pmon][INFO] 2020-08-31 15:11:59,977: start_process_monitor: creating ProcessMonitor
[roslaunch.pmon][INFO] 2020-08-31 15:11:59,977: created process monitor <ProcessMonitor(ProcessMonitor-1, initial daemon)>
[roslaunch.pmon][INFO] 2020-08-31 15:11:59,977: start_process_monitor: ProcessMonitor started
[roslaunch.parent][INFO] 2020-08-31 15:11:59,977: starting parent XML-RPC server
[roslaunch.server][INFO] 2020-08-31 15:11:59,978: starting roslaunch XML-RPC server
[roslaunch.server][INFO] 2020-08-31 15:11:59,978: waiting for roslaunch XML-RPC server to initialize
[xmlrpc][INFO] 2020-08-31 15:11:59,978: XML-RPC server binding to 0.0.0.0:0
[xmlrpc][INFO] 2020-08-31 15:11:59,978: Started XML-RPC server [http://9cef02a2955f:36231/]
[xmlrpc][INFO] 2020-08-31 15:11:59,979: xml rpc node: starting XML-RPC server
[roslaunch][INFO] 2020-08-31 15:11:59,990: started roslaunch server http://9cef02a2955f:36231/
[roslaunch.parent][INFO] 2020-08-31 15:11:59,990: ... parent XML-RPC server started
[roslaunch][INFO] 2020-08-31 15:11:59,991: master.is_running[http://localhost:11311]
[roslaunch][INFO] 2020-08-31 15:11:59,992: auto-starting new master
[roslaunch][INFO] 2020-08-31 15:11:59,992: create_master_process: rosmaster, /opt/ros/melodic/share/ros, 11311, 3, None, False
[roslaunch][INFO] 2020-08-31 15:11:59,992: process[master]: launching with args [['rosmaster', '--core', '-p', '11311', '-w', '3']]
[roslaunch.pmon][INFO] 2020-08-31 15:11:59,993: ProcessMonitor.register[master]
[roslaunch.pmon][INFO] 2020-08-31 15:11:59,993: ProcessMonitor.register[master] complete
[roslaunch][INFO] 2020-08-31 15:11:59,993: process[master]: starting os process
[roslaunch][INFO] 2020-08-31 15:11:59,993: process[master]: start w/ args [['rosmaster', '--core', '-p', '11311', '-w', '3', '__log:=/home/appuser/.ros/log/5129639e-eb9c-11ea-b548-0242ac110003/master.log']]
[roslaunch][INFO] 2020-08-31 15:11:59,993: process[master]: cwd will be [/home/appuser/.ros]
[roslaunch][INFO] 2020-08-31 15:11:59,998: process[master]: started with pid [144]
[roslaunch][INFO] 2020-08-31 15:11:59,998: master.is_running[http://localhost:11311]
[roslaunch][INFO] 2020-08-31 15:12:00,099: master.is_running[http://localhost:11311]
[roslaunch][INFO] 2020-08-31 15:12:00,201: master.is_running[http://localhost:11311]
[roslaunch][INFO] 2020-08-31 15:12:00,302: master.is_running[http://localhost:11311]
[roslaunch][INFO] 2020-08-31 15:12:00,305: master.is_running[http://localhost:11311]
[roslaunch][INFO] 2020-08-31 15:12:00,307: ROS_MASTER_URI=http://localhost:11311
[roslaunch][INFO] 2020-08-31 15:12:00,308: setting /run_id to 5129639e-eb9c-11ea-b548-0242ac110003
[roslaunch][INFO] 2020-08-31 15:12:00,310: setting /roslaunch/uris/host_9cef02a2955f__36231' to http://9cef02a2955f:36231/
[roslaunch][INFO] 2020-08-31 15:12:00,312: ... preparing to launch node of type [rosout/rosout]
[roslaunch][INFO] 2020-08-31 15:12:00,312: create_node_process: package[rosout] type[rosout] machine[Machine(name[] env_loader[None] address[localhost] ssh_port[22] user[None] assignable[True] timeout[10.0])] master_uri[http://localhost:11311]
[roslaunch][INFO] 2020-08-31 15:12:00,312: process[rosout-1]: env[{'DISPLAY': ':99', 'XAUTHORITY': '/tmp/appuser.xvfb.auth', 'LC_ALL': 'C.UTF-8', 'LD_LIBRARY_PATH': '/home/appuser/aido-auto/ros/catkin_ws/devel/lib:/opt/ros/melodic/lib', 'LANG': 'C.UTF-8', 'HOSTNAME': '9cef02a2955f', 'ROS_ETC_DIR': '/opt/ros/melodic/etc/ros', 'PUBLISHER_DROP_FOLDER': '/home/appuser/publisher-drop', 'PWD': '/home/appuser/aido-auto/gym-duckietown', 'HOME': '/home/appuser', 'CMAKE_PREFIX_PATH': '/home/appuser/aido-auto/ros/catkin_ws/devel:/opt/ros/melodic', 'ROS_ROOT': '/opt/ros/melodic/share/ros', 'ROS_MASTER_URI': 'http://localhost:11311', 'ROS_VERSION': '1', 'TERM': 'xterm', 'ROS_PYTHON_VERSION': '2', 'SHLVL': '4', 'PYTHONPATH': '/home/appuser/aido-auto/ros/catkin_ws/devel/lib/python2.7/dist-packages:/opt/ros/melodic/lib/python2.7/dist-packages', 'ROS_PACKAGE_PATH': '/home/appuser/aido-auto/ros/catkin_ws/src:/opt/ros/melodic/share', 'ROSLISP_PACKAGE_DIRECTORIES': '/home/appuser/aido-auto/ros/catkin_ws/devel/share/common-lisp', 'PATH': '/opt/ros/melodic/bin:/usr/local/sbin:/usr/local/bin:/usr/sbin:/usr/bin:/sbin:/bin', 'PKG_CONFIG_PATH': '/home/appuser/aido-auto/ros/catkin_ws/devel/lib/pkgconfig:/opt/ros/melodic/lib/pkgconfig', 'ROS_DISTRO': 'melodic', '_': '/usr/bin/timeout', 'ROS_LOG_FILENAME': '/home/appuser/.ros/log/5129639e-eb9c-11ea-b548-0242ac110003/roslaunch-9cef02a2955f-133.log'}]
[roslaunch][INFO] 2020-08-31 15:12:00,339: process[rosout-1]: args[['/opt/ros/melodic/lib/rosout/rosout', '__name:=rosout']]
[roslaunch][INFO] 2020-08-31 15:12:00,339: ... created process [rosout-1]
[roslaunch.pmon][INFO] 2020-08-31 15:12:00,339: ProcessMonitor.register[rosout-1]
[roslaunch.pmon][INFO] 2020-08-31 15:12:00,339: ProcessMonitor.register[rosout-1] complete
[roslaunch][INFO] 2020-08-31 15:12:00,340: ... registered process [rosout-1]
[roslaunch][INFO] 2020-08-31 15:12:00,340: process[rosout-1]: starting os process
[roslaunch][INFO] 2020-08-31 15:12:00,340: process[rosout-1]: start w/ args [['/opt/ros/melodic/lib/rosout/rosout', '__name:=rosout', '__log:=/home/appuser/.ros/log/5129639e-eb9c-11ea-b548-0242ac110003/rosout-1.log']]
[roslaunch][INFO] 2020-08-31 15:12:00,340: process[rosout-1]: cwd will be [/home/appuser/.ros]
[roslaunch][INFO] 2020-08-31 15:12:00,345: process[rosout-1]: started with pid [155]
[roslaunch][INFO] 2020-08-31 15:12:00,346: ... successfully launched [rosout-1]
[roslaunch][INFO] 2020-08-31 15:12:00,347: load_parameters starting ...
[roslaunch][INFO] 2020-08-31 15:12:00,352: ... load_parameters complete
[roslaunch][INFO] 2020-08-31 15:12:00,352: launch_nodes: launching local nodes ...
[roslaunch][INFO] 2020-08-31 15:12:00,353: ... preparing to launch node of type [demo/demo_node.py]
[roslaunch][INFO] 2020-08-31 15:12:00,353: create_node_process: package[demo] type[demo_node.py] machine[Machine(name[] env_loader[None] address[localhost] ssh_port[22] user[None] assignable[True] timeout[10.0])] master_uri[http://localhost:11311]
[roslaunch][INFO] 2020-08-31 15:12:00,353: process[demo_node-2]: env[{'DISPLAY': ':99', 'XAUTHORITY': '/tmp/appuser.xvfb.auth', 'LC_ALL': 'C.UTF-8', 'LD_LIBRARY_PATH': '/home/appuser/aido-auto/ros/catkin_ws/devel/lib:/opt/ros/melodic/lib', 'LANG': 'C.UTF-8', 'HOSTNAME': '9cef02a2955f', 'ROS_ETC_DIR': '/opt/ros/melodic/etc/ros', 'PUBLISHER_DROP_FOLDER': '/home/appuser/publisher-drop', 'PWD': '/home/appuser/aido-auto/gym-duckietown', 'HOME': '/home/appuser', 'CMAKE_PREFIX_PATH': '/home/appuser/aido-auto/ros/catkin_ws/devel:/opt/ros/melodic', 'ROS_ROOT': '/opt/ros/melodic/share/ros', 'ROS_MASTER_URI': 'http://localhost:11311', 'ROS_VERSION': '1', 'TERM': 'xterm', 'ROS_PYTHON_VERSION': '2', 'SHLVL': '4', 'PYTHONPATH': '/home/appuser/aido-auto/ros/catkin_ws/devel/lib/python2.7/dist-packages:/opt/ros/melodic/lib/python2.7/dist-packages', 'ROS_PACKAGE_PATH': '/home/appuser/aido-auto/ros/catkin_ws/src:/opt/ros/melodic/share', 'ROSLISP_PACKAGE_DIRECTORIES': '/home/appuser/aido-auto/ros/catkin_ws/devel/share/common-lisp', 'PATH': '/opt/ros/melodic/bin:/usr/local/sbin:/usr/local/bin:/usr/sbin:/usr/bin:/sbin:/bin', 'PKG_CONFIG_PATH': '/home/appuser/aido-auto/ros/catkin_ws/devel/lib/pkgconfig:/opt/ros/melodic/lib/pkgconfig', 'ROS_DISTRO': 'melodic', '_': '/usr/bin/timeout', 'ROS_LOG_FILENAME': '/home/appuser/.ros/log/5129639e-eb9c-11ea-b548-0242ac110003/roslaunch-9cef02a2955f-133.log'}]
[roslaunch][INFO] 2020-08-31 15:12:00,356: process[demo_node-2]: args[['/home/appuser/aido-auto/ros/catkin_ws/src/demo/scripts/demo_node.py', '__name:=demo_node']]
[roslaunch][INFO] 2020-08-31 15:12:00,356: ... created process [demo_node-2]
[roslaunch.pmon][INFO] 2020-08-31 15:12:00,356: ProcessMonitor.register[demo_node-2]
[roslaunch.pmon][INFO] 2020-08-31 15:12:00,356: ProcessMonitor.register[demo_node-2] complete
[roslaunch][INFO] 2020-08-31 15:12:00,357: ... registered process [demo_node-2]
[roslaunch][INFO] 2020-08-31 15:12:00,357: process[demo_node-2]: starting os process
[roslaunch][INFO] 2020-08-31 15:12:00,357: process[demo_node-2]: start w/ args [['/home/appuser/aido-auto/ros/catkin_ws/src/demo/scripts/demo_node.py', '__name:=demo_node', '__log:=/home/appuser/.ros/log/5129639e-eb9c-11ea-b548-0242ac110003/demo_node-2.log']]
[roslaunch][INFO] 2020-08-31 15:12:00,357: process[demo_node-2]: cwd will be [/home/appuser/.ros]
[roslaunch][INFO] 2020-08-31 15:12:00,364: process[demo_node-2]: started with pid [158]
[roslaunch][INFO] 2020-08-31 15:12:00,365: ... successfully launched [demo_node-2]
[roslaunch][INFO] 2020-08-31 15:12:00,365: ... preparing to launch node of type [rosbag/record]
[roslaunch][INFO] 2020-08-31 15:12:00,365: create_node_process: package[rosbag] type[record] machine[Machine(name[] env_loader[None] address[localhost] ssh_port[22] user[None] assignable[True] timeout[10.0])] master_uri[http://localhost:11311]
[roslaunch][INFO] 2020-08-31 15:12:00,366: process[record-3]: env[{'DISPLAY': ':99', 'XAUTHORITY': '/tmp/appuser.xvfb.auth', 'LC_ALL': 'C.UTF-8', 'LD_LIBRARY_PATH': '/home/appuser/aido-auto/ros/catkin_ws/devel/lib:/opt/ros/melodic/lib', 'LANG': 'C.UTF-8', 'HOSTNAME': '9cef02a2955f', 'ROS_ETC_DIR': '/opt/ros/melodic/etc/ros', 'PUBLISHER_DROP_FOLDER': '/home/appuser/publisher-drop', 'PWD': '/home/appuser/aido-auto/gym-duckietown', 'HOME': '/home/appuser', 'CMAKE_PREFIX_PATH': '/home/appuser/aido-auto/ros/catkin_ws/devel:/opt/ros/melodic', 'ROS_ROOT': '/opt/ros/melodic/share/ros', 'ROS_MASTER_URI': 'http://localhost:11311', 'ROS_VERSION': '1', 'TERM': 'xterm', 'ROS_PYTHON_VERSION': '2', 'SHLVL': '4', 'PYTHONPATH': '/home/appuser/aido-auto/ros/catkin_ws/devel/lib/python2.7/dist-packages:/opt/ros/melodic/lib/python2.7/dist-packages', 'ROS_PACKAGE_PATH': '/home/appuser/aido-auto/ros/catkin_ws/src:/opt/ros/melodic/share', 'ROSLISP_PACKAGE_DIRECTORIES': '/home/appuser/aido-auto/ros/catkin_ws/devel/share/common-lisp', 'PATH': '/opt/ros/melodic/bin:/usr/local/sbin:/usr/local/bin:/usr/sbin:/usr/bin:/sbin:/bin', 'PKG_CONFIG_PATH': '/home/appuser/aido-auto/ros/catkin_ws/devel/lib/pkgconfig:/opt/ros/melodic/lib/pkgconfig', 'ROS_DISTRO': 'melodic', '_': '/usr/bin/timeout', 'ROS_LOG_FILENAME': '/home/appuser/.ros/log/5129639e-eb9c-11ea-b548-0242ac110003/roslaunch-9cef02a2955f-133.log'}]
[roslaunch][INFO] 2020-08-31 15:12:00,367: process[record-3]: args[['/opt/ros/melodic/lib/rosbag/record', '-a', '__name:=record']]
[roslaunch][INFO] 2020-08-31 15:12:00,368: ... created process [record-3]
[roslaunch.pmon][INFO] 2020-08-31 15:12:00,368: ProcessMonitor.register[record-3]
[roslaunch.pmon][INFO] 2020-08-31 15:12:00,368: ProcessMonitor.register[record-3] complete
[roslaunch][INFO] 2020-08-31 15:12:00,368: ... registered process [record-3]
[roslaunch][INFO] 2020-08-31 15:12:00,368: process[record-3]: starting os process
[roslaunch][INFO] 2020-08-31 15:12:00,369: process[record-3]: start w/ args [['/opt/ros/melodic/lib/rosbag/record', '-a', '__name:=record', '__log:=/home/appuser/.ros/log/5129639e-eb9c-11ea-b548-0242ac110003/record-3.log']]
[roslaunch][INFO] 2020-08-31 15:12:00,369: process[record-3]: cwd will be [/home/appuser/.ros]
[roslaunch][INFO] 2020-08-31 15:12:00,382: process[record-3]: started with pid [163]
[roslaunch][INFO] 2020-08-31 15:12:00,383: ... successfully launched [record-3]
[roslaunch][INFO] 2020-08-31 15:12:00,383: ... launch_nodes complete
[roslaunch.pmon][INFO] 2020-08-31 15:12:00,383: registrations completed <ProcessMonitor(ProcessMonitor-1, started daemon 140293927474944)>
[roslaunch.parent][INFO] 2020-08-31 15:12:00,383: ... roslaunch parent running, waiting for process exit
