[roslaunch.parent][INFO] 2020-09-02 10:15:48,717: starting roslaunch parent run
[roslaunch][INFO] 2020-09-02 10:15:48,717: loading roscore config file /opt/ros/melodic/etc/ros/roscore.xml
[roslaunch][INFO] 2020-09-02 10:15:48,880: Added core node of type [rosout/rosout] in namespace [/]
[roslaunch.config][INFO] 2020-09-02 10:15:48,880: loading config file /home/appuser/aido-auto/ros/catkin_ws/src/demo/launch/demo_node.launch
[roslaunch][INFO] 2020-09-02 10:15:48,881: Added node of type [demo/demo_node.py] in namespace [/]
[roslaunch][INFO] 2020-09-02 10:15:48,881: Added node of type [rosbag/record] in namespace [/]
[roslaunch][INFO] 2020-09-02 10:15:48,881: ... selected machine [] for node of type [demo/demo_node.py]
[roslaunch][INFO] 2020-09-02 10:15:48,881: ... selected machine [] for node of type [rosbag/record]
[roslaunch.pmon][INFO] 2020-09-02 10:15:48,882: start_process_monitor: creating ProcessMonitor
[roslaunch.pmon][INFO] 2020-09-02 10:15:48,883: created process monitor <ProcessMonitor(ProcessMonitor-1, initial daemon)>
[roslaunch.pmon][INFO] 2020-09-02 10:15:48,883: start_process_monitor: ProcessMonitor started
[roslaunch.parent][INFO] 2020-09-02 10:15:48,883: starting parent XML-RPC server
[roslaunch.server][INFO] 2020-09-02 10:15:48,883: starting roslaunch XML-RPC server
[roslaunch.server][INFO] 2020-09-02 10:15:48,883: waiting for roslaunch XML-RPC server to initialize
[xmlrpc][INFO] 2020-09-02 10:15:48,884: XML-RPC server binding to 0.0.0.0:0
[xmlrpc][INFO] 2020-09-02 10:15:48,884: Started XML-RPC server [http://0ac1a4075d43:38679/]
[xmlrpc][INFO] 2020-09-02 10:15:48,885: xml rpc node: starting XML-RPC server
[roslaunch][INFO] 2020-09-02 10:15:48,896: started roslaunch server http://0ac1a4075d43:38679/
[roslaunch.parent][INFO] 2020-09-02 10:15:48,896: ... parent XML-RPC server started
[roslaunch][INFO] 2020-09-02 10:15:48,897: master.is_running[http://localhost:11311]
[roslaunch][INFO] 2020-09-02 10:15:48,897: auto-starting new master
[roslaunch][INFO] 2020-09-02 10:15:48,897: create_master_process: rosmaster, /opt/ros/melodic/share/ros, 11311, 3, None, False
[roslaunch][INFO] 2020-09-02 10:15:48,898: process[master]: launching with args [['rosmaster', '--core', '-p', '11311', '-w', '3']]
[roslaunch.pmon][INFO] 2020-09-02 10:15:48,898: ProcessMonitor.register[master]
[roslaunch.pmon][INFO] 2020-09-02 10:15:48,898: ProcessMonitor.register[master] complete
[roslaunch][INFO] 2020-09-02 10:15:48,898: process[master]: starting os process
[roslaunch][INFO] 2020-09-02 10:15:48,898: process[master]: start w/ args [['rosmaster', '--core', '-p', '11311', '-w', '3', '__log:=/home/appuser/.ros/log/459f91c8-ed05-11ea-a3a2-0242ac110003/master.log']]
[roslaunch][INFO] 2020-09-02 10:15:48,898: process[master]: cwd will be [/home/appuser/.ros]
[roslaunch][INFO] 2020-09-02 10:15:48,903: process[master]: started with pid [151]
[roslaunch][INFO] 2020-09-02 10:15:48,903: master.is_running[http://localhost:11311]
[roslaunch][INFO] 2020-09-02 10:15:49,004: master.is_running[http://localhost:11311]
[roslaunch][INFO] 2020-09-02 10:15:49,106: master.is_running[http://localhost:11311]
[roslaunch][INFO] 2020-09-02 10:15:49,207: master.is_running[http://localhost:11311]
[roslaunch][INFO] 2020-09-02 10:15:49,210: master.is_running[http://localhost:11311]
[roslaunch][INFO] 2020-09-02 10:15:49,211: ROS_MASTER_URI=http://localhost:11311
[roslaunch][INFO] 2020-09-02 10:15:49,213: setting /run_id to 459f91c8-ed05-11ea-a3a2-0242ac110003
[roslaunch][INFO] 2020-09-02 10:15:49,214: setting /roslaunch/uris/host_0ac1a4075d43__38679' to http://0ac1a4075d43:38679/
[roslaunch][INFO] 2020-09-02 10:15:49,216: ... preparing to launch node of type [rosout/rosout]
[roslaunch][INFO] 2020-09-02 10:15:49,216: create_node_process: package[rosout] type[rosout] machine[Machine(name[] env_loader[None] address[localhost] ssh_port[22] user[None] assignable[True] timeout[10.0])] master_uri[http://localhost:11311]
[roslaunch][INFO] 2020-09-02 10:15:49,217: process[rosout-1]: env[{'DISPLAY': ':99', 'XAUTHORITY': '/tmp/appuser.xvfb.auth', 'LC_ALL': 'C.UTF-8', 'LD_LIBRARY_PATH': '/home/appuser/aido-auto/ros/catkin_ws/devel/lib:/opt/ros/melodic/lib', 'LANG': 'C.UTF-8', 'HOSTNAME': '0ac1a4075d43', 'ROS_ETC_DIR': '/opt/ros/melodic/etc/ros', 'PUBLISHER_DROP_FOLDER': '/home/appuser/publisher-drop', 'PWD': '/home/appuser/aido-auto/gym-duckietown', 'HOME': '/home/appuser', 'CMAKE_PREFIX_PATH': '/home/appuser/aido-auto/ros/catkin_ws/devel:/opt/ros/melodic', 'ROS_ROOT': '/opt/ros/melodic/share/ros', 'ROS_MASTER_URI': 'http://localhost:11311', 'ROS_VERSION': '1', 'TERM': 'xterm', 'ROS_PYTHON_VERSION': '2', 'SHLVL': '4', 'PYTHONPATH': '/home/appuser/aido-auto/ros/catkin_ws/devel/lib/python2.7/dist-packages:/opt/ros/melodic/lib/python2.7/dist-packages', 'ROS_PACKAGE_PATH': '/home/appuser/aido-auto/ros/catkin_ws/src:/opt/ros/melodic/share', 'ROSLISP_PACKAGE_DIRECTORIES': '/home/appuser/aido-auto/ros/catkin_ws/devel/share/common-lisp', 'PATH': '/opt/ros/melodic/bin:/usr/local/sbin:/usr/local/bin:/usr/sbin:/usr/bin:/sbin:/bin', 'PKG_CONFIG_PATH': '/home/appuser/aido-auto/ros/catkin_ws/devel/lib/pkgconfig:/opt/ros/melodic/lib/pkgconfig', 'ROS_DISTRO': 'melodic', '_': '/usr/bin/timeout', 'QT_QPA_PLATFORM_PLUGIN_PATH': '/usr/local/lib/python3.6/dist-packages/cv2/qt/plugins', 'QT_QPA_FONTDIR': '/usr/local/lib/python3.6/dist-packages/cv2/qt/fonts', 'ROS_LOG_FILENAME': '/home/appuser/.ros/log/459f91c8-ed05-11ea-a3a2-0242ac110003/roslaunch-0ac1a4075d43-140.log'}]
[roslaunch][INFO] 2020-09-02 10:15:49,244: process[rosout-1]: args[['/opt/ros/melodic/lib/rosout/rosout', '__name:=rosout']]
[roslaunch][INFO] 2020-09-02 10:15:49,244: ... created process [rosout-1]
[roslaunch.pmon][INFO] 2020-09-02 10:15:49,244: ProcessMonitor.register[rosout-1]
[roslaunch.pmon][INFO] 2020-09-02 10:15:49,244: ProcessMonitor.register[rosout-1] complete
[roslaunch][INFO] 2020-09-02 10:15:49,244: ... registered process [rosout-1]
[roslaunch][INFO] 2020-09-02 10:15:49,244: process[rosout-1]: starting os process
[roslaunch][INFO] 2020-09-02 10:15:49,244: process[rosout-1]: start w/ args [['/opt/ros/melodic/lib/rosout/rosout', '__name:=rosout', '__log:=/home/appuser/.ros/log/459f91c8-ed05-11ea-a3a2-0242ac110003/rosout-1.log']]
[roslaunch][INFO] 2020-09-02 10:15:49,245: process[rosout-1]: cwd will be [/home/appuser/.ros]
[roslaunch][INFO] 2020-09-02 10:15:49,250: process[rosout-1]: started with pid [162]
[roslaunch][INFO] 2020-09-02 10:15:49,250: ... successfully launched [rosout-1]
[roslaunch][INFO] 2020-09-02 10:15:49,251: load_parameters starting ...
[roslaunch][INFO] 2020-09-02 10:15:49,257: ... load_parameters complete
[roslaunch][INFO] 2020-09-02 10:15:49,257: launch_nodes: launching local nodes ...
[roslaunch][INFO] 2020-09-02 10:15:49,257: ... preparing to launch node of type [demo/demo_node.py]
[roslaunch][INFO] 2020-09-02 10:15:49,257: create_node_process: package[demo] type[demo_node.py] machine[Machine(name[] env_loader[None] address[localhost] ssh_port[22] user[None] assignable[True] timeout[10.0])] master_uri[http://localhost:11311]
[roslaunch][INFO] 2020-09-02 10:15:49,258: process[demo_node-2]: env[{'DISPLAY': ':99', 'XAUTHORITY': '/tmp/appuser.xvfb.auth', 'LC_ALL': 'C.UTF-8', 'LD_LIBRARY_PATH': '/home/appuser/aido-auto/ros/catkin_ws/devel/lib:/opt/ros/melodic/lib', 'LANG': 'C.UTF-8', 'HOSTNAME': '0ac1a4075d43', 'ROS_ETC_DIR': '/opt/ros/melodic/etc/ros', 'PUBLISHER_DROP_FOLDER': '/home/appuser/publisher-drop', 'PWD': '/home/appuser/aido-auto/gym-duckietown', 'HOME': '/home/appuser', 'CMAKE_PREFIX_PATH': '/home/appuser/aido-auto/ros/catkin_ws/devel:/opt/ros/melodic', 'ROS_ROOT': '/opt/ros/melodic/share/ros', 'ROS_MASTER_URI': 'http://localhost:11311', 'ROS_VERSION': '1', 'TERM': 'xterm', 'ROS_PYTHON_VERSION': '2', 'SHLVL': '4', 'PYTHONPATH': '/home/appuser/aido-auto/ros/catkin_ws/devel/lib/python2.7/dist-packages:/opt/ros/melodic/lib/python2.7/dist-packages', 'ROS_PACKAGE_PATH': '/home/appuser/aido-auto/ros/catkin_ws/src:/opt/ros/melodic/share', 'ROSLISP_PACKAGE_DIRECTORIES': '/home/appuser/aido-auto/ros/catkin_ws/devel/share/common-lisp', 'PATH': '/opt/ros/melodic/bin:/usr/local/sbin:/usr/local/bin:/usr/sbin:/usr/bin:/sbin:/bin', 'PKG_CONFIG_PATH': '/home/appuser/aido-auto/ros/catkin_ws/devel/lib/pkgconfig:/opt/ros/melodic/lib/pkgconfig', 'ROS_DISTRO': 'melodic', '_': '/usr/bin/timeout', 'QT_QPA_PLATFORM_PLUGIN_PATH': '/usr/local/lib/python3.6/dist-packages/cv2/qt/plugins', 'QT_QPA_FONTDIR': '/usr/local/lib/python3.6/dist-packages/cv2/qt/fonts', 'ROS_LOG_FILENAME': '/home/appuser/.ros/log/459f91c8-ed05-11ea-a3a2-0242ac110003/roslaunch-0ac1a4075d43-140.log'}]
[roslaunch][INFO] 2020-09-02 10:15:49,260: process[demo_node-2]: args[['/home/appuser/aido-auto/ros/catkin_ws/src/demo/scripts/demo_node.py', '__name:=demo_node']]
[roslaunch][INFO] 2020-09-02 10:15:49,260: ... created process [demo_node-2]
[roslaunch.pmon][INFO] 2020-09-02 10:15:49,261: ProcessMonitor.register[demo_node-2]
[roslaunch.pmon][INFO] 2020-09-02 10:15:49,261: ProcessMonitor.register[demo_node-2] complete
[roslaunch][INFO] 2020-09-02 10:15:49,261: ... registered process [demo_node-2]
[roslaunch][INFO] 2020-09-02 10:15:49,261: process[demo_node-2]: starting os process
[roslaunch][INFO] 2020-09-02 10:15:49,261: process[demo_node-2]: start w/ args [['/home/appuser/aido-auto/ros/catkin_ws/src/demo/scripts/demo_node.py', '__name:=demo_node', '__log:=/home/appuser/.ros/log/459f91c8-ed05-11ea-a3a2-0242ac110003/demo_node-2.log']]
[roslaunch][INFO] 2020-09-02 10:15:49,262: process[demo_node-2]: cwd will be [/home/appuser/.ros]
[roslaunch][INFO] 2020-09-02 10:15:49,270: process[demo_node-2]: started with pid [165]
[roslaunch][INFO] 2020-09-02 10:15:49,270: ... successfully launched [demo_node-2]
[roslaunch][INFO] 2020-09-02 10:15:49,270: ... preparing to launch node of type [rosbag/record]
[roslaunch][INFO] 2020-09-02 10:15:49,271: create_node_process: package[rosbag] type[record] machine[Machine(name[] env_loader[None] address[localhost] ssh_port[22] user[None] assignable[True] timeout[10.0])] master_uri[http://localhost:11311]
[roslaunch][INFO] 2020-09-02 10:15:49,271: process[record-3]: env[{'DISPLAY': ':99', 'XAUTHORITY': '/tmp/appuser.xvfb.auth', 'LC_ALL': 'C.UTF-8', 'LD_LIBRARY_PATH': '/home/appuser/aido-auto/ros/catkin_ws/devel/lib:/opt/ros/melodic/lib', 'LANG': 'C.UTF-8', 'HOSTNAME': '0ac1a4075d43', 'ROS_ETC_DIR': '/opt/ros/melodic/etc/ros', 'PUBLISHER_DROP_FOLDER': '/home/appuser/publisher-drop', 'PWD': '/home/appuser/aido-auto/gym-duckietown', 'HOME': '/home/appuser', 'CMAKE_PREFIX_PATH': '/home/appuser/aido-auto/ros/catkin_ws/devel:/opt/ros/melodic', 'ROS_ROOT': '/opt/ros/melodic/share/ros', 'ROS_MASTER_URI': 'http://localhost:11311', 'ROS_VERSION': '1', 'TERM': 'xterm', 'ROS_PYTHON_VERSION': '2', 'SHLVL': '4', 'PYTHONPATH': '/home/appuser/aido-auto/ros/catkin_ws/devel/lib/python2.7/dist-packages:/opt/ros/melodic/lib/python2.7/dist-packages', 'ROS_PACKAGE_PATH': '/home/appuser/aido-auto/ros/catkin_ws/src:/opt/ros/melodic/share', 'ROSLISP_PACKAGE_DIRECTORIES': '/home/appuser/aido-auto/ros/catkin_ws/devel/share/common-lisp', 'PATH': '/opt/ros/melodic/bin:/usr/local/sbin:/usr/local/bin:/usr/sbin:/usr/bin:/sbin:/bin', 'PKG_CONFIG_PATH': '/home/appuser/aido-auto/ros/catkin_ws/devel/lib/pkgconfig:/opt/ros/melodic/lib/pkgconfig', 'ROS_DISTRO': 'melodic', '_': '/usr/bin/timeout', 'QT_QPA_PLATFORM_PLUGIN_PATH': '/usr/local/lib/python3.6/dist-packages/cv2/qt/plugins', 'QT_QPA_FONTDIR': '/usr/local/lib/python3.6/dist-packages/cv2/qt/fonts', 'ROS_LOG_FILENAME': '/home/appuser/.ros/log/459f91c8-ed05-11ea-a3a2-0242ac110003/roslaunch-0ac1a4075d43-140.log'}]
[roslaunch][INFO] 2020-09-02 10:15:49,273: process[record-3]: args[['/opt/ros/melodic/lib/rosbag/record', '-a', '__name:=record']]
[roslaunch][INFO] 2020-09-02 10:15:49,273: ... created process [record-3]
[roslaunch.pmon][INFO] 2020-09-02 10:15:49,273: ProcessMonitor.register[record-3]
[roslaunch.pmon][INFO] 2020-09-02 10:15:49,273: ProcessMonitor.register[record-3] complete
[roslaunch][INFO] 2020-09-02 10:15:49,274: ... registered process [record-3]
[roslaunch][INFO] 2020-09-02 10:15:49,274: process[record-3]: starting os process
[roslaunch][INFO] 2020-09-02 10:15:49,279: process[record-3]: start w/ args [['/opt/ros/melodic/lib/rosbag/record', '-a', '__name:=record', '__log:=/home/appuser/.ros/log/459f91c8-ed05-11ea-a3a2-0242ac110003/record-3.log']]
[roslaunch][INFO] 2020-09-02 10:15:49,279: process[record-3]: cwd will be [/home/appuser/.ros]
[roslaunch][INFO] 2020-09-02 10:15:49,286: process[record-3]: started with pid [170]
[roslaunch][INFO] 2020-09-02 10:15:49,286: ... successfully launched [record-3]
[roslaunch][INFO] 2020-09-02 10:15:49,286: ... launch_nodes complete
[roslaunch.pmon][INFO] 2020-09-02 10:15:49,287: registrations completed <ProcessMonitor(ProcessMonitor-1, started daemon 139752101250816)>
[roslaunch.parent][INFO] 2020-09-02 10:15:49,287: ... roslaunch parent running, waiting for process exit
