[roslaunch.parent][INFO] 2020-09-02 09:54:44,080: starting roslaunch parent run
[roslaunch][INFO] 2020-09-02 09:54:44,081: loading roscore config file /opt/ros/melodic/etc/ros/roscore.xml
[roslaunch][INFO] 2020-09-02 09:54:44,244: Added core node of type [rosout/rosout] in namespace [/]
[roslaunch.config][INFO] 2020-09-02 09:54:44,244: loading config file /home/appuser/aido-auto/ros/catkin_ws/src/demo/launch/demo_node.launch
[roslaunch][INFO] 2020-09-02 09:54:44,245: Added node of type [demo/demo_node.py] in namespace [/]
[roslaunch][INFO] 2020-09-02 09:54:44,245: Added node of type [rosbag/record] in namespace [/]
[roslaunch][INFO] 2020-09-02 09:54:44,245: ... selected machine [] for node of type [demo/demo_node.py]
[roslaunch][INFO] 2020-09-02 09:54:44,245: ... selected machine [] for node of type [rosbag/record]
[roslaunch.pmon][INFO] 2020-09-02 09:54:44,246: start_process_monitor: creating ProcessMonitor
[roslaunch.pmon][INFO] 2020-09-02 09:54:44,247: created process monitor <ProcessMonitor(ProcessMonitor-1, initial daemon)>
[roslaunch.pmon][INFO] 2020-09-02 09:54:44,247: start_process_monitor: ProcessMonitor started
[roslaunch.parent][INFO] 2020-09-02 09:54:44,247: starting parent XML-RPC server
[roslaunch.server][INFO] 2020-09-02 09:54:44,247: starting roslaunch XML-RPC server
[roslaunch.server][INFO] 2020-09-02 09:54:44,247: waiting for roslaunch XML-RPC server to initialize
[xmlrpc][INFO] 2020-09-02 09:54:44,248: XML-RPC server binding to 0.0.0.0:0
[xmlrpc][INFO] 2020-09-02 09:54:44,248: Started XML-RPC server [http://9becdd74110e:36979/]
[xmlrpc][INFO] 2020-09-02 09:54:44,249: xml rpc node: starting XML-RPC server
[roslaunch][INFO] 2020-09-02 09:54:44,260: started roslaunch server http://9becdd74110e:36979/
[roslaunch.parent][INFO] 2020-09-02 09:54:44,260: ... parent XML-RPC server started
[roslaunch][INFO] 2020-09-02 09:54:44,261: master.is_running[http://localhost:11311]
[roslaunch][INFO] 2020-09-02 09:54:44,261: auto-starting new master
[roslaunch][INFO] 2020-09-02 09:54:44,261: create_master_process: rosmaster, /opt/ros/melodic/share/ros, 11311, 3, None, False
[roslaunch][INFO] 2020-09-02 09:54:44,262: process[master]: launching with args [['rosmaster', '--core', '-p', '11311', '-w', '3']]
[roslaunch.pmon][INFO] 2020-09-02 09:54:44,262: ProcessMonitor.register[master]
[roslaunch.pmon][INFO] 2020-09-02 09:54:44,262: ProcessMonitor.register[master] complete
[roslaunch][INFO] 2020-09-02 09:54:44,262: process[master]: starting os process
[roslaunch][INFO] 2020-09-02 09:54:44,262: process[master]: start w/ args [['rosmaster', '--core', '-p', '11311', '-w', '3', '__log:=/home/appuser/.ros/log/53d74536-ed02-11ea-bef5-0242ac110003/master.log']]
[roslaunch][INFO] 2020-09-02 09:54:44,262: process[master]: cwd will be [/home/appuser/.ros]
[roslaunch][INFO] 2020-09-02 09:54:44,267: process[master]: started with pid [150]
[roslaunch][INFO] 2020-09-02 09:54:44,267: master.is_running[http://localhost:11311]
[roslaunch][INFO] 2020-09-02 09:54:44,368: master.is_running[http://localhost:11311]
[roslaunch][INFO] 2020-09-02 09:54:44,470: master.is_running[http://localhost:11311]
[roslaunch][INFO] 2020-09-02 09:54:44,571: master.is_running[http://localhost:11311]
[roslaunch][INFO] 2020-09-02 09:54:44,574: master.is_running[http://localhost:11311]
[roslaunch][INFO] 2020-09-02 09:54:44,576: ROS_MASTER_URI=http://localhost:11311
[roslaunch][INFO] 2020-09-02 09:54:44,577: setting /run_id to 53d74536-ed02-11ea-bef5-0242ac110003
[roslaunch][INFO] 2020-09-02 09:54:44,579: setting /roslaunch/uris/host_9becdd74110e__36979' to http://9becdd74110e:36979/
[roslaunch][INFO] 2020-09-02 09:54:44,581: ... preparing to launch node of type [rosout/rosout]
[roslaunch][INFO] 2020-09-02 09:54:44,581: create_node_process: package[rosout] type[rosout] machine[Machine(name[] env_loader[None] address[localhost] ssh_port[22] user[None] assignable[True] timeout[10.0])] master_uri[http://localhost:11311]
[roslaunch][INFO] 2020-09-02 09:54:44,581: process[rosout-1]: env[{'DISPLAY': ':99', 'XAUTHORITY': '/tmp/appuser.xvfb.auth', 'LC_ALL': 'C.UTF-8', 'LD_LIBRARY_PATH': '/home/appuser/aido-auto/ros/catkin_ws/devel/lib:/opt/ros/melodic/lib', 'LANG': 'C.UTF-8', 'HOSTNAME': '9becdd74110e', 'ROS_ETC_DIR': '/opt/ros/melodic/etc/ros', 'PUBLISHER_DROP_FOLDER': '/home/appuser/publisher-drop', 'PWD': '/home/appuser/aido-auto/gym-duckietown', 'HOME': '/home/appuser', 'CMAKE_PREFIX_PATH': '/home/appuser/aido-auto/ros/catkin_ws/devel:/opt/ros/melodic', 'ROS_ROOT': '/opt/ros/melodic/share/ros', 'ROS_MASTER_URI': 'http://localhost:11311', 'ROS_VERSION': '1', 'TERM': 'xterm', 'ROS_PYTHON_VERSION': '2', 'SHLVL': '4', 'PYTHONPATH': '/home/appuser/aido-auto/ros/catkin_ws/devel/lib/python2.7/dist-packages:/opt/ros/melodic/lib/python2.7/dist-packages', 'ROS_PACKAGE_PATH': '/home/appuser/aido-auto/ros/catkin_ws/src:/opt/ros/melodic/share', 'ROSLISP_PACKAGE_DIRECTORIES': '/home/appuser/aido-auto/ros/catkin_ws/devel/share/common-lisp', 'PATH': '/opt/ros/melodic/bin:/usr/local/sbin:/usr/local/bin:/usr/sbin:/usr/bin:/sbin:/bin', 'PKG_CONFIG_PATH': '/home/appuser/aido-auto/ros/catkin_ws/devel/lib/pkgconfig:/opt/ros/melodic/lib/pkgconfig', 'ROS_DISTRO': 'melodic', '_': '/usr/bin/timeout', 'QT_QPA_PLATFORM_PLUGIN_PATH': '/usr/local/lib/python3.6/dist-packages/cv2/qt/plugins', 'QT_QPA_FONTDIR': '/usr/local/lib/python3.6/dist-packages/cv2/qt/fonts', 'ROS_LOG_FILENAME': '/home/appuser/.ros/log/53d74536-ed02-11ea-bef5-0242ac110003/roslaunch-9becdd74110e-139.log'}]
[roslaunch][INFO] 2020-09-02 09:54:44,608: process[rosout-1]: args[['/opt/ros/melodic/lib/rosout/rosout', '__name:=rosout']]
[roslaunch][INFO] 2020-09-02 09:54:44,608: ... created process [rosout-1]
[roslaunch.pmon][INFO] 2020-09-02 09:54:44,608: ProcessMonitor.register[rosout-1]
[roslaunch.pmon][INFO] 2020-09-02 09:54:44,608: ProcessMonitor.register[rosout-1] complete
[roslaunch][INFO] 2020-09-02 09:54:44,609: ... registered process [rosout-1]
[roslaunch][INFO] 2020-09-02 09:54:44,609: process[rosout-1]: starting os process
[roslaunch][INFO] 2020-09-02 09:54:44,609: process[rosout-1]: start w/ args [['/opt/ros/melodic/lib/rosout/rosout', '__name:=rosout', '__log:=/home/appuser/.ros/log/53d74536-ed02-11ea-bef5-0242ac110003/rosout-1.log']]
[roslaunch][INFO] 2020-09-02 09:54:44,609: process[rosout-1]: cwd will be [/home/appuser/.ros]
[roslaunch][INFO] 2020-09-02 09:54:44,614: process[rosout-1]: started with pid [161]
[roslaunch][INFO] 2020-09-02 09:54:44,615: ... successfully launched [rosout-1]
[roslaunch][INFO] 2020-09-02 09:54:44,615: load_parameters starting ...
[roslaunch][INFO] 2020-09-02 09:54:44,622: ... load_parameters complete
[roslaunch][INFO] 2020-09-02 09:54:44,622: launch_nodes: launching local nodes ...
[roslaunch][INFO] 2020-09-02 09:54:44,623: ... preparing to launch node of type [demo/demo_node.py]
[roslaunch][INFO] 2020-09-02 09:54:44,623: create_node_process: package[demo] type[demo_node.py] machine[Machine(name[] env_loader[None] address[localhost] ssh_port[22] user[None] assignable[True] timeout[10.0])] master_uri[http://localhost:11311]
[roslaunch][INFO] 2020-09-02 09:54:44,623: process[demo_node-2]: env[{'DISPLAY': ':99', 'XAUTHORITY': '/tmp/appuser.xvfb.auth', 'LC_ALL': 'C.UTF-8', 'LD_LIBRARY_PATH': '/home/appuser/aido-auto/ros/catkin_ws/devel/lib:/opt/ros/melodic/lib', 'LANG': 'C.UTF-8', 'HOSTNAME': '9becdd74110e', 'ROS_ETC_DIR': '/opt/ros/melodic/etc/ros', 'PUBLISHER_DROP_FOLDER': '/home/appuser/publisher-drop', 'PWD': '/home/appuser/aido-auto/gym-duckietown', 'HOME': '/home/appuser', 'CMAKE_PREFIX_PATH': '/home/appuser/aido-auto/ros/catkin_ws/devel:/opt/ros/melodic', 'ROS_ROOT': '/opt/ros/melodic/share/ros', 'ROS_MASTER_URI': 'http://localhost:11311', 'ROS_VERSION': '1', 'TERM': 'xterm', 'ROS_PYTHON_VERSION': '2', 'SHLVL': '4', 'PYTHONPATH': '/home/appuser/aido-auto/ros/catkin_ws/devel/lib/python2.7/dist-packages:/opt/ros/melodic/lib/python2.7/dist-packages', 'ROS_PACKAGE_PATH': '/home/appuser/aido-auto/ros/catkin_ws/src:/opt/ros/melodic/share', 'ROSLISP_PACKAGE_DIRECTORIES': '/home/appuser/aido-auto/ros/catkin_ws/devel/share/common-lisp', 'PATH': '/opt/ros/melodic/bin:/usr/local/sbin:/usr/local/bin:/usr/sbin:/usr/bin:/sbin:/bin', 'PKG_CONFIG_PATH': '/home/appuser/aido-auto/ros/catkin_ws/devel/lib/pkgconfig:/opt/ros/melodic/lib/pkgconfig', 'ROS_DISTRO': 'melodic', '_': '/usr/bin/timeout', 'QT_QPA_PLATFORM_PLUGIN_PATH': '/usr/local/lib/python3.6/dist-packages/cv2/qt/plugins', 'QT_QPA_FONTDIR': '/usr/local/lib/python3.6/dist-packages/cv2/qt/fonts', 'ROS_LOG_FILENAME': '/home/appuser/.ros/log/53d74536-ed02-11ea-bef5-0242ac110003/roslaunch-9becdd74110e-139.log'}]
[roslaunch][INFO] 2020-09-02 09:54:44,626: process[demo_node-2]: args[['/home/appuser/aido-auto/ros/catkin_ws/src/demo/scripts/demo_node.py', '__name:=demo_node']]
[roslaunch][INFO] 2020-09-02 09:54:44,626: ... created process [demo_node-2]
[roslaunch.pmon][INFO] 2020-09-02 09:54:44,626: ProcessMonitor.register[demo_node-2]
[roslaunch.pmon][INFO] 2020-09-02 09:54:44,626: ProcessMonitor.register[demo_node-2] complete
[roslaunch][INFO] 2020-09-02 09:54:44,627: ... registered process [demo_node-2]
[roslaunch][INFO] 2020-09-02 09:54:44,627: process[demo_node-2]: starting os process
[roslaunch][INFO] 2020-09-02 09:54:44,627: process[demo_node-2]: start w/ args [['/home/appuser/aido-auto/ros/catkin_ws/src/demo/scripts/demo_node.py', '__name:=demo_node', '__log:=/home/appuser/.ros/log/53d74536-ed02-11ea-bef5-0242ac110003/demo_node-2.log']]
[roslaunch][INFO] 2020-09-02 09:54:44,627: process[demo_node-2]: cwd will be [/home/appuser/.ros]
[roslaunch][ERROR] 2020-09-02 09:54:44,634: OSError(8, Exec format error)
[roslaunch.pmon][INFO] 2020-09-02 09:54:44,639: ProcessMonitor.shutdown <ProcessMonitor(ProcessMonitor-1, started daemon 139652471666432)>
[roslaunch.pmon][INFO] 2020-09-02 09:54:44,648: ProcessMonitor._post_run <ProcessMonitor(ProcessMonitor-1, started daemon 139652471666432)>
[roslaunch.pmon][INFO] 2020-09-02 09:54:44,648: ProcessMonitor._post_run <ProcessMonitor(ProcessMonitor-1, started daemon 139652471666432)>: remaining procs are [<roslaunch.nodeprocess.LocalProcess object at 0x7f0346ccaf60>, <roslaunch.nodeprocess.LocalProcess object at 0x7f0346bf6048>, <roslaunch.nodeprocess.LocalProcess object at 0x7f0346be0550>]
[roslaunch.pmon][INFO] 2020-09-02 09:54:44,649: ProcessMonitor exit: killing demo_node-2
[roslaunch][INFO] 2020-09-02 09:54:44,649: [demo_node-2] killing on exit
[roslaunch.pmon][INFO] 2020-09-02 09:54:44,651: ProcessMonitor exit: killing rosout-1
[roslaunch][INFO] 2020-09-02 09:54:44,651: [rosout-1] killing on exit
[roslaunch][INFO] 2020-09-02 09:54:44,651: process[rosout-1]: killing os process with pid[161] pgid[161]
[roslaunch][INFO] 2020-09-02 09:54:44,651: [rosout-1] sending SIGINT to pgid [161]
[roslaunch][INFO] 2020-09-02 09:54:44,651: [rosout-1] sent SIGINT to pgid [161]
[roslaunch][INFO] 2020-09-02 09:54:44,852: process[rosout-1]: SIGINT killed with return value 0
[roslaunch.pmon][INFO] 2020-09-02 09:54:44,852: ProcessMonitor exit: killing master
[roslaunch][INFO] 2020-09-02 09:54:44,853: [master] killing on exit
[roslaunch][INFO] 2020-09-02 09:54:44,853: process[master]: killing os process with pid[150] pgid[150]
[roslaunch][INFO] 2020-09-02 09:54:44,853: [master] sending SIGINT to pgid [150]
[roslaunch][INFO] 2020-09-02 09:54:44,853: [master] sent SIGINT to pgid [150]
[roslaunch][INFO] 2020-09-02 09:54:45,054: process[master]: SIGINT killed with return value 0
[roslaunch.pmon][INFO] 2020-09-02 09:54:45,054: ProcessMonitor exit: cleaning up data structures and signals
[roslaunch.pmon][INFO] 2020-09-02 09:54:45,054: ProcessMonitor exit: pmon has shutdown
[rospy.core][INFO] 2020-09-02 09:54:45,054: signal_shutdown [atexit]
