[roslaunch.parent][INFO] 2020-08-31 15:08:57,900: starting roslaunch parent run
[roslaunch][INFO] 2020-08-31 15:08:57,900: loading roscore config file /opt/ros/melodic/etc/ros/roscore.xml
[roslaunch][INFO] 2020-08-31 15:08:58,087: Added core node of type [rosout/rosout] in namespace [/]
[roslaunch.config][INFO] 2020-08-31 15:08:58,088: loading config file /home/appuser/aido-auto/ros/catkin_ws/src/demo/launch/demo_node.launch
[roslaunch][INFO] 2020-08-31 15:08:58,088: Added node of type [demo/demo_node.py] in namespace [/]
[roslaunch][INFO] 2020-08-31 15:08:58,089: Added node of type [rosbag/record] in namespace [/]
[roslaunch][INFO] 2020-08-31 15:08:58,089: ... selected machine [] for node of type [demo/demo_node.py]
[roslaunch][INFO] 2020-08-31 15:08:58,089: ... selected machine [] for node of type [rosbag/record]
[roslaunch.pmon][INFO] 2020-08-31 15:08:58,090: start_process_monitor: creating ProcessMonitor
[roslaunch.pmon][INFO] 2020-08-31 15:08:58,090: created process monitor <ProcessMonitor(ProcessMonitor-1, initial daemon)>
[roslaunch.pmon][INFO] 2020-08-31 15:08:58,091: start_process_monitor: ProcessMonitor started
[roslaunch.parent][INFO] 2020-08-31 15:08:58,091: starting parent XML-RPC server
[roslaunch.server][INFO] 2020-08-31 15:08:58,091: starting roslaunch XML-RPC server
[roslaunch.server][INFO] 2020-08-31 15:08:58,091: waiting for roslaunch XML-RPC server to initialize
[xmlrpc][INFO] 2020-08-31 15:08:58,091: XML-RPC server binding to 0.0.0.0:0
[xmlrpc][INFO] 2020-08-31 15:08:58,092: Started XML-RPC server [http://03033af6c90a:38653/]
[xmlrpc][INFO] 2020-08-31 15:08:58,092: xml rpc node: starting XML-RPC server
[roslaunch][INFO] 2020-08-31 15:08:58,103: started roslaunch server http://03033af6c90a:38653/
[roslaunch.parent][INFO] 2020-08-31 15:08:58,104: ... parent XML-RPC server started
[roslaunch][INFO] 2020-08-31 15:08:58,104: master.is_running[http://localhost:11311]
[roslaunch][INFO] 2020-08-31 15:08:58,105: auto-starting new master
[roslaunch][INFO] 2020-08-31 15:08:58,105: create_master_process: rosmaster, /opt/ros/melodic/share/ros, 11311, 3, None, False
[roslaunch][INFO] 2020-08-31 15:08:58,105: process[master]: launching with args [['rosmaster', '--core', '-p', '11311', '-w', '3']]
[roslaunch.pmon][INFO] 2020-08-31 15:08:58,105: ProcessMonitor.register[master]
[roslaunch.pmon][INFO] 2020-08-31 15:08:58,106: ProcessMonitor.register[master] complete
[roslaunch][INFO] 2020-08-31 15:08:58,106: process[master]: starting os process
[roslaunch][INFO] 2020-08-31 15:08:58,106: process[master]: start w/ args [['rosmaster', '--core', '-p', '11311', '-w', '3', '__log:=/home/appuser/.ros/log/e4c05b18-eb9b-11ea-89d0-0242ac110003/master.log']]
[roslaunch][INFO] 2020-08-31 15:08:58,106: process[master]: cwd will be [/home/appuser/.ros]
[roslaunch][INFO] 2020-08-31 15:08:58,111: process[master]: started with pid [146]
[roslaunch][INFO] 2020-08-31 15:08:58,111: master.is_running[http://localhost:11311]
[roslaunch][INFO] 2020-08-31 15:08:58,212: master.is_running[http://localhost:11311]
[roslaunch][INFO] 2020-08-31 15:08:58,314: master.is_running[http://localhost:11311]
[roslaunch][INFO] 2020-08-31 15:08:58,415: master.is_running[http://localhost:11311]
[roslaunch][INFO] 2020-08-31 15:08:58,418: master.is_running[http://localhost:11311]
[roslaunch][INFO] 2020-08-31 15:08:58,419: ROS_MASTER_URI=http://localhost:11311
[roslaunch][INFO] 2020-08-31 15:08:58,421: setting /run_id to e4c05b18-eb9b-11ea-89d0-0242ac110003
[roslaunch][INFO] 2020-08-31 15:08:58,422: setting /roslaunch/uris/host_03033af6c90a__38653' to http://03033af6c90a:38653/
[roslaunch][INFO] 2020-08-31 15:08:58,425: ... preparing to launch node of type [rosout/rosout]
[roslaunch][INFO] 2020-08-31 15:08:58,425: create_node_process: package[rosout] type[rosout] machine[Machine(name[] env_loader[None] address[localhost] ssh_port[22] user[None] assignable[True] timeout[10.0])] master_uri[http://localhost:11311]
[roslaunch][INFO] 2020-08-31 15:08:58,425: process[rosout-1]: env[{'DISPLAY': ':99', 'XAUTHORITY': '/tmp/appuser.xvfb.auth', 'LC_ALL': 'C.UTF-8', 'LD_LIBRARY_PATH': '/home/appuser/aido-auto/ros/catkin_ws/devel/lib:/opt/ros/melodic/lib', 'LANG': 'C.UTF-8', 'HOSTNAME': '03033af6c90a', 'ROS_ETC_DIR': '/opt/ros/melodic/etc/ros', 'PUBLISHER_DROP_FOLDER': '/home/appuser/publisher-drop', 'PWD': '/home/appuser/aido-auto/gym-duckietown', 'HOME': '/home/appuser', 'CMAKE_PREFIX_PATH': '/home/appuser/aido-auto/ros/catkin_ws/devel:/opt/ros/melodic', 'ROS_ROOT': '/opt/ros/melodic/share/ros', 'ROS_MASTER_URI': 'http://localhost:11311', 'ROS_VERSION': '1', 'TERM': 'xterm', 'ROS_PYTHON_VERSION': '2', 'SHLVL': '4', 'PYTHONPATH': '/home/appuser/aido-auto/ros/catkin_ws/devel/lib/python2.7/dist-packages:/opt/ros/melodic/lib/python2.7/dist-packages', 'ROS_PACKAGE_PATH': '/home/appuser/aido-auto/ros/catkin_ws/src:/opt/ros/melodic/share', 'ROSLISP_PACKAGE_DIRECTORIES': '/home/appuser/aido-auto/ros/catkin_ws/devel/share/common-lisp', 'PATH': '/opt/ros/melodic/bin:/usr/local/sbin:/usr/local/bin:/usr/sbin:/usr/bin:/sbin:/bin', 'PKG_CONFIG_PATH': '/home/appuser/aido-auto/ros/catkin_ws/devel/lib/pkgconfig:/opt/ros/melodic/lib/pkgconfig', 'ROS_DISTRO': 'melodic', '_': '/usr/bin/timeout', 'ROS_LOG_FILENAME': '/home/appuser/.ros/log/e4c05b18-eb9b-11ea-89d0-0242ac110003/roslaunch-03033af6c90a-135.log'}]
[roslaunch][INFO] 2020-08-31 15:08:58,452: process[rosout-1]: args[['/opt/ros/melodic/lib/rosout/rosout', '__name:=rosout']]
[roslaunch][INFO] 2020-08-31 15:08:58,452: ... created process [rosout-1]
[roslaunch.pmon][INFO] 2020-08-31 15:08:58,452: ProcessMonitor.register[rosout-1]
[roslaunch.pmon][INFO] 2020-08-31 15:08:58,452: ProcessMonitor.register[rosout-1] complete
[roslaunch][INFO] 2020-08-31 15:08:58,452: ... registered process [rosout-1]
[roslaunch][INFO] 2020-08-31 15:08:58,453: process[rosout-1]: starting os process
[roslaunch][INFO] 2020-08-31 15:08:58,453: process[rosout-1]: start w/ args [['/opt/ros/melodic/lib/rosout/rosout', '__name:=rosout', '__log:=/home/appuser/.ros/log/e4c05b18-eb9b-11ea-89d0-0242ac110003/rosout-1.log']]
[roslaunch][INFO] 2020-08-31 15:08:58,453: process[rosout-1]: cwd will be [/home/appuser/.ros]
[roslaunch][INFO] 2020-08-31 15:08:58,458: process[rosout-1]: started with pid [157]
[roslaunch][INFO] 2020-08-31 15:08:58,459: ... successfully launched [rosout-1]
[roslaunch][INFO] 2020-08-31 15:08:58,459: load_parameters starting ...
[roslaunch][INFO] 2020-08-31 15:08:58,467: ... load_parameters complete
[roslaunch][INFO] 2020-08-31 15:08:58,467: launch_nodes: launching local nodes ...
[roslaunch][INFO] 2020-08-31 15:08:58,467: ... preparing to launch node of type [demo/demo_node.py]
[roslaunch][INFO] 2020-08-31 15:08:58,467: create_node_process: package[demo] type[demo_node.py] machine[Machine(name[] env_loader[None] address[localhost] ssh_port[22] user[None] assignable[True] timeout[10.0])] master_uri[http://localhost:11311]
[roslaunch][INFO] 2020-08-31 15:08:58,468: process[demo_node-2]: env[{'DISPLAY': ':99', 'XAUTHORITY': '/tmp/appuser.xvfb.auth', 'LC_ALL': 'C.UTF-8', 'LD_LIBRARY_PATH': '/home/appuser/aido-auto/ros/catkin_ws/devel/lib:/opt/ros/melodic/lib', 'LANG': 'C.UTF-8', 'HOSTNAME': '03033af6c90a', 'ROS_ETC_DIR': '/opt/ros/melodic/etc/ros', 'PUBLISHER_DROP_FOLDER': '/home/appuser/publisher-drop', 'PWD': '/home/appuser/aido-auto/gym-duckietown', 'HOME': '/home/appuser', 'CMAKE_PREFIX_PATH': '/home/appuser/aido-auto/ros/catkin_ws/devel:/opt/ros/melodic', 'ROS_ROOT': '/opt/ros/melodic/share/ros', 'ROS_MASTER_URI': 'http://localhost:11311', 'ROS_VERSION': '1', 'TERM': 'xterm', 'ROS_PYTHON_VERSION': '2', 'SHLVL': '4', 'PYTHONPATH': '/home/appuser/aido-auto/ros/catkin_ws/devel/lib/python2.7/dist-packages:/opt/ros/melodic/lib/python2.7/dist-packages', 'ROS_PACKAGE_PATH': '/home/appuser/aido-auto/ros/catkin_ws/src:/opt/ros/melodic/share', 'ROSLISP_PACKAGE_DIRECTORIES': '/home/appuser/aido-auto/ros/catkin_ws/devel/share/common-lisp', 'PATH': '/opt/ros/melodic/bin:/usr/local/sbin:/usr/local/bin:/usr/sbin:/usr/bin:/sbin:/bin', 'PKG_CONFIG_PATH': '/home/appuser/aido-auto/ros/catkin_ws/devel/lib/pkgconfig:/opt/ros/melodic/lib/pkgconfig', 'ROS_DISTRO': 'melodic', '_': '/usr/bin/timeout', 'ROS_LOG_FILENAME': '/home/appuser/.ros/log/e4c05b18-eb9b-11ea-89d0-0242ac110003/roslaunch-03033af6c90a-135.log'}]
[roslaunch][INFO] 2020-08-31 15:08:58,470: process[demo_node-2]: args[['/home/appuser/aido-auto/ros/catkin_ws/src/demo/scripts/demo_node.py', '__name:=demo_node']]
[roslaunch][INFO] 2020-08-31 15:08:58,471: ... created process [demo_node-2]
[roslaunch.pmon][INFO] 2020-08-31 15:08:58,471: ProcessMonitor.register[demo_node-2]
[roslaunch.pmon][INFO] 2020-08-31 15:08:58,471: ProcessMonitor.register[demo_node-2] complete
[roslaunch][INFO] 2020-08-31 15:08:58,471: ... registered process [demo_node-2]
[roslaunch][INFO] 2020-08-31 15:08:58,471: process[demo_node-2]: starting os process
[roslaunch][INFO] 2020-08-31 15:08:58,472: process[demo_node-2]: start w/ args [['/home/appuser/aido-auto/ros/catkin_ws/src/demo/scripts/demo_node.py', '__name:=demo_node', '__log:=/home/appuser/.ros/log/e4c05b18-eb9b-11ea-89d0-0242ac110003/demo_node-2.log']]
[roslaunch][INFO] 2020-08-31 15:08:58,472: process[demo_node-2]: cwd will be [/home/appuser/.ros]
[roslaunch][INFO] 2020-08-31 15:08:58,482: process[demo_node-2]: started with pid [160]
[roslaunch][INFO] 2020-08-31 15:08:58,482: ... successfully launched [demo_node-2]
[roslaunch][INFO] 2020-08-31 15:08:58,482: ... preparing to launch node of type [rosbag/record]
[roslaunch][INFO] 2020-08-31 15:08:58,483: create_node_process: package[rosbag] type[record] machine[Machine(name[] env_loader[None] address[localhost] ssh_port[22] user[None] assignable[True] timeout[10.0])] master_uri[http://localhost:11311]
[roslaunch][INFO] 2020-08-31 15:08:58,483: process[record-3]: env[{'DISPLAY': ':99', 'XAUTHORITY': '/tmp/appuser.xvfb.auth', 'LC_ALL': 'C.UTF-8', 'LD_LIBRARY_PATH': '/home/appuser/aido-auto/ros/catkin_ws/devel/lib:/opt/ros/melodic/lib', 'LANG': 'C.UTF-8', 'HOSTNAME': '03033af6c90a', 'ROS_ETC_DIR': '/opt/ros/melodic/etc/ros', 'PUBLISHER_DROP_FOLDER': '/home/appuser/publisher-drop', 'PWD': '/home/appuser/aido-auto/gym-duckietown', 'HOME': '/home/appuser', 'CMAKE_PREFIX_PATH': '/home/appuser/aido-auto/ros/catkin_ws/devel:/opt/ros/melodic', 'ROS_ROOT': '/opt/ros/melodic/share/ros', 'ROS_MASTER_URI': 'http://localhost:11311', 'ROS_VERSION': '1', 'TERM': 'xterm', 'ROS_PYTHON_VERSION': '2', 'SHLVL': '4', 'PYTHONPATH': '/home/appuser/aido-auto/ros/catkin_ws/devel/lib/python2.7/dist-packages:/opt/ros/melodic/lib/python2.7/dist-packages', 'ROS_PACKAGE_PATH': '/home/appuser/aido-auto/ros/catkin_ws/src:/opt/ros/melodic/share', 'ROSLISP_PACKAGE_DIRECTORIES': '/home/appuser/aido-auto/ros/catkin_ws/devel/share/common-lisp', 'PATH': '/opt/ros/melodic/bin:/usr/local/sbin:/usr/local/bin:/usr/sbin:/usr/bin:/sbin:/bin', 'PKG_CONFIG_PATH': '/home/appuser/aido-auto/ros/catkin_ws/devel/lib/pkgconfig:/opt/ros/melodic/lib/pkgconfig', 'ROS_DISTRO': 'melodic', '_': '/usr/bin/timeout', 'ROS_LOG_FILENAME': '/home/appuser/.ros/log/e4c05b18-eb9b-11ea-89d0-0242ac110003/roslaunch-03033af6c90a-135.log'}]
[roslaunch][INFO] 2020-08-31 15:08:58,485: process[record-3]: args[['/opt/ros/melodic/lib/rosbag/record', '-a', '__name:=record']]
[roslaunch][INFO] 2020-08-31 15:08:58,485: ... created process [record-3]
[roslaunch.pmon][INFO] 2020-08-31 15:08:58,485: ProcessMonitor.register[record-3]
[roslaunch.pmon][INFO] 2020-08-31 15:08:58,486: ProcessMonitor.register[record-3] complete
[roslaunch][INFO] 2020-08-31 15:08:58,486: ... registered process [record-3]
[roslaunch][INFO] 2020-08-31 15:08:58,486: process[record-3]: starting os process
[roslaunch][INFO] 2020-08-31 15:08:58,486: process[record-3]: start w/ args [['/opt/ros/melodic/lib/rosbag/record', '-a', '__name:=record', '__log:=/home/appuser/.ros/log/e4c05b18-eb9b-11ea-89d0-0242ac110003/record-3.log']]
[roslaunch][INFO] 2020-08-31 15:08:58,487: process[record-3]: cwd will be [/home/appuser/.ros]
[roslaunch][INFO] 2020-08-31 15:08:58,492: process[record-3]: started with pid [165]
[roslaunch][INFO] 2020-08-31 15:08:58,493: ... successfully launched [record-3]
[roslaunch][INFO] 2020-08-31 15:08:58,493: ... launch_nodes complete
[roslaunch.pmon][INFO] 2020-08-31 15:08:58,493: registrations completed <ProcessMonitor(ProcessMonitor-1, started daemon 140280580937472)>
[roslaunch.parent][INFO] 2020-08-31 15:08:58,493: ... roslaunch parent running, waiting for process exit
