[roslaunch.parent][INFO] 2020-08-31 12:57:13,559: starting roslaunch parent run
[roslaunch][INFO] 2020-08-31 12:57:13,559: loading roscore config file /opt/ros/melodic/etc/ros/roscore.xml
[roslaunch][INFO] 2020-08-31 12:57:13,721: Added core node of type [rosout/rosout] in namespace [/]
[roslaunch.config][INFO] 2020-08-31 12:57:13,722: loading config file /home/appuser/aido-auto/ros/catkin_ws/src/demo/launch/demo_node.launch
[roslaunch][INFO] 2020-08-31 12:57:13,722: Added node of type [demo/demo_node.py] in namespace [/]
[roslaunch][INFO] 2020-08-31 12:57:13,723: Added node of type [rosbag/record] in namespace [/]
[roslaunch][INFO] 2020-08-31 12:57:13,723: ... selected machine [] for node of type [demo/demo_node.py]
[roslaunch][INFO] 2020-08-31 12:57:13,723: ... selected machine [] for node of type [rosbag/record]
[roslaunch.pmon][INFO] 2020-08-31 12:57:13,724: start_process_monitor: creating ProcessMonitor
[roslaunch.pmon][INFO] 2020-08-31 12:57:13,724: created process monitor <ProcessMonitor(ProcessMonitor-1, initial daemon)>
[roslaunch.pmon][INFO] 2020-08-31 12:57:13,725: start_process_monitor: ProcessMonitor started
[roslaunch.parent][INFO] 2020-08-31 12:57:13,725: starting parent XML-RPC server
[roslaunch.server][INFO] 2020-08-31 12:57:13,725: starting roslaunch XML-RPC server
[roslaunch.server][INFO] 2020-08-31 12:57:13,725: waiting for roslaunch XML-RPC server to initialize
[xmlrpc][INFO] 2020-08-31 12:57:13,725: XML-RPC server binding to 0.0.0.0:0
[xmlrpc][INFO] 2020-08-31 12:57:13,726: Started XML-RPC server [http://777e447ea172:45495/]
[xmlrpc][INFO] 2020-08-31 12:57:13,726: xml rpc node: starting XML-RPC server
[roslaunch][INFO] 2020-08-31 12:57:13,737: started roslaunch server http://777e447ea172:45495/
[roslaunch.parent][INFO] 2020-08-31 12:57:13,738: ... parent XML-RPC server started
[roslaunch][INFO] 2020-08-31 12:57:13,738: master.is_running[http://localhost:11311]
[roslaunch][INFO] 2020-08-31 12:57:13,739: auto-starting new master
[roslaunch][INFO] 2020-08-31 12:57:13,739: create_master_process: rosmaster, /opt/ros/melodic/share/ros, 11311, 3, None, False
[roslaunch][INFO] 2020-08-31 12:57:13,739: process[master]: launching with args [['rosmaster', '--core', '-p', '11311', '-w', '3']]
[roslaunch.pmon][INFO] 2020-08-31 12:57:13,739: ProcessMonitor.register[master]
[roslaunch.pmon][INFO] 2020-08-31 12:57:13,740: ProcessMonitor.register[master] complete
[roslaunch][INFO] 2020-08-31 12:57:13,740: process[master]: starting os process
[roslaunch][INFO] 2020-08-31 12:57:13,740: process[master]: start w/ args [['rosmaster', '--core', '-p', '11311', '-w', '3', '__log:=/home/appuser/.ros/log/7d6913cc-eb89-11ea-a84d-0242ac110003/master.log']]
[roslaunch][INFO] 2020-08-31 12:57:13,740: process[master]: cwd will be [/home/appuser/.ros]
[roslaunch][INFO] 2020-08-31 12:57:13,745: process[master]: started with pid [144]
[roslaunch][INFO] 2020-08-31 12:57:13,746: master.is_running[http://localhost:11311]
[roslaunch][INFO] 2020-08-31 12:57:13,847: master.is_running[http://localhost:11311]
[roslaunch][INFO] 2020-08-31 12:57:13,948: master.is_running[http://localhost:11311]
[roslaunch][INFO] 2020-08-31 12:57:14,050: master.is_running[http://localhost:11311]
[roslaunch][INFO] 2020-08-31 12:57:14,052: master.is_running[http://localhost:11311]
[roslaunch][INFO] 2020-08-31 12:57:14,054: ROS_MASTER_URI=http://localhost:11311
[roslaunch][INFO] 2020-08-31 12:57:14,056: setting /run_id to 7d6913cc-eb89-11ea-a84d-0242ac110003
[roslaunch][INFO] 2020-08-31 12:57:14,057: setting /roslaunch/uris/host_777e447ea172__45495' to http://777e447ea172:45495/
[roslaunch][INFO] 2020-08-31 12:57:14,059: ... preparing to launch node of type [rosout/rosout]
[roslaunch][INFO] 2020-08-31 12:57:14,059: create_node_process: package[rosout] type[rosout] machine[Machine(name[] env_loader[None] address[localhost] ssh_port[22] user[None] assignable[True] timeout[10.0])] master_uri[http://localhost:11311]
[roslaunch][INFO] 2020-08-31 12:57:14,060: process[rosout-1]: env[{'DISPLAY': ':99', 'XAUTHORITY': '/tmp/appuser.xvfb.auth', 'LC_ALL': 'C.UTF-8', 'LD_LIBRARY_PATH': '/home/appuser/aido-auto/ros/catkin_ws/devel/lib:/opt/ros/melodic/lib', 'LANG': 'C.UTF-8', 'HOSTNAME': '777e447ea172', 'ROS_ETC_DIR': '/opt/ros/melodic/etc/ros', 'PUBLISHER_DROP_FOLDER': '/home/appuser/publisher-drop', 'PWD': '/home/appuser/aido-auto/gym-duckietown', 'HOME': '/home/appuser', 'CMAKE_PREFIX_PATH': '/home/appuser/aido-auto/ros/catkin_ws/devel:/opt/ros/melodic', 'ROS_ROOT': '/opt/ros/melodic/share/ros', 'ROS_MASTER_URI': 'http://localhost:11311', 'ROS_VERSION': '1', 'TERM': 'xterm', 'ROS_PYTHON_VERSION': '2', 'SHLVL': '4', 'PYTHONPATH': '/home/appuser/aido-auto/ros/catkin_ws/devel/lib/python2.7/dist-packages:/opt/ros/melodic/lib/python2.7/dist-packages', 'ROS_PACKAGE_PATH': '/home/appuser/aido-auto/ros/catkin_ws/src:/opt/ros/melodic/share', 'ROSLISP_PACKAGE_DIRECTORIES': '/home/appuser/aido-auto/ros/catkin_ws/devel/share/common-lisp', 'PATH': '/opt/ros/melodic/bin:/usr/local/sbin:/usr/local/bin:/usr/sbin:/usr/bin:/sbin:/bin', 'PKG_CONFIG_PATH': '/home/appuser/aido-auto/ros/catkin_ws/devel/lib/pkgconfig:/opt/ros/melodic/lib/pkgconfig', 'ROS_DISTRO': 'melodic', '_': '/usr/bin/timeout', 'ROS_LOG_FILENAME': '/home/appuser/.ros/log/7d6913cc-eb89-11ea-a84d-0242ac110003/roslaunch-777e447ea172-133.log'}]
[roslaunch][INFO] 2020-08-31 12:57:14,087: process[rosout-1]: args[['/opt/ros/melodic/lib/rosout/rosout', '__name:=rosout']]
[roslaunch][INFO] 2020-08-31 12:57:14,087: ... created process [rosout-1]
[roslaunch.pmon][INFO] 2020-08-31 12:57:14,087: ProcessMonitor.register[rosout-1]
[roslaunch.pmon][INFO] 2020-08-31 12:57:14,087: ProcessMonitor.register[rosout-1] complete
[roslaunch][INFO] 2020-08-31 12:57:14,087: ... registered process [rosout-1]
[roslaunch][INFO] 2020-08-31 12:57:14,087: process[rosout-1]: starting os process
[roslaunch][INFO] 2020-08-31 12:57:14,088: process[rosout-1]: start w/ args [['/opt/ros/melodic/lib/rosout/rosout', '__name:=rosout', '__log:=/home/appuser/.ros/log/7d6913cc-eb89-11ea-a84d-0242ac110003/rosout-1.log']]
[roslaunch][INFO] 2020-08-31 12:57:14,088: process[rosout-1]: cwd will be [/home/appuser/.ros]
[roslaunch][INFO] 2020-08-31 12:57:14,093: process[rosout-1]: started with pid [155]
[roslaunch][INFO] 2020-08-31 12:57:14,094: ... successfully launched [rosout-1]
[roslaunch][INFO] 2020-08-31 12:57:14,094: load_parameters starting ...
[roslaunch][INFO] 2020-08-31 12:57:14,102: ... load_parameters complete
[roslaunch][INFO] 2020-08-31 12:57:14,102: launch_nodes: launching local nodes ...
[roslaunch][INFO] 2020-08-31 12:57:14,103: ... preparing to launch node of type [demo/demo_node.py]
[roslaunch][INFO] 2020-08-31 12:57:14,103: create_node_process: package[demo] type[demo_node.py] machine[Machine(name[] env_loader[None] address[localhost] ssh_port[22] user[None] assignable[True] timeout[10.0])] master_uri[http://localhost:11311]
[roslaunch][INFO] 2020-08-31 12:57:14,104: process[demo_node-2]: env[{'DISPLAY': ':99', 'XAUTHORITY': '/tmp/appuser.xvfb.auth', 'LC_ALL': 'C.UTF-8', 'LD_LIBRARY_PATH': '/home/appuser/aido-auto/ros/catkin_ws/devel/lib:/opt/ros/melodic/lib', 'LANG': 'C.UTF-8', 'HOSTNAME': '777e447ea172', 'ROS_ETC_DIR': '/opt/ros/melodic/etc/ros', 'PUBLISHER_DROP_FOLDER': '/home/appuser/publisher-drop', 'PWD': '/home/appuser/aido-auto/gym-duckietown', 'HOME': '/home/appuser', 'CMAKE_PREFIX_PATH': '/home/appuser/aido-auto/ros/catkin_ws/devel:/opt/ros/melodic', 'ROS_ROOT': '/opt/ros/melodic/share/ros', 'ROS_MASTER_URI': 'http://localhost:11311', 'ROS_VERSION': '1', 'TERM': 'xterm', 'ROS_PYTHON_VERSION': '2', 'SHLVL': '4', 'PYTHONPATH': '/home/appuser/aido-auto/ros/catkin_ws/devel/lib/python2.7/dist-packages:/opt/ros/melodic/lib/python2.7/dist-packages', 'ROS_PACKAGE_PATH': '/home/appuser/aido-auto/ros/catkin_ws/src:/opt/ros/melodic/share', 'ROSLISP_PACKAGE_DIRECTORIES': '/home/appuser/aido-auto/ros/catkin_ws/devel/share/common-lisp', 'PATH': '/opt/ros/melodic/bin:/usr/local/sbin:/usr/local/bin:/usr/sbin:/usr/bin:/sbin:/bin', 'PKG_CONFIG_PATH': '/home/appuser/aido-auto/ros/catkin_ws/devel/lib/pkgconfig:/opt/ros/melodic/lib/pkgconfig', 'ROS_DISTRO': 'melodic', '_': '/usr/bin/timeout', 'ROS_LOG_FILENAME': '/home/appuser/.ros/log/7d6913cc-eb89-11ea-a84d-0242ac110003/roslaunch-777e447ea172-133.log'}]
[roslaunch][INFO] 2020-08-31 12:57:14,106: process[demo_node-2]: args[['/home/appuser/aido-auto/ros/catkin_ws/src/demo/scripts/demo_node.py', '__name:=demo_node']]
[roslaunch][INFO] 2020-08-31 12:57:14,106: ... created process [demo_node-2]
[roslaunch.pmon][INFO] 2020-08-31 12:57:14,106: ProcessMonitor.register[demo_node-2]
[roslaunch.pmon][INFO] 2020-08-31 12:57:14,107: ProcessMonitor.register[demo_node-2] complete
[roslaunch][INFO] 2020-08-31 12:57:14,107: ... registered process [demo_node-2]
[roslaunch][INFO] 2020-08-31 12:57:14,107: process[demo_node-2]: starting os process
[roslaunch][INFO] 2020-08-31 12:57:14,107: process[demo_node-2]: start w/ args [['/home/appuser/aido-auto/ros/catkin_ws/src/demo/scripts/demo_node.py', '__name:=demo_node', '__log:=/home/appuser/.ros/log/7d6913cc-eb89-11ea-a84d-0242ac110003/demo_node-2.log']]
[roslaunch][INFO] 2020-08-31 12:57:14,107: process[demo_node-2]: cwd will be [/home/appuser/.ros]
[roslaunch][INFO] 2020-08-31 12:57:14,116: process[demo_node-2]: started with pid [158]
[roslaunch][INFO] 2020-08-31 12:57:14,116: ... successfully launched [demo_node-2]
[roslaunch][INFO] 2020-08-31 12:57:14,116: ... preparing to launch node of type [rosbag/record]
[roslaunch][INFO] 2020-08-31 12:57:14,117: create_node_process: package[rosbag] type[record] machine[Machine(name[] env_loader[None] address[localhost] ssh_port[22] user[None] assignable[True] timeout[10.0])] master_uri[http://localhost:11311]
[roslaunch][INFO] 2020-08-31 12:57:14,117: process[record-3]: env[{'DISPLAY': ':99', 'XAUTHORITY': '/tmp/appuser.xvfb.auth', 'LC_ALL': 'C.UTF-8', 'LD_LIBRARY_PATH': '/home/appuser/aido-auto/ros/catkin_ws/devel/lib:/opt/ros/melodic/lib', 'LANG': 'C.UTF-8', 'HOSTNAME': '777e447ea172', 'ROS_ETC_DIR': '/opt/ros/melodic/etc/ros', 'PUBLISHER_DROP_FOLDER': '/home/appuser/publisher-drop', 'PWD': '/home/appuser/aido-auto/gym-duckietown', 'HOME': '/home/appuser', 'CMAKE_PREFIX_PATH': '/home/appuser/aido-auto/ros/catkin_ws/devel:/opt/ros/melodic', 'ROS_ROOT': '/opt/ros/melodic/share/ros', 'ROS_MASTER_URI': 'http://localhost:11311', 'ROS_VERSION': '1', 'TERM': 'xterm', 'ROS_PYTHON_VERSION': '2', 'SHLVL': '4', 'PYTHONPATH': '/home/appuser/aido-auto/ros/catkin_ws/devel/lib/python2.7/dist-packages:/opt/ros/melodic/lib/python2.7/dist-packages', 'ROS_PACKAGE_PATH': '/home/appuser/aido-auto/ros/catkin_ws/src:/opt/ros/melodic/share', 'ROSLISP_PACKAGE_DIRECTORIES': '/home/appuser/aido-auto/ros/catkin_ws/devel/share/common-lisp', 'PATH': '/opt/ros/melodic/bin:/usr/local/sbin:/usr/local/bin:/usr/sbin:/usr/bin:/sbin:/bin', 'PKG_CONFIG_PATH': '/home/appuser/aido-auto/ros/catkin_ws/devel/lib/pkgconfig:/opt/ros/melodic/lib/pkgconfig', 'ROS_DISTRO': 'melodic', '_': '/usr/bin/timeout', 'ROS_LOG_FILENAME': '/home/appuser/.ros/log/7d6913cc-eb89-11ea-a84d-0242ac110003/roslaunch-777e447ea172-133.log'}]
[roslaunch][INFO] 2020-08-31 12:57:14,119: process[record-3]: args[['/opt/ros/melodic/lib/rosbag/record', '-a', '__name:=record']]
[roslaunch][INFO] 2020-08-31 12:57:14,119: ... created process [record-3]
[roslaunch.pmon][INFO] 2020-08-31 12:57:14,119: ProcessMonitor.register[record-3]
[roslaunch.pmon][INFO] 2020-08-31 12:57:14,120: ProcessMonitor.register[record-3] complete
[roslaunch][INFO] 2020-08-31 12:57:14,120: ... registered process [record-3]
[roslaunch][INFO] 2020-08-31 12:57:14,120: process[record-3]: starting os process
[roslaunch][INFO] 2020-08-31 12:57:14,120: process[record-3]: start w/ args [['/opt/ros/melodic/lib/rosbag/record', '-a', '__name:=record', '__log:=/home/appuser/.ros/log/7d6913cc-eb89-11ea-a84d-0242ac110003/record-3.log']]
[roslaunch][INFO] 2020-08-31 12:57:14,121: process[record-3]: cwd will be [/home/appuser/.ros]
[roslaunch][INFO] 2020-08-31 12:57:14,127: process[record-3]: started with pid [163]
[roslaunch][INFO] 2020-08-31 12:57:14,127: ... successfully launched [record-3]
[roslaunch][INFO] 2020-08-31 12:57:14,127: ... launch_nodes complete
[roslaunch.pmon][INFO] 2020-08-31 12:57:14,128: registrations completed <ProcessMonitor(ProcessMonitor-1, started daemon 140177702565632)>
[roslaunch.parent][INFO] 2020-08-31 12:57:14,128: ... roslaunch parent running, waiting for process exit
