[roslaunch.parent][INFO] 2020-09-03 14:09:36,989: starting roslaunch parent run
[roslaunch][INFO] 2020-09-03 14:09:36,990: loading roscore config file /opt/ros/melodic/etc/ros/roscore.xml
[roslaunch][INFO] 2020-09-03 14:09:37,210: Added core node of type [rosout/rosout] in namespace [/]
[roslaunch.config][INFO] 2020-09-03 14:09:37,211: loading config file /home/appuser/aido-auto/ros/catkin_ws/src/demo/launch/demo_node.launch
[roslaunch][INFO] 2020-09-03 14:09:37,211: Added node of type [demo/demo_node.py] in namespace [/]
[roslaunch][INFO] 2020-09-03 14:09:37,212: Added node of type [rosbag/record] in namespace [/]
[roslaunch][INFO] 2020-09-03 14:09:37,212: ... selected machine [] for node of type [demo/demo_node.py]
[roslaunch][INFO] 2020-09-03 14:09:37,212: ... selected machine [] for node of type [rosbag/record]
[roslaunch.pmon][INFO] 2020-09-03 14:09:37,215: start_process_monitor: creating ProcessMonitor
[roslaunch.pmon][INFO] 2020-09-03 14:09:37,215: created process monitor <ProcessMonitor(ProcessMonitor-1, initial daemon)>
[roslaunch.pmon][INFO] 2020-09-03 14:09:37,216: start_process_monitor: ProcessMonitor started
[roslaunch.parent][INFO] 2020-09-03 14:09:37,216: starting parent XML-RPC server
[roslaunch.server][INFO] 2020-09-03 14:09:37,216: starting roslaunch XML-RPC server
[roslaunch.server][INFO] 2020-09-03 14:09:37,216: waiting for roslaunch XML-RPC server to initialize
[xmlrpc][INFO] 2020-09-03 14:09:37,216: XML-RPC server binding to 0.0.0.0:0
[xmlrpc][INFO] 2020-09-03 14:09:37,217: Started XML-RPC server [http://notebook:40605/]
[xmlrpc][INFO] 2020-09-03 14:09:37,218: xml rpc node: starting XML-RPC server
[roslaunch][INFO] 2020-09-03 14:09:37,230: started roslaunch server http://notebook:40605/
[roslaunch.parent][INFO] 2020-09-03 14:09:37,230: ... parent XML-RPC server started
[roslaunch][INFO] 2020-09-03 14:09:37,230: master.is_running[http://localhost:11311]
[roslaunch][INFO] 2020-09-03 14:09:37,231: auto-starting new master
[roslaunch][INFO] 2020-09-03 14:09:37,231: create_master_process: rosmaster, /opt/ros/melodic/share/ros, 11311, 3, None, False
[roslaunch][INFO] 2020-09-03 14:09:37,231: process[master]: launching with args [['rosmaster', '--core', '-p', '11311', '-w', '3']]
[roslaunch.pmon][INFO] 2020-09-03 14:09:37,231: ProcessMonitor.register[master]
[roslaunch.pmon][INFO] 2020-09-03 14:09:37,231: ProcessMonitor.register[master] complete
[roslaunch][INFO] 2020-09-03 14:09:37,231: process[master]: starting os process
[roslaunch][INFO] 2020-09-03 14:09:37,232: process[master]: start w/ args [['rosmaster', '--core', '-p', '11311', '-w', '3', '__log:=/home/appuser/.ros/log/19877b10-edef-11ea-8270-080027975e41/master.log']]
[roslaunch][INFO] 2020-09-03 14:09:37,232: process[master]: cwd will be [/home/appuser/.ros]
[roslaunch][INFO] 2020-09-03 14:09:37,239: process[master]: started with pid [161]
[roslaunch][INFO] 2020-09-03 14:09:37,240: master.is_running[http://localhost:11311]
[roslaunch][INFO] 2020-09-03 14:09:37,342: master.is_running[http://localhost:11311]
[roslaunch][INFO] 2020-09-03 14:09:37,443: master.is_running[http://localhost:11311]
[roslaunch][INFO] 2020-09-03 14:09:37,545: master.is_running[http://localhost:11311]
[roslaunch][INFO] 2020-09-03 14:09:37,645: master.is_running[http://localhost:11311]
[roslaunch][INFO] 2020-09-03 14:09:37,649: master.is_running[http://localhost:11311]
[roslaunch][INFO] 2020-09-03 14:09:37,651: ROS_MASTER_URI=http://localhost:11311
[roslaunch][INFO] 2020-09-03 14:09:37,653: setting /run_id to 19877b10-edef-11ea-8270-080027975e41
[roslaunch][INFO] 2020-09-03 14:09:37,654: setting /roslaunch/uris/host_notebook__40605' to http://notebook:40605/
[roslaunch][INFO] 2020-09-03 14:09:37,657: ... preparing to launch node of type [rosout/rosout]
[roslaunch][INFO] 2020-09-03 14:09:37,657: create_node_process: package[rosout] type[rosout] machine[Machine(name[] env_loader[None] address[localhost] ssh_port[22] user[None] assignable[True] timeout[10.0])] master_uri[http://localhost:11311]
[roslaunch][INFO] 2020-09-03 14:09:37,658: process[rosout-1]: env[{'DISPLAY': ':99', 'XAUTHORITY': '/tmp/appuser.xvfb.auth', 'LC_ALL': 'C.UTF-8', 'LD_LIBRARY_PATH': '/home/appuser/aido-auto/ros/catkin_ws/devel/lib:/opt/ros/melodic/lib', 'LANG': 'C.UTF-8', 'HOSTNAME': 'notebook', 'ROS_ETC_DIR': '/opt/ros/melodic/etc/ros', 'PUBLISHER_DROP_FOLDER': '/home/appuser/publisher-drop', 'PWD': '/home/appuser/aido-auto/gym-duckietown', 'HOME': '/home/appuser', 'CMAKE_PREFIX_PATH': '/home/appuser/aido-auto/ros/catkin_ws/devel:/opt/ros/melodic', 'ROS_ROOT': '/opt/ros/melodic/share/ros', 'ROS_MASTER_URI': 'http://localhost:11311', 'ROS_VERSION': '1', 'TERM': 'xterm', 'ROS_PYTHON_VERSION': '2', 'SHLVL': '4', 'PYTHONPATH': '/home/appuser/aido-auto/ros/catkin_ws/devel/lib/python2.7/dist-packages:/opt/ros/melodic/lib/python2.7/dist-packages', 'ROS_PACKAGE_PATH': '/home/appuser/aido-auto/ros/catkin_ws/src:/opt/ros/melodic/share', 'ROSLISP_PACKAGE_DIRECTORIES': '/home/appuser/aido-auto/ros/catkin_ws/devel/share/common-lisp', 'PATH': '/opt/ros/melodic/bin:/usr/local/sbin:/usr/local/bin:/usr/sbin:/usr/bin:/sbin:/bin', 'PKG_CONFIG_PATH': '/home/appuser/aido-auto/ros/catkin_ws/devel/lib/pkgconfig:/opt/ros/melodic/lib/pkgconfig', 'ROS_DISTRO': 'melodic', '_': '/usr/bin/timeout', 'QT_QPA_PLATFORM_PLUGIN_PATH': '/usr/local/lib/python3.6/dist-packages/cv2/qt/plugins', 'QT_QPA_FONTDIR': '/usr/local/lib/python3.6/dist-packages/cv2/qt/fonts', 'ROS_LOG_FILENAME': '/home/appuser/.ros/log/19877b10-edef-11ea-8270-080027975e41/roslaunch-notebook-146.log'}]
[roslaunch][INFO] 2020-09-03 14:09:37,691: process[rosout-1]: args[['/opt/ros/melodic/lib/rosout/rosout', '__name:=rosout']]
[roslaunch][INFO] 2020-09-03 14:09:37,692: ... created process [rosout-1]
[roslaunch.pmon][INFO] 2020-09-03 14:09:37,692: ProcessMonitor.register[rosout-1]
[roslaunch.pmon][INFO] 2020-09-03 14:09:37,692: ProcessMonitor.register[rosout-1] complete
[roslaunch][INFO] 2020-09-03 14:09:37,692: ... registered process [rosout-1]
[roslaunch][INFO] 2020-09-03 14:09:37,692: process[rosout-1]: starting os process
[roslaunch][INFO] 2020-09-03 14:09:37,693: process[rosout-1]: start w/ args [['/opt/ros/melodic/lib/rosout/rosout', '__name:=rosout', '__log:=/home/appuser/.ros/log/19877b10-edef-11ea-8270-080027975e41/rosout-1.log']]
[roslaunch][INFO] 2020-09-03 14:09:37,693: process[rosout-1]: cwd will be [/home/appuser/.ros]
[roslaunch][INFO] 2020-09-03 14:09:37,699: process[rosout-1]: started with pid [172]
[roslaunch][INFO] 2020-09-03 14:09:37,699: ... successfully launched [rosout-1]
[roslaunch][INFO] 2020-09-03 14:09:37,700: load_parameters starting ...
[roslaunch][INFO] 2020-09-03 14:09:37,705: ... load_parameters complete
[roslaunch][INFO] 2020-09-03 14:09:37,705: launch_nodes: launching local nodes ...
[roslaunch][INFO] 2020-09-03 14:09:37,705: ... preparing to launch node of type [demo/demo_node.py]
[roslaunch][INFO] 2020-09-03 14:09:37,705: create_node_process: package[demo] type[demo_node.py] machine[Machine(name[] env_loader[None] address[localhost] ssh_port[22] user[None] assignable[True] timeout[10.0])] master_uri[http://localhost:11311]
[roslaunch][INFO] 2020-09-03 14:09:37,706: process[demo_node-2]: env[{'DISPLAY': ':99', 'XAUTHORITY': '/tmp/appuser.xvfb.auth', 'LC_ALL': 'C.UTF-8', 'LD_LIBRARY_PATH': '/home/appuser/aido-auto/ros/catkin_ws/devel/lib:/opt/ros/melodic/lib', 'LANG': 'C.UTF-8', 'HOSTNAME': 'notebook', 'ROS_ETC_DIR': '/opt/ros/melodic/etc/ros', 'PUBLISHER_DROP_FOLDER': '/home/appuser/publisher-drop', 'PWD': '/home/appuser/aido-auto/gym-duckietown', 'HOME': '/home/appuser', 'CMAKE_PREFIX_PATH': '/home/appuser/aido-auto/ros/catkin_ws/devel:/opt/ros/melodic', 'ROS_ROOT': '/opt/ros/melodic/share/ros', 'ROS_MASTER_URI': 'http://localhost:11311', 'ROS_VERSION': '1', 'TERM': 'xterm', 'ROS_PYTHON_VERSION': '2', 'SHLVL': '4', 'PYTHONPATH': '/home/appuser/aido-auto/ros/catkin_ws/devel/lib/python2.7/dist-packages:/opt/ros/melodic/lib/python2.7/dist-packages', 'ROS_PACKAGE_PATH': '/home/appuser/aido-auto/ros/catkin_ws/src:/opt/ros/melodic/share', 'ROSLISP_PACKAGE_DIRECTORIES': '/home/appuser/aido-auto/ros/catkin_ws/devel/share/common-lisp', 'PATH': '/opt/ros/melodic/bin:/usr/local/sbin:/usr/local/bin:/usr/sbin:/usr/bin:/sbin:/bin', 'PKG_CONFIG_PATH': '/home/appuser/aido-auto/ros/catkin_ws/devel/lib/pkgconfig:/opt/ros/melodic/lib/pkgconfig', 'ROS_DISTRO': 'melodic', '_': '/usr/bin/timeout', 'QT_QPA_PLATFORM_PLUGIN_PATH': '/usr/local/lib/python3.6/dist-packages/cv2/qt/plugins', 'QT_QPA_FONTDIR': '/usr/local/lib/python3.6/dist-packages/cv2/qt/fonts', 'ROS_LOG_FILENAME': '/home/appuser/.ros/log/19877b10-edef-11ea-8270-080027975e41/roslaunch-notebook-146.log'}]
[roslaunch][INFO] 2020-09-03 14:09:37,708: process[demo_node-2]: args[['/home/appuser/aido-auto/ros/catkin_ws/src/demo/scripts/demo_node.py', '__name:=demo_node']]
[roslaunch][INFO] 2020-09-03 14:09:37,708: ... created process [demo_node-2]
[roslaunch.pmon][INFO] 2020-09-03 14:09:37,709: ProcessMonitor.register[demo_node-2]
[roslaunch.pmon][INFO] 2020-09-03 14:09:37,709: ProcessMonitor.register[demo_node-2] complete
[roslaunch][INFO] 2020-09-03 14:09:37,709: ... registered process [demo_node-2]
[roslaunch][INFO] 2020-09-03 14:09:37,709: process[demo_node-2]: starting os process
[roslaunch][INFO] 2020-09-03 14:09:37,710: process[demo_node-2]: start w/ args [['/home/appuser/aido-auto/ros/catkin_ws/src/demo/scripts/demo_node.py', '__name:=demo_node', '__log:=/home/appuser/.ros/log/19877b10-edef-11ea-8270-080027975e41/demo_node-2.log']]
[roslaunch][INFO] 2020-09-03 14:09:37,710: process[demo_node-2]: cwd will be [/home/appuser/.ros]
[roslaunch][INFO] 2020-09-03 14:09:37,716: process[demo_node-2]: started with pid [175]
[roslaunch][INFO] 2020-09-03 14:09:37,716: ... successfully launched [demo_node-2]
[roslaunch][INFO] 2020-09-03 14:09:37,717: ... preparing to launch node of type [rosbag/record]
[roslaunch][INFO] 2020-09-03 14:09:37,717: create_node_process: package[rosbag] type[record] machine[Machine(name[] env_loader[None] address[localhost] ssh_port[22] user[None] assignable[True] timeout[10.0])] master_uri[http://localhost:11311]
[roslaunch][INFO] 2020-09-03 14:09:37,717: process[record-3]: env[{'DISPLAY': ':99', 'XAUTHORITY': '/tmp/appuser.xvfb.auth', 'LC_ALL': 'C.UTF-8', 'LD_LIBRARY_PATH': '/home/appuser/aido-auto/ros/catkin_ws/devel/lib:/opt/ros/melodic/lib', 'LANG': 'C.UTF-8', 'HOSTNAME': 'notebook', 'ROS_ETC_DIR': '/opt/ros/melodic/etc/ros', 'PUBLISHER_DROP_FOLDER': '/home/appuser/publisher-drop', 'PWD': '/home/appuser/aido-auto/gym-duckietown', 'HOME': '/home/appuser', 'CMAKE_PREFIX_PATH': '/home/appuser/aido-auto/ros/catkin_ws/devel:/opt/ros/melodic', 'ROS_ROOT': '/opt/ros/melodic/share/ros', 'ROS_MASTER_URI': 'http://localhost:11311', 'ROS_VERSION': '1', 'TERM': 'xterm', 'ROS_PYTHON_VERSION': '2', 'SHLVL': '4', 'PYTHONPATH': '/home/appuser/aido-auto/ros/catkin_ws/devel/lib/python2.7/dist-packages:/opt/ros/melodic/lib/python2.7/dist-packages', 'ROS_PACKAGE_PATH': '/home/appuser/aido-auto/ros/catkin_ws/src:/opt/ros/melodic/share', 'ROSLISP_PACKAGE_DIRECTORIES': '/home/appuser/aido-auto/ros/catkin_ws/devel/share/common-lisp', 'PATH': '/opt/ros/melodic/bin:/usr/local/sbin:/usr/local/bin:/usr/sbin:/usr/bin:/sbin:/bin', 'PKG_CONFIG_PATH': '/home/appuser/aido-auto/ros/catkin_ws/devel/lib/pkgconfig:/opt/ros/melodic/lib/pkgconfig', 'ROS_DISTRO': 'melodic', '_': '/usr/bin/timeout', 'QT_QPA_PLATFORM_PLUGIN_PATH': '/usr/local/lib/python3.6/dist-packages/cv2/qt/plugins', 'QT_QPA_FONTDIR': '/usr/local/lib/python3.6/dist-packages/cv2/qt/fonts', 'ROS_LOG_FILENAME': '/home/appuser/.ros/log/19877b10-edef-11ea-8270-080027975e41/roslaunch-notebook-146.log'}]
[roslaunch][INFO] 2020-09-03 14:09:37,719: process[record-3]: args[['/opt/ros/melodic/lib/rosbag/record', '-a', '__name:=record']]
[roslaunch][INFO] 2020-09-03 14:09:37,719: ... created process [record-3]
[roslaunch.pmon][INFO] 2020-09-03 14:09:37,719: ProcessMonitor.register[record-3]
[roslaunch.pmon][INFO] 2020-09-03 14:09:37,719: ProcessMonitor.register[record-3] complete
[roslaunch][INFO] 2020-09-03 14:09:37,719: ... registered process [record-3]
[roslaunch][INFO] 2020-09-03 14:09:37,719: process[record-3]: starting os process
[roslaunch][INFO] 2020-09-03 14:09:37,720: process[record-3]: start w/ args [['/opt/ros/melodic/lib/rosbag/record', '-a', '__name:=record', '__log:=/home/appuser/.ros/log/19877b10-edef-11ea-8270-080027975e41/record-3.log']]
[roslaunch][INFO] 2020-09-03 14:09:37,720: process[record-3]: cwd will be [/home/appuser/.ros]
[roslaunch][INFO] 2020-09-03 14:09:37,727: process[record-3]: started with pid [180]
[roslaunch][INFO] 2020-09-03 14:09:37,727: ... successfully launched [record-3]
[roslaunch][INFO] 2020-09-03 14:09:37,727: ... launch_nodes complete
[roslaunch.pmon][INFO] 2020-09-03 14:09:37,728: registrations completed <ProcessMonitor(ProcessMonitor-1, started daemon 140577269077760)>
[roslaunch.parent][INFO] 2020-09-03 14:09:37,728: ... roslaunch parent running, waiting for process exit
