[roslaunch.parent][INFO] 2020-08-31 12:58:14,538: starting roslaunch parent run
[roslaunch][INFO] 2020-08-31 12:58:14,539: loading roscore config file /opt/ros/melodic/etc/ros/roscore.xml
[roslaunch][INFO] 2020-08-31 12:58:14,700: Added core node of type [rosout/rosout] in namespace [/]
[roslaunch.config][INFO] 2020-08-31 12:58:14,700: loading config file /home/appuser/aido-auto/ros/catkin_ws/src/demo/launch/demo_node.launch
[roslaunch][INFO] 2020-08-31 12:58:14,701: Added node of type [demo/demo_node.py] in namespace [/]
[roslaunch][INFO] 2020-08-31 12:58:14,701: Added node of type [rosbag/record] in namespace [/]
[roslaunch][INFO] 2020-08-31 12:58:14,701: ... selected machine [] for node of type [demo/demo_node.py]
[roslaunch][INFO] 2020-08-31 12:58:14,701: ... selected machine [] for node of type [rosbag/record]
[roslaunch.pmon][INFO] 2020-08-31 12:58:14,702: start_process_monitor: creating ProcessMonitor
[roslaunch.pmon][INFO] 2020-08-31 12:58:14,703: created process monitor <ProcessMonitor(ProcessMonitor-1, initial daemon)>
[roslaunch.pmon][INFO] 2020-08-31 12:58:14,703: start_process_monitor: ProcessMonitor started
[roslaunch.parent][INFO] 2020-08-31 12:58:14,703: starting parent XML-RPC server
[roslaunch.server][INFO] 2020-08-31 12:58:14,703: starting roslaunch XML-RPC server
[roslaunch.server][INFO] 2020-08-31 12:58:14,704: waiting for roslaunch XML-RPC server to initialize
[xmlrpc][INFO] 2020-08-31 12:58:14,704: XML-RPC server binding to 0.0.0.0:0
[xmlrpc][INFO] 2020-08-31 12:58:14,704: Started XML-RPC server [http://c903b4397786:37803/]
[xmlrpc][INFO] 2020-08-31 12:58:14,705: xml rpc node: starting XML-RPC server
[roslaunch][INFO] 2020-08-31 12:58:14,716: started roslaunch server http://c903b4397786:37803/
[roslaunch.parent][INFO] 2020-08-31 12:58:14,716: ... parent XML-RPC server started
[roslaunch][INFO] 2020-08-31 12:58:14,717: master.is_running[http://localhost:11311]
[roslaunch][INFO] 2020-08-31 12:58:14,717: auto-starting new master
[roslaunch][INFO] 2020-08-31 12:58:14,718: create_master_process: rosmaster, /opt/ros/melodic/share/ros, 11311, 3, None, False
[roslaunch][INFO] 2020-08-31 12:58:14,718: process[master]: launching with args [['rosmaster', '--core', '-p', '11311', '-w', '3']]
[roslaunch.pmon][INFO] 2020-08-31 12:58:14,718: ProcessMonitor.register[master]
[roslaunch.pmon][INFO] 2020-08-31 12:58:14,718: ProcessMonitor.register[master] complete
[roslaunch][INFO] 2020-08-31 12:58:14,718: process[master]: starting os process
[roslaunch][INFO] 2020-08-31 12:58:14,718: process[master]: start w/ args [['rosmaster', '--core', '-p', '11311', '-w', '3', '__log:=/home/appuser/.ros/log/a1c1d254-eb89-11ea-a2d2-0242ac110003/master.log']]
[roslaunch][INFO] 2020-08-31 12:58:14,718: process[master]: cwd will be [/home/appuser/.ros]
[roslaunch][INFO] 2020-08-31 12:58:14,723: process[master]: started with pid [145]
[roslaunch][INFO] 2020-08-31 12:58:14,724: master.is_running[http://localhost:11311]
[roslaunch][INFO] 2020-08-31 12:58:14,825: master.is_running[http://localhost:11311]
[roslaunch][INFO] 2020-08-31 12:58:14,926: master.is_running[http://localhost:11311]
[roslaunch][INFO] 2020-08-31 12:58:15,028: master.is_running[http://localhost:11311]
[roslaunch][INFO] 2020-08-31 12:58:15,030: master.is_running[http://localhost:11311]
[roslaunch][INFO] 2020-08-31 12:58:15,032: ROS_MASTER_URI=http://localhost:11311
[roslaunch][INFO] 2020-08-31 12:58:15,034: setting /run_id to a1c1d254-eb89-11ea-a2d2-0242ac110003
[roslaunch][INFO] 2020-08-31 12:58:15,035: setting /roslaunch/uris/host_c903b4397786__37803' to http://c903b4397786:37803/
[roslaunch][INFO] 2020-08-31 12:58:15,038: ... preparing to launch node of type [rosout/rosout]
[roslaunch][INFO] 2020-08-31 12:58:15,038: create_node_process: package[rosout] type[rosout] machine[Machine(name[] env_loader[None] address[localhost] ssh_port[22] user[None] assignable[True] timeout[10.0])] master_uri[http://localhost:11311]
[roslaunch][INFO] 2020-08-31 12:58:15,038: process[rosout-1]: env[{'DISPLAY': ':99', 'XAUTHORITY': '/tmp/appuser.xvfb.auth', 'LC_ALL': 'C.UTF-8', 'LD_LIBRARY_PATH': '/home/appuser/aido-auto/ros/catkin_ws/devel/lib:/opt/ros/melodic/lib', 'LANG': 'C.UTF-8', 'HOSTNAME': 'c903b4397786', 'ROS_ETC_DIR': '/opt/ros/melodic/etc/ros', 'PUBLISHER_DROP_FOLDER': '/home/appuser/publisher-drop', 'PWD': '/home/appuser/aido-auto/gym-duckietown', 'HOME': '/home/appuser', 'CMAKE_PREFIX_PATH': '/home/appuser/aido-auto/ros/catkin_ws/devel:/opt/ros/melodic', 'ROS_ROOT': '/opt/ros/melodic/share/ros', 'ROS_MASTER_URI': 'http://localhost:11311', 'ROS_VERSION': '1', 'TERM': 'xterm', 'ROS_PYTHON_VERSION': '2', 'SHLVL': '4', 'PYTHONPATH': '/home/appuser/aido-auto/ros/catkin_ws/devel/lib/python2.7/dist-packages:/opt/ros/melodic/lib/python2.7/dist-packages', 'ROS_PACKAGE_PATH': '/home/appuser/aido-auto/ros/catkin_ws/src:/opt/ros/melodic/share', 'ROSLISP_PACKAGE_DIRECTORIES': '/home/appuser/aido-auto/ros/catkin_ws/devel/share/common-lisp', 'PATH': '/opt/ros/melodic/bin:/usr/local/sbin:/usr/local/bin:/usr/sbin:/usr/bin:/sbin:/bin', 'PKG_CONFIG_PATH': '/home/appuser/aido-auto/ros/catkin_ws/devel/lib/pkgconfig:/opt/ros/melodic/lib/pkgconfig', 'ROS_DISTRO': 'melodic', '_': '/usr/bin/timeout', 'ROS_LOG_FILENAME': '/home/appuser/.ros/log/a1c1d254-eb89-11ea-a2d2-0242ac110003/roslaunch-c903b4397786-134.log'}]
[roslaunch][INFO] 2020-08-31 12:58:15,065: process[rosout-1]: args[['/opt/ros/melodic/lib/rosout/rosout', '__name:=rosout']]
[roslaunch][INFO] 2020-08-31 12:58:15,065: ... created process [rosout-1]
[roslaunch.pmon][INFO] 2020-08-31 12:58:15,065: ProcessMonitor.register[rosout-1]
[roslaunch.pmon][INFO] 2020-08-31 12:58:15,065: ProcessMonitor.register[rosout-1] complete
[roslaunch][INFO] 2020-08-31 12:58:15,065: ... registered process [rosout-1]
[roslaunch][INFO] 2020-08-31 12:58:15,065: process[rosout-1]: starting os process
[roslaunch][INFO] 2020-08-31 12:58:15,066: process[rosout-1]: start w/ args [['/opt/ros/melodic/lib/rosout/rosout', '__name:=rosout', '__log:=/home/appuser/.ros/log/a1c1d254-eb89-11ea-a2d2-0242ac110003/rosout-1.log']]
[roslaunch][INFO] 2020-08-31 12:58:15,066: process[rosout-1]: cwd will be [/home/appuser/.ros]
[roslaunch][INFO] 2020-08-31 12:58:15,071: process[rosout-1]: started with pid [156]
[roslaunch][INFO] 2020-08-31 12:58:15,072: ... successfully launched [rosout-1]
[roslaunch][INFO] 2020-08-31 12:58:15,072: load_parameters starting ...
[roslaunch][INFO] 2020-08-31 12:58:15,080: ... load_parameters complete
[roslaunch][INFO] 2020-08-31 12:58:15,080: launch_nodes: launching local nodes ...
[roslaunch][INFO] 2020-08-31 12:58:15,081: ... preparing to launch node of type [demo/demo_node.py]
[roslaunch][INFO] 2020-08-31 12:58:15,081: create_node_process: package[demo] type[demo_node.py] machine[Machine(name[] env_loader[None] address[localhost] ssh_port[22] user[None] assignable[True] timeout[10.0])] master_uri[http://localhost:11311]
[roslaunch][INFO] 2020-08-31 12:58:15,081: process[demo_node-2]: env[{'DISPLAY': ':99', 'XAUTHORITY': '/tmp/appuser.xvfb.auth', 'LC_ALL': 'C.UTF-8', 'LD_LIBRARY_PATH': '/home/appuser/aido-auto/ros/catkin_ws/devel/lib:/opt/ros/melodic/lib', 'LANG': 'C.UTF-8', 'HOSTNAME': 'c903b4397786', 'ROS_ETC_DIR': '/opt/ros/melodic/etc/ros', 'PUBLISHER_DROP_FOLDER': '/home/appuser/publisher-drop', 'PWD': '/home/appuser/aido-auto/gym-duckietown', 'HOME': '/home/appuser', 'CMAKE_PREFIX_PATH': '/home/appuser/aido-auto/ros/catkin_ws/devel:/opt/ros/melodic', 'ROS_ROOT': '/opt/ros/melodic/share/ros', 'ROS_MASTER_URI': 'http://localhost:11311', 'ROS_VERSION': '1', 'TERM': 'xterm', 'ROS_PYTHON_VERSION': '2', 'SHLVL': '4', 'PYTHONPATH': '/home/appuser/aido-auto/ros/catkin_ws/devel/lib/python2.7/dist-packages:/opt/ros/melodic/lib/python2.7/dist-packages', 'ROS_PACKAGE_PATH': '/home/appuser/aido-auto/ros/catkin_ws/src:/opt/ros/melodic/share', 'ROSLISP_PACKAGE_DIRECTORIES': '/home/appuser/aido-auto/ros/catkin_ws/devel/share/common-lisp', 'PATH': '/opt/ros/melodic/bin:/usr/local/sbin:/usr/local/bin:/usr/sbin:/usr/bin:/sbin:/bin', 'PKG_CONFIG_PATH': '/home/appuser/aido-auto/ros/catkin_ws/devel/lib/pkgconfig:/opt/ros/melodic/lib/pkgconfig', 'ROS_DISTRO': 'melodic', '_': '/usr/bin/timeout', 'ROS_LOG_FILENAME': '/home/appuser/.ros/log/a1c1d254-eb89-11ea-a2d2-0242ac110003/roslaunch-c903b4397786-134.log'}]
[roslaunch][INFO] 2020-08-31 12:58:15,084: process[demo_node-2]: args[['/home/appuser/aido-auto/ros/catkin_ws/src/demo/scripts/demo_node.py', '__name:=demo_node']]
[roslaunch][INFO] 2020-08-31 12:58:15,084: ... created process [demo_node-2]
[roslaunch.pmon][INFO] 2020-08-31 12:58:15,084: ProcessMonitor.register[demo_node-2]
[roslaunch.pmon][INFO] 2020-08-31 12:58:15,084: ProcessMonitor.register[demo_node-2] complete
[roslaunch][INFO] 2020-08-31 12:58:15,084: ... registered process [demo_node-2]
[roslaunch][INFO] 2020-08-31 12:58:15,085: process[demo_node-2]: starting os process
[roslaunch][INFO] 2020-08-31 12:58:15,085: process[demo_node-2]: start w/ args [['/home/appuser/aido-auto/ros/catkin_ws/src/demo/scripts/demo_node.py', '__name:=demo_node', '__log:=/home/appuser/.ros/log/a1c1d254-eb89-11ea-a2d2-0242ac110003/demo_node-2.log']]
[roslaunch][INFO] 2020-08-31 12:58:15,085: process[demo_node-2]: cwd will be [/home/appuser/.ros]
[roslaunch][INFO] 2020-08-31 12:58:15,094: process[demo_node-2]: started with pid [159]
[roslaunch][INFO] 2020-08-31 12:58:15,094: ... successfully launched [demo_node-2]
[roslaunch][INFO] 2020-08-31 12:58:15,095: ... preparing to launch node of type [rosbag/record]
[roslaunch][INFO] 2020-08-31 12:58:15,095: create_node_process: package[rosbag] type[record] machine[Machine(name[] env_loader[None] address[localhost] ssh_port[22] user[None] assignable[True] timeout[10.0])] master_uri[http://localhost:11311]
[roslaunch][INFO] 2020-08-31 12:58:15,095: process[record-3]: env[{'DISPLAY': ':99', 'XAUTHORITY': '/tmp/appuser.xvfb.auth', 'LC_ALL': 'C.UTF-8', 'LD_LIBRARY_PATH': '/home/appuser/aido-auto/ros/catkin_ws/devel/lib:/opt/ros/melodic/lib', 'LANG': 'C.UTF-8', 'HOSTNAME': 'c903b4397786', 'ROS_ETC_DIR': '/opt/ros/melodic/etc/ros', 'PUBLISHER_DROP_FOLDER': '/home/appuser/publisher-drop', 'PWD': '/home/appuser/aido-auto/gym-duckietown', 'HOME': '/home/appuser', 'CMAKE_PREFIX_PATH': '/home/appuser/aido-auto/ros/catkin_ws/devel:/opt/ros/melodic', 'ROS_ROOT': '/opt/ros/melodic/share/ros', 'ROS_MASTER_URI': 'http://localhost:11311', 'ROS_VERSION': '1', 'TERM': 'xterm', 'ROS_PYTHON_VERSION': '2', 'SHLVL': '4', 'PYTHONPATH': '/home/appuser/aido-auto/ros/catkin_ws/devel/lib/python2.7/dist-packages:/opt/ros/melodic/lib/python2.7/dist-packages', 'ROS_PACKAGE_PATH': '/home/appuser/aido-auto/ros/catkin_ws/src:/opt/ros/melodic/share', 'ROSLISP_PACKAGE_DIRECTORIES': '/home/appuser/aido-auto/ros/catkin_ws/devel/share/common-lisp', 'PATH': '/opt/ros/melodic/bin:/usr/local/sbin:/usr/local/bin:/usr/sbin:/usr/bin:/sbin:/bin', 'PKG_CONFIG_PATH': '/home/appuser/aido-auto/ros/catkin_ws/devel/lib/pkgconfig:/opt/ros/melodic/lib/pkgconfig', 'ROS_DISTRO': 'melodic', '_': '/usr/bin/timeout', 'ROS_LOG_FILENAME': '/home/appuser/.ros/log/a1c1d254-eb89-11ea-a2d2-0242ac110003/roslaunch-c903b4397786-134.log'}]
[roslaunch][INFO] 2020-08-31 12:58:15,097: process[record-3]: args[['/opt/ros/melodic/lib/rosbag/record', '-a', '__name:=record']]
[roslaunch][INFO] 2020-08-31 12:58:15,097: ... created process [record-3]
[roslaunch.pmon][INFO] 2020-08-31 12:58:15,098: ProcessMonitor.register[record-3]
[roslaunch.pmon][INFO] 2020-08-31 12:58:15,098: ProcessMonitor.register[record-3] complete
[roslaunch][INFO] 2020-08-31 12:58:15,098: ... registered process [record-3]
[roslaunch][INFO] 2020-08-31 12:58:15,098: process[record-3]: starting os process
[roslaunch][INFO] 2020-08-31 12:58:15,099: process[record-3]: start w/ args [['/opt/ros/melodic/lib/rosbag/record', '-a', '__name:=record', '__log:=/home/appuser/.ros/log/a1c1d254-eb89-11ea-a2d2-0242ac110003/record-3.log']]
[roslaunch][INFO] 2020-08-31 12:58:15,099: process[record-3]: cwd will be [/home/appuser/.ros]
[roslaunch][INFO] 2020-08-31 12:58:15,105: process[record-3]: started with pid [164]
[roslaunch][INFO] 2020-08-31 12:58:15,105: ... successfully launched [record-3]
[roslaunch][INFO] 2020-08-31 12:58:15,105: ... launch_nodes complete
[roslaunch.pmon][INFO] 2020-08-31 12:58:15,105: registrations completed <ProcessMonitor(ProcessMonitor-1, started daemon 140341598537472)>
[roslaunch.parent][INFO] 2020-08-31 12:58:15,106: ... roslaunch parent running, waiting for process exit
