[roslaunch.parent][INFO] 2020-09-02 08:34:39,626: starting roslaunch parent run
[roslaunch][INFO] 2020-09-02 08:34:39,626: loading roscore config file /opt/ros/melodic/etc/ros/roscore.xml
[roslaunch][INFO] 2020-09-02 08:34:39,787: Added core node of type [rosout/rosout] in namespace [/]
[roslaunch.config][INFO] 2020-09-02 08:34:39,787: loading config file /home/appuser/aido-auto/ros/catkin_ws/src/demo/launch/demo_node.launch
[roslaunch][INFO] 2020-09-02 08:34:39,788: Added node of type [demo/demo_node.py] in namespace [/]
[roslaunch][INFO] 2020-09-02 08:34:39,788: Added node of type [rosbag/record] in namespace [/]
[roslaunch][INFO] 2020-09-02 08:34:39,788: ... selected machine [] for node of type [demo/demo_node.py]
[roslaunch][INFO] 2020-09-02 08:34:39,788: ... selected machine [] for node of type [rosbag/record]
[roslaunch.pmon][INFO] 2020-09-02 08:34:39,789: start_process_monitor: creating ProcessMonitor
[roslaunch.pmon][INFO] 2020-09-02 08:34:39,790: created process monitor <ProcessMonitor(ProcessMonitor-1, initial daemon)>
[roslaunch.pmon][INFO] 2020-09-02 08:34:39,790: start_process_monitor: ProcessMonitor started
[roslaunch.parent][INFO] 2020-09-02 08:34:39,790: starting parent XML-RPC server
[roslaunch.server][INFO] 2020-09-02 08:34:39,790: starting roslaunch XML-RPC server
[roslaunch.server][INFO] 2020-09-02 08:34:39,791: waiting for roslaunch XML-RPC server to initialize
[xmlrpc][INFO] 2020-09-02 08:34:39,791: XML-RPC server binding to 0.0.0.0:0
[xmlrpc][INFO] 2020-09-02 08:34:39,791: Started XML-RPC server [http://15f463abbb9c:34991/]
[xmlrpc][INFO] 2020-09-02 08:34:39,792: xml rpc node: starting XML-RPC server
[roslaunch][INFO] 2020-09-02 08:34:39,803: started roslaunch server http://15f463abbb9c:34991/
[roslaunch.parent][INFO] 2020-09-02 08:34:39,803: ... parent XML-RPC server started
[roslaunch][INFO] 2020-09-02 08:34:39,804: master.is_running[http://localhost:11311]
[roslaunch][INFO] 2020-09-02 08:34:39,804: auto-starting new master
[roslaunch][INFO] 2020-09-02 08:34:39,805: create_master_process: rosmaster, /opt/ros/melodic/share/ros, 11311, 3, None, False
[roslaunch][INFO] 2020-09-02 08:34:39,805: process[master]: launching with args [['rosmaster', '--core', '-p', '11311', '-w', '3']]
[roslaunch.pmon][INFO] 2020-09-02 08:34:39,805: ProcessMonitor.register[master]
[roslaunch.pmon][INFO] 2020-09-02 08:34:39,805: ProcessMonitor.register[master] complete
[roslaunch][INFO] 2020-09-02 08:34:39,805: process[master]: starting os process
[roslaunch][INFO] 2020-09-02 08:34:39,805: process[master]: start w/ args [['rosmaster', '--core', '-p', '11311', '-w', '3', '__log:=/home/appuser/.ros/log/24293250-ecf7-11ea-b844-0242ac110003/master.log']]
[roslaunch][INFO] 2020-09-02 08:34:39,805: process[master]: cwd will be [/home/appuser/.ros]
[roslaunch][INFO] 2020-09-02 08:34:39,811: process[master]: started with pid [143]
[roslaunch][INFO] 2020-09-02 08:34:39,811: master.is_running[http://localhost:11311]
[roslaunch][INFO] 2020-09-02 08:34:39,912: master.is_running[http://localhost:11311]
[roslaunch][INFO] 2020-09-02 08:34:40,013: master.is_running[http://localhost:11311]
[roslaunch][INFO] 2020-09-02 08:34:40,115: master.is_running[http://localhost:11311]
[roslaunch][INFO] 2020-09-02 08:34:40,118: master.is_running[http://localhost:11311]
[roslaunch][INFO] 2020-09-02 08:34:40,119: ROS_MASTER_URI=http://localhost:11311
[roslaunch][INFO] 2020-09-02 08:34:40,120: setting /run_id to 24293250-ecf7-11ea-b844-0242ac110003
[roslaunch][INFO] 2020-09-02 08:34:40,122: setting /roslaunch/uris/host_15f463abbb9c__34991' to http://15f463abbb9c:34991/
[roslaunch][INFO] 2020-09-02 08:34:40,124: ... preparing to launch node of type [rosout/rosout]
[roslaunch][INFO] 2020-09-02 08:34:40,124: create_node_process: package[rosout] type[rosout] machine[Machine(name[] env_loader[None] address[localhost] ssh_port[22] user[None] assignable[True] timeout[10.0])] master_uri[http://localhost:11311]
[roslaunch][INFO] 2020-09-02 08:34:40,124: process[rosout-1]: env[{'DISPLAY': ':99', 'XAUTHORITY': '/tmp/appuser.xvfb.auth', 'LC_ALL': 'C.UTF-8', 'LD_LIBRARY_PATH': '/home/appuser/aido-auto/ros/catkin_ws/devel/lib:/opt/ros/melodic/lib', 'LANG': 'C.UTF-8', 'HOSTNAME': '15f463abbb9c', 'ROS_ETC_DIR': '/opt/ros/melodic/etc/ros', 'PUBLISHER_DROP_FOLDER': '/home/appuser/publisher-drop', 'PWD': '/home/appuser/aido-auto/gym-duckietown', 'HOME': '/home/appuser', 'CMAKE_PREFIX_PATH': '/home/appuser/aido-auto/ros/catkin_ws/devel:/opt/ros/melodic', 'ROS_ROOT': '/opt/ros/melodic/share/ros', 'ROS_MASTER_URI': 'http://localhost:11311', 'ROS_VERSION': '1', 'TERM': 'xterm', 'ROS_PYTHON_VERSION': '2', 'SHLVL': '4', 'PYTHONPATH': '/home/appuser/aido-auto/ros/catkin_ws/devel/lib/python2.7/dist-packages:/opt/ros/melodic/lib/python2.7/dist-packages', 'ROS_PACKAGE_PATH': '/home/appuser/aido-auto/ros/catkin_ws/src:/opt/ros/melodic/share', 'ROSLISP_PACKAGE_DIRECTORIES': '/home/appuser/aido-auto/ros/catkin_ws/devel/share/common-lisp', 'PATH': '/opt/ros/melodic/bin:/usr/local/sbin:/usr/local/bin:/usr/sbin:/usr/bin:/sbin:/bin', 'PKG_CONFIG_PATH': '/home/appuser/aido-auto/ros/catkin_ws/devel/lib/pkgconfig:/opt/ros/melodic/lib/pkgconfig', 'ROS_DISTRO': 'melodic', '_': '/usr/bin/timeout', 'ROS_LOG_FILENAME': '/home/appuser/.ros/log/24293250-ecf7-11ea-b844-0242ac110003/roslaunch-15f463abbb9c-132.log'}]
[roslaunch][INFO] 2020-09-02 08:34:40,151: process[rosout-1]: args[['/opt/ros/melodic/lib/rosout/rosout', '__name:=rosout']]
[roslaunch][INFO] 2020-09-02 08:34:40,151: ... created process [rosout-1]
[roslaunch.pmon][INFO] 2020-09-02 08:34:40,151: ProcessMonitor.register[rosout-1]
[roslaunch.pmon][INFO] 2020-09-02 08:34:40,152: ProcessMonitor.register[rosout-1] complete
[roslaunch][INFO] 2020-09-02 08:34:40,152: ... registered process [rosout-1]
[roslaunch][INFO] 2020-09-02 08:34:40,152: process[rosout-1]: starting os process
[roslaunch][INFO] 2020-09-02 08:34:40,152: process[rosout-1]: start w/ args [['/opt/ros/melodic/lib/rosout/rosout', '__name:=rosout', '__log:=/home/appuser/.ros/log/24293250-ecf7-11ea-b844-0242ac110003/rosout-1.log']]
[roslaunch][INFO] 2020-09-02 08:34:40,152: process[rosout-1]: cwd will be [/home/appuser/.ros]
[roslaunch][INFO] 2020-09-02 08:34:40,158: process[rosout-1]: started with pid [154]
[roslaunch][INFO] 2020-09-02 08:34:40,159: ... successfully launched [rosout-1]
[roslaunch][INFO] 2020-09-02 08:34:40,159: load_parameters starting ...
[roslaunch][INFO] 2020-09-02 08:34:40,165: ... load_parameters complete
[roslaunch][INFO] 2020-09-02 08:34:40,165: launch_nodes: launching local nodes ...
[roslaunch][INFO] 2020-09-02 08:34:40,165: ... preparing to launch node of type [demo/demo_node.py]
[roslaunch][INFO] 2020-09-02 08:34:40,166: create_node_process: package[demo] type[demo_node.py] machine[Machine(name[] env_loader[None] address[localhost] ssh_port[22] user[None] assignable[True] timeout[10.0])] master_uri[http://localhost:11311]
[roslaunch][INFO] 2020-09-02 08:34:40,166: process[demo_node-2]: env[{'DISPLAY': ':99', 'XAUTHORITY': '/tmp/appuser.xvfb.auth', 'LC_ALL': 'C.UTF-8', 'LD_LIBRARY_PATH': '/home/appuser/aido-auto/ros/catkin_ws/devel/lib:/opt/ros/melodic/lib', 'LANG': 'C.UTF-8', 'HOSTNAME': '15f463abbb9c', 'ROS_ETC_DIR': '/opt/ros/melodic/etc/ros', 'PUBLISHER_DROP_FOLDER': '/home/appuser/publisher-drop', 'PWD': '/home/appuser/aido-auto/gym-duckietown', 'HOME': '/home/appuser', 'CMAKE_PREFIX_PATH': '/home/appuser/aido-auto/ros/catkin_ws/devel:/opt/ros/melodic', 'ROS_ROOT': '/opt/ros/melodic/share/ros', 'ROS_MASTER_URI': 'http://localhost:11311', 'ROS_VERSION': '1', 'TERM': 'xterm', 'ROS_PYTHON_VERSION': '2', 'SHLVL': '4', 'PYTHONPATH': '/home/appuser/aido-auto/ros/catkin_ws/devel/lib/python2.7/dist-packages:/opt/ros/melodic/lib/python2.7/dist-packages', 'ROS_PACKAGE_PATH': '/home/appuser/aido-auto/ros/catkin_ws/src:/opt/ros/melodic/share', 'ROSLISP_PACKAGE_DIRECTORIES': '/home/appuser/aido-auto/ros/catkin_ws/devel/share/common-lisp', 'PATH': '/opt/ros/melodic/bin:/usr/local/sbin:/usr/local/bin:/usr/sbin:/usr/bin:/sbin:/bin', 'PKG_CONFIG_PATH': '/home/appuser/aido-auto/ros/catkin_ws/devel/lib/pkgconfig:/opt/ros/melodic/lib/pkgconfig', 'ROS_DISTRO': 'melodic', '_': '/usr/bin/timeout', 'ROS_LOG_FILENAME': '/home/appuser/.ros/log/24293250-ecf7-11ea-b844-0242ac110003/roslaunch-15f463abbb9c-132.log'}]
[roslaunch][INFO] 2020-09-02 08:34:40,168: process[demo_node-2]: args[['/home/appuser/aido-auto/ros/catkin_ws/src/demo/scripts/demo_node.py', '__name:=demo_node']]
[roslaunch][INFO] 2020-09-02 08:34:40,169: ... created process [demo_node-2]
[roslaunch.pmon][INFO] 2020-09-02 08:34:40,169: ProcessMonitor.register[demo_node-2]
[roslaunch.pmon][INFO] 2020-09-02 08:34:40,169: ProcessMonitor.register[demo_node-2] complete
[roslaunch][INFO] 2020-09-02 08:34:40,169: ... registered process [demo_node-2]
[roslaunch][INFO] 2020-09-02 08:34:40,169: process[demo_node-2]: starting os process
[roslaunch][INFO] 2020-09-02 08:34:40,170: process[demo_node-2]: start w/ args [['/home/appuser/aido-auto/ros/catkin_ws/src/demo/scripts/demo_node.py', '__name:=demo_node', '__log:=/home/appuser/.ros/log/24293250-ecf7-11ea-b844-0242ac110003/demo_node-2.log']]
[roslaunch][INFO] 2020-09-02 08:34:40,170: process[demo_node-2]: cwd will be [/home/appuser/.ros]
[roslaunch][INFO] 2020-09-02 08:34:40,177: process[demo_node-2]: started with pid [157]
[roslaunch][INFO] 2020-09-02 08:34:40,178: ... successfully launched [demo_node-2]
[roslaunch][INFO] 2020-09-02 08:34:40,178: ... preparing to launch node of type [rosbag/record]
[roslaunch][INFO] 2020-09-02 08:34:40,178: create_node_process: package[rosbag] type[record] machine[Machine(name[] env_loader[None] address[localhost] ssh_port[22] user[None] assignable[True] timeout[10.0])] master_uri[http://localhost:11311]
[roslaunch][INFO] 2020-09-02 08:34:40,179: process[record-3]: env[{'DISPLAY': ':99', 'XAUTHORITY': '/tmp/appuser.xvfb.auth', 'LC_ALL': 'C.UTF-8', 'LD_LIBRARY_PATH': '/home/appuser/aido-auto/ros/catkin_ws/devel/lib:/opt/ros/melodic/lib', 'LANG': 'C.UTF-8', 'HOSTNAME': '15f463abbb9c', 'ROS_ETC_DIR': '/opt/ros/melodic/etc/ros', 'PUBLISHER_DROP_FOLDER': '/home/appuser/publisher-drop', 'PWD': '/home/appuser/aido-auto/gym-duckietown', 'HOME': '/home/appuser', 'CMAKE_PREFIX_PATH': '/home/appuser/aido-auto/ros/catkin_ws/devel:/opt/ros/melodic', 'ROS_ROOT': '/opt/ros/melodic/share/ros', 'ROS_MASTER_URI': 'http://localhost:11311', 'ROS_VERSION': '1', 'TERM': 'xterm', 'ROS_PYTHON_VERSION': '2', 'SHLVL': '4', 'PYTHONPATH': '/home/appuser/aido-auto/ros/catkin_ws/devel/lib/python2.7/dist-packages:/opt/ros/melodic/lib/python2.7/dist-packages', 'ROS_PACKAGE_PATH': '/home/appuser/aido-auto/ros/catkin_ws/src:/opt/ros/melodic/share', 'ROSLISP_PACKAGE_DIRECTORIES': '/home/appuser/aido-auto/ros/catkin_ws/devel/share/common-lisp', 'PATH': '/opt/ros/melodic/bin:/usr/local/sbin:/usr/local/bin:/usr/sbin:/usr/bin:/sbin:/bin', 'PKG_CONFIG_PATH': '/home/appuser/aido-auto/ros/catkin_ws/devel/lib/pkgconfig:/opt/ros/melodic/lib/pkgconfig', 'ROS_DISTRO': 'melodic', '_': '/usr/bin/timeout', 'ROS_LOG_FILENAME': '/home/appuser/.ros/log/24293250-ecf7-11ea-b844-0242ac110003/roslaunch-15f463abbb9c-132.log'}]
[roslaunch][INFO] 2020-09-02 08:34:40,180: process[record-3]: args[['/opt/ros/melodic/lib/rosbag/record', '-a', '__name:=record']]
[roslaunch][INFO] 2020-09-02 08:34:40,181: ... created process [record-3]
[roslaunch.pmon][INFO] 2020-09-02 08:34:40,181: ProcessMonitor.register[record-3]
[roslaunch.pmon][INFO] 2020-09-02 08:34:40,181: ProcessMonitor.register[record-3] complete
[roslaunch][INFO] 2020-09-02 08:34:40,181: ... registered process [record-3]
[roslaunch][INFO] 2020-09-02 08:34:40,181: process[record-3]: starting os process
[roslaunch][INFO] 2020-09-02 08:34:40,182: process[record-3]: start w/ args [['/opt/ros/melodic/lib/rosbag/record', '-a', '__name:=record', '__log:=/home/appuser/.ros/log/24293250-ecf7-11ea-b844-0242ac110003/record-3.log']]
[roslaunch][INFO] 2020-09-02 08:34:40,182: process[record-3]: cwd will be [/home/appuser/.ros]
[roslaunch][INFO] 2020-09-02 08:34:40,190: process[record-3]: started with pid [162]
[roslaunch][INFO] 2020-09-02 08:34:40,190: ... successfully launched [record-3]
[roslaunch][INFO] 2020-09-02 08:34:40,190: ... launch_nodes complete
[roslaunch.pmon][INFO] 2020-09-02 08:34:40,191: registrations completed <ProcessMonitor(ProcessMonitor-1, started daemon 139723852564224)>
[roslaunch.parent][INFO] 2020-09-02 08:34:40,191: ... roslaunch parent running, waiting for process exit
