[roslaunch.parent][INFO] 2020-08-31 13:00:15,143: starting roslaunch parent run
[roslaunch][INFO] 2020-08-31 13:00:15,144: loading roscore config file /opt/ros/melodic/etc/ros/roscore.xml
[roslaunch][INFO] 2020-08-31 13:00:15,307: Added core node of type [rosout/rosout] in namespace [/]
[roslaunch.config][INFO] 2020-08-31 13:00:15,307: loading config file /home/appuser/aido-auto/ros/catkin_ws/src/demo/launch/demo_node.launch
[roslaunch][INFO] 2020-08-31 13:00:15,308: Added node of type [demo/demo_node.py] in namespace [/]
[roslaunch][INFO] 2020-08-31 13:00:15,308: Added node of type [rosbag/record] in namespace [/]
[roslaunch][INFO] 2020-08-31 13:00:15,308: ... selected machine [] for node of type [demo/demo_node.py]
[roslaunch][INFO] 2020-08-31 13:00:15,308: ... selected machine [] for node of type [rosbag/record]
[roslaunch.pmon][INFO] 2020-08-31 13:00:15,309: start_process_monitor: creating ProcessMonitor
[roslaunch.pmon][INFO] 2020-08-31 13:00:15,310: created process monitor <ProcessMonitor(ProcessMonitor-1, initial daemon)>
[roslaunch.pmon][INFO] 2020-08-31 13:00:15,310: start_process_monitor: ProcessMonitor started
[roslaunch.parent][INFO] 2020-08-31 13:00:15,310: starting parent XML-RPC server
[roslaunch.server][INFO] 2020-08-31 13:00:15,310: starting roslaunch XML-RPC server
[roslaunch.server][INFO] 2020-08-31 13:00:15,310: waiting for roslaunch XML-RPC server to initialize
[xmlrpc][INFO] 2020-08-31 13:00:15,311: XML-RPC server binding to 0.0.0.0:0
[xmlrpc][INFO] 2020-08-31 13:00:15,311: Started XML-RPC server [http://e713ab90591a:42843/]
[xmlrpc][INFO] 2020-08-31 13:00:15,312: xml rpc node: starting XML-RPC server
[roslaunch][INFO] 2020-08-31 13:00:15,323: started roslaunch server http://e713ab90591a:42843/
[roslaunch.parent][INFO] 2020-08-31 13:00:15,323: ... parent XML-RPC server started
[roslaunch][INFO] 2020-08-31 13:00:15,323: master.is_running[http://localhost:11311]
[roslaunch][INFO] 2020-08-31 13:00:15,324: auto-starting new master
[roslaunch][INFO] 2020-08-31 13:00:15,324: create_master_process: rosmaster, /opt/ros/melodic/share/ros, 11311, 3, None, False
[roslaunch][INFO] 2020-08-31 13:00:15,324: process[master]: launching with args [['rosmaster', '--core', '-p', '11311', '-w', '3']]
[roslaunch.pmon][INFO] 2020-08-31 13:00:15,324: ProcessMonitor.register[master]
[roslaunch.pmon][INFO] 2020-08-31 13:00:15,325: ProcessMonitor.register[master] complete
[roslaunch][INFO] 2020-08-31 13:00:15,325: process[master]: starting os process
[roslaunch][INFO] 2020-08-31 13:00:15,325: process[master]: start w/ args [['rosmaster', '--core', '-p', '11311', '-w', '3', '__log:=/home/appuser/.ros/log/e9a49dea-eb89-11ea-bab3-0242ac110003/master.log']]
[roslaunch][INFO] 2020-08-31 13:00:15,325: process[master]: cwd will be [/home/appuser/.ros]
[roslaunch][INFO] 2020-08-31 13:00:15,331: process[master]: started with pid [143]
[roslaunch][INFO] 2020-08-31 13:00:15,331: master.is_running[http://localhost:11311]
[roslaunch][INFO] 2020-08-31 13:00:15,432: master.is_running[http://localhost:11311]
[roslaunch][INFO] 2020-08-31 13:00:15,534: master.is_running[http://localhost:11311]
[roslaunch][INFO] 2020-08-31 13:00:15,635: master.is_running[http://localhost:11311]
[roslaunch][INFO] 2020-08-31 13:00:15,737: master.is_running[http://localhost:11311]
[roslaunch][INFO] 2020-08-31 13:00:15,739: master.is_running[http://localhost:11311]
[roslaunch][INFO] 2020-08-31 13:00:15,741: ROS_MASTER_URI=http://localhost:11311
[roslaunch][INFO] 2020-08-31 13:00:15,743: setting /run_id to e9a49dea-eb89-11ea-bab3-0242ac110003
[roslaunch][INFO] 2020-08-31 13:00:15,744: setting /roslaunch/uris/host_e713ab90591a__42843' to http://e713ab90591a:42843/
[roslaunch][INFO] 2020-08-31 13:00:15,746: ... preparing to launch node of type [rosout/rosout]
[roslaunch][INFO] 2020-08-31 13:00:15,747: create_node_process: package[rosout] type[rosout] machine[Machine(name[] env_loader[None] address[localhost] ssh_port[22] user[None] assignable[True] timeout[10.0])] master_uri[http://localhost:11311]
[roslaunch][INFO] 2020-08-31 13:00:15,747: process[rosout-1]: env[{'DISPLAY': ':99', 'XAUTHORITY': '/tmp/appuser.xvfb.auth', 'LC_ALL': 'C.UTF-8', 'LD_LIBRARY_PATH': '/home/appuser/aido-auto/ros/catkin_ws/devel/lib:/opt/ros/melodic/lib', 'LANG': 'C.UTF-8', 'HOSTNAME': 'e713ab90591a', 'ROS_ETC_DIR': '/opt/ros/melodic/etc/ros', 'PUBLISHER_DROP_FOLDER': '/home/appuser/publisher-drop', 'PWD': '/home/appuser/aido-auto/gym-duckietown', 'HOME': '/home/appuser', 'CMAKE_PREFIX_PATH': '/home/appuser/aido-auto/ros/catkin_ws/devel:/opt/ros/melodic', 'ROS_ROOT': '/opt/ros/melodic/share/ros', 'ROS_MASTER_URI': 'http://localhost:11311', 'ROS_VERSION': '1', 'TERM': 'xterm', 'ROS_PYTHON_VERSION': '2', 'SHLVL': '4', 'PYTHONPATH': '/home/appuser/aido-auto/ros/catkin_ws/devel/lib/python2.7/dist-packages:/opt/ros/melodic/lib/python2.7/dist-packages', 'ROS_PACKAGE_PATH': '/home/appuser/aido-auto/ros/catkin_ws/src:/opt/ros/melodic/share', 'ROSLISP_PACKAGE_DIRECTORIES': '/home/appuser/aido-auto/ros/catkin_ws/devel/share/common-lisp', 'PATH': '/opt/ros/melodic/bin:/usr/local/sbin:/usr/local/bin:/usr/sbin:/usr/bin:/sbin:/bin', 'PKG_CONFIG_PATH': '/home/appuser/aido-auto/ros/catkin_ws/devel/lib/pkgconfig:/opt/ros/melodic/lib/pkgconfig', 'ROS_DISTRO': 'melodic', '_': '/usr/bin/timeout', 'ROS_LOG_FILENAME': '/home/appuser/.ros/log/e9a49dea-eb89-11ea-bab3-0242ac110003/roslaunch-e713ab90591a-132.log'}]
[roslaunch][INFO] 2020-08-31 13:00:15,773: process[rosout-1]: args[['/opt/ros/melodic/lib/rosout/rosout', '__name:=rosout']]
[roslaunch][INFO] 2020-08-31 13:00:15,774: ... created process [rosout-1]
[roslaunch.pmon][INFO] 2020-08-31 13:00:15,774: ProcessMonitor.register[rosout-1]
[roslaunch.pmon][INFO] 2020-08-31 13:00:15,774: ProcessMonitor.register[rosout-1] complete
[roslaunch][INFO] 2020-08-31 13:00:15,774: ... registered process [rosout-1]
[roslaunch][INFO] 2020-08-31 13:00:15,774: process[rosout-1]: starting os process
[roslaunch][INFO] 2020-08-31 13:00:15,774: process[rosout-1]: start w/ args [['/opt/ros/melodic/lib/rosout/rosout', '__name:=rosout', '__log:=/home/appuser/.ros/log/e9a49dea-eb89-11ea-bab3-0242ac110003/rosout-1.log']]
[roslaunch][INFO] 2020-08-31 13:00:15,775: process[rosout-1]: cwd will be [/home/appuser/.ros]
[roslaunch][INFO] 2020-08-31 13:00:15,780: process[rosout-1]: started with pid [154]
[roslaunch][INFO] 2020-08-31 13:00:15,781: ... successfully launched [rosout-1]
[roslaunch][INFO] 2020-08-31 13:00:15,781: load_parameters starting ...
[roslaunch][INFO] 2020-08-31 13:00:15,787: ... load_parameters complete
[roslaunch][INFO] 2020-08-31 13:00:15,787: launch_nodes: launching local nodes ...
[roslaunch][INFO] 2020-08-31 13:00:15,788: ... preparing to launch node of type [demo/demo_node.py]
[roslaunch][INFO] 2020-08-31 13:00:15,788: create_node_process: package[demo] type[demo_node.py] machine[Machine(name[] env_loader[None] address[localhost] ssh_port[22] user[None] assignable[True] timeout[10.0])] master_uri[http://localhost:11311]
[roslaunch][INFO] 2020-08-31 13:00:15,788: process[demo_node-2]: env[{'DISPLAY': ':99', 'XAUTHORITY': '/tmp/appuser.xvfb.auth', 'LC_ALL': 'C.UTF-8', 'LD_LIBRARY_PATH': '/home/appuser/aido-auto/ros/catkin_ws/devel/lib:/opt/ros/melodic/lib', 'LANG': 'C.UTF-8', 'HOSTNAME': 'e713ab90591a', 'ROS_ETC_DIR': '/opt/ros/melodic/etc/ros', 'PUBLISHER_DROP_FOLDER': '/home/appuser/publisher-drop', 'PWD': '/home/appuser/aido-auto/gym-duckietown', 'HOME': '/home/appuser', 'CMAKE_PREFIX_PATH': '/home/appuser/aido-auto/ros/catkin_ws/devel:/opt/ros/melodic', 'ROS_ROOT': '/opt/ros/melodic/share/ros', 'ROS_MASTER_URI': 'http://localhost:11311', 'ROS_VERSION': '1', 'TERM': 'xterm', 'ROS_PYTHON_VERSION': '2', 'SHLVL': '4', 'PYTHONPATH': '/home/appuser/aido-auto/ros/catkin_ws/devel/lib/python2.7/dist-packages:/opt/ros/melodic/lib/python2.7/dist-packages', 'ROS_PACKAGE_PATH': '/home/appuser/aido-auto/ros/catkin_ws/src:/opt/ros/melodic/share', 'ROSLISP_PACKAGE_DIRECTORIES': '/home/appuser/aido-auto/ros/catkin_ws/devel/share/common-lisp', 'PATH': '/opt/ros/melodic/bin:/usr/local/sbin:/usr/local/bin:/usr/sbin:/usr/bin:/sbin:/bin', 'PKG_CONFIG_PATH': '/home/appuser/aido-auto/ros/catkin_ws/devel/lib/pkgconfig:/opt/ros/melodic/lib/pkgconfig', 'ROS_DISTRO': 'melodic', '_': '/usr/bin/timeout', 'ROS_LOG_FILENAME': '/home/appuser/.ros/log/e9a49dea-eb89-11ea-bab3-0242ac110003/roslaunch-e713ab90591a-132.log'}]
[roslaunch][INFO] 2020-08-31 13:00:15,791: process[demo_node-2]: args[['/home/appuser/aido-auto/ros/catkin_ws/src/demo/scripts/demo_node.py', '__name:=demo_node']]
[roslaunch][INFO] 2020-08-31 13:00:15,791: ... created process [demo_node-2]
[roslaunch.pmon][INFO] 2020-08-31 13:00:15,791: ProcessMonitor.register[demo_node-2]
[roslaunch.pmon][INFO] 2020-08-31 13:00:15,791: ProcessMonitor.register[demo_node-2] complete
[roslaunch][INFO] 2020-08-31 13:00:15,792: ... registered process [demo_node-2]
[roslaunch][INFO] 2020-08-31 13:00:15,792: process[demo_node-2]: starting os process
[roslaunch][INFO] 2020-08-31 13:00:15,792: process[demo_node-2]: start w/ args [['/home/appuser/aido-auto/ros/catkin_ws/src/demo/scripts/demo_node.py', '__name:=demo_node', '__log:=/home/appuser/.ros/log/e9a49dea-eb89-11ea-bab3-0242ac110003/demo_node-2.log']]
[roslaunch][INFO] 2020-08-31 13:00:15,792: process[demo_node-2]: cwd will be [/home/appuser/.ros]
[roslaunch][INFO] 2020-08-31 13:00:15,800: process[demo_node-2]: started with pid [157]
[roslaunch][INFO] 2020-08-31 13:00:15,801: ... successfully launched [demo_node-2]
[roslaunch][INFO] 2020-08-31 13:00:15,801: ... preparing to launch node of type [rosbag/record]
[roslaunch][INFO] 2020-08-31 13:00:15,801: create_node_process: package[rosbag] type[record] machine[Machine(name[] env_loader[None] address[localhost] ssh_port[22] user[None] assignable[True] timeout[10.0])] master_uri[http://localhost:11311]
[roslaunch][INFO] 2020-08-31 13:00:15,801: process[record-3]: env[{'DISPLAY': ':99', 'XAUTHORITY': '/tmp/appuser.xvfb.auth', 'LC_ALL': 'C.UTF-8', 'LD_LIBRARY_PATH': '/home/appuser/aido-auto/ros/catkin_ws/devel/lib:/opt/ros/melodic/lib', 'LANG': 'C.UTF-8', 'HOSTNAME': 'e713ab90591a', 'ROS_ETC_DIR': '/opt/ros/melodic/etc/ros', 'PUBLISHER_DROP_FOLDER': '/home/appuser/publisher-drop', 'PWD': '/home/appuser/aido-auto/gym-duckietown', 'HOME': '/home/appuser', 'CMAKE_PREFIX_PATH': '/home/appuser/aido-auto/ros/catkin_ws/devel:/opt/ros/melodic', 'ROS_ROOT': '/opt/ros/melodic/share/ros', 'ROS_MASTER_URI': 'http://localhost:11311', 'ROS_VERSION': '1', 'TERM': 'xterm', 'ROS_PYTHON_VERSION': '2', 'SHLVL': '4', 'PYTHONPATH': '/home/appuser/aido-auto/ros/catkin_ws/devel/lib/python2.7/dist-packages:/opt/ros/melodic/lib/python2.7/dist-packages', 'ROS_PACKAGE_PATH': '/home/appuser/aido-auto/ros/catkin_ws/src:/opt/ros/melodic/share', 'ROSLISP_PACKAGE_DIRECTORIES': '/home/appuser/aido-auto/ros/catkin_ws/devel/share/common-lisp', 'PATH': '/opt/ros/melodic/bin:/usr/local/sbin:/usr/local/bin:/usr/sbin:/usr/bin:/sbin:/bin', 'PKG_CONFIG_PATH': '/home/appuser/aido-auto/ros/catkin_ws/devel/lib/pkgconfig:/opt/ros/melodic/lib/pkgconfig', 'ROS_DISTRO': 'melodic', '_': '/usr/bin/timeout', 'ROS_LOG_FILENAME': '/home/appuser/.ros/log/e9a49dea-eb89-11ea-bab3-0242ac110003/roslaunch-e713ab90591a-132.log'}]
[roslaunch][INFO] 2020-08-31 13:00:15,803: process[record-3]: args[['/opt/ros/melodic/lib/rosbag/record', '-a', '__name:=record']]
[roslaunch][INFO] 2020-08-31 13:00:15,804: ... created process [record-3]
[roslaunch.pmon][INFO] 2020-08-31 13:00:15,804: ProcessMonitor.register[record-3]
[roslaunch.pmon][INFO] 2020-08-31 13:00:15,804: ProcessMonitor.register[record-3] complete
[roslaunch][INFO] 2020-08-31 13:00:15,804: ... registered process [record-3]
[roslaunch][INFO] 2020-08-31 13:00:15,804: process[record-3]: starting os process
[roslaunch][INFO] 2020-08-31 13:00:15,805: process[record-3]: start w/ args [['/opt/ros/melodic/lib/rosbag/record', '-a', '__name:=record', '__log:=/home/appuser/.ros/log/e9a49dea-eb89-11ea-bab3-0242ac110003/record-3.log']]
[roslaunch][INFO] 2020-08-31 13:00:15,805: process[record-3]: cwd will be [/home/appuser/.ros]
[roslaunch][INFO] 2020-08-31 13:00:15,812: process[record-3]: started with pid [162]
[roslaunch][INFO] 2020-08-31 13:00:15,813: ... successfully launched [record-3]
[roslaunch][INFO] 2020-08-31 13:00:15,813: ... launch_nodes complete
[roslaunch.pmon][INFO] 2020-08-31 13:00:15,813: registrations completed <ProcessMonitor(ProcessMonitor-1, started daemon 140307540064000)>
[roslaunch.parent][INFO] 2020-08-31 13:00:15,813: ... roslaunch parent running, waiting for process exit
