[roslaunch.parent][INFO] 2023-03-30 15:59:42,549: starting roslaunch parent run
[roslaunch][INFO] 2023-03-30 15:59:42,550: loading roscore config file /opt/ros/melodic/etc/ros/roscore.xml
[roslaunch][INFO] 2023-03-30 15:59:42,646: Added core node of type [rosout/rosout] in namespace [/]
[roslaunch.config][INFO] 2023-03-30 15:59:42,647: loading config file /home/appuser/aido-auto/ros/catkin_ws/src/demo/launch/demo_node.launch
[roslaunch][INFO] 2023-03-30 15:59:42,647: Added node of type [demo/demo_node.py] in namespace [/]
[roslaunch][INFO] 2023-03-30 15:59:42,647: Added node of type [rosbag/record] in namespace [/]
[roslaunch][INFO] 2023-03-30 15:59:42,647: ... selected machine [] for node of type [demo/demo_node.py]
[roslaunch][INFO] 2023-03-30 15:59:42,647: ... selected machine [] for node of type [rosbag/record]
[roslaunch.pmon][INFO] 2023-03-30 15:59:42,648: start_process_monitor: creating ProcessMonitor
[roslaunch.pmon][INFO] 2023-03-30 15:59:42,648: created process monitor <ProcessMonitor(ProcessMonitor-1, initial daemon)>
[roslaunch.pmon][INFO] 2023-03-30 15:59:42,649: start_process_monitor: ProcessMonitor started
[roslaunch.parent][INFO] 2023-03-30 15:59:42,649: starting parent XML-RPC server
[roslaunch.server][INFO] 2023-03-30 15:59:42,649: starting roslaunch XML-RPC server
[roslaunch.server][INFO] 2023-03-30 15:59:42,649: waiting for roslaunch XML-RPC server to initialize
[xmlrpc][INFO] 2023-03-30 15:59:42,649: XML-RPC server binding to 0.0.0.0:0
[xmlrpc][INFO] 2023-03-30 15:59:42,649: Started XML-RPC server [http://bf8a5f04a163:38421/]
[xmlrpc][INFO] 2023-03-30 15:59:42,650: xml rpc node: starting XML-RPC server
[roslaunch][INFO] 2023-03-30 15:59:42,661: started roslaunch server http://bf8a5f04a163:38421/
[roslaunch.parent][INFO] 2023-03-30 15:59:42,661: ... parent XML-RPC server started
[roslaunch][INFO] 2023-03-30 15:59:42,661: master.is_running[http://localhost:11311]
[roslaunch][INFO] 2023-03-30 15:59:42,661: auto-starting new master
[roslaunch][INFO] 2023-03-30 15:59:42,661: create_master_process: rosmaster, /opt/ros/melodic/share/ros, 11311, 3, None, False
[roslaunch][INFO] 2023-03-30 15:59:42,662: process[master]: launching with args [['rosmaster', '--core', '-p', '11311', '-w', '3']]
[roslaunch.pmon][INFO] 2023-03-30 15:59:42,662: ProcessMonitor.register[master]
[roslaunch.pmon][INFO] 2023-03-30 15:59:42,662: ProcessMonitor.register[master] complete
[roslaunch][INFO] 2023-03-30 15:59:42,662: process[master]: starting os process
[roslaunch][INFO] 2023-03-30 15:59:42,662: process[master]: start w/ args [['rosmaster', '--core', '-p', '11311', '-w', '3', '__log:=/home/appuser/.ros/log/e23d225a-cf13-11ed-a5ad-0242ac170003/master.log']]
[roslaunch][INFO] 2023-03-30 15:59:42,662: process[master]: cwd will be [/home/appuser/.ros]
[roslaunch][INFO] 2023-03-30 15:59:42,666: process[master]: started with pid [170]
[roslaunch][INFO] 2023-03-30 15:59:42,666: master.is_running[http://localhost:11311]
[roslaunch][INFO] 2023-03-30 15:59:42,767: master.is_running[http://localhost:11311]
[roslaunch][INFO] 2023-03-30 15:59:42,867: master.is_running[http://localhost:11311]
[roslaunch][INFO] 2023-03-30 15:59:42,869: master.is_running[http://localhost:11311]
[roslaunch][INFO] 2023-03-30 15:59:42,869: ROS_MASTER_URI=http://localhost:11311
[roslaunch][INFO] 2023-03-30 15:59:42,870: setting /run_id to e23d225a-cf13-11ed-a5ad-0242ac170003
[roslaunch][INFO] 2023-03-30 15:59:42,871: setting /roslaunch/uris/host_bf8a5f04a163__38421' to http://bf8a5f04a163:38421/
[roslaunch][INFO] 2023-03-30 15:59:42,872: ... preparing to launch node of type [rosout/rosout]
[roslaunch][INFO] 2023-03-30 15:59:42,872: create_node_process: package[rosout] type[rosout] machine[Machine(name[] env_loader[None] address[localhost] ssh_port[22] user[None] assignable[True] timeout[10.0])] master_uri[http://localhost:11311]
[roslaunch][INFO] 2023-03-30 15:59:42,872: process[rosout-1]: env[{'DISPLAY': ':99', 'XAUTHORITY': '/tmp/appuser.xvfb.auth', 'LC_ALL': 'C.UTF-8', 'LD_LIBRARY_PATH': '/usr/local/lib/python3.6/dist-packages/cv2/../../lib:/home/appuser/aido-auto/ros/catkin_ws/devel/lib:/opt/ros/melodic/lib', 'LANG': 'C.UTF-8', 'HOSTNAME': 'bf8a5f04a163', 'ROS_ETC_DIR': '/opt/ros/melodic/etc/ros', 'PUBLISHER_DROP_FOLDER': '/home/appuser/publisher-drop', 'PWD': '/home/appuser/aido-auto/gym-duckietown', 'HOME': '/home/appuser', 'CMAKE_PREFIX_PATH': '/home/appuser/aido-auto/ros/catkin_ws/devel:/opt/ros/melodic', 'ROS_ROOT': '/opt/ros/melodic/share/ros', 'ROS_MASTER_URI': 'http://localhost:11311', 'ROS_VERSION': '1', 'TERM': 'xterm', 'ROS_PYTHON_VERSION': '2', 'SHLVL': '4', 'PYTHONPATH': '/home/appuser/aido-auto/ros/catkin_ws/devel/lib/python2.7/dist-packages:/opt/ros/melodic/lib/python2.7/dist-packages', 'ROS_PACKAGE_PATH': '/home/appuser/aido-auto/ros/catkin_ws/src:/opt/ros/melodic/share', 'ROSLISP_PACKAGE_DIRECTORIES': '/home/appuser/aido-auto/ros/catkin_ws/devel/share/common-lisp', 'PATH': '/opt/ros/melodic/bin:/usr/local/sbin:/usr/local/bin:/usr/sbin:/usr/bin:/sbin:/bin', 'PKG_CONFIG_PATH': '/home/appuser/aido-auto/ros/catkin_ws/devel/lib/pkgconfig:/opt/ros/melodic/lib/pkgconfig', 'ROS_DISTRO': 'melodic', '_': '/usr/bin/timeout', 'ROS_LOG_FILENAME': '/home/appuser/.ros/log/e23d225a-cf13-11ed-a5ad-0242ac170003/roslaunch-bf8a5f04a163-155.log'}]
[roslaunch][INFO] 2023-03-30 15:59:42,887: process[rosout-1]: args[['/opt/ros/melodic/lib/rosout/rosout', '__name:=rosout']]
[roslaunch][INFO] 2023-03-30 15:59:42,887: ... created process [rosout-1]
[roslaunch.pmon][INFO] 2023-03-30 15:59:42,887: ProcessMonitor.register[rosout-1]
[roslaunch.pmon][INFO] 2023-03-30 15:59:42,887: ProcessMonitor.register[rosout-1] complete
[roslaunch][INFO] 2023-03-30 15:59:42,887: ... registered process [rosout-1]
[roslaunch][INFO] 2023-03-30 15:59:42,887: process[rosout-1]: starting os process
[roslaunch][INFO] 2023-03-30 15:59:42,887: process[rosout-1]: start w/ args [['/opt/ros/melodic/lib/rosout/rosout', '__name:=rosout', '__log:=/home/appuser/.ros/log/e23d225a-cf13-11ed-a5ad-0242ac170003/rosout-1.log']]
[roslaunch][INFO] 2023-03-30 15:59:42,887: process[rosout-1]: cwd will be [/home/appuser/.ros]
[roslaunch][INFO] 2023-03-30 15:59:42,891: process[rosout-1]: started with pid [181]
[roslaunch][INFO] 2023-03-30 15:59:42,891: ... successfully launched [rosout-1]
[roslaunch][INFO] 2023-03-30 15:59:42,892: load_parameters starting ...
[roslaunch][INFO] 2023-03-30 15:59:42,894: ... load_parameters complete
[roslaunch][INFO] 2023-03-30 15:59:42,894: launch_nodes: launching local nodes ...
[roslaunch][INFO] 2023-03-30 15:59:42,894: ... preparing to launch node of type [demo/demo_node.py]
[roslaunch][INFO] 2023-03-30 15:59:42,894: create_node_process: package[demo] type[demo_node.py] machine[Machine(name[] env_loader[None] address[localhost] ssh_port[22] user[None] assignable[True] timeout[10.0])] master_uri[http://localhost:11311]
[roslaunch][INFO] 2023-03-30 15:59:42,894: process[demo_node-2]: env[{'DISPLAY': ':99', 'XAUTHORITY': '/tmp/appuser.xvfb.auth', 'LC_ALL': 'C.UTF-8', 'LD_LIBRARY_PATH': '/usr/local/lib/python3.6/dist-packages/cv2/../../lib:/home/appuser/aido-auto/ros/catkin_ws/devel/lib:/opt/ros/melodic/lib', 'LANG': 'C.UTF-8', 'HOSTNAME': 'bf8a5f04a163', 'ROS_ETC_DIR': '/opt/ros/melodic/etc/ros', 'PUBLISHER_DROP_FOLDER': '/home/appuser/publisher-drop', 'PWD': '/home/appuser/aido-auto/gym-duckietown', 'HOME': '/home/appuser', 'CMAKE_PREFIX_PATH': '/home/appuser/aido-auto/ros/catkin_ws/devel:/opt/ros/melodic', 'ROS_ROOT': '/opt/ros/melodic/share/ros', 'ROS_MASTER_URI': 'http://localhost:11311', 'ROS_VERSION': '1', 'TERM': 'xterm', 'ROS_PYTHON_VERSION': '2', 'SHLVL': '4', 'PYTHONPATH': '/home/appuser/aido-auto/ros/catkin_ws/devel/lib/python2.7/dist-packages:/opt/ros/melodic/lib/python2.7/dist-packages', 'ROS_PACKAGE_PATH': '/home/appuser/aido-auto/ros/catkin_ws/src:/opt/ros/melodic/share', 'ROSLISP_PACKAGE_DIRECTORIES': '/home/appuser/aido-auto/ros/catkin_ws/devel/share/common-lisp', 'PATH': '/opt/ros/melodic/bin:/usr/local/sbin:/usr/local/bin:/usr/sbin:/usr/bin:/sbin:/bin', 'PKG_CONFIG_PATH': '/home/appuser/aido-auto/ros/catkin_ws/devel/lib/pkgconfig:/opt/ros/melodic/lib/pkgconfig', 'ROS_DISTRO': 'melodic', '_': '/usr/bin/timeout', 'ROS_LOG_FILENAME': '/home/appuser/.ros/log/e23d225a-cf13-11ed-a5ad-0242ac170003/roslaunch-bf8a5f04a163-155.log'}]
[roslaunch][INFO] 2023-03-30 15:59:42,895: process[demo_node-2]: args[['/home/appuser/aido-auto/ros/catkin_ws/src/demo/scripts/demo_node.py', '__name:=demo_node']]
[roslaunch][INFO] 2023-03-30 15:59:42,895: ... created process [demo_node-2]
[roslaunch.pmon][INFO] 2023-03-30 15:59:42,895: ProcessMonitor.register[demo_node-2]
[roslaunch.pmon][INFO] 2023-03-30 15:59:42,895: ProcessMonitor.register[demo_node-2] complete
[roslaunch][INFO] 2023-03-30 15:59:42,895: ... registered process [demo_node-2]
[roslaunch][INFO] 2023-03-30 15:59:42,895: process[demo_node-2]: starting os process
[roslaunch][INFO] 2023-03-30 15:59:42,896: process[demo_node-2]: start w/ args [['/home/appuser/aido-auto/ros/catkin_ws/src/demo/scripts/demo_node.py', '__name:=demo_node', '__log:=/home/appuser/.ros/log/e23d225a-cf13-11ed-a5ad-0242ac170003/demo_node-2.log']]
[roslaunch][INFO] 2023-03-30 15:59:42,896: process[demo_node-2]: cwd will be [/home/appuser/.ros]
[roslaunch][INFO] 2023-03-30 15:59:42,899: process[demo_node-2]: started with pid [184]
[roslaunch][INFO] 2023-03-30 15:59:42,899: ... successfully launched [demo_node-2]
[roslaunch][INFO] 2023-03-30 15:59:42,899: ... preparing to launch node of type [rosbag/record]
[roslaunch][INFO] 2023-03-30 15:59:42,899: create_node_process: package[rosbag] type[record] machine[Machine(name[] env_loader[None] address[localhost] ssh_port[22] user[None] assignable[True] timeout[10.0])] master_uri[http://localhost:11311]
[roslaunch][INFO] 2023-03-30 15:59:42,899: process[record-3]: env[{'DISPLAY': ':99', 'XAUTHORITY': '/tmp/appuser.xvfb.auth', 'LC_ALL': 'C.UTF-8', 'LD_LIBRARY_PATH': '/usr/local/lib/python3.6/dist-packages/cv2/../../lib:/home/appuser/aido-auto/ros/catkin_ws/devel/lib:/opt/ros/melodic/lib', 'LANG': 'C.UTF-8', 'HOSTNAME': 'bf8a5f04a163', 'ROS_ETC_DIR': '/opt/ros/melodic/etc/ros', 'PUBLISHER_DROP_FOLDER': '/home/appuser/publisher-drop', 'PWD': '/home/appuser/aido-auto/gym-duckietown', 'HOME': '/home/appuser', 'CMAKE_PREFIX_PATH': '/home/appuser/aido-auto/ros/catkin_ws/devel:/opt/ros/melodic', 'ROS_ROOT': '/opt/ros/melodic/share/ros', 'ROS_MASTER_URI': 'http://localhost:11311', 'ROS_VERSION': '1', 'TERM': 'xterm', 'ROS_PYTHON_VERSION': '2', 'SHLVL': '4', 'PYTHONPATH': '/home/appuser/aido-auto/ros/catkin_ws/devel/lib/python2.7/dist-packages:/opt/ros/melodic/lib/python2.7/dist-packages', 'ROS_PACKAGE_PATH': '/home/appuser/aido-auto/ros/catkin_ws/src:/opt/ros/melodic/share', 'ROSLISP_PACKAGE_DIRECTORIES': '/home/appuser/aido-auto/ros/catkin_ws/devel/share/common-lisp', 'PATH': '/opt/ros/melodic/bin:/usr/local/sbin:/usr/local/bin:/usr/sbin:/usr/bin:/sbin:/bin', 'PKG_CONFIG_PATH': '/home/appuser/aido-auto/ros/catkin_ws/devel/lib/pkgconfig:/opt/ros/melodic/lib/pkgconfig', 'ROS_DISTRO': 'melodic', '_': '/usr/bin/timeout', 'ROS_LOG_FILENAME': '/home/appuser/.ros/log/e23d225a-cf13-11ed-a5ad-0242ac170003/roslaunch-bf8a5f04a163-155.log'}]
[roslaunch][INFO] 2023-03-30 15:59:42,900: process[record-3]: args[['/opt/ros/melodic/lib/rosbag/record', '-a', '__name:=record']]
[roslaunch][INFO] 2023-03-30 15:59:42,900: ... created process [record-3]
[roslaunch.pmon][INFO] 2023-03-30 15:59:42,900: ProcessMonitor.register[record-3]
[roslaunch.pmon][INFO] 2023-03-30 15:59:42,900: ProcessMonitor.register[record-3] complete
[roslaunch][INFO] 2023-03-30 15:59:42,900: ... registered process [record-3]
[roslaunch][INFO] 2023-03-30 15:59:42,900: process[record-3]: starting os process
[roslaunch][INFO] 2023-03-30 15:59:42,901: process[record-3]: start w/ args [['/opt/ros/melodic/lib/rosbag/record', '-a', '__name:=record', '__log:=/home/appuser/.ros/log/e23d225a-cf13-11ed-a5ad-0242ac170003/record-3.log']]
[roslaunch][INFO] 2023-03-30 15:59:42,901: process[record-3]: cwd will be [/home/appuser/.ros]
[roslaunch][INFO] 2023-03-30 15:59:42,923: process[record-3]: started with pid [185]
[roslaunch][INFO] 2023-03-30 15:59:42,923: ... successfully launched [record-3]
[roslaunch][INFO] 2023-03-30 15:59:42,923: ... launch_nodes complete
[roslaunch.pmon][INFO] 2023-03-30 15:59:42,923: registrations completed <ProcessMonitor(ProcessMonitor-1, started daemon 140634914887424)>
[roslaunch.parent][INFO] 2023-03-30 15:59:42,923: ... roslaunch parent running, waiting for process exit
