[roslaunch.parent][INFO] 2023-03-30 15:36:30,552: starting roslaunch parent run
[roslaunch][INFO] 2023-03-30 15:36:30,552: loading roscore config file /opt/ros/melodic/etc/ros/roscore.xml
[roslaunch][INFO] 2023-03-30 15:36:30,649: Added core node of type [rosout/rosout] in namespace [/]
[roslaunch.config][INFO] 2023-03-30 15:36:30,649: loading config file /home/appuser/aido-auto/ros/catkin_ws/src/demo/launch/demo_node.launch
[roslaunch][INFO] 2023-03-30 15:36:30,650: Added node of type [demo/demo_node.py] in namespace [/]
[roslaunch][INFO] 2023-03-30 15:36:30,650: Added node of type [rosbag/record] in namespace [/]
[roslaunch][INFO] 2023-03-30 15:36:30,650: ... selected machine [] for node of type [demo/demo_node.py]
[roslaunch][INFO] 2023-03-30 15:36:30,650: ... selected machine [] for node of type [rosbag/record]
[roslaunch.pmon][INFO] 2023-03-30 15:36:30,651: start_process_monitor: creating ProcessMonitor
[roslaunch.pmon][INFO] 2023-03-30 15:36:30,651: created process monitor <ProcessMonitor(ProcessMonitor-1, initial daemon)>
[roslaunch.pmon][INFO] 2023-03-30 15:36:30,651: start_process_monitor: ProcessMonitor started
[roslaunch.parent][INFO] 2023-03-30 15:36:30,651: starting parent XML-RPC server
[roslaunch.server][INFO] 2023-03-30 15:36:30,652: starting roslaunch XML-RPC server
[roslaunch.server][INFO] 2023-03-30 15:36:30,652: waiting for roslaunch XML-RPC server to initialize
[xmlrpc][INFO] 2023-03-30 15:36:30,652: XML-RPC server binding to 0.0.0.0:0
[xmlrpc][INFO] 2023-03-30 15:36:30,652: Started XML-RPC server [http://f03ae366e928:44475/]
[xmlrpc][INFO] 2023-03-30 15:36:30,653: xml rpc node: starting XML-RPC server
[roslaunch][INFO] 2023-03-30 15:36:30,663: started roslaunch server http://f03ae366e928:44475/
[roslaunch.parent][INFO] 2023-03-30 15:36:30,664: ... parent XML-RPC server started
[roslaunch][INFO] 2023-03-30 15:36:30,664: master.is_running[http://localhost:11311]
[roslaunch][INFO] 2023-03-30 15:36:30,664: auto-starting new master
[roslaunch][INFO] 2023-03-30 15:36:30,664: create_master_process: rosmaster, /opt/ros/melodic/share/ros, 11311, 3, None, False
[roslaunch][INFO] 2023-03-30 15:36:30,665: process[master]: launching with args [['rosmaster', '--core', '-p', '11311', '-w', '3']]
[roslaunch.pmon][INFO] 2023-03-30 15:36:30,665: ProcessMonitor.register[master]
[roslaunch.pmon][INFO] 2023-03-30 15:36:30,665: ProcessMonitor.register[master] complete
[roslaunch][INFO] 2023-03-30 15:36:30,665: process[master]: starting os process
[roslaunch][INFO] 2023-03-30 15:36:30,665: process[master]: start w/ args [['rosmaster', '--core', '-p', '11311', '-w', '3', '__log:=/home/appuser/.ros/log/a48b37f6-cf10-11ed-ae3d-0242ac170003/master.log']]
[roslaunch][INFO] 2023-03-30 15:36:30,665: process[master]: cwd will be [/home/appuser/.ros]
[roslaunch][INFO] 2023-03-30 15:36:30,669: process[master]: started with pid [171]
[roslaunch][INFO] 2023-03-30 15:36:30,669: master.is_running[http://localhost:11311]
[roslaunch][INFO] 2023-03-30 15:36:30,770: master.is_running[http://localhost:11311]
[roslaunch][INFO] 2023-03-30 15:36:30,870: master.is_running[http://localhost:11311]
[roslaunch][INFO] 2023-03-30 15:36:30,872: master.is_running[http://localhost:11311]
[roslaunch][INFO] 2023-03-30 15:36:30,873: ROS_MASTER_URI=http://localhost:11311
[roslaunch][INFO] 2023-03-30 15:36:30,873: setting /run_id to a48b37f6-cf10-11ed-ae3d-0242ac170003
[roslaunch][INFO] 2023-03-30 15:36:30,874: setting /roslaunch/uris/host_f03ae366e928__44475' to http://f03ae366e928:44475/
[roslaunch][INFO] 2023-03-30 15:36:30,876: ... preparing to launch node of type [rosout/rosout]
[roslaunch][INFO] 2023-03-30 15:36:30,876: create_node_process: package[rosout] type[rosout] machine[Machine(name[] env_loader[None] address[localhost] ssh_port[22] user[None] assignable[True] timeout[10.0])] master_uri[http://localhost:11311]
[roslaunch][INFO] 2023-03-30 15:36:30,876: process[rosout-1]: env[{'DISPLAY': ':99', 'XAUTHORITY': '/tmp/appuser.xvfb.auth', 'LC_ALL': 'C.UTF-8', 'LD_LIBRARY_PATH': '/usr/local/lib/python3.6/dist-packages/cv2/../../lib:/home/appuser/aido-auto/ros/catkin_ws/devel/lib:/opt/ros/melodic/lib', 'LANG': 'C.UTF-8', 'HOSTNAME': 'f03ae366e928', 'ROS_ETC_DIR': '/opt/ros/melodic/etc/ros', 'PUBLISHER_DROP_FOLDER': '/home/appuser/publisher-drop', 'PWD': '/home/appuser/aido-auto/gym-duckietown', 'HOME': '/home/appuser', 'CMAKE_PREFIX_PATH': '/home/appuser/aido-auto/ros/catkin_ws/devel:/opt/ros/melodic', 'ROS_ROOT': '/opt/ros/melodic/share/ros', 'ROS_MASTER_URI': 'http://localhost:11311', 'ROS_VERSION': '1', 'TERM': 'xterm', 'ROS_PYTHON_VERSION': '2', 'SHLVL': '4', 'PYTHONPATH': '/home/appuser/aido-auto/ros/catkin_ws/devel/lib/python2.7/dist-packages:/opt/ros/melodic/lib/python2.7/dist-packages', 'ROS_PACKAGE_PATH': '/home/appuser/aido-auto/ros/catkin_ws/src:/opt/ros/melodic/share', 'ROSLISP_PACKAGE_DIRECTORIES': '/home/appuser/aido-auto/ros/catkin_ws/devel/share/common-lisp', 'PATH': '/opt/ros/melodic/bin:/usr/local/sbin:/usr/local/bin:/usr/sbin:/usr/bin:/sbin:/bin', 'PKG_CONFIG_PATH': '/home/appuser/aido-auto/ros/catkin_ws/devel/lib/pkgconfig:/opt/ros/melodic/lib/pkgconfig', 'ROS_DISTRO': 'melodic', '_': '/usr/bin/timeout', 'ROS_LOG_FILENAME': '/home/appuser/.ros/log/a48b37f6-cf10-11ed-ae3d-0242ac170003/roslaunch-f03ae366e928-156.log'}]
[roslaunch][INFO] 2023-03-30 15:36:30,890: process[rosout-1]: args[['/opt/ros/melodic/lib/rosout/rosout', '__name:=rosout']]
[roslaunch][INFO] 2023-03-30 15:36:30,890: ... created process [rosout-1]
[roslaunch.pmon][INFO] 2023-03-30 15:36:30,891: ProcessMonitor.register[rosout-1]
[roslaunch.pmon][INFO] 2023-03-30 15:36:30,891: ProcessMonitor.register[rosout-1] complete
[roslaunch][INFO] 2023-03-30 15:36:30,891: ... registered process [rosout-1]
[roslaunch][INFO] 2023-03-30 15:36:30,891: process[rosout-1]: starting os process
[roslaunch][INFO] 2023-03-30 15:36:30,891: process[rosout-1]: start w/ args [['/opt/ros/melodic/lib/rosout/rosout', '__name:=rosout', '__log:=/home/appuser/.ros/log/a48b37f6-cf10-11ed-ae3d-0242ac170003/rosout-1.log']]
[roslaunch][INFO] 2023-03-30 15:36:30,891: process[rosout-1]: cwd will be [/home/appuser/.ros]
[roslaunch][INFO] 2023-03-30 15:36:30,895: process[rosout-1]: started with pid [182]
[roslaunch][INFO] 2023-03-30 15:36:30,895: ... successfully launched [rosout-1]
[roslaunch][INFO] 2023-03-30 15:36:30,895: load_parameters starting ...
[roslaunch][INFO] 2023-03-30 15:36:30,898: ... load_parameters complete
[roslaunch][INFO] 2023-03-30 15:36:30,898: launch_nodes: launching local nodes ...
[roslaunch][INFO] 2023-03-30 15:36:30,898: ... preparing to launch node of type [demo/demo_node.py]
[roslaunch][INFO] 2023-03-30 15:36:30,898: create_node_process: package[demo] type[demo_node.py] machine[Machine(name[] env_loader[None] address[localhost] ssh_port[22] user[None] assignable[True] timeout[10.0])] master_uri[http://localhost:11311]
[roslaunch][INFO] 2023-03-30 15:36:30,898: process[demo_node-2]: env[{'DISPLAY': ':99', 'XAUTHORITY': '/tmp/appuser.xvfb.auth', 'LC_ALL': 'C.UTF-8', 'LD_LIBRARY_PATH': '/usr/local/lib/python3.6/dist-packages/cv2/../../lib:/home/appuser/aido-auto/ros/catkin_ws/devel/lib:/opt/ros/melodic/lib', 'LANG': 'C.UTF-8', 'HOSTNAME': 'f03ae366e928', 'ROS_ETC_DIR': '/opt/ros/melodic/etc/ros', 'PUBLISHER_DROP_FOLDER': '/home/appuser/publisher-drop', 'PWD': '/home/appuser/aido-auto/gym-duckietown', 'HOME': '/home/appuser', 'CMAKE_PREFIX_PATH': '/home/appuser/aido-auto/ros/catkin_ws/devel:/opt/ros/melodic', 'ROS_ROOT': '/opt/ros/melodic/share/ros', 'ROS_MASTER_URI': 'http://localhost:11311', 'ROS_VERSION': '1', 'TERM': 'xterm', 'ROS_PYTHON_VERSION': '2', 'SHLVL': '4', 'PYTHONPATH': '/home/appuser/aido-auto/ros/catkin_ws/devel/lib/python2.7/dist-packages:/opt/ros/melodic/lib/python2.7/dist-packages', 'ROS_PACKAGE_PATH': '/home/appuser/aido-auto/ros/catkin_ws/src:/opt/ros/melodic/share', 'ROSLISP_PACKAGE_DIRECTORIES': '/home/appuser/aido-auto/ros/catkin_ws/devel/share/common-lisp', 'PATH': '/opt/ros/melodic/bin:/usr/local/sbin:/usr/local/bin:/usr/sbin:/usr/bin:/sbin:/bin', 'PKG_CONFIG_PATH': '/home/appuser/aido-auto/ros/catkin_ws/devel/lib/pkgconfig:/opt/ros/melodic/lib/pkgconfig', 'ROS_DISTRO': 'melodic', '_': '/usr/bin/timeout', 'ROS_LOG_FILENAME': '/home/appuser/.ros/log/a48b37f6-cf10-11ed-ae3d-0242ac170003/roslaunch-f03ae366e928-156.log'}]
[roslaunch][INFO] 2023-03-30 15:36:30,899: process[demo_node-2]: args[['/home/appuser/aido-auto/ros/catkin_ws/src/demo/scripts/demo_node.py', '__name:=demo_node']]
[roslaunch][INFO] 2023-03-30 15:36:30,899: ... created process [demo_node-2]
[roslaunch.pmon][INFO] 2023-03-30 15:36:30,899: ProcessMonitor.register[demo_node-2]
[roslaunch.pmon][INFO] 2023-03-30 15:36:30,899: ProcessMonitor.register[demo_node-2] complete
[roslaunch][INFO] 2023-03-30 15:36:30,899: ... registered process [demo_node-2]
[roslaunch][INFO] 2023-03-30 15:36:30,899: process[demo_node-2]: starting os process
[roslaunch][INFO] 2023-03-30 15:36:30,899: process[demo_node-2]: start w/ args [['/home/appuser/aido-auto/ros/catkin_ws/src/demo/scripts/demo_node.py', '__name:=demo_node', '__log:=/home/appuser/.ros/log/a48b37f6-cf10-11ed-ae3d-0242ac170003/demo_node-2.log']]
[roslaunch][INFO] 2023-03-30 15:36:30,899: process[demo_node-2]: cwd will be [/home/appuser/.ros]
[roslaunch][ERROR] 2023-03-30 15:36:30,903: OSError(8, Exec format error)
[roslaunch.pmon][INFO] 2023-03-30 15:36:30,905: ProcessMonitor.shutdown <ProcessMonitor(ProcessMonitor-1, started daemon 139839163102976)>
[roslaunch.pmon][INFO] 2023-03-30 15:36:30,952: ProcessMonitor._post_run <ProcessMonitor(ProcessMonitor-1, started daemon 139839163102976)>
[roslaunch.pmon][INFO] 2023-03-30 15:36:30,952: ProcessMonitor._post_run <ProcessMonitor(ProcessMonitor-1, started daemon 139839163102976)>: remaining procs are [<roslaunch.nodeprocess.LocalProcess object at 0x7f2e9f927d68>, <roslaunch.nodeprocess.LocalProcess object at 0x7f2e9f985e80>, <roslaunch.nodeprocess.LocalProcess object at 0x7f2e9f964dd8>]
[roslaunch.pmon][INFO] 2023-03-30 15:36:30,952: ProcessMonitor exit: killing demo_node-2
[roslaunch][INFO] 2023-03-30 15:36:30,953: [demo_node-2] killing on exit
[roslaunch.pmon][INFO] 2023-03-30 15:36:30,954: ProcessMonitor exit: killing rosout-1
[roslaunch][INFO] 2023-03-30 15:36:30,954: [rosout-1] killing on exit
[roslaunch][INFO] 2023-03-30 15:36:30,954: process[rosout-1]: killing os process with pid[182] pgid[182]
[roslaunch][INFO] 2023-03-30 15:36:30,954: [rosout-1] sending SIGINT to pgid [182]
[roslaunch][INFO] 2023-03-30 15:36:30,954: [rosout-1] sent SIGINT to pgid [182]
[roslaunch][INFO] 2023-03-30 15:36:31,054: process[rosout-1]: SIGINT killed with return value -2
[roslaunch.pmon][INFO] 2023-03-30 15:36:31,055: ProcessMonitor exit: killing master
[roslaunch][INFO] 2023-03-30 15:36:31,055: [master] killing on exit
[roslaunch][INFO] 2023-03-30 15:36:31,056: process[master]: killing os process with pid[171] pgid[171]
[roslaunch][INFO] 2023-03-30 15:36:31,056: [master] sending SIGINT to pgid [171]
[roslaunch][INFO] 2023-03-30 15:36:31,056: [master] sent SIGINT to pgid [171]
[roslaunch][INFO] 2023-03-30 15:36:31,257: process[master]: SIGINT killed with return value 0
[roslaunch.pmon][INFO] 2023-03-30 15:36:31,258: ProcessMonitor exit: cleaning up data structures and signals
[roslaunch.pmon][INFO] 2023-03-30 15:36:31,258: ProcessMonitor exit: pmon has shutdown
[rospy.core][INFO] 2023-03-30 15:36:31,259: signal_shutdown [atexit]
