[roslaunch.parent][INFO] 2020-09-03 14:08:02,143: starting roslaunch parent run
[roslaunch][INFO] 2020-09-03 14:08:02,143: loading roscore config file /opt/ros/melodic/etc/ros/roscore.xml
[roslaunch][INFO] 2020-09-03 14:08:02,442: Added core node of type [rosout/rosout] in namespace [/]
[roslaunch.config][INFO] 2020-09-03 14:08:02,442: loading config file /home/appuser/aido-auto/ros/catkin_ws/src/demo/launch/demo_node.launch
[roslaunch][INFO] 2020-09-03 14:08:02,443: Added node of type [demo/demo_node.py] in namespace [/]
[roslaunch][INFO] 2020-09-03 14:08:02,443: Added node of type [rosbag/record] in namespace [/]
[roslaunch][INFO] 2020-09-03 14:08:02,443: ... selected machine [] for node of type [demo/demo_node.py]
[roslaunch][INFO] 2020-09-03 14:08:02,444: ... selected machine [] for node of type [rosbag/record]
[roslaunch.pmon][INFO] 2020-09-03 14:08:02,446: start_process_monitor: creating ProcessMonitor
[roslaunch.pmon][INFO] 2020-09-03 14:08:02,446: created process monitor <ProcessMonitor(ProcessMonitor-1, initial daemon)>
[roslaunch.pmon][INFO] 2020-09-03 14:08:02,447: start_process_monitor: ProcessMonitor started
[roslaunch.parent][INFO] 2020-09-03 14:08:02,447: starting parent XML-RPC server
[roslaunch.server][INFO] 2020-09-03 14:08:02,447: starting roslaunch XML-RPC server
[roslaunch.server][INFO] 2020-09-03 14:08:02,447: waiting for roslaunch XML-RPC server to initialize
[xmlrpc][INFO] 2020-09-03 14:08:02,447: XML-RPC server binding to 0.0.0.0:0
[xmlrpc][INFO] 2020-09-03 14:08:02,448: Started XML-RPC server [http://notebook:35941/]
[xmlrpc][INFO] 2020-09-03 14:08:02,449: xml rpc node: starting XML-RPC server
[roslaunch][INFO] 2020-09-03 14:08:02,467: started roslaunch server http://notebook:35941/
[roslaunch.parent][INFO] 2020-09-03 14:08:02,468: ... parent XML-RPC server started
[roslaunch][INFO] 2020-09-03 14:08:02,469: master.is_running[http://localhost:11311]
[roslaunch][INFO] 2020-09-03 14:08:02,470: auto-starting new master
[roslaunch][INFO] 2020-09-03 14:08:02,470: create_master_process: rosmaster, /opt/ros/melodic/share/ros, 11311, 3, None, False
[roslaunch][INFO] 2020-09-03 14:08:02,471: process[master]: launching with args [['rosmaster', '--core', '-p', '11311', '-w', '3']]
[roslaunch.pmon][INFO] 2020-09-03 14:08:02,471: ProcessMonitor.register[master]
[roslaunch.pmon][INFO] 2020-09-03 14:08:02,472: ProcessMonitor.register[master] complete
[roslaunch][INFO] 2020-09-03 14:08:02,472: process[master]: starting os process
[roslaunch][INFO] 2020-09-03 14:08:02,472: process[master]: start w/ args [['rosmaster', '--core', '-p', '11311', '-w', '3', '__log:=/home/appuser/.ros/log/e0f77a5c-edee-11ea-acd3-080027975e41/master.log']]
[roslaunch][INFO] 2020-09-03 14:08:02,472: process[master]: cwd will be [/home/appuser/.ros]
[roslaunch][INFO] 2020-09-03 14:08:02,479: process[master]: started with pid [160]
[roslaunch][INFO] 2020-09-03 14:08:02,479: master.is_running[http://localhost:11311]
[roslaunch][INFO] 2020-09-03 14:08:02,580: master.is_running[http://localhost:11311]
[roslaunch][INFO] 2020-09-03 14:08:02,681: master.is_running[http://localhost:11311]
[roslaunch][INFO] 2020-09-03 14:08:02,783: master.is_running[http://localhost:11311]
[roslaunch][INFO] 2020-09-03 14:08:02,884: master.is_running[http://localhost:11311]
[roslaunch][INFO] 2020-09-03 14:08:02,987: master.is_running[http://localhost:11311]
[roslaunch][INFO] 2020-09-03 14:08:02,990: master.is_running[http://localhost:11311]
[roslaunch][INFO] 2020-09-03 14:08:02,993: ROS_MASTER_URI=http://localhost:11311
[roslaunch][INFO] 2020-09-03 14:08:02,996: setting /run_id to e0f77a5c-edee-11ea-acd3-080027975e41
[roslaunch][INFO] 2020-09-03 14:08:02,999: setting /roslaunch/uris/host_notebook__35941' to http://notebook:35941/
[roslaunch][INFO] 2020-09-03 14:08:03,004: ... preparing to launch node of type [rosout/rosout]
[roslaunch][INFO] 2020-09-03 14:08:03,004: create_node_process: package[rosout] type[rosout] machine[Machine(name[] env_loader[None] address[localhost] ssh_port[22] user[None] assignable[True] timeout[10.0])] master_uri[http://localhost:11311]
[roslaunch][INFO] 2020-09-03 14:08:03,005: process[rosout-1]: env[{'DISPLAY': ':99', 'XAUTHORITY': '/tmp/appuser.xvfb.auth', 'LC_ALL': 'C.UTF-8', 'LD_LIBRARY_PATH': '/home/appuser/aido-auto/ros/catkin_ws/devel/lib:/opt/ros/melodic/lib', 'LANG': 'C.UTF-8', 'HOSTNAME': 'notebook', 'ROS_ETC_DIR': '/opt/ros/melodic/etc/ros', 'PUBLISHER_DROP_FOLDER': '/home/appuser/publisher-drop', 'PWD': '/home/appuser/aido-auto/gym-duckietown', 'HOME': '/home/appuser', 'CMAKE_PREFIX_PATH': '/home/appuser/aido-auto/ros/catkin_ws/devel:/opt/ros/melodic', 'ROS_ROOT': '/opt/ros/melodic/share/ros', 'ROS_MASTER_URI': 'http://localhost:11311', 'ROS_VERSION': '1', 'TERM': 'xterm', 'ROS_PYTHON_VERSION': '2', 'SHLVL': '4', 'PYTHONPATH': '/home/appuser/aido-auto/ros/catkin_ws/devel/lib/python2.7/dist-packages:/opt/ros/melodic/lib/python2.7/dist-packages', 'ROS_PACKAGE_PATH': '/home/appuser/aido-auto/ros/catkin_ws/src:/opt/ros/melodic/share', 'ROSLISP_PACKAGE_DIRECTORIES': '/home/appuser/aido-auto/ros/catkin_ws/devel/share/common-lisp', 'PATH': '/opt/ros/melodic/bin:/usr/local/sbin:/usr/local/bin:/usr/sbin:/usr/bin:/sbin:/bin', 'PKG_CONFIG_PATH': '/home/appuser/aido-auto/ros/catkin_ws/devel/lib/pkgconfig:/opt/ros/melodic/lib/pkgconfig', 'ROS_DISTRO': 'melodic', '_': '/usr/bin/timeout', 'QT_QPA_PLATFORM_PLUGIN_PATH': '/usr/local/lib/python3.6/dist-packages/cv2/qt/plugins', 'QT_QPA_FONTDIR': '/usr/local/lib/python3.6/dist-packages/cv2/qt/fonts', 'ROS_LOG_FILENAME': '/home/appuser/.ros/log/e0f77a5c-edee-11ea-acd3-080027975e41/roslaunch-notebook-145.log'}]
[roslaunch][INFO] 2020-09-03 14:08:03,063: process[rosout-1]: args[['/opt/ros/melodic/lib/rosout/rosout', '__name:=rosout']]
[roslaunch][INFO] 2020-09-03 14:08:03,063: ... created process [rosout-1]
[roslaunch.pmon][INFO] 2020-09-03 14:08:03,063: ProcessMonitor.register[rosout-1]
[roslaunch.pmon][INFO] 2020-09-03 14:08:03,063: ProcessMonitor.register[rosout-1] complete
[roslaunch][INFO] 2020-09-03 14:08:03,063: ... registered process [rosout-1]
[roslaunch][INFO] 2020-09-03 14:08:03,063: process[rosout-1]: starting os process
[roslaunch][INFO] 2020-09-03 14:08:03,064: process[rosout-1]: start w/ args [['/opt/ros/melodic/lib/rosout/rosout', '__name:=rosout', '__log:=/home/appuser/.ros/log/e0f77a5c-edee-11ea-acd3-080027975e41/rosout-1.log']]
[roslaunch][INFO] 2020-09-03 14:08:03,064: process[rosout-1]: cwd will be [/home/appuser/.ros]
[roslaunch][INFO] 2020-09-03 14:08:03,072: process[rosout-1]: started with pid [171]
[roslaunch][INFO] 2020-09-03 14:08:03,072: ... successfully launched [rosout-1]
[roslaunch][INFO] 2020-09-03 14:08:03,073: load_parameters starting ...
[roslaunch][INFO] 2020-09-03 14:08:03,079: ... load_parameters complete
[roslaunch][INFO] 2020-09-03 14:08:03,080: launch_nodes: launching local nodes ...
[roslaunch][INFO] 2020-09-03 14:08:03,081: ... preparing to launch node of type [demo/demo_node.py]
[roslaunch][INFO] 2020-09-03 14:08:03,081: create_node_process: package[demo] type[demo_node.py] machine[Machine(name[] env_loader[None] address[localhost] ssh_port[22] user[None] assignable[True] timeout[10.0])] master_uri[http://localhost:11311]
[roslaunch][INFO] 2020-09-03 14:08:03,081: process[demo_node-2]: env[{'DISPLAY': ':99', 'XAUTHORITY': '/tmp/appuser.xvfb.auth', 'LC_ALL': 'C.UTF-8', 'LD_LIBRARY_PATH': '/home/appuser/aido-auto/ros/catkin_ws/devel/lib:/opt/ros/melodic/lib', 'LANG': 'C.UTF-8', 'HOSTNAME': 'notebook', 'ROS_ETC_DIR': '/opt/ros/melodic/etc/ros', 'PUBLISHER_DROP_FOLDER': '/home/appuser/publisher-drop', 'PWD': '/home/appuser/aido-auto/gym-duckietown', 'HOME': '/home/appuser', 'CMAKE_PREFIX_PATH': '/home/appuser/aido-auto/ros/catkin_ws/devel:/opt/ros/melodic', 'ROS_ROOT': '/opt/ros/melodic/share/ros', 'ROS_MASTER_URI': 'http://localhost:11311', 'ROS_VERSION': '1', 'TERM': 'xterm', 'ROS_PYTHON_VERSION': '2', 'SHLVL': '4', 'PYTHONPATH': '/home/appuser/aido-auto/ros/catkin_ws/devel/lib/python2.7/dist-packages:/opt/ros/melodic/lib/python2.7/dist-packages', 'ROS_PACKAGE_PATH': '/home/appuser/aido-auto/ros/catkin_ws/src:/opt/ros/melodic/share', 'ROSLISP_PACKAGE_DIRECTORIES': '/home/appuser/aido-auto/ros/catkin_ws/devel/share/common-lisp', 'PATH': '/opt/ros/melodic/bin:/usr/local/sbin:/usr/local/bin:/usr/sbin:/usr/bin:/sbin:/bin', 'PKG_CONFIG_PATH': '/home/appuser/aido-auto/ros/catkin_ws/devel/lib/pkgconfig:/opt/ros/melodic/lib/pkgconfig', 'ROS_DISTRO': 'melodic', '_': '/usr/bin/timeout', 'QT_QPA_PLATFORM_PLUGIN_PATH': '/usr/local/lib/python3.6/dist-packages/cv2/qt/plugins', 'QT_QPA_FONTDIR': '/usr/local/lib/python3.6/dist-packages/cv2/qt/fonts', 'ROS_LOG_FILENAME': '/home/appuser/.ros/log/e0f77a5c-edee-11ea-acd3-080027975e41/roslaunch-notebook-145.log'}]
[roslaunch][INFO] 2020-09-03 14:08:03,084: process[demo_node-2]: args[['/home/appuser/aido-auto/ros/catkin_ws/src/demo/scripts/demo_node.py', '__name:=demo_node']]
[roslaunch][INFO] 2020-09-03 14:08:03,086: ... created process [demo_node-2]
[roslaunch.pmon][INFO] 2020-09-03 14:08:03,086: ProcessMonitor.register[demo_node-2]
[roslaunch.pmon][INFO] 2020-09-03 14:08:03,086: ProcessMonitor.register[demo_node-2] complete
[roslaunch][INFO] 2020-09-03 14:08:03,086: ... registered process [demo_node-2]
[roslaunch][INFO] 2020-09-03 14:08:03,086: process[demo_node-2]: starting os process
[roslaunch][INFO] 2020-09-03 14:08:03,086: process[demo_node-2]: start w/ args [['/home/appuser/aido-auto/ros/catkin_ws/src/demo/scripts/demo_node.py', '__name:=demo_node', '__log:=/home/appuser/.ros/log/e0f77a5c-edee-11ea-acd3-080027975e41/demo_node-2.log']]
[roslaunch][INFO] 2020-09-03 14:08:03,087: process[demo_node-2]: cwd will be [/home/appuser/.ros]
[roslaunch][INFO] 2020-09-03 14:08:03,095: process[demo_node-2]: started with pid [174]
[roslaunch][INFO] 2020-09-03 14:08:03,095: ... successfully launched [demo_node-2]
[roslaunch][INFO] 2020-09-03 14:08:03,095: ... preparing to launch node of type [rosbag/record]
[roslaunch][INFO] 2020-09-03 14:08:03,095: create_node_process: package[rosbag] type[record] machine[Machine(name[] env_loader[None] address[localhost] ssh_port[22] user[None] assignable[True] timeout[10.0])] master_uri[http://localhost:11311]
[roslaunch][INFO] 2020-09-03 14:08:03,096: process[record-3]: env[{'DISPLAY': ':99', 'XAUTHORITY': '/tmp/appuser.xvfb.auth', 'LC_ALL': 'C.UTF-8', 'LD_LIBRARY_PATH': '/home/appuser/aido-auto/ros/catkin_ws/devel/lib:/opt/ros/melodic/lib', 'LANG': 'C.UTF-8', 'HOSTNAME': 'notebook', 'ROS_ETC_DIR': '/opt/ros/melodic/etc/ros', 'PUBLISHER_DROP_FOLDER': '/home/appuser/publisher-drop', 'PWD': '/home/appuser/aido-auto/gym-duckietown', 'HOME': '/home/appuser', 'CMAKE_PREFIX_PATH': '/home/appuser/aido-auto/ros/catkin_ws/devel:/opt/ros/melodic', 'ROS_ROOT': '/opt/ros/melodic/share/ros', 'ROS_MASTER_URI': 'http://localhost:11311', 'ROS_VERSION': '1', 'TERM': 'xterm', 'ROS_PYTHON_VERSION': '2', 'SHLVL': '4', 'PYTHONPATH': '/home/appuser/aido-auto/ros/catkin_ws/devel/lib/python2.7/dist-packages:/opt/ros/melodic/lib/python2.7/dist-packages', 'ROS_PACKAGE_PATH': '/home/appuser/aido-auto/ros/catkin_ws/src:/opt/ros/melodic/share', 'ROSLISP_PACKAGE_DIRECTORIES': '/home/appuser/aido-auto/ros/catkin_ws/devel/share/common-lisp', 'PATH': '/opt/ros/melodic/bin:/usr/local/sbin:/usr/local/bin:/usr/sbin:/usr/bin:/sbin:/bin', 'PKG_CONFIG_PATH': '/home/appuser/aido-auto/ros/catkin_ws/devel/lib/pkgconfig:/opt/ros/melodic/lib/pkgconfig', 'ROS_DISTRO': 'melodic', '_': '/usr/bin/timeout', 'QT_QPA_PLATFORM_PLUGIN_PATH': '/usr/local/lib/python3.6/dist-packages/cv2/qt/plugins', 'QT_QPA_FONTDIR': '/usr/local/lib/python3.6/dist-packages/cv2/qt/fonts', 'ROS_LOG_FILENAME': '/home/appuser/.ros/log/e0f77a5c-edee-11ea-acd3-080027975e41/roslaunch-notebook-145.log'}]
[roslaunch][INFO] 2020-09-03 14:08:03,098: process[record-3]: args[['/opt/ros/melodic/lib/rosbag/record', '-a', '__name:=record']]
[roslaunch][INFO] 2020-09-03 14:08:03,098: ... created process [record-3]
[roslaunch.pmon][INFO] 2020-09-03 14:08:03,098: ProcessMonitor.register[record-3]
[roslaunch.pmon][INFO] 2020-09-03 14:08:03,099: ProcessMonitor.register[record-3] complete
[roslaunch][INFO] 2020-09-03 14:08:03,099: ... registered process [record-3]
[roslaunch][INFO] 2020-09-03 14:08:03,099: process[record-3]: starting os process
[roslaunch][INFO] 2020-09-03 14:08:03,099: process[record-3]: start w/ args [['/opt/ros/melodic/lib/rosbag/record', '-a', '__name:=record', '__log:=/home/appuser/.ros/log/e0f77a5c-edee-11ea-acd3-080027975e41/record-3.log']]
[roslaunch][INFO] 2020-09-03 14:08:03,099: process[record-3]: cwd will be [/home/appuser/.ros]
[roslaunch][INFO] 2020-09-03 14:08:03,107: process[record-3]: started with pid [175]
[roslaunch][INFO] 2020-09-03 14:08:03,108: ... successfully launched [record-3]
[roslaunch][INFO] 2020-09-03 14:08:03,108: ... launch_nodes complete
[roslaunch.pmon][INFO] 2020-09-03 14:08:03,109: registrations completed <ProcessMonitor(ProcessMonitor-1, started daemon 139973391668992)>
[roslaunch.parent][INFO] 2020-09-03 14:08:03,109: ... roslaunch parent running, waiting for process exit
