[roslaunch.parent][INFO] 2023-03-30 15:35:04,984: starting roslaunch parent run
[roslaunch][INFO] 2023-03-30 15:35:04,984: loading roscore config file /opt/ros/melodic/etc/ros/roscore.xml
[roslaunch][INFO] 2023-03-30 15:35:05,155: Added core node of type [rosout/rosout] in namespace [/]
[roslaunch.config][INFO] 2023-03-30 15:35:05,155: loading config file /home/appuser/aido-auto/ros/catkin_ws/src/demo/launch/demo_node.launch
[roslaunch][INFO] 2023-03-30 15:35:05,156: Added node of type [demo/demo_node.py] in namespace [/]
[roslaunch][INFO] 2023-03-30 15:35:05,156: Added node of type [rosbag/record] in namespace [/]
[roslaunch][INFO] 2023-03-30 15:35:05,156: ... selected machine [] for node of type [demo/demo_node.py]
[roslaunch][INFO] 2023-03-30 15:35:05,156: ... selected machine [] for node of type [rosbag/record]
[roslaunch.pmon][INFO] 2023-03-30 15:35:05,157: start_process_monitor: creating ProcessMonitor
[roslaunch.pmon][INFO] 2023-03-30 15:35:05,157: created process monitor <ProcessMonitor(ProcessMonitor-1, initial daemon)>
[roslaunch.pmon][INFO] 2023-03-30 15:35:05,157: start_process_monitor: ProcessMonitor started
[roslaunch.parent][INFO] 2023-03-30 15:35:05,157: starting parent XML-RPC server
[roslaunch.server][INFO] 2023-03-30 15:35:05,157: starting roslaunch XML-RPC server
[roslaunch.server][INFO] 2023-03-30 15:35:05,157: waiting for roslaunch XML-RPC server to initialize
[xmlrpc][INFO] 2023-03-30 15:35:05,157: XML-RPC server binding to 0.0.0.0:0
[xmlrpc][INFO] 2023-03-30 15:35:05,158: Started XML-RPC server [http://7d3f0193c98e:36947/]
[xmlrpc][INFO] 2023-03-30 15:35:05,158: xml rpc node: starting XML-RPC server
[roslaunch][INFO] 2023-03-30 15:35:05,169: started roslaunch server http://7d3f0193c98e:36947/
[roslaunch.parent][INFO] 2023-03-30 15:35:05,169: ... parent XML-RPC server started
[roslaunch][INFO] 2023-03-30 15:35:05,170: master.is_running[http://localhost:11311]
[roslaunch][INFO] 2023-03-30 15:35:05,170: auto-starting new master
[roslaunch][INFO] 2023-03-30 15:35:05,170: create_master_process: rosmaster, /opt/ros/melodic/share/ros, 11311, 3, None, False
[roslaunch][INFO] 2023-03-30 15:35:05,171: process[master]: launching with args [['rosmaster', '--core', '-p', '11311', '-w', '3']]
[roslaunch.pmon][INFO] 2023-03-30 15:35:05,171: ProcessMonitor.register[master]
[roslaunch.pmon][INFO] 2023-03-30 15:35:05,171: ProcessMonitor.register[master] complete
[roslaunch][INFO] 2023-03-30 15:35:05,171: process[master]: starting os process
[roslaunch][INFO] 2023-03-30 15:35:05,171: process[master]: start w/ args [['rosmaster', '--core', '-p', '11311', '-w', '3', '__log:=/home/appuser/.ros/log/71855b7a-cf10-11ed-8336-0242ac170003/master.log']]
[roslaunch][INFO] 2023-03-30 15:35:05,171: process[master]: cwd will be [/home/appuser/.ros]
[roslaunch][INFO] 2023-03-30 15:35:05,191: process[master]: started with pid [172]
[roslaunch][INFO] 2023-03-30 15:35:05,191: master.is_running[http://localhost:11311]
[roslaunch][INFO] 2023-03-30 15:35:05,292: master.is_running[http://localhost:11311]
[roslaunch][INFO] 2023-03-30 15:35:05,393: master.is_running[http://localhost:11311]
[roslaunch][INFO] 2023-03-30 15:35:05,493: master.is_running[http://localhost:11311]
[roslaunch][INFO] 2023-03-30 15:35:05,595: master.is_running[http://localhost:11311]
[roslaunch][INFO] 2023-03-30 15:35:05,697: master.is_running[http://localhost:11311]
[roslaunch][INFO] 2023-03-30 15:35:05,798: master.is_running[http://localhost:11311]
[roslaunch][INFO] 2023-03-30 15:35:05,899: master.is_running[http://localhost:11311]
[roslaunch][INFO] 2023-03-30 15:35:06,000: master.is_running[http://localhost:11311]
[roslaunch][INFO] 2023-03-30 15:35:06,102: master.is_running[http://localhost:11311]
[roslaunch][INFO] 2023-03-30 15:35:06,203: master.is_running[http://localhost:11311]
[roslaunch][INFO] 2023-03-30 15:35:06,305: master.is_running[http://localhost:11311]
[roslaunch][INFO] 2023-03-30 15:35:06,406: master.is_running[http://localhost:11311]
[roslaunch][INFO] 2023-03-30 15:35:06,507: master.is_running[http://localhost:11311]
[roslaunch][INFO] 2023-03-30 15:35:06,609: master.is_running[http://localhost:11311]
[roslaunch][INFO] 2023-03-30 15:35:06,711: master.is_running[http://localhost:11311]
[roslaunch][INFO] 2023-03-30 15:35:06,813: master.is_running[http://localhost:11311]
[roslaunch][INFO] 2023-03-30 15:35:06,913: master.is_running[http://localhost:11311]
[roslaunch][INFO] 2023-03-30 15:35:07,014: master.is_running[http://localhost:11311]
[roslaunch][INFO] 2023-03-30 15:35:07,115: master.is_running[http://localhost:11311]
[roslaunch][INFO] 2023-03-30 15:35:07,217: master.is_running[http://localhost:11311]
[roslaunch][INFO] 2023-03-30 15:35:07,318: master.is_running[http://localhost:11311]
[roslaunch][INFO] 2023-03-30 15:35:07,419: master.is_running[http://localhost:11311]
[roslaunch][INFO] 2023-03-30 15:35:07,521: master.is_running[http://localhost:11311]
[roslaunch][INFO] 2023-03-30 15:35:07,623: master.is_running[http://localhost:11311]
[roslaunch][INFO] 2023-03-30 15:35:07,628: master.is_running[http://localhost:11311]
[roslaunch][INFO] 2023-03-30 15:35:07,632: ROS_MASTER_URI=http://localhost:11311
[roslaunch][INFO] 2023-03-30 15:35:07,636: setting /run_id to 71855b7a-cf10-11ed-8336-0242ac170003
[roslaunch][INFO] 2023-03-30 15:35:07,639: setting /roslaunch/uris/host_7d3f0193c98e__36947' to http://7d3f0193c98e:36947/
[roslaunch][INFO] 2023-03-30 15:35:07,645: ... preparing to launch node of type [rosout/rosout]
[roslaunch][INFO] 2023-03-30 15:35:07,646: create_node_process: package[rosout] type[rosout] machine[Machine(name[] env_loader[None] address[localhost] ssh_port[22] user[None] assignable[True] timeout[10.0])] master_uri[http://localhost:11311]
[roslaunch][INFO] 2023-03-30 15:35:07,646: process[rosout-1]: env[{'DISPLAY': ':99', 'XAUTHORITY': '/tmp/appuser.xvfb.auth', 'LC_ALL': 'C.UTF-8', 'LD_LIBRARY_PATH': '/usr/local/lib/python3.6/dist-packages/cv2/../../lib:/home/appuser/aido-auto/ros/catkin_ws/devel/lib:/opt/ros/melodic/lib', 'LANG': 'C.UTF-8', 'HOSTNAME': '7d3f0193c98e', 'ROS_ETC_DIR': '/opt/ros/melodic/etc/ros', 'PUBLISHER_DROP_FOLDER': '/home/appuser/publisher-drop', 'PWD': '/home/appuser/aido-auto/gym-duckietown', 'HOME': '/home/appuser', 'CMAKE_PREFIX_PATH': '/home/appuser/aido-auto/ros/catkin_ws/devel:/opt/ros/melodic', 'ROS_ROOT': '/opt/ros/melodic/share/ros', 'ROS_MASTER_URI': 'http://localhost:11311', 'ROS_VERSION': '1', 'TERM': 'xterm', 'ROS_PYTHON_VERSION': '2', 'SHLVL': '4', 'PYTHONPATH': '/home/appuser/aido-auto/ros/catkin_ws/devel/lib/python2.7/dist-packages:/opt/ros/melodic/lib/python2.7/dist-packages', 'ROS_PACKAGE_PATH': '/home/appuser/aido-auto/ros/catkin_ws/src:/opt/ros/melodic/share', 'ROSLISP_PACKAGE_DIRECTORIES': '/home/appuser/aido-auto/ros/catkin_ws/devel/share/common-lisp', 'PATH': '/opt/ros/melodic/bin:/usr/local/sbin:/usr/local/bin:/usr/sbin:/usr/bin:/sbin:/bin', 'PKG_CONFIG_PATH': '/home/appuser/aido-auto/ros/catkin_ws/devel/lib/pkgconfig:/opt/ros/melodic/lib/pkgconfig', 'ROS_DISTRO': 'melodic', '_': '/usr/bin/timeout', 'ROS_LOG_FILENAME': '/home/appuser/.ros/log/71855b7a-cf10-11ed-8336-0242ac170003/roslaunch-7d3f0193c98e-157.log'}]
[roslaunch][INFO] 2023-03-30 15:35:07,692: process[rosout-1]: args[['/opt/ros/melodic/lib/rosout/rosout', '__name:=rosout']]
[roslaunch][INFO] 2023-03-30 15:35:07,692: ... created process [rosout-1]
[roslaunch.pmon][INFO] 2023-03-30 15:35:07,692: ProcessMonitor.register[rosout-1]
[roslaunch.pmon][INFO] 2023-03-30 15:35:07,692: ProcessMonitor.register[rosout-1] complete
[roslaunch][INFO] 2023-03-30 15:35:07,692: ... registered process [rosout-1]
[roslaunch][INFO] 2023-03-30 15:35:07,692: process[rosout-1]: starting os process
[roslaunch][INFO] 2023-03-30 15:35:07,693: process[rosout-1]: start w/ args [['/opt/ros/melodic/lib/rosout/rosout', '__name:=rosout', '__log:=/home/appuser/.ros/log/71855b7a-cf10-11ed-8336-0242ac170003/rosout-1.log']]
[roslaunch][INFO] 2023-03-30 15:35:07,693: process[rosout-1]: cwd will be [/home/appuser/.ros]
[roslaunch][INFO] 2023-03-30 15:35:07,764: process[rosout-1]: started with pid [183]
[roslaunch][INFO] 2023-03-30 15:35:07,765: ... successfully launched [rosout-1]
[roslaunch][INFO] 2023-03-30 15:35:07,767: load_parameters starting ...
[roslaunch][INFO] 2023-03-30 15:35:07,777: ... load_parameters complete
[roslaunch][INFO] 2023-03-30 15:35:07,777: launch_nodes: launching local nodes ...
[roslaunch][INFO] 2023-03-30 15:35:07,778: ... preparing to launch node of type [demo/demo_node.py]
[roslaunch][INFO] 2023-03-30 15:35:07,779: create_node_process: package[demo] type[demo_node.py] machine[Machine(name[] env_loader[None] address[localhost] ssh_port[22] user[None] assignable[True] timeout[10.0])] master_uri[http://localhost:11311]
[roslaunch][INFO] 2023-03-30 15:35:07,779: process[demo_node-2]: env[{'DISPLAY': ':99', 'XAUTHORITY': '/tmp/appuser.xvfb.auth', 'LC_ALL': 'C.UTF-8', 'LD_LIBRARY_PATH': '/usr/local/lib/python3.6/dist-packages/cv2/../../lib:/home/appuser/aido-auto/ros/catkin_ws/devel/lib:/opt/ros/melodic/lib', 'LANG': 'C.UTF-8', 'HOSTNAME': '7d3f0193c98e', 'ROS_ETC_DIR': '/opt/ros/melodic/etc/ros', 'PUBLISHER_DROP_FOLDER': '/home/appuser/publisher-drop', 'PWD': '/home/appuser/aido-auto/gym-duckietown', 'HOME': '/home/appuser', 'CMAKE_PREFIX_PATH': '/home/appuser/aido-auto/ros/catkin_ws/devel:/opt/ros/melodic', 'ROS_ROOT': '/opt/ros/melodic/share/ros', 'ROS_MASTER_URI': 'http://localhost:11311', 'ROS_VERSION': '1', 'TERM': 'xterm', 'ROS_PYTHON_VERSION': '2', 'SHLVL': '4', 'PYTHONPATH': '/home/appuser/aido-auto/ros/catkin_ws/devel/lib/python2.7/dist-packages:/opt/ros/melodic/lib/python2.7/dist-packages', 'ROS_PACKAGE_PATH': '/home/appuser/aido-auto/ros/catkin_ws/src:/opt/ros/melodic/share', 'ROSLISP_PACKAGE_DIRECTORIES': '/home/appuser/aido-auto/ros/catkin_ws/devel/share/common-lisp', 'PATH': '/opt/ros/melodic/bin:/usr/local/sbin:/usr/local/bin:/usr/sbin:/usr/bin:/sbin:/bin', 'PKG_CONFIG_PATH': '/home/appuser/aido-auto/ros/catkin_ws/devel/lib/pkgconfig:/opt/ros/melodic/lib/pkgconfig', 'ROS_DISTRO': 'melodic', '_': '/usr/bin/timeout', 'ROS_LOG_FILENAME': '/home/appuser/.ros/log/71855b7a-cf10-11ed-8336-0242ac170003/roslaunch-7d3f0193c98e-157.log'}]
[roslaunch][INFO] 2023-03-30 15:35:07,783: process[demo_node-2]: args[['/home/appuser/aido-auto/ros/catkin_ws/src/demo/scripts/demo_node.py', '__name:=demo_node']]
[roslaunch][INFO] 2023-03-30 15:35:07,783: ... created process [demo_node-2]
[roslaunch.pmon][INFO] 2023-03-30 15:35:07,784: ProcessMonitor.register[demo_node-2]
[roslaunch.pmon][INFO] 2023-03-30 15:35:07,784: ProcessMonitor.register[demo_node-2] complete
[roslaunch][INFO] 2023-03-30 15:35:07,784: ... registered process [demo_node-2]
[roslaunch][INFO] 2023-03-30 15:35:07,785: process[demo_node-2]: starting os process
[roslaunch][INFO] 2023-03-30 15:35:07,785: process[demo_node-2]: start w/ args [['/home/appuser/aido-auto/ros/catkin_ws/src/demo/scripts/demo_node.py', '__name:=demo_node', '__log:=/home/appuser/.ros/log/71855b7a-cf10-11ed-8336-0242ac170003/demo_node-2.log']]
[roslaunch][INFO] 2023-03-30 15:35:07,785: process[demo_node-2]: cwd will be [/home/appuser/.ros]
[roslaunch][ERROR] 2023-03-30 15:35:07,796: OSError(8, Exec format error)
[roslaunch.pmon][INFO] 2023-03-30 15:35:07,863: ProcessMonitor.shutdown <ProcessMonitor(ProcessMonitor-1, started daemon 140603757745920)>
[roslaunch.pmon][INFO] 2023-03-30 15:35:07,866: ProcessMonitor._post_run <ProcessMonitor(ProcessMonitor-1, started daemon 140603757745920)>
[roslaunch.pmon][INFO] 2023-03-30 15:35:07,867: ProcessMonitor._post_run <ProcessMonitor(ProcessMonitor-1, started daemon 140603757745920)>: remaining procs are [<roslaunch.nodeprocess.LocalProcess object at 0x7fe0a4f6ddd8>, <roslaunch.nodeprocess.LocalProcess object at 0x7fe0a4fcbe80>, <roslaunch.nodeprocess.LocalProcess object at 0x7fe0a4fa4dd8>]
[roslaunch.pmon][INFO] 2023-03-30 15:35:07,868: ProcessMonitor exit: killing demo_node-2
[roslaunch][INFO] 2023-03-30 15:35:07,868: [demo_node-2] killing on exit
[roslaunch.pmon][INFO] 2023-03-30 15:35:07,872: ProcessMonitor exit: killing rosout-1
[roslaunch][INFO] 2023-03-30 15:35:07,872: [rosout-1] killing on exit
[roslaunch][INFO] 2023-03-30 15:35:07,873: process[rosout-1]: killing os process with pid[183] pgid[183]
[roslaunch][INFO] 2023-03-30 15:35:07,873: [rosout-1] sending SIGINT to pgid [183]
[roslaunch][INFO] 2023-03-30 15:35:07,873: [rosout-1] sent SIGINT to pgid [183]
[roslaunch][INFO] 2023-03-30 15:35:07,873: process[rosout-1]: SIGINT killed with return value -2
[roslaunch.pmon][INFO] 2023-03-30 15:35:07,874: ProcessMonitor exit: killing master
[roslaunch][INFO] 2023-03-30 15:35:07,874: [master] killing on exit
[roslaunch][INFO] 2023-03-30 15:35:07,874: process[master]: killing os process with pid[172] pgid[172]
[roslaunch][INFO] 2023-03-30 15:35:07,874: [master] sending SIGINT to pgid [172]
[roslaunch][INFO] 2023-03-30 15:35:07,874: [master] sent SIGINT to pgid [172]
[roslaunch][INFO] 2023-03-30 15:35:08,075: process[master]: SIGINT killed with return value 0
[roslaunch.pmon][INFO] 2023-03-30 15:35:08,075: ProcessMonitor exit: cleaning up data structures and signals
[roslaunch.pmon][INFO] 2023-03-30 15:35:08,075: ProcessMonitor exit: pmon has shutdown
[rospy.core][INFO] 2023-03-30 15:35:08,076: signal_shutdown [atexit]
