[roslaunch.parent][INFO] 2020-09-02 09:37:02,734: starting roslaunch parent run
[roslaunch][INFO] 2020-09-02 09:37:02,734: loading roscore config file /opt/ros/melodic/etc/ros/roscore.xml
[roslaunch][INFO] 2020-09-02 09:37:02,900: Added core node of type [rosout/rosout] in namespace [/]
[roslaunch.config][INFO] 2020-09-02 09:37:02,900: loading config file /home/appuser/aido-auto/ros/catkin_ws/src/demo/launch/demo_node.launch
[roslaunch][INFO] 2020-09-02 09:37:02,901: Added node of type [demo/demo_node.py] in namespace [/]
[roslaunch][INFO] 2020-09-02 09:37:02,901: Added node of type [rosbag/record] in namespace [/]
[roslaunch][INFO] 2020-09-02 09:37:02,901: ... selected machine [] for node of type [demo/demo_node.py]
[roslaunch][INFO] 2020-09-02 09:37:02,901: ... selected machine [] for node of type [rosbag/record]
[roslaunch.pmon][INFO] 2020-09-02 09:37:02,903: start_process_monitor: creating ProcessMonitor
[roslaunch.pmon][INFO] 2020-09-02 09:37:02,903: created process monitor <ProcessMonitor(ProcessMonitor-1, initial daemon)>
[roslaunch.pmon][INFO] 2020-09-02 09:37:02,903: start_process_monitor: ProcessMonitor started
[roslaunch.parent][INFO] 2020-09-02 09:37:02,903: starting parent XML-RPC server
[roslaunch.server][INFO] 2020-09-02 09:37:02,903: starting roslaunch XML-RPC server
[roslaunch.server][INFO] 2020-09-02 09:37:02,904: waiting for roslaunch XML-RPC server to initialize
[xmlrpc][INFO] 2020-09-02 09:37:02,904: XML-RPC server binding to 0.0.0.0:0
[xmlrpc][INFO] 2020-09-02 09:37:02,904: Started XML-RPC server [http://2901477ac93b:39495/]
[xmlrpc][INFO] 2020-09-02 09:37:02,905: xml rpc node: starting XML-RPC server
[roslaunch][INFO] 2020-09-02 09:37:02,916: started roslaunch server http://2901477ac93b:39495/
[roslaunch.parent][INFO] 2020-09-02 09:37:02,916: ... parent XML-RPC server started
[roslaunch][INFO] 2020-09-02 09:37:02,917: master.is_running[http://localhost:11311]
[roslaunch][INFO] 2020-09-02 09:37:02,918: auto-starting new master
[roslaunch][INFO] 2020-09-02 09:37:02,918: create_master_process: rosmaster, /opt/ros/melodic/share/ros, 11311, 3, None, False
[roslaunch][INFO] 2020-09-02 09:37:02,918: process[master]: launching with args [['rosmaster', '--core', '-p', '11311', '-w', '3']]
[roslaunch.pmon][INFO] 2020-09-02 09:37:02,918: ProcessMonitor.register[master]
[roslaunch.pmon][INFO] 2020-09-02 09:37:02,918: ProcessMonitor.register[master] complete
[roslaunch][INFO] 2020-09-02 09:37:02,918: process[master]: starting os process
[roslaunch][INFO] 2020-09-02 09:37:02,918: process[master]: start w/ args [['rosmaster', '--core', '-p', '11311', '-w', '3', '__log:=/home/appuser/.ros/log/db3a9ae4-ecff-11ea-ad25-0242ac110003/master.log']]
[roslaunch][INFO] 2020-09-02 09:37:02,919: process[master]: cwd will be [/home/appuser/.ros]
[roslaunch][INFO] 2020-09-02 09:37:02,924: process[master]: started with pid [149]
[roslaunch][INFO] 2020-09-02 09:37:02,924: master.is_running[http://localhost:11311]
[roslaunch][INFO] 2020-09-02 09:37:03,025: master.is_running[http://localhost:11311]
[roslaunch][INFO] 2020-09-02 09:37:03,127: master.is_running[http://localhost:11311]
[roslaunch][INFO] 2020-09-02 09:37:03,228: master.is_running[http://localhost:11311]
[roslaunch][INFO] 2020-09-02 09:37:03,231: master.is_running[http://localhost:11311]
[roslaunch][INFO] 2020-09-02 09:37:03,233: ROS_MASTER_URI=http://localhost:11311
[roslaunch][INFO] 2020-09-02 09:37:03,234: setting /run_id to db3a9ae4-ecff-11ea-ad25-0242ac110003
[roslaunch][INFO] 2020-09-02 09:37:03,235: setting /roslaunch/uris/host_2901477ac93b__39495' to http://2901477ac93b:39495/
[roslaunch][INFO] 2020-09-02 09:37:03,238: ... preparing to launch node of type [rosout/rosout]
[roslaunch][INFO] 2020-09-02 09:37:03,238: create_node_process: package[rosout] type[rosout] machine[Machine(name[] env_loader[None] address[localhost] ssh_port[22] user[None] assignable[True] timeout[10.0])] master_uri[http://localhost:11311]
[roslaunch][INFO] 2020-09-02 09:37:03,238: process[rosout-1]: env[{'DISPLAY': ':99', 'XAUTHORITY': '/tmp/appuser.xvfb.auth', 'LC_ALL': 'C.UTF-8', 'LD_LIBRARY_PATH': '/home/appuser/aido-auto/ros/catkin_ws/devel/lib:/opt/ros/melodic/lib', 'LANG': 'C.UTF-8', 'HOSTNAME': '2901477ac93b', 'ROS_ETC_DIR': '/opt/ros/melodic/etc/ros', 'PUBLISHER_DROP_FOLDER': '/home/appuser/publisher-drop', 'PWD': '/home/appuser/aido-auto/gym-duckietown', 'HOME': '/home/appuser', 'CMAKE_PREFIX_PATH': '/home/appuser/aido-auto/ros/catkin_ws/devel:/opt/ros/melodic', 'ROS_ROOT': '/opt/ros/melodic/share/ros', 'ROS_MASTER_URI': 'http://localhost:11311', 'ROS_VERSION': '1', 'TERM': 'xterm', 'ROS_PYTHON_VERSION': '2', 'SHLVL': '4', 'PYTHONPATH': '/home/appuser/aido-auto/ros/catkin_ws/devel/lib/python2.7/dist-packages:/opt/ros/melodic/lib/python2.7/dist-packages', 'ROS_PACKAGE_PATH': '/home/appuser/aido-auto/ros/catkin_ws/src:/opt/ros/melodic/share', 'ROSLISP_PACKAGE_DIRECTORIES': '/home/appuser/aido-auto/ros/catkin_ws/devel/share/common-lisp', 'PATH': '/opt/ros/melodic/bin:/usr/local/sbin:/usr/local/bin:/usr/sbin:/usr/bin:/sbin:/bin', 'PKG_CONFIG_PATH': '/home/appuser/aido-auto/ros/catkin_ws/devel/lib/pkgconfig:/opt/ros/melodic/lib/pkgconfig', 'ROS_DISTRO': 'melodic', '_': '/usr/bin/timeout', 'QT_QPA_PLATFORM_PLUGIN_PATH': '/usr/local/lib/python3.6/dist-packages/cv2/qt/plugins', 'QT_QPA_FONTDIR': '/usr/local/lib/python3.6/dist-packages/cv2/qt/fonts', 'ROS_LOG_FILENAME': '/home/appuser/.ros/log/db3a9ae4-ecff-11ea-ad25-0242ac110003/roslaunch-2901477ac93b-138.log'}]
[roslaunch][INFO] 2020-09-02 09:37:03,265: process[rosout-1]: args[['/opt/ros/melodic/lib/rosout/rosout', '__name:=rosout']]
[roslaunch][INFO] 2020-09-02 09:37:03,265: ... created process [rosout-1]
[roslaunch.pmon][INFO] 2020-09-02 09:37:03,265: ProcessMonitor.register[rosout-1]
[roslaunch.pmon][INFO] 2020-09-02 09:37:03,265: ProcessMonitor.register[rosout-1] complete
[roslaunch][INFO] 2020-09-02 09:37:03,265: ... registered process [rosout-1]
[roslaunch][INFO] 2020-09-02 09:37:03,265: process[rosout-1]: starting os process
[roslaunch][INFO] 2020-09-02 09:37:03,266: process[rosout-1]: start w/ args [['/opt/ros/melodic/lib/rosout/rosout', '__name:=rosout', '__log:=/home/appuser/.ros/log/db3a9ae4-ecff-11ea-ad25-0242ac110003/rosout-1.log']]
[roslaunch][INFO] 2020-09-02 09:37:03,266: process[rosout-1]: cwd will be [/home/appuser/.ros]
[roslaunch][INFO] 2020-09-02 09:37:03,272: process[rosout-1]: started with pid [160]
[roslaunch][INFO] 2020-09-02 09:37:03,272: ... successfully launched [rosout-1]
[roslaunch][INFO] 2020-09-02 09:37:03,273: load_parameters starting ...
[roslaunch][INFO] 2020-09-02 09:37:03,282: ... load_parameters complete
[roslaunch][INFO] 2020-09-02 09:37:03,283: launch_nodes: launching local nodes ...
[roslaunch][INFO] 2020-09-02 09:37:03,283: ... preparing to launch node of type [demo/demo_node.py]
[roslaunch][INFO] 2020-09-02 09:37:03,283: create_node_process: package[demo] type[demo_node.py] machine[Machine(name[] env_loader[None] address[localhost] ssh_port[22] user[None] assignable[True] timeout[10.0])] master_uri[http://localhost:11311]
[roslaunch][INFO] 2020-09-02 09:37:03,283: process[demo_node-2]: env[{'DISPLAY': ':99', 'XAUTHORITY': '/tmp/appuser.xvfb.auth', 'LC_ALL': 'C.UTF-8', 'LD_LIBRARY_PATH': '/home/appuser/aido-auto/ros/catkin_ws/devel/lib:/opt/ros/melodic/lib', 'LANG': 'C.UTF-8', 'HOSTNAME': '2901477ac93b', 'ROS_ETC_DIR': '/opt/ros/melodic/etc/ros', 'PUBLISHER_DROP_FOLDER': '/home/appuser/publisher-drop', 'PWD': '/home/appuser/aido-auto/gym-duckietown', 'HOME': '/home/appuser', 'CMAKE_PREFIX_PATH': '/home/appuser/aido-auto/ros/catkin_ws/devel:/opt/ros/melodic', 'ROS_ROOT': '/opt/ros/melodic/share/ros', 'ROS_MASTER_URI': 'http://localhost:11311', 'ROS_VERSION': '1', 'TERM': 'xterm', 'ROS_PYTHON_VERSION': '2', 'SHLVL': '4', 'PYTHONPATH': '/home/appuser/aido-auto/ros/catkin_ws/devel/lib/python2.7/dist-packages:/opt/ros/melodic/lib/python2.7/dist-packages', 'ROS_PACKAGE_PATH': '/home/appuser/aido-auto/ros/catkin_ws/src:/opt/ros/melodic/share', 'ROSLISP_PACKAGE_DIRECTORIES': '/home/appuser/aido-auto/ros/catkin_ws/devel/share/common-lisp', 'PATH': '/opt/ros/melodic/bin:/usr/local/sbin:/usr/local/bin:/usr/sbin:/usr/bin:/sbin:/bin', 'PKG_CONFIG_PATH': '/home/appuser/aido-auto/ros/catkin_ws/devel/lib/pkgconfig:/opt/ros/melodic/lib/pkgconfig', 'ROS_DISTRO': 'melodic', '_': '/usr/bin/timeout', 'QT_QPA_PLATFORM_PLUGIN_PATH': '/usr/local/lib/python3.6/dist-packages/cv2/qt/plugins', 'QT_QPA_FONTDIR': '/usr/local/lib/python3.6/dist-packages/cv2/qt/fonts', 'ROS_LOG_FILENAME': '/home/appuser/.ros/log/db3a9ae4-ecff-11ea-ad25-0242ac110003/roslaunch-2901477ac93b-138.log'}]
[roslaunch][INFO] 2020-09-02 09:37:03,286: process[demo_node-2]: args[['/home/appuser/aido-auto/ros/catkin_ws/src/demo/scripts/demo_node.py', '__name:=demo_node']]
[roslaunch][INFO] 2020-09-02 09:37:03,286: ... created process [demo_node-2]
[roslaunch.pmon][INFO] 2020-09-02 09:37:03,286: ProcessMonitor.register[demo_node-2]
[roslaunch.pmon][INFO] 2020-09-02 09:37:03,286: ProcessMonitor.register[demo_node-2] complete
[roslaunch][INFO] 2020-09-02 09:37:03,287: ... registered process [demo_node-2]
[roslaunch][INFO] 2020-09-02 09:37:03,287: process[demo_node-2]: starting os process
[roslaunch][INFO] 2020-09-02 09:37:03,287: process[demo_node-2]: start w/ args [['/home/appuser/aido-auto/ros/catkin_ws/src/demo/scripts/demo_node.py', '__name:=demo_node', '__log:=/home/appuser/.ros/log/db3a9ae4-ecff-11ea-ad25-0242ac110003/demo_node-2.log']]
[roslaunch][INFO] 2020-09-02 09:37:03,287: process[demo_node-2]: cwd will be [/home/appuser/.ros]
[roslaunch][ERROR] 2020-09-02 09:37:03,294: OSError(8, Exec format error)
[roslaunch.pmon][INFO] 2020-09-02 09:37:03,299: ProcessMonitor.shutdown <ProcessMonitor(ProcessMonitor-1, started daemon 139872609318656)>
[roslaunch.pmon][INFO] 2020-09-02 09:37:03,304: ProcessMonitor._post_run <ProcessMonitor(ProcessMonitor-1, started daemon 139872609318656)>
[roslaunch.pmon][INFO] 2020-09-02 09:37:03,305: ProcessMonitor._post_run <ProcessMonitor(ProcessMonitor-1, started daemon 139872609318656)>: remaining procs are [<roslaunch.nodeprocess.LocalProcess object at 0x7f3687fe9d68>, <roslaunch.nodeprocess.LocalProcess object at 0x7f36880525f8>, <roslaunch.nodeprocess.LocalProcess object at 0x7f3688043438>]
[roslaunch.pmon][INFO] 2020-09-02 09:37:03,305: ProcessMonitor exit: killing demo_node-2
[roslaunch][INFO] 2020-09-02 09:37:03,305: [demo_node-2] killing on exit
[roslaunch.pmon][INFO] 2020-09-02 09:37:03,307: ProcessMonitor exit: killing rosout-1
[roslaunch][INFO] 2020-09-02 09:37:03,307: [rosout-1] killing on exit
[roslaunch][INFO] 2020-09-02 09:37:03,307: process[rosout-1]: killing os process with pid[160] pgid[160]
[roslaunch][INFO] 2020-09-02 09:37:03,307: [rosout-1] sending SIGINT to pgid [160]
[roslaunch][INFO] 2020-09-02 09:37:03,308: [rosout-1] sent SIGINT to pgid [160]
[roslaunch][INFO] 2020-09-02 09:37:03,608: process[rosout-1]: SIGINT killed with return value 0
[roslaunch.pmon][INFO] 2020-09-02 09:37:03,609: ProcessMonitor exit: killing master
[roslaunch][INFO] 2020-09-02 09:37:03,609: [master] killing on exit
[roslaunch][INFO] 2020-09-02 09:37:03,609: process[master]: killing os process with pid[149] pgid[149]
[roslaunch][INFO] 2020-09-02 09:37:03,609: [master] sending SIGINT to pgid [149]
[roslaunch][INFO] 2020-09-02 09:37:03,609: [master] sent SIGINT to pgid [149]
[roslaunch][INFO] 2020-09-02 09:37:03,810: process[master]: SIGINT killed with return value 0
[roslaunch.pmon][INFO] 2020-09-02 09:37:03,810: ProcessMonitor exit: cleaning up data structures and signals
[roslaunch.pmon][INFO] 2020-09-02 09:37:03,810: ProcessMonitor exit: pmon has shutdown
[rospy.core][INFO] 2020-09-02 09:37:03,810: signal_shutdown [atexit]
