[roslaunch.parent][INFO] 2020-09-02 09:53:43,890: starting roslaunch parent run
[roslaunch][INFO] 2020-09-02 09:53:43,890: loading roscore config file /opt/ros/melodic/etc/ros/roscore.xml
[roslaunch][INFO] 2020-09-02 09:53:44,053: Added core node of type [rosout/rosout] in namespace [/]
[roslaunch.config][INFO] 2020-09-02 09:53:44,054: loading config file /home/appuser/aido-auto/ros/catkin_ws/src/demo/launch/demo_node.launch
[roslaunch][INFO] 2020-09-02 09:53:44,054: Added node of type [demo/demo_node.py] in namespace [/]
[roslaunch][INFO] 2020-09-02 09:53:44,055: Added node of type [rosbag/record] in namespace [/]
[roslaunch][INFO] 2020-09-02 09:53:44,055: ... selected machine [] for node of type [demo/demo_node.py]
[roslaunch][INFO] 2020-09-02 09:53:44,055: ... selected machine [] for node of type [rosbag/record]
[roslaunch.pmon][INFO] 2020-09-02 09:53:44,056: start_process_monitor: creating ProcessMonitor
[roslaunch.pmon][INFO] 2020-09-02 09:53:44,056: created process monitor <ProcessMonitor(ProcessMonitor-1, initial daemon)>
[roslaunch.pmon][INFO] 2020-09-02 09:53:44,057: start_process_monitor: ProcessMonitor started
[roslaunch.parent][INFO] 2020-09-02 09:53:44,057: starting parent XML-RPC server
[roslaunch.server][INFO] 2020-09-02 09:53:44,057: starting roslaunch XML-RPC server
[roslaunch.server][INFO] 2020-09-02 09:53:44,057: waiting for roslaunch XML-RPC server to initialize
[xmlrpc][INFO] 2020-09-02 09:53:44,057: XML-RPC server binding to 0.0.0.0:0
[xmlrpc][INFO] 2020-09-02 09:53:44,058: Started XML-RPC server [http://13570cbd60d7:36033/]
[xmlrpc][INFO] 2020-09-02 09:53:44,058: xml rpc node: starting XML-RPC server
[roslaunch][INFO] 2020-09-02 09:53:44,070: started roslaunch server http://13570cbd60d7:36033/
[roslaunch.parent][INFO] 2020-09-02 09:53:44,070: ... parent XML-RPC server started
[roslaunch][INFO] 2020-09-02 09:53:44,071: master.is_running[http://localhost:11311]
[roslaunch][INFO] 2020-09-02 09:53:44,071: auto-starting new master
[roslaunch][INFO] 2020-09-02 09:53:44,071: create_master_process: rosmaster, /opt/ros/melodic/share/ros, 11311, 3, None, False
[roslaunch][INFO] 2020-09-02 09:53:44,071: process[master]: launching with args [['rosmaster', '--core', '-p', '11311', '-w', '3']]
[roslaunch.pmon][INFO] 2020-09-02 09:53:44,072: ProcessMonitor.register[master]
[roslaunch.pmon][INFO] 2020-09-02 09:53:44,072: ProcessMonitor.register[master] complete
[roslaunch][INFO] 2020-09-02 09:53:44,072: process[master]: starting os process
[roslaunch][INFO] 2020-09-02 09:53:44,072: process[master]: start w/ args [['rosmaster', '--core', '-p', '11311', '-w', '3', '__log:=/home/appuser/.ros/log/2ff6f0a8-ed02-11ea-91e7-0242ac110003/master.log']]
[roslaunch][INFO] 2020-09-02 09:53:44,072: process[master]: cwd will be [/home/appuser/.ros]
[roslaunch][INFO] 2020-09-02 09:53:44,077: process[master]: started with pid [156]
[roslaunch][INFO] 2020-09-02 09:53:44,077: master.is_running[http://localhost:11311]
[roslaunch][INFO] 2020-09-02 09:53:44,178: master.is_running[http://localhost:11311]
[roslaunch][INFO] 2020-09-02 09:53:44,280: master.is_running[http://localhost:11311]
[roslaunch][INFO] 2020-09-02 09:53:44,381: master.is_running[http://localhost:11311]
[roslaunch][INFO] 2020-09-02 09:53:44,384: master.is_running[http://localhost:11311]
[roslaunch][INFO] 2020-09-02 09:53:44,386: ROS_MASTER_URI=http://localhost:11311
[roslaunch][INFO] 2020-09-02 09:53:44,392: setting /run_id to 2ff6f0a8-ed02-11ea-91e7-0242ac110003
[roslaunch][INFO] 2020-09-02 09:53:44,394: setting /roslaunch/uris/host_13570cbd60d7__36033' to http://13570cbd60d7:36033/
[roslaunch][INFO] 2020-09-02 09:53:44,397: ... preparing to launch node of type [rosout/rosout]
[roslaunch][INFO] 2020-09-02 09:53:44,398: create_node_process: package[rosout] type[rosout] machine[Machine(name[] env_loader[None] address[localhost] ssh_port[22] user[None] assignable[True] timeout[10.0])] master_uri[http://localhost:11311]
[roslaunch][INFO] 2020-09-02 09:53:44,398: process[rosout-1]: env[{'DISPLAY': ':99', 'XAUTHORITY': '/tmp/appuser.xvfb.auth', 'LC_ALL': 'C.UTF-8', 'LD_LIBRARY_PATH': '/home/appuser/aido-auto/ros/catkin_ws/devel/lib:/opt/ros/melodic/lib', 'LANG': 'C.UTF-8', 'HOSTNAME': '13570cbd60d7', 'ROS_ETC_DIR': '/opt/ros/melodic/etc/ros', 'PUBLISHER_DROP_FOLDER': '/home/appuser/publisher-drop', 'PWD': '/home/appuser/aido-auto/gym-duckietown', 'HOME': '/home/appuser', 'CMAKE_PREFIX_PATH': '/home/appuser/aido-auto/ros/catkin_ws/devel:/opt/ros/melodic', 'ROS_ROOT': '/opt/ros/melodic/share/ros', 'ROS_MASTER_URI': 'http://localhost:11311', 'ROS_VERSION': '1', 'TERM': 'xterm', 'ROS_PYTHON_VERSION': '2', 'SHLVL': '4', 'PYTHONPATH': '/home/appuser/aido-auto/ros/catkin_ws/devel/lib/python2.7/dist-packages:/opt/ros/melodic/lib/python2.7/dist-packages', 'ROS_PACKAGE_PATH': '/home/appuser/aido-auto/ros/catkin_ws/src:/opt/ros/melodic/share', 'ROSLISP_PACKAGE_DIRECTORIES': '/home/appuser/aido-auto/ros/catkin_ws/devel/share/common-lisp', 'PATH': '/opt/ros/melodic/bin:/usr/local/sbin:/usr/local/bin:/usr/sbin:/usr/bin:/sbin:/bin', 'PKG_CONFIG_PATH': '/home/appuser/aido-auto/ros/catkin_ws/devel/lib/pkgconfig:/opt/ros/melodic/lib/pkgconfig', 'ROS_DISTRO': 'melodic', '_': '/usr/bin/timeout', 'QT_QPA_PLATFORM_PLUGIN_PATH': '/usr/local/lib/python3.6/dist-packages/cv2/qt/plugins', 'QT_QPA_FONTDIR': '/usr/local/lib/python3.6/dist-packages/cv2/qt/fonts', 'ROS_LOG_FILENAME': '/home/appuser/.ros/log/2ff6f0a8-ed02-11ea-91e7-0242ac110003/roslaunch-13570cbd60d7-145.log'}]
[roslaunch][INFO] 2020-09-02 09:53:44,448: process[rosout-1]: args[['/opt/ros/melodic/lib/rosout/rosout', '__name:=rosout']]
[roslaunch][INFO] 2020-09-02 09:53:44,449: ... created process [rosout-1]
[roslaunch.pmon][INFO] 2020-09-02 09:53:44,449: ProcessMonitor.register[rosout-1]
[roslaunch.pmon][INFO] 2020-09-02 09:53:44,449: ProcessMonitor.register[rosout-1] complete
[roslaunch][INFO] 2020-09-02 09:53:44,449: ... registered process [rosout-1]
[roslaunch][INFO] 2020-09-02 09:53:44,450: process[rosout-1]: starting os process
[roslaunch][INFO] 2020-09-02 09:53:44,450: process[rosout-1]: start w/ args [['/opt/ros/melodic/lib/rosout/rosout', '__name:=rosout', '__log:=/home/appuser/.ros/log/2ff6f0a8-ed02-11ea-91e7-0242ac110003/rosout-1.log']]
[roslaunch][INFO] 2020-09-02 09:53:44,450: process[rosout-1]: cwd will be [/home/appuser/.ros]
[roslaunch][INFO] 2020-09-02 09:53:44,458: process[rosout-1]: started with pid [167]
[roslaunch][INFO] 2020-09-02 09:53:44,459: ... successfully launched [rosout-1]
[roslaunch][INFO] 2020-09-02 09:53:44,459: load_parameters starting ...
[roslaunch][INFO] 2020-09-02 09:53:44,472: ... load_parameters complete
[roslaunch][INFO] 2020-09-02 09:53:44,472: launch_nodes: launching local nodes ...
[roslaunch][INFO] 2020-09-02 09:53:44,473: ... preparing to launch node of type [demo/demo_node.py]
[roslaunch][INFO] 2020-09-02 09:53:44,473: create_node_process: package[demo] type[demo_node.py] machine[Machine(name[] env_loader[None] address[localhost] ssh_port[22] user[None] assignable[True] timeout[10.0])] master_uri[http://localhost:11311]
[roslaunch][INFO] 2020-09-02 09:53:44,473: process[demo_node-2]: env[{'DISPLAY': ':99', 'XAUTHORITY': '/tmp/appuser.xvfb.auth', 'LC_ALL': 'C.UTF-8', 'LD_LIBRARY_PATH': '/home/appuser/aido-auto/ros/catkin_ws/devel/lib:/opt/ros/melodic/lib', 'LANG': 'C.UTF-8', 'HOSTNAME': '13570cbd60d7', 'ROS_ETC_DIR': '/opt/ros/melodic/etc/ros', 'PUBLISHER_DROP_FOLDER': '/home/appuser/publisher-drop', 'PWD': '/home/appuser/aido-auto/gym-duckietown', 'HOME': '/home/appuser', 'CMAKE_PREFIX_PATH': '/home/appuser/aido-auto/ros/catkin_ws/devel:/opt/ros/melodic', 'ROS_ROOT': '/opt/ros/melodic/share/ros', 'ROS_MASTER_URI': 'http://localhost:11311', 'ROS_VERSION': '1', 'TERM': 'xterm', 'ROS_PYTHON_VERSION': '2', 'SHLVL': '4', 'PYTHONPATH': '/home/appuser/aido-auto/ros/catkin_ws/devel/lib/python2.7/dist-packages:/opt/ros/melodic/lib/python2.7/dist-packages', 'ROS_PACKAGE_PATH': '/home/appuser/aido-auto/ros/catkin_ws/src:/opt/ros/melodic/share', 'ROSLISP_PACKAGE_DIRECTORIES': '/home/appuser/aido-auto/ros/catkin_ws/devel/share/common-lisp', 'PATH': '/opt/ros/melodic/bin:/usr/local/sbin:/usr/local/bin:/usr/sbin:/usr/bin:/sbin:/bin', 'PKG_CONFIG_PATH': '/home/appuser/aido-auto/ros/catkin_ws/devel/lib/pkgconfig:/opt/ros/melodic/lib/pkgconfig', 'ROS_DISTRO': 'melodic', '_': '/usr/bin/timeout', 'QT_QPA_PLATFORM_PLUGIN_PATH': '/usr/local/lib/python3.6/dist-packages/cv2/qt/plugins', 'QT_QPA_FONTDIR': '/usr/local/lib/python3.6/dist-packages/cv2/qt/fonts', 'ROS_LOG_FILENAME': '/home/appuser/.ros/log/2ff6f0a8-ed02-11ea-91e7-0242ac110003/roslaunch-13570cbd60d7-145.log'}]
[roslaunch][INFO] 2020-09-02 09:53:44,476: process[demo_node-2]: args[['/home/appuser/aido-auto/ros/catkin_ws/src/demo/scripts/demo_node.py', '__name:=demo_node']]
[roslaunch][INFO] 2020-09-02 09:53:44,477: ... created process [demo_node-2]
[roslaunch.pmon][INFO] 2020-09-02 09:53:44,477: ProcessMonitor.register[demo_node-2]
[roslaunch.pmon][INFO] 2020-09-02 09:53:44,477: ProcessMonitor.register[demo_node-2] complete
[roslaunch][INFO] 2020-09-02 09:53:44,477: ... registered process [demo_node-2]
[roslaunch][INFO] 2020-09-02 09:53:44,477: process[demo_node-2]: starting os process
[roslaunch][INFO] 2020-09-02 09:53:44,478: process[demo_node-2]: start w/ args [['/home/appuser/aido-auto/ros/catkin_ws/src/demo/scripts/demo_node.py', '__name:=demo_node', '__log:=/home/appuser/.ros/log/2ff6f0a8-ed02-11ea-91e7-0242ac110003/demo_node-2.log']]
[roslaunch][INFO] 2020-09-02 09:53:44,478: process[demo_node-2]: cwd will be [/home/appuser/.ros]
[roslaunch][ERROR] 2020-09-02 09:53:44,502: OSError(8, Exec format error)
[roslaunch.pmon][INFO] 2020-09-02 09:53:44,509: ProcessMonitor.shutdown <ProcessMonitor(ProcessMonitor-1, started daemon 139661363390208)>
[roslaunch.pmon][INFO] 2020-09-02 09:53:44,561: ProcessMonitor._post_run <ProcessMonitor(ProcessMonitor-1, started daemon 139661363390208)>
[roslaunch.pmon][INFO] 2020-09-02 09:53:44,561: ProcessMonitor._post_run <ProcessMonitor(ProcessMonitor-1, started daemon 139661363390208)>: remaining procs are [<roslaunch.nodeprocess.LocalProcess object at 0x7f0558c9bd68>, <roslaunch.nodeprocess.LocalProcess object at 0x7f0558bc3400>, <roslaunch.nodeprocess.LocalProcess object at 0x7f056cee3780>]
[roslaunch.pmon][INFO] 2020-09-02 09:53:44,562: ProcessMonitor exit: killing demo_node-2
[roslaunch][INFO] 2020-09-02 09:53:44,562: [demo_node-2] killing on exit
[roslaunch.pmon][INFO] 2020-09-02 09:53:44,564: ProcessMonitor exit: killing rosout-1
[roslaunch][INFO] 2020-09-02 09:53:44,564: [rosout-1] killing on exit
[roslaunch][INFO] 2020-09-02 09:53:44,564: process[rosout-1]: killing os process with pid[167] pgid[167]
[roslaunch][INFO] 2020-09-02 09:53:44,564: [rosout-1] sending SIGINT to pgid [167]
[roslaunch][INFO] 2020-09-02 09:53:44,564: [rosout-1] sent SIGINT to pgid [167]
[roslaunch][INFO] 2020-09-02 09:53:44,765: process[rosout-1]: SIGINT killed with return value 0
[roslaunch.pmon][INFO] 2020-09-02 09:53:44,765: ProcessMonitor exit: killing master
[roslaunch][INFO] 2020-09-02 09:53:44,765: [master] killing on exit
[roslaunch][INFO] 2020-09-02 09:53:44,765: process[master]: killing os process with pid[156] pgid[156]
[roslaunch][INFO] 2020-09-02 09:53:44,765: [master] sending SIGINT to pgid [156]
[roslaunch][INFO] 2020-09-02 09:53:44,765: [master] sent SIGINT to pgid [156]
[roslaunch][INFO] 2020-09-02 09:53:44,966: process[master]: SIGINT killed with return value 0
[roslaunch.pmon][INFO] 2020-09-02 09:53:44,966: ProcessMonitor exit: cleaning up data structures and signals
[roslaunch.pmon][INFO] 2020-09-02 09:53:44,966: ProcessMonitor exit: pmon has shutdown
[rospy.core][INFO] 2020-09-02 09:53:44,967: signal_shutdown [atexit]
