[roslaunch.parent][INFO] 2020-09-02 09:52:43,345: starting roslaunch parent run
[roslaunch][INFO] 2020-09-02 09:52:43,345: loading roscore config file /opt/ros/melodic/etc/ros/roscore.xml
[roslaunch][INFO] 2020-09-02 09:52:43,508: Added core node of type [rosout/rosout] in namespace [/]
[roslaunch.config][INFO] 2020-09-02 09:52:43,509: loading config file /home/appuser/aido-auto/ros/catkin_ws/src/demo/launch/demo_node.launch
[roslaunch][INFO] 2020-09-02 09:52:43,510: Added node of type [demo/demo_node.py] in namespace [/]
[roslaunch][INFO] 2020-09-02 09:52:43,510: Added node of type [rosbag/record] in namespace [/]
[roslaunch][INFO] 2020-09-02 09:52:43,510: ... selected machine [] for node of type [demo/demo_node.py]
[roslaunch][INFO] 2020-09-02 09:52:43,510: ... selected machine [] for node of type [rosbag/record]
[roslaunch.pmon][INFO] 2020-09-02 09:52:43,511: start_process_monitor: creating ProcessMonitor
[roslaunch.pmon][INFO] 2020-09-02 09:52:43,511: created process monitor <ProcessMonitor(ProcessMonitor-1, initial daemon)>
[roslaunch.pmon][INFO] 2020-09-02 09:52:43,512: start_process_monitor: ProcessMonitor started
[roslaunch.parent][INFO] 2020-09-02 09:52:43,512: starting parent XML-RPC server
[roslaunch.server][INFO] 2020-09-02 09:52:43,512: starting roslaunch XML-RPC server
[roslaunch.server][INFO] 2020-09-02 09:52:43,512: waiting for roslaunch XML-RPC server to initialize
[xmlrpc][INFO] 2020-09-02 09:52:43,512: XML-RPC server binding to 0.0.0.0:0
[xmlrpc][INFO] 2020-09-02 09:52:43,513: Started XML-RPC server [http://380d98219208:36449/]
[xmlrpc][INFO] 2020-09-02 09:52:43,514: xml rpc node: starting XML-RPC server
[roslaunch][INFO] 2020-09-02 09:52:43,525: started roslaunch server http://380d98219208:36449/
[roslaunch.parent][INFO] 2020-09-02 09:52:43,525: ... parent XML-RPC server started
[roslaunch][INFO] 2020-09-02 09:52:43,526: master.is_running[http://localhost:11311]
[roslaunch][INFO] 2020-09-02 09:52:43,526: auto-starting new master
[roslaunch][INFO] 2020-09-02 09:52:43,526: create_master_process: rosmaster, /opt/ros/melodic/share/ros, 11311, 3, None, False
[roslaunch][INFO] 2020-09-02 09:52:43,527: process[master]: launching with args [['rosmaster', '--core', '-p', '11311', '-w', '3']]
[roslaunch.pmon][INFO] 2020-09-02 09:52:43,527: ProcessMonitor.register[master]
[roslaunch.pmon][INFO] 2020-09-02 09:52:43,527: ProcessMonitor.register[master] complete
[roslaunch][INFO] 2020-09-02 09:52:43,527: process[master]: starting os process
[roslaunch][INFO] 2020-09-02 09:52:43,527: process[master]: start w/ args [['rosmaster', '--core', '-p', '11311', '-w', '3', '__log:=/home/appuser/.ros/log/0be08eb8-ed02-11ea-b21a-0242ac110003/master.log']]
[roslaunch][INFO] 2020-09-02 09:52:43,527: process[master]: cwd will be [/home/appuser/.ros]
[roslaunch][INFO] 2020-09-02 09:52:43,532: process[master]: started with pid [150]
[roslaunch][INFO] 2020-09-02 09:52:43,533: master.is_running[http://localhost:11311]
[roslaunch][INFO] 2020-09-02 09:52:43,634: master.is_running[http://localhost:11311]
[roslaunch][INFO] 2020-09-02 09:52:43,735: master.is_running[http://localhost:11311]
[roslaunch][INFO] 2020-09-02 09:52:43,837: master.is_running[http://localhost:11311]
[roslaunch][INFO] 2020-09-02 09:52:43,840: master.is_running[http://localhost:11311]
[roslaunch][INFO] 2020-09-02 09:52:43,841: ROS_MASTER_URI=http://localhost:11311
[roslaunch][INFO] 2020-09-02 09:52:43,843: setting /run_id to 0be08eb8-ed02-11ea-b21a-0242ac110003
[roslaunch][INFO] 2020-09-02 09:52:43,844: setting /roslaunch/uris/host_380d98219208__36449' to http://380d98219208:36449/
[roslaunch][INFO] 2020-09-02 09:52:43,846: ... preparing to launch node of type [rosout/rosout]
[roslaunch][INFO] 2020-09-02 09:52:43,846: create_node_process: package[rosout] type[rosout] machine[Machine(name[] env_loader[None] address[localhost] ssh_port[22] user[None] assignable[True] timeout[10.0])] master_uri[http://localhost:11311]
[roslaunch][INFO] 2020-09-02 09:52:43,846: process[rosout-1]: env[{'DISPLAY': ':99', 'XAUTHORITY': '/tmp/appuser.xvfb.auth', 'LC_ALL': 'C.UTF-8', 'LD_LIBRARY_PATH': '/home/appuser/aido-auto/ros/catkin_ws/devel/lib:/opt/ros/melodic/lib', 'LANG': 'C.UTF-8', 'HOSTNAME': '380d98219208', 'ROS_ETC_DIR': '/opt/ros/melodic/etc/ros', 'PUBLISHER_DROP_FOLDER': '/home/appuser/publisher-drop', 'PWD': '/home/appuser/aido-auto/gym-duckietown', 'HOME': '/home/appuser', 'CMAKE_PREFIX_PATH': '/home/appuser/aido-auto/ros/catkin_ws/devel:/opt/ros/melodic', 'ROS_ROOT': '/opt/ros/melodic/share/ros', 'ROS_MASTER_URI': 'http://localhost:11311', 'ROS_VERSION': '1', 'TERM': 'xterm', 'ROS_PYTHON_VERSION': '2', 'SHLVL': '4', 'PYTHONPATH': '/home/appuser/aido-auto/ros/catkin_ws/devel/lib/python2.7/dist-packages:/opt/ros/melodic/lib/python2.7/dist-packages', 'ROS_PACKAGE_PATH': '/home/appuser/aido-auto/ros/catkin_ws/src:/opt/ros/melodic/share', 'ROSLISP_PACKAGE_DIRECTORIES': '/home/appuser/aido-auto/ros/catkin_ws/devel/share/common-lisp', 'PATH': '/opt/ros/melodic/bin:/usr/local/sbin:/usr/local/bin:/usr/sbin:/usr/bin:/sbin:/bin', 'PKG_CONFIG_PATH': '/home/appuser/aido-auto/ros/catkin_ws/devel/lib/pkgconfig:/opt/ros/melodic/lib/pkgconfig', 'ROS_DISTRO': 'melodic', '_': '/usr/bin/timeout', 'QT_QPA_PLATFORM_PLUGIN_PATH': '/usr/local/lib/python3.6/dist-packages/cv2/qt/plugins', 'QT_QPA_FONTDIR': '/usr/local/lib/python3.6/dist-packages/cv2/qt/fonts', 'ROS_LOG_FILENAME': '/home/appuser/.ros/log/0be08eb8-ed02-11ea-b21a-0242ac110003/roslaunch-380d98219208-139.log'}]
[roslaunch][INFO] 2020-09-02 09:52:43,874: process[rosout-1]: args[['/opt/ros/melodic/lib/rosout/rosout', '__name:=rosout']]
[roslaunch][INFO] 2020-09-02 09:52:43,874: ... created process [rosout-1]
[roslaunch.pmon][INFO] 2020-09-02 09:52:43,874: ProcessMonitor.register[rosout-1]
[roslaunch.pmon][INFO] 2020-09-02 09:52:43,874: ProcessMonitor.register[rosout-1] complete
[roslaunch][INFO] 2020-09-02 09:52:43,874: ... registered process [rosout-1]
[roslaunch][INFO] 2020-09-02 09:52:43,874: process[rosout-1]: starting os process
[roslaunch][INFO] 2020-09-02 09:52:43,875: process[rosout-1]: start w/ args [['/opt/ros/melodic/lib/rosout/rosout', '__name:=rosout', '__log:=/home/appuser/.ros/log/0be08eb8-ed02-11ea-b21a-0242ac110003/rosout-1.log']]
[roslaunch][INFO] 2020-09-02 09:52:43,875: process[rosout-1]: cwd will be [/home/appuser/.ros]
[roslaunch][INFO] 2020-09-02 09:52:43,880: process[rosout-1]: started with pid [161]
[roslaunch][INFO] 2020-09-02 09:52:43,880: ... successfully launched [rosout-1]
[roslaunch][INFO] 2020-09-02 09:52:43,881: load_parameters starting ...
[roslaunch][INFO] 2020-09-02 09:52:43,887: ... load_parameters complete
[roslaunch][INFO] 2020-09-02 09:52:43,887: launch_nodes: launching local nodes ...
[roslaunch][INFO] 2020-09-02 09:52:43,887: ... preparing to launch node of type [demo/demo_node.py]
[roslaunch][INFO] 2020-09-02 09:52:43,888: create_node_process: package[demo] type[demo_node.py] machine[Machine(name[] env_loader[None] address[localhost] ssh_port[22] user[None] assignable[True] timeout[10.0])] master_uri[http://localhost:11311]
[roslaunch][INFO] 2020-09-02 09:52:43,888: process[demo_node-2]: env[{'DISPLAY': ':99', 'XAUTHORITY': '/tmp/appuser.xvfb.auth', 'LC_ALL': 'C.UTF-8', 'LD_LIBRARY_PATH': '/home/appuser/aido-auto/ros/catkin_ws/devel/lib:/opt/ros/melodic/lib', 'LANG': 'C.UTF-8', 'HOSTNAME': '380d98219208', 'ROS_ETC_DIR': '/opt/ros/melodic/etc/ros', 'PUBLISHER_DROP_FOLDER': '/home/appuser/publisher-drop', 'PWD': '/home/appuser/aido-auto/gym-duckietown', 'HOME': '/home/appuser', 'CMAKE_PREFIX_PATH': '/home/appuser/aido-auto/ros/catkin_ws/devel:/opt/ros/melodic', 'ROS_ROOT': '/opt/ros/melodic/share/ros', 'ROS_MASTER_URI': 'http://localhost:11311', 'ROS_VERSION': '1', 'TERM': 'xterm', 'ROS_PYTHON_VERSION': '2', 'SHLVL': '4', 'PYTHONPATH': '/home/appuser/aido-auto/ros/catkin_ws/devel/lib/python2.7/dist-packages:/opt/ros/melodic/lib/python2.7/dist-packages', 'ROS_PACKAGE_PATH': '/home/appuser/aido-auto/ros/catkin_ws/src:/opt/ros/melodic/share', 'ROSLISP_PACKAGE_DIRECTORIES': '/home/appuser/aido-auto/ros/catkin_ws/devel/share/common-lisp', 'PATH': '/opt/ros/melodic/bin:/usr/local/sbin:/usr/local/bin:/usr/sbin:/usr/bin:/sbin:/bin', 'PKG_CONFIG_PATH': '/home/appuser/aido-auto/ros/catkin_ws/devel/lib/pkgconfig:/opt/ros/melodic/lib/pkgconfig', 'ROS_DISTRO': 'melodic', '_': '/usr/bin/timeout', 'QT_QPA_PLATFORM_PLUGIN_PATH': '/usr/local/lib/python3.6/dist-packages/cv2/qt/plugins', 'QT_QPA_FONTDIR': '/usr/local/lib/python3.6/dist-packages/cv2/qt/fonts', 'ROS_LOG_FILENAME': '/home/appuser/.ros/log/0be08eb8-ed02-11ea-b21a-0242ac110003/roslaunch-380d98219208-139.log'}]
[roslaunch][INFO] 2020-09-02 09:52:43,890: process[demo_node-2]: args[['/home/appuser/aido-auto/ros/catkin_ws/src/demo/scripts/demo_node.py', '__name:=demo_node']]
[roslaunch][INFO] 2020-09-02 09:52:43,890: ... created process [demo_node-2]
[roslaunch.pmon][INFO] 2020-09-02 09:52:43,891: ProcessMonitor.register[demo_node-2]
[roslaunch.pmon][INFO] 2020-09-02 09:52:43,891: ProcessMonitor.register[demo_node-2] complete
[roslaunch][INFO] 2020-09-02 09:52:43,891: ... registered process [demo_node-2]
[roslaunch][INFO] 2020-09-02 09:52:43,891: process[demo_node-2]: starting os process
[roslaunch][INFO] 2020-09-02 09:52:43,891: process[demo_node-2]: start w/ args [['/home/appuser/aido-auto/ros/catkin_ws/src/demo/scripts/demo_node.py', '__name:=demo_node', '__log:=/home/appuser/.ros/log/0be08eb8-ed02-11ea-b21a-0242ac110003/demo_node-2.log']]
[roslaunch][INFO] 2020-09-02 09:52:43,892: process[demo_node-2]: cwd will be [/home/appuser/.ros]
[roslaunch][ERROR] 2020-09-02 09:52:43,899: OSError(8, Exec format error)
[roslaunch.pmon][INFO] 2020-09-02 09:52:43,903: ProcessMonitor.shutdown <ProcessMonitor(ProcessMonitor-1, started daemon 140398039729920)>
[roslaunch.pmon][INFO] 2020-09-02 09:52:43,913: ProcessMonitor._post_run <ProcessMonitor(ProcessMonitor-1, started daemon 140398039729920)>
[roslaunch.pmon][INFO] 2020-09-02 09:52:43,913: ProcessMonitor._post_run <ProcessMonitor(ProcessMonitor-1, started daemon 140398039729920)>: remaining procs are [<roslaunch.nodeprocess.LocalProcess object at 0x7fb0de168d68>, <roslaunch.nodeprocess.LocalProcess object at 0x7fb0de1d5400>, <roslaunch.nodeprocess.LocalProcess object at 0x7fb0f2431780>]
[roslaunch.pmon][INFO] 2020-09-02 09:52:43,914: ProcessMonitor exit: killing demo_node-2
[roslaunch][INFO] 2020-09-02 09:52:43,915: [demo_node-2] killing on exit
[roslaunch.pmon][INFO] 2020-09-02 09:52:43,916: ProcessMonitor exit: killing rosout-1
[roslaunch][INFO] 2020-09-02 09:52:43,916: [rosout-1] killing on exit
[roslaunch][INFO] 2020-09-02 09:52:43,916: process[rosout-1]: killing os process with pid[161] pgid[161]
[roslaunch][INFO] 2020-09-02 09:52:43,917: [rosout-1] sending SIGINT to pgid [161]
[roslaunch][INFO] 2020-09-02 09:52:43,917: [rosout-1] sent SIGINT to pgid [161]
[roslaunch][INFO] 2020-09-02 09:52:44,117: process[rosout-1]: SIGINT killed with return value 0
[roslaunch.pmon][INFO] 2020-09-02 09:52:44,117: ProcessMonitor exit: killing master
[roslaunch][INFO] 2020-09-02 09:52:44,118: [master] killing on exit
[roslaunch][INFO] 2020-09-02 09:52:44,118: process[master]: killing os process with pid[150] pgid[150]
[roslaunch][INFO] 2020-09-02 09:52:44,118: [master] sending SIGINT to pgid [150]
[roslaunch][INFO] 2020-09-02 09:52:44,118: [master] sent SIGINT to pgid [150]
[roslaunch][INFO] 2020-09-02 09:52:44,319: process[master]: SIGINT killed with return value 0
[roslaunch.pmon][INFO] 2020-09-02 09:52:44,319: ProcessMonitor exit: cleaning up data structures and signals
[roslaunch.pmon][INFO] 2020-09-02 09:52:44,319: ProcessMonitor exit: pmon has shutdown
[rospy.core][INFO] 2020-09-02 09:52:44,319: signal_shutdown [atexit]
