[roslaunch.parent][INFO] 2020-09-02 10:17:41,789: starting roslaunch parent run
[roslaunch][INFO] 2020-09-02 10:17:41,790: loading roscore config file /opt/ros/melodic/etc/ros/roscore.xml
[roslaunch][INFO] 2020-09-02 10:17:41,950: Added core node of type [rosout/rosout] in namespace [/]
[roslaunch.config][INFO] 2020-09-02 10:17:41,951: loading config file /home/appuser/aido-auto/ros/catkin_ws/src/demo/launch/demo_node.launch
[roslaunch][INFO] 2020-09-02 10:17:41,951: Added node of type [demo/demo_node.py] in namespace [/]
[roslaunch][INFO] 2020-09-02 10:17:41,951: Added node of type [rosbag/record] in namespace [/]
[roslaunch][INFO] 2020-09-02 10:17:41,952: ... selected machine [] for node of type [demo/demo_node.py]
[roslaunch][INFO] 2020-09-02 10:17:41,952: ... selected machine [] for node of type [rosbag/record]
[roslaunch.pmon][INFO] 2020-09-02 10:17:41,953: start_process_monitor: creating ProcessMonitor
[roslaunch.pmon][INFO] 2020-09-02 10:17:41,953: created process monitor <ProcessMonitor(ProcessMonitor-1, initial daemon)>
[roslaunch.pmon][INFO] 2020-09-02 10:17:41,953: start_process_monitor: ProcessMonitor started
[roslaunch.parent][INFO] 2020-09-02 10:17:41,953: starting parent XML-RPC server
[roslaunch.server][INFO] 2020-09-02 10:17:41,954: starting roslaunch XML-RPC server
[roslaunch.server][INFO] 2020-09-02 10:17:41,954: waiting for roslaunch XML-RPC server to initialize
[xmlrpc][INFO] 2020-09-02 10:17:41,954: XML-RPC server binding to 0.0.0.0:0
[xmlrpc][INFO] 2020-09-02 10:17:41,955: Started XML-RPC server [http://9aeeb004788e:36953/]
[xmlrpc][INFO] 2020-09-02 10:17:41,955: xml rpc node: starting XML-RPC server
[roslaunch][INFO] 2020-09-02 10:17:41,967: started roslaunch server http://9aeeb004788e:36953/
[roslaunch.parent][INFO] 2020-09-02 10:17:41,967: ... parent XML-RPC server started
[roslaunch][INFO] 2020-09-02 10:17:41,967: master.is_running[http://localhost:11311]
[roslaunch][INFO] 2020-09-02 10:17:41,968: auto-starting new master
[roslaunch][INFO] 2020-09-02 10:17:41,968: create_master_process: rosmaster, /opt/ros/melodic/share/ros, 11311, 3, None, False
[roslaunch][INFO] 2020-09-02 10:17:41,968: process[master]: launching with args [['rosmaster', '--core', '-p', '11311', '-w', '3']]
[roslaunch.pmon][INFO] 2020-09-02 10:17:41,968: ProcessMonitor.register[master]
[roslaunch.pmon][INFO] 2020-09-02 10:17:41,969: ProcessMonitor.register[master] complete
[roslaunch][INFO] 2020-09-02 10:17:41,969: process[master]: starting os process
[roslaunch][INFO] 2020-09-02 10:17:41,969: process[master]: start w/ args [['rosmaster', '--core', '-p', '11311', '-w', '3', '__log:=/home/appuser/.ros/log/8904f8d6-ed05-11ea-8a94-0242ac110003/master.log']]
[roslaunch][INFO] 2020-09-02 10:17:41,969: process[master]: cwd will be [/home/appuser/.ros]
[roslaunch][INFO] 2020-09-02 10:17:41,973: process[master]: started with pid [149]
[roslaunch][INFO] 2020-09-02 10:17:41,974: master.is_running[http://localhost:11311]
[roslaunch][INFO] 2020-09-02 10:17:42,075: master.is_running[http://localhost:11311]
[roslaunch][INFO] 2020-09-02 10:17:42,176: master.is_running[http://localhost:11311]
[roslaunch][INFO] 2020-09-02 10:17:42,278: master.is_running[http://localhost:11311]
[roslaunch][INFO] 2020-09-02 10:17:42,281: master.is_running[http://localhost:11311]
[roslaunch][INFO] 2020-09-02 10:17:42,284: ROS_MASTER_URI=http://localhost:11311
[roslaunch][INFO] 2020-09-02 10:17:42,286: setting /run_id to 8904f8d6-ed05-11ea-8a94-0242ac110003
[roslaunch][INFO] 2020-09-02 10:17:42,288: setting /roslaunch/uris/host_9aeeb004788e__36953' to http://9aeeb004788e:36953/
[roslaunch][INFO] 2020-09-02 10:17:42,292: ... preparing to launch node of type [rosout/rosout]
[roslaunch][INFO] 2020-09-02 10:17:42,292: create_node_process: package[rosout] type[rosout] machine[Machine(name[] env_loader[None] address[localhost] ssh_port[22] user[None] assignable[True] timeout[10.0])] master_uri[http://localhost:11311]
[roslaunch][INFO] 2020-09-02 10:17:42,292: process[rosout-1]: env[{'DISPLAY': ':99', 'XAUTHORITY': '/tmp/appuser.xvfb.auth', 'LC_ALL': 'C.UTF-8', 'LD_LIBRARY_PATH': '/home/appuser/aido-auto/ros/catkin_ws/devel/lib:/opt/ros/melodic/lib', 'LANG': 'C.UTF-8', 'HOSTNAME': '9aeeb004788e', 'ROS_ETC_DIR': '/opt/ros/melodic/etc/ros', 'PUBLISHER_DROP_FOLDER': '/home/appuser/publisher-drop', 'PWD': '/home/appuser/aido-auto/gym-duckietown', 'HOME': '/home/appuser', 'CMAKE_PREFIX_PATH': '/home/appuser/aido-auto/ros/catkin_ws/devel:/opt/ros/melodic', 'ROS_ROOT': '/opt/ros/melodic/share/ros', 'ROS_MASTER_URI': 'http://localhost:11311', 'ROS_VERSION': '1', 'TERM': 'xterm', 'ROS_PYTHON_VERSION': '2', 'SHLVL': '4', 'PYTHONPATH': '/home/appuser/aido-auto/ros/catkin_ws/devel/lib/python2.7/dist-packages:/opt/ros/melodic/lib/python2.7/dist-packages', 'ROS_PACKAGE_PATH': '/home/appuser/aido-auto/ros/catkin_ws/src:/opt/ros/melodic/share', 'ROSLISP_PACKAGE_DIRECTORIES': '/home/appuser/aido-auto/ros/catkin_ws/devel/share/common-lisp', 'PATH': '/opt/ros/melodic/bin:/usr/local/sbin:/usr/local/bin:/usr/sbin:/usr/bin:/sbin:/bin', 'PKG_CONFIG_PATH': '/home/appuser/aido-auto/ros/catkin_ws/devel/lib/pkgconfig:/opt/ros/melodic/lib/pkgconfig', 'ROS_DISTRO': 'melodic', '_': '/usr/bin/timeout', 'QT_QPA_PLATFORM_PLUGIN_PATH': '/usr/local/lib/python3.6/dist-packages/cv2/qt/plugins', 'QT_QPA_FONTDIR': '/usr/local/lib/python3.6/dist-packages/cv2/qt/fonts', 'ROS_LOG_FILENAME': '/home/appuser/.ros/log/8904f8d6-ed05-11ea-8a94-0242ac110003/roslaunch-9aeeb004788e-138.log'}]
[roslaunch][INFO] 2020-09-02 10:17:42,322: process[rosout-1]: args[['/opt/ros/melodic/lib/rosout/rosout', '__name:=rosout']]
[roslaunch][INFO] 2020-09-02 10:17:42,322: ... created process [rosout-1]
[roslaunch.pmon][INFO] 2020-09-02 10:17:42,322: ProcessMonitor.register[rosout-1]
[roslaunch.pmon][INFO] 2020-09-02 10:17:42,322: ProcessMonitor.register[rosout-1] complete
[roslaunch][INFO] 2020-09-02 10:17:42,322: ... registered process [rosout-1]
[roslaunch][INFO] 2020-09-02 10:17:42,322: process[rosout-1]: starting os process
[roslaunch][INFO] 2020-09-02 10:17:42,323: process[rosout-1]: start w/ args [['/opt/ros/melodic/lib/rosout/rosout', '__name:=rosout', '__log:=/home/appuser/.ros/log/8904f8d6-ed05-11ea-8a94-0242ac110003/rosout-1.log']]
[roslaunch][INFO] 2020-09-02 10:17:42,323: process[rosout-1]: cwd will be [/home/appuser/.ros]
[roslaunch][INFO] 2020-09-02 10:17:42,328: process[rosout-1]: started with pid [160]
[roslaunch][INFO] 2020-09-02 10:17:42,328: ... successfully launched [rosout-1]
[roslaunch][INFO] 2020-09-02 10:17:42,329: load_parameters starting ...
[roslaunch][INFO] 2020-09-02 10:17:42,335: ... load_parameters complete
[roslaunch][INFO] 2020-09-02 10:17:42,335: launch_nodes: launching local nodes ...
[roslaunch][INFO] 2020-09-02 10:17:42,335: ... preparing to launch node of type [demo/demo_node.py]
[roslaunch][INFO] 2020-09-02 10:17:42,336: create_node_process: package[demo] type[demo_node.py] machine[Machine(name[] env_loader[None] address[localhost] ssh_port[22] user[None] assignable[True] timeout[10.0])] master_uri[http://localhost:11311]
[roslaunch][INFO] 2020-09-02 10:17:42,336: process[demo_node-2]: env[{'DISPLAY': ':99', 'XAUTHORITY': '/tmp/appuser.xvfb.auth', 'LC_ALL': 'C.UTF-8', 'LD_LIBRARY_PATH': '/home/appuser/aido-auto/ros/catkin_ws/devel/lib:/opt/ros/melodic/lib', 'LANG': 'C.UTF-8', 'HOSTNAME': '9aeeb004788e', 'ROS_ETC_DIR': '/opt/ros/melodic/etc/ros', 'PUBLISHER_DROP_FOLDER': '/home/appuser/publisher-drop', 'PWD': '/home/appuser/aido-auto/gym-duckietown', 'HOME': '/home/appuser', 'CMAKE_PREFIX_PATH': '/home/appuser/aido-auto/ros/catkin_ws/devel:/opt/ros/melodic', 'ROS_ROOT': '/opt/ros/melodic/share/ros', 'ROS_MASTER_URI': 'http://localhost:11311', 'ROS_VERSION': '1', 'TERM': 'xterm', 'ROS_PYTHON_VERSION': '2', 'SHLVL': '4', 'PYTHONPATH': '/home/appuser/aido-auto/ros/catkin_ws/devel/lib/python2.7/dist-packages:/opt/ros/melodic/lib/python2.7/dist-packages', 'ROS_PACKAGE_PATH': '/home/appuser/aido-auto/ros/catkin_ws/src:/opt/ros/melodic/share', 'ROSLISP_PACKAGE_DIRECTORIES': '/home/appuser/aido-auto/ros/catkin_ws/devel/share/common-lisp', 'PATH': '/opt/ros/melodic/bin:/usr/local/sbin:/usr/local/bin:/usr/sbin:/usr/bin:/sbin:/bin', 'PKG_CONFIG_PATH': '/home/appuser/aido-auto/ros/catkin_ws/devel/lib/pkgconfig:/opt/ros/melodic/lib/pkgconfig', 'ROS_DISTRO': 'melodic', '_': '/usr/bin/timeout', 'QT_QPA_PLATFORM_PLUGIN_PATH': '/usr/local/lib/python3.6/dist-packages/cv2/qt/plugins', 'QT_QPA_FONTDIR': '/usr/local/lib/python3.6/dist-packages/cv2/qt/fonts', 'ROS_LOG_FILENAME': '/home/appuser/.ros/log/8904f8d6-ed05-11ea-8a94-0242ac110003/roslaunch-9aeeb004788e-138.log'}]
[roslaunch][INFO] 2020-09-02 10:17:42,338: process[demo_node-2]: args[['/home/appuser/aido-auto/ros/catkin_ws/src/demo/scripts/demo_node.py', '__name:=demo_node']]
[roslaunch][INFO] 2020-09-02 10:17:42,339: ... created process [demo_node-2]
[roslaunch.pmon][INFO] 2020-09-02 10:17:42,339: ProcessMonitor.register[demo_node-2]
[roslaunch.pmon][INFO] 2020-09-02 10:17:42,339: ProcessMonitor.register[demo_node-2] complete
[roslaunch][INFO] 2020-09-02 10:17:42,339: ... registered process [demo_node-2]
[roslaunch][INFO] 2020-09-02 10:17:42,339: process[demo_node-2]: starting os process
[roslaunch][INFO] 2020-09-02 10:17:42,340: process[demo_node-2]: start w/ args [['/home/appuser/aido-auto/ros/catkin_ws/src/demo/scripts/demo_node.py', '__name:=demo_node', '__log:=/home/appuser/.ros/log/8904f8d6-ed05-11ea-8a94-0242ac110003/demo_node-2.log']]
[roslaunch][INFO] 2020-09-02 10:17:42,340: process[demo_node-2]: cwd will be [/home/appuser/.ros]
[roslaunch][INFO] 2020-09-02 10:17:42,346: process[demo_node-2]: started with pid [163]
[roslaunch][INFO] 2020-09-02 10:17:42,347: ... successfully launched [demo_node-2]
[roslaunch][INFO] 2020-09-02 10:17:42,347: ... preparing to launch node of type [rosbag/record]
[roslaunch][INFO] 2020-09-02 10:17:42,347: create_node_process: package[rosbag] type[record] machine[Machine(name[] env_loader[None] address[localhost] ssh_port[22] user[None] assignable[True] timeout[10.0])] master_uri[http://localhost:11311]
[roslaunch][INFO] 2020-09-02 10:17:42,348: process[record-3]: env[{'DISPLAY': ':99', 'XAUTHORITY': '/tmp/appuser.xvfb.auth', 'LC_ALL': 'C.UTF-8', 'LD_LIBRARY_PATH': '/home/appuser/aido-auto/ros/catkin_ws/devel/lib:/opt/ros/melodic/lib', 'LANG': 'C.UTF-8', 'HOSTNAME': '9aeeb004788e', 'ROS_ETC_DIR': '/opt/ros/melodic/etc/ros', 'PUBLISHER_DROP_FOLDER': '/home/appuser/publisher-drop', 'PWD': '/home/appuser/aido-auto/gym-duckietown', 'HOME': '/home/appuser', 'CMAKE_PREFIX_PATH': '/home/appuser/aido-auto/ros/catkin_ws/devel:/opt/ros/melodic', 'ROS_ROOT': '/opt/ros/melodic/share/ros', 'ROS_MASTER_URI': 'http://localhost:11311', 'ROS_VERSION': '1', 'TERM': 'xterm', 'ROS_PYTHON_VERSION': '2', 'SHLVL': '4', 'PYTHONPATH': '/home/appuser/aido-auto/ros/catkin_ws/devel/lib/python2.7/dist-packages:/opt/ros/melodic/lib/python2.7/dist-packages', 'ROS_PACKAGE_PATH': '/home/appuser/aido-auto/ros/catkin_ws/src:/opt/ros/melodic/share', 'ROSLISP_PACKAGE_DIRECTORIES': '/home/appuser/aido-auto/ros/catkin_ws/devel/share/common-lisp', 'PATH': '/opt/ros/melodic/bin:/usr/local/sbin:/usr/local/bin:/usr/sbin:/usr/bin:/sbin:/bin', 'PKG_CONFIG_PATH': '/home/appuser/aido-auto/ros/catkin_ws/devel/lib/pkgconfig:/opt/ros/melodic/lib/pkgconfig', 'ROS_DISTRO': 'melodic', '_': '/usr/bin/timeout', 'QT_QPA_PLATFORM_PLUGIN_PATH': '/usr/local/lib/python3.6/dist-packages/cv2/qt/plugins', 'QT_QPA_FONTDIR': '/usr/local/lib/python3.6/dist-packages/cv2/qt/fonts', 'ROS_LOG_FILENAME': '/home/appuser/.ros/log/8904f8d6-ed05-11ea-8a94-0242ac110003/roslaunch-9aeeb004788e-138.log'}]
[roslaunch][INFO] 2020-09-02 10:17:42,349: process[record-3]: args[['/opt/ros/melodic/lib/rosbag/record', '-a', '__name:=record']]
[roslaunch][INFO] 2020-09-02 10:17:42,350: ... created process [record-3]
[roslaunch.pmon][INFO] 2020-09-02 10:17:42,350: ProcessMonitor.register[record-3]
[roslaunch.pmon][INFO] 2020-09-02 10:17:42,350: ProcessMonitor.register[record-3] complete
[roslaunch][INFO] 2020-09-02 10:17:42,350: ... registered process [record-3]
[roslaunch][INFO] 2020-09-02 10:17:42,351: process[record-3]: starting os process
[roslaunch][INFO] 2020-09-02 10:17:42,351: process[record-3]: start w/ args [['/opt/ros/melodic/lib/rosbag/record', '-a', '__name:=record', '__log:=/home/appuser/.ros/log/8904f8d6-ed05-11ea-8a94-0242ac110003/record-3.log']]
[roslaunch][INFO] 2020-09-02 10:17:42,351: process[record-3]: cwd will be [/home/appuser/.ros]
[roslaunch][INFO] 2020-09-02 10:17:42,359: process[record-3]: started with pid [168]
[roslaunch][INFO] 2020-09-02 10:17:42,359: ... successfully launched [record-3]
[roslaunch][INFO] 2020-09-02 10:17:42,359: ... launch_nodes complete
[roslaunch.pmon][INFO] 2020-09-02 10:17:42,360: registrations completed <ProcessMonitor(ProcessMonitor-1, started daemon 140044971943680)>
[roslaunch.parent][INFO] 2020-09-02 10:17:42,360: ... roslaunch parent running, waiting for process exit
