[roslaunch.parent][INFO] 2020-09-02 08:35:40,613: starting roslaunch parent run
[roslaunch][INFO] 2020-09-02 08:35:40,614: loading roscore config file /opt/ros/melodic/etc/ros/roscore.xml
[roslaunch][INFO] 2020-09-02 08:35:40,779: Added core node of type [rosout/rosout] in namespace [/]
[roslaunch.config][INFO] 2020-09-02 08:35:40,780: loading config file /home/appuser/aido-auto/ros/catkin_ws/src/demo/launch/demo_node.launch
[roslaunch][INFO] 2020-09-02 08:35:40,781: Added node of type [demo/demo_node.py] in namespace [/]
[roslaunch][INFO] 2020-09-02 08:35:40,782: Added node of type [rosbag/record] in namespace [/]
[roslaunch][INFO] 2020-09-02 08:35:40,782: ... selected machine [] for node of type [demo/demo_node.py]
[roslaunch][INFO] 2020-09-02 08:35:40,782: ... selected machine [] for node of type [rosbag/record]
[roslaunch.pmon][INFO] 2020-09-02 08:35:40,784: start_process_monitor: creating ProcessMonitor
[roslaunch.pmon][INFO] 2020-09-02 08:35:40,784: created process monitor <ProcessMonitor(ProcessMonitor-1, initial daemon)>
[roslaunch.pmon][INFO] 2020-09-02 08:35:40,785: start_process_monitor: ProcessMonitor started
[roslaunch.parent][INFO] 2020-09-02 08:35:40,785: starting parent XML-RPC server
[roslaunch.server][INFO] 2020-09-02 08:35:40,786: starting roslaunch XML-RPC server
[roslaunch.server][INFO] 2020-09-02 08:35:40,786: waiting for roslaunch XML-RPC server to initialize
[xmlrpc][INFO] 2020-09-02 08:35:40,786: XML-RPC server binding to 0.0.0.0:0
[xmlrpc][INFO] 2020-09-02 08:35:40,787: Started XML-RPC server [http://533c34771af1:34553/]
[xmlrpc][INFO] 2020-09-02 08:35:40,787: xml rpc node: starting XML-RPC server
[roslaunch][INFO] 2020-09-02 08:35:40,800: started roslaunch server http://533c34771af1:34553/
[roslaunch.parent][INFO] 2020-09-02 08:35:40,800: ... parent XML-RPC server started
[roslaunch][INFO] 2020-09-02 08:35:40,800: master.is_running[http://localhost:11311]
[roslaunch][INFO] 2020-09-02 08:35:40,802: auto-starting new master
[roslaunch][INFO] 2020-09-02 08:35:40,802: create_master_process: rosmaster, /opt/ros/melodic/share/ros, 11311, 3, None, False
[roslaunch][INFO] 2020-09-02 08:35:40,802: process[master]: launching with args [['rosmaster', '--core', '-p', '11311', '-w', '3']]
[roslaunch.pmon][INFO] 2020-09-02 08:35:40,802: ProcessMonitor.register[master]
[roslaunch.pmon][INFO] 2020-09-02 08:35:40,803: ProcessMonitor.register[master] complete
[roslaunch][INFO] 2020-09-02 08:35:40,803: process[master]: starting os process
[roslaunch][INFO] 2020-09-02 08:35:40,803: process[master]: start w/ args [['rosmaster', '--core', '-p', '11311', '-w', '3', '__log:=/home/appuser/.ros/log/488330ce-ecf7-11ea-bb7e-0242ac110003/master.log']]
[roslaunch][INFO] 2020-09-02 08:35:40,803: process[master]: cwd will be [/home/appuser/.ros]
[roslaunch][INFO] 2020-09-02 08:35:40,813: process[master]: started with pid [145]
[roslaunch][INFO] 2020-09-02 08:35:40,813: master.is_running[http://localhost:11311]
[roslaunch][INFO] 2020-09-02 08:35:40,914: master.is_running[http://localhost:11311]
[roslaunch][INFO] 2020-09-02 08:35:41,016: master.is_running[http://localhost:11311]
[roslaunch][INFO] 2020-09-02 08:35:41,117: master.is_running[http://localhost:11311]
[roslaunch][INFO] 2020-09-02 08:35:41,120: master.is_running[http://localhost:11311]
[roslaunch][INFO] 2020-09-02 08:35:41,122: ROS_MASTER_URI=http://localhost:11311
[roslaunch][INFO] 2020-09-02 08:35:41,123: setting /run_id to 488330ce-ecf7-11ea-bb7e-0242ac110003
[roslaunch][INFO] 2020-09-02 08:35:41,125: setting /roslaunch/uris/host_533c34771af1__34553' to http://533c34771af1:34553/
[roslaunch][INFO] 2020-09-02 08:35:41,127: ... preparing to launch node of type [rosout/rosout]
[roslaunch][INFO] 2020-09-02 08:35:41,127: create_node_process: package[rosout] type[rosout] machine[Machine(name[] env_loader[None] address[localhost] ssh_port[22] user[None] assignable[True] timeout[10.0])] master_uri[http://localhost:11311]
[roslaunch][INFO] 2020-09-02 08:35:41,127: process[rosout-1]: env[{'DISPLAY': ':99', 'XAUTHORITY': '/tmp/appuser.xvfb.auth', 'LC_ALL': 'C.UTF-8', 'LD_LIBRARY_PATH': '/home/appuser/aido-auto/ros/catkin_ws/devel/lib:/opt/ros/melodic/lib', 'LANG': 'C.UTF-8', 'HOSTNAME': '533c34771af1', 'ROS_ETC_DIR': '/opt/ros/melodic/etc/ros', 'PUBLISHER_DROP_FOLDER': '/home/appuser/publisher-drop', 'PWD': '/home/appuser/aido-auto/gym-duckietown', 'HOME': '/home/appuser', 'CMAKE_PREFIX_PATH': '/home/appuser/aido-auto/ros/catkin_ws/devel:/opt/ros/melodic', 'ROS_ROOT': '/opt/ros/melodic/share/ros', 'ROS_MASTER_URI': 'http://localhost:11311', 'ROS_VERSION': '1', 'TERM': 'xterm', 'ROS_PYTHON_VERSION': '2', 'SHLVL': '4', 'PYTHONPATH': '/home/appuser/aido-auto/ros/catkin_ws/devel/lib/python2.7/dist-packages:/opt/ros/melodic/lib/python2.7/dist-packages', 'ROS_PACKAGE_PATH': '/home/appuser/aido-auto/ros/catkin_ws/src:/opt/ros/melodic/share', 'ROSLISP_PACKAGE_DIRECTORIES': '/home/appuser/aido-auto/ros/catkin_ws/devel/share/common-lisp', 'PATH': '/opt/ros/melodic/bin:/usr/local/sbin:/usr/local/bin:/usr/sbin:/usr/bin:/sbin:/bin', 'PKG_CONFIG_PATH': '/home/appuser/aido-auto/ros/catkin_ws/devel/lib/pkgconfig:/opt/ros/melodic/lib/pkgconfig', 'ROS_DISTRO': 'melodic', '_': '/usr/bin/timeout', 'ROS_LOG_FILENAME': '/home/appuser/.ros/log/488330ce-ecf7-11ea-bb7e-0242ac110003/roslaunch-533c34771af1-134.log'}]
[roslaunch][INFO] 2020-09-02 08:35:41,154: process[rosout-1]: args[['/opt/ros/melodic/lib/rosout/rosout', '__name:=rosout']]
[roslaunch][INFO] 2020-09-02 08:35:41,154: ... created process [rosout-1]
[roslaunch.pmon][INFO] 2020-09-02 08:35:41,154: ProcessMonitor.register[rosout-1]
[roslaunch.pmon][INFO] 2020-09-02 08:35:41,155: ProcessMonitor.register[rosout-1] complete
[roslaunch][INFO] 2020-09-02 08:35:41,155: ... registered process [rosout-1]
[roslaunch][INFO] 2020-09-02 08:35:41,155: process[rosout-1]: starting os process
[roslaunch][INFO] 2020-09-02 08:35:41,155: process[rosout-1]: start w/ args [['/opt/ros/melodic/lib/rosout/rosout', '__name:=rosout', '__log:=/home/appuser/.ros/log/488330ce-ecf7-11ea-bb7e-0242ac110003/rosout-1.log']]
[roslaunch][INFO] 2020-09-02 08:35:41,155: process[rosout-1]: cwd will be [/home/appuser/.ros]
[roslaunch][INFO] 2020-09-02 08:35:41,161: process[rosout-1]: started with pid [156]
[roslaunch][INFO] 2020-09-02 08:35:41,162: ... successfully launched [rosout-1]
[roslaunch][INFO] 2020-09-02 08:35:41,162: load_parameters starting ...
[roslaunch][INFO] 2020-09-02 08:35:41,168: ... load_parameters complete
[roslaunch][INFO] 2020-09-02 08:35:41,168: launch_nodes: launching local nodes ...
[roslaunch][INFO] 2020-09-02 08:35:41,168: ... preparing to launch node of type [demo/demo_node.py]
[roslaunch][INFO] 2020-09-02 08:35:41,169: create_node_process: package[demo] type[demo_node.py] machine[Machine(name[] env_loader[None] address[localhost] ssh_port[22] user[None] assignable[True] timeout[10.0])] master_uri[http://localhost:11311]
[roslaunch][INFO] 2020-09-02 08:35:41,169: process[demo_node-2]: env[{'DISPLAY': ':99', 'XAUTHORITY': '/tmp/appuser.xvfb.auth', 'LC_ALL': 'C.UTF-8', 'LD_LIBRARY_PATH': '/home/appuser/aido-auto/ros/catkin_ws/devel/lib:/opt/ros/melodic/lib', 'LANG': 'C.UTF-8', 'HOSTNAME': '533c34771af1', 'ROS_ETC_DIR': '/opt/ros/melodic/etc/ros', 'PUBLISHER_DROP_FOLDER': '/home/appuser/publisher-drop', 'PWD': '/home/appuser/aido-auto/gym-duckietown', 'HOME': '/home/appuser', 'CMAKE_PREFIX_PATH': '/home/appuser/aido-auto/ros/catkin_ws/devel:/opt/ros/melodic', 'ROS_ROOT': '/opt/ros/melodic/share/ros', 'ROS_MASTER_URI': 'http://localhost:11311', 'ROS_VERSION': '1', 'TERM': 'xterm', 'ROS_PYTHON_VERSION': '2', 'SHLVL': '4', 'PYTHONPATH': '/home/appuser/aido-auto/ros/catkin_ws/devel/lib/python2.7/dist-packages:/opt/ros/melodic/lib/python2.7/dist-packages', 'ROS_PACKAGE_PATH': '/home/appuser/aido-auto/ros/catkin_ws/src:/opt/ros/melodic/share', 'ROSLISP_PACKAGE_DIRECTORIES': '/home/appuser/aido-auto/ros/catkin_ws/devel/share/common-lisp', 'PATH': '/opt/ros/melodic/bin:/usr/local/sbin:/usr/local/bin:/usr/sbin:/usr/bin:/sbin:/bin', 'PKG_CONFIG_PATH': '/home/appuser/aido-auto/ros/catkin_ws/devel/lib/pkgconfig:/opt/ros/melodic/lib/pkgconfig', 'ROS_DISTRO': 'melodic', '_': '/usr/bin/timeout', 'ROS_LOG_FILENAME': '/home/appuser/.ros/log/488330ce-ecf7-11ea-bb7e-0242ac110003/roslaunch-533c34771af1-134.log'}]
[roslaunch][INFO] 2020-09-02 08:35:41,171: process[demo_node-2]: args[['/home/appuser/aido-auto/ros/catkin_ws/src/demo/scripts/demo_node.py', '__name:=demo_node']]
[roslaunch][INFO] 2020-09-02 08:35:41,172: ... created process [demo_node-2]
[roslaunch.pmon][INFO] 2020-09-02 08:35:41,172: ProcessMonitor.register[demo_node-2]
[roslaunch.pmon][INFO] 2020-09-02 08:35:41,172: ProcessMonitor.register[demo_node-2] complete
[roslaunch][INFO] 2020-09-02 08:35:41,172: ... registered process [demo_node-2]
[roslaunch][INFO] 2020-09-02 08:35:41,172: process[demo_node-2]: starting os process
[roslaunch][INFO] 2020-09-02 08:35:41,173: process[demo_node-2]: start w/ args [['/home/appuser/aido-auto/ros/catkin_ws/src/demo/scripts/demo_node.py', '__name:=demo_node', '__log:=/home/appuser/.ros/log/488330ce-ecf7-11ea-bb7e-0242ac110003/demo_node-2.log']]
[roslaunch][INFO] 2020-09-02 08:35:41,173: process[demo_node-2]: cwd will be [/home/appuser/.ros]
[roslaunch][INFO] 2020-09-02 08:35:41,180: process[demo_node-2]: started with pid [159]
[roslaunch][INFO] 2020-09-02 08:35:41,180: ... successfully launched [demo_node-2]
[roslaunch][INFO] 2020-09-02 08:35:41,180: ... preparing to launch node of type [rosbag/record]
[roslaunch][INFO] 2020-09-02 08:35:41,181: create_node_process: package[rosbag] type[record] machine[Machine(name[] env_loader[None] address[localhost] ssh_port[22] user[None] assignable[True] timeout[10.0])] master_uri[http://localhost:11311]
[roslaunch][INFO] 2020-09-02 08:35:41,181: process[record-3]: env[{'DISPLAY': ':99', 'XAUTHORITY': '/tmp/appuser.xvfb.auth', 'LC_ALL': 'C.UTF-8', 'LD_LIBRARY_PATH': '/home/appuser/aido-auto/ros/catkin_ws/devel/lib:/opt/ros/melodic/lib', 'LANG': 'C.UTF-8', 'HOSTNAME': '533c34771af1', 'ROS_ETC_DIR': '/opt/ros/melodic/etc/ros', 'PUBLISHER_DROP_FOLDER': '/home/appuser/publisher-drop', 'PWD': '/home/appuser/aido-auto/gym-duckietown', 'HOME': '/home/appuser', 'CMAKE_PREFIX_PATH': '/home/appuser/aido-auto/ros/catkin_ws/devel:/opt/ros/melodic', 'ROS_ROOT': '/opt/ros/melodic/share/ros', 'ROS_MASTER_URI': 'http://localhost:11311', 'ROS_VERSION': '1', 'TERM': 'xterm', 'ROS_PYTHON_VERSION': '2', 'SHLVL': '4', 'PYTHONPATH': '/home/appuser/aido-auto/ros/catkin_ws/devel/lib/python2.7/dist-packages:/opt/ros/melodic/lib/python2.7/dist-packages', 'ROS_PACKAGE_PATH': '/home/appuser/aido-auto/ros/catkin_ws/src:/opt/ros/melodic/share', 'ROSLISP_PACKAGE_DIRECTORIES': '/home/appuser/aido-auto/ros/catkin_ws/devel/share/common-lisp', 'PATH': '/opt/ros/melodic/bin:/usr/local/sbin:/usr/local/bin:/usr/sbin:/usr/bin:/sbin:/bin', 'PKG_CONFIG_PATH': '/home/appuser/aido-auto/ros/catkin_ws/devel/lib/pkgconfig:/opt/ros/melodic/lib/pkgconfig', 'ROS_DISTRO': 'melodic', '_': '/usr/bin/timeout', 'ROS_LOG_FILENAME': '/home/appuser/.ros/log/488330ce-ecf7-11ea-bb7e-0242ac110003/roslaunch-533c34771af1-134.log'}]
[roslaunch][INFO] 2020-09-02 08:35:41,183: process[record-3]: args[['/opt/ros/melodic/lib/rosbag/record', '-a', '__name:=record']]
[roslaunch][INFO] 2020-09-02 08:35:41,183: ... created process [record-3]
[roslaunch.pmon][INFO] 2020-09-02 08:35:41,183: ProcessMonitor.register[record-3]
[roslaunch.pmon][INFO] 2020-09-02 08:35:41,183: ProcessMonitor.register[record-3] complete
[roslaunch][INFO] 2020-09-02 08:35:41,184: ... registered process [record-3]
[roslaunch][INFO] 2020-09-02 08:35:41,184: process[record-3]: starting os process
[roslaunch][INFO] 2020-09-02 08:35:41,184: process[record-3]: start w/ args [['/opt/ros/melodic/lib/rosbag/record', '-a', '__name:=record', '__log:=/home/appuser/.ros/log/488330ce-ecf7-11ea-bb7e-0242ac110003/record-3.log']]
[roslaunch][INFO] 2020-09-02 08:35:41,184: process[record-3]: cwd will be [/home/appuser/.ros]
[roslaunch][INFO] 2020-09-02 08:35:41,194: process[record-3]: started with pid [164]
[roslaunch][INFO] 2020-09-02 08:35:41,195: ... successfully launched [record-3]
[roslaunch][INFO] 2020-09-02 08:35:41,195: ... launch_nodes complete
[roslaunch.pmon][INFO] 2020-09-02 08:35:41,195: registrations completed <ProcessMonitor(ProcessMonitor-1, started daemon 139829007853312)>
[roslaunch.parent][INFO] 2020-09-02 08:35:41,195: ... roslaunch parent running, waiting for process exit
