[roslaunch.parent][INFO] 2020-09-02 08:33:43,356: starting roslaunch parent run
[roslaunch][INFO] 2020-09-02 08:33:43,357: loading roscore config file /opt/ros/melodic/etc/ros/roscore.xml
[roslaunch][INFO] 2020-09-02 08:33:43,710: Added core node of type [rosout/rosout] in namespace [/]
[roslaunch.config][INFO] 2020-09-02 08:33:43,710: loading config file /home/appuser/aido-auto/ros/catkin_ws/src/demo/launch/demo_node.launch
[roslaunch][INFO] 2020-09-02 08:33:43,712: Added node of type [demo/demo_node.py] in namespace [/]
[roslaunch][INFO] 2020-09-02 08:33:43,712: Added node of type [rosbag/record] in namespace [/]
[roslaunch][INFO] 2020-09-02 08:33:43,712: ... selected machine [] for node of type [demo/demo_node.py]
[roslaunch][INFO] 2020-09-02 08:33:43,713: ... selected machine [] for node of type [rosbag/record]
[roslaunch.pmon][INFO] 2020-09-02 08:33:43,715: start_process_monitor: creating ProcessMonitor
[roslaunch.pmon][INFO] 2020-09-02 08:33:43,715: created process monitor <ProcessMonitor(ProcessMonitor-1, initial daemon)>
[roslaunch.pmon][INFO] 2020-09-02 08:33:43,716: start_process_monitor: ProcessMonitor started
[roslaunch.parent][INFO] 2020-09-02 08:33:43,716: starting parent XML-RPC server
[roslaunch.server][INFO] 2020-09-02 08:33:43,716: starting roslaunch XML-RPC server
[roslaunch.server][INFO] 2020-09-02 08:33:43,717: waiting for roslaunch XML-RPC server to initialize
[xmlrpc][INFO] 2020-09-02 08:33:43,717: XML-RPC server binding to 0.0.0.0:0
[xmlrpc][INFO] 2020-09-02 08:33:43,717: Started XML-RPC server [http://da4dac834932:36187/]
[xmlrpc][INFO] 2020-09-02 08:33:43,719: xml rpc node: starting XML-RPC server
[roslaunch][INFO] 2020-09-02 08:33:43,730: started roslaunch server http://da4dac834932:36187/
[roslaunch.parent][INFO] 2020-09-02 08:33:43,730: ... parent XML-RPC server started
[roslaunch][INFO] 2020-09-02 08:33:43,730: master.is_running[http://localhost:11311]
[roslaunch][INFO] 2020-09-02 08:33:43,731: auto-starting new master
[roslaunch][INFO] 2020-09-02 08:33:43,732: create_master_process: rosmaster, /opt/ros/melodic/share/ros, 11311, 3, None, False
[roslaunch][INFO] 2020-09-02 08:33:43,732: process[master]: launching with args [['rosmaster', '--core', '-p', '11311', '-w', '3']]
[roslaunch.pmon][INFO] 2020-09-02 08:33:43,732: ProcessMonitor.register[master]
[roslaunch.pmon][INFO] 2020-09-02 08:33:43,732: ProcessMonitor.register[master] complete
[roslaunch][INFO] 2020-09-02 08:33:43,733: process[master]: starting os process
[roslaunch][INFO] 2020-09-02 08:33:43,733: process[master]: start w/ args [['rosmaster', '--core', '-p', '11311', '-w', '3', '__log:=/home/appuser/.ros/log/028d6486-ecf7-11ea-800f-0242ac110003/master.log']]
[roslaunch][INFO] 2020-09-02 08:33:43,733: process[master]: cwd will be [/home/appuser/.ros]
[roslaunch][INFO] 2020-09-02 08:33:43,741: process[master]: started with pid [143]
[roslaunch][INFO] 2020-09-02 08:33:43,742: master.is_running[http://localhost:11311]
[roslaunch][INFO] 2020-09-02 08:33:43,843: master.is_running[http://localhost:11311]
[roslaunch][INFO] 2020-09-02 08:33:43,944: master.is_running[http://localhost:11311]
[roslaunch][INFO] 2020-09-02 08:33:44,046: master.is_running[http://localhost:11311]
[roslaunch][INFO] 2020-09-02 08:33:44,147: master.is_running[http://localhost:11311]
[roslaunch][INFO] 2020-09-02 08:33:44,250: master.is_running[http://localhost:11311]
[roslaunch][INFO] 2020-09-02 08:33:44,351: master.is_running[http://localhost:11311]
[roslaunch][INFO] 2020-09-02 08:33:44,452: master.is_running[http://localhost:11311]
[roslaunch][INFO] 2020-09-02 08:33:44,456: master.is_running[http://localhost:11311]
[roslaunch][INFO] 2020-09-02 08:33:44,458: ROS_MASTER_URI=http://localhost:11311
[roslaunch][INFO] 2020-09-02 08:33:44,460: setting /run_id to 028d6486-ecf7-11ea-800f-0242ac110003
[roslaunch][INFO] 2020-09-02 08:33:44,462: setting /roslaunch/uris/host_da4dac834932__36187' to http://da4dac834932:36187/
[roslaunch][INFO] 2020-09-02 08:33:44,465: ... preparing to launch node of type [rosout/rosout]
[roslaunch][INFO] 2020-09-02 08:33:44,466: create_node_process: package[rosout] type[rosout] machine[Machine(name[] env_loader[None] address[localhost] ssh_port[22] user[None] assignable[True] timeout[10.0])] master_uri[http://localhost:11311]
[roslaunch][INFO] 2020-09-02 08:33:44,466: process[rosout-1]: env[{'DISPLAY': ':99', 'XAUTHORITY': '/tmp/appuser.xvfb.auth', 'LC_ALL': 'C.UTF-8', 'LD_LIBRARY_PATH': '/home/appuser/aido-auto/ros/catkin_ws/devel/lib:/opt/ros/melodic/lib', 'LANG': 'C.UTF-8', 'HOSTNAME': 'da4dac834932', 'ROS_ETC_DIR': '/opt/ros/melodic/etc/ros', 'PUBLISHER_DROP_FOLDER': '/home/appuser/publisher-drop', 'PWD': '/home/appuser/aido-auto/gym-duckietown', 'HOME': '/home/appuser', 'CMAKE_PREFIX_PATH': '/home/appuser/aido-auto/ros/catkin_ws/devel:/opt/ros/melodic', 'ROS_ROOT': '/opt/ros/melodic/share/ros', 'ROS_MASTER_URI': 'http://localhost:11311', 'ROS_VERSION': '1', 'TERM': 'xterm', 'ROS_PYTHON_VERSION': '2', 'SHLVL': '4', 'PYTHONPATH': '/home/appuser/aido-auto/ros/catkin_ws/devel/lib/python2.7/dist-packages:/opt/ros/melodic/lib/python2.7/dist-packages', 'ROS_PACKAGE_PATH': '/home/appuser/aido-auto/ros/catkin_ws/src:/opt/ros/melodic/share', 'ROSLISP_PACKAGE_DIRECTORIES': '/home/appuser/aido-auto/ros/catkin_ws/devel/share/common-lisp', 'PATH': '/opt/ros/melodic/bin:/usr/local/sbin:/usr/local/bin:/usr/sbin:/usr/bin:/sbin:/bin', 'PKG_CONFIG_PATH': '/home/appuser/aido-auto/ros/catkin_ws/devel/lib/pkgconfig:/opt/ros/melodic/lib/pkgconfig', 'ROS_DISTRO': 'melodic', '_': '/usr/bin/timeout', 'ROS_LOG_FILENAME': '/home/appuser/.ros/log/028d6486-ecf7-11ea-800f-0242ac110003/roslaunch-da4dac834932-132.log'}]
[roslaunch][INFO] 2020-09-02 08:33:44,517: process[rosout-1]: args[['/opt/ros/melodic/lib/rosout/rosout', '__name:=rosout']]
[roslaunch][INFO] 2020-09-02 08:33:44,517: ... created process [rosout-1]
[roslaunch.pmon][INFO] 2020-09-02 08:33:44,517: ProcessMonitor.register[rosout-1]
[roslaunch.pmon][INFO] 2020-09-02 08:33:44,517: ProcessMonitor.register[rosout-1] complete
[roslaunch][INFO] 2020-09-02 08:33:44,517: ... registered process [rosout-1]
[roslaunch][INFO] 2020-09-02 08:33:44,518: process[rosout-1]: starting os process
[roslaunch][INFO] 2020-09-02 08:33:44,518: process[rosout-1]: start w/ args [['/opt/ros/melodic/lib/rosout/rosout', '__name:=rosout', '__log:=/home/appuser/.ros/log/028d6486-ecf7-11ea-800f-0242ac110003/rosout-1.log']]
[roslaunch][INFO] 2020-09-02 08:33:44,518: process[rosout-1]: cwd will be [/home/appuser/.ros]
[roslaunch][INFO] 2020-09-02 08:33:44,533: process[rosout-1]: started with pid [154]
[roslaunch][INFO] 2020-09-02 08:33:44,533: ... successfully launched [rosout-1]
[roslaunch][INFO] 2020-09-02 08:33:44,534: load_parameters starting ...
[roslaunch][INFO] 2020-09-02 08:33:44,540: ... load_parameters complete
[roslaunch][INFO] 2020-09-02 08:33:44,541: launch_nodes: launching local nodes ...
[roslaunch][INFO] 2020-09-02 08:33:44,541: ... preparing to launch node of type [demo/demo_node.py]
[roslaunch][INFO] 2020-09-02 08:33:44,541: create_node_process: package[demo] type[demo_node.py] machine[Machine(name[] env_loader[None] address[localhost] ssh_port[22] user[None] assignable[True] timeout[10.0])] master_uri[http://localhost:11311]
[roslaunch][INFO] 2020-09-02 08:33:44,542: process[demo_node-2]: env[{'DISPLAY': ':99', 'XAUTHORITY': '/tmp/appuser.xvfb.auth', 'LC_ALL': 'C.UTF-8', 'LD_LIBRARY_PATH': '/home/appuser/aido-auto/ros/catkin_ws/devel/lib:/opt/ros/melodic/lib', 'LANG': 'C.UTF-8', 'HOSTNAME': 'da4dac834932', 'ROS_ETC_DIR': '/opt/ros/melodic/etc/ros', 'PUBLISHER_DROP_FOLDER': '/home/appuser/publisher-drop', 'PWD': '/home/appuser/aido-auto/gym-duckietown', 'HOME': '/home/appuser', 'CMAKE_PREFIX_PATH': '/home/appuser/aido-auto/ros/catkin_ws/devel:/opt/ros/melodic', 'ROS_ROOT': '/opt/ros/melodic/share/ros', 'ROS_MASTER_URI': 'http://localhost:11311', 'ROS_VERSION': '1', 'TERM': 'xterm', 'ROS_PYTHON_VERSION': '2', 'SHLVL': '4', 'PYTHONPATH': '/home/appuser/aido-auto/ros/catkin_ws/devel/lib/python2.7/dist-packages:/opt/ros/melodic/lib/python2.7/dist-packages', 'ROS_PACKAGE_PATH': '/home/appuser/aido-auto/ros/catkin_ws/src:/opt/ros/melodic/share', 'ROSLISP_PACKAGE_DIRECTORIES': '/home/appuser/aido-auto/ros/catkin_ws/devel/share/common-lisp', 'PATH': '/opt/ros/melodic/bin:/usr/local/sbin:/usr/local/bin:/usr/sbin:/usr/bin:/sbin:/bin', 'PKG_CONFIG_PATH': '/home/appuser/aido-auto/ros/catkin_ws/devel/lib/pkgconfig:/opt/ros/melodic/lib/pkgconfig', 'ROS_DISTRO': 'melodic', '_': '/usr/bin/timeout', 'ROS_LOG_FILENAME': '/home/appuser/.ros/log/028d6486-ecf7-11ea-800f-0242ac110003/roslaunch-da4dac834932-132.log'}]
[roslaunch][INFO] 2020-09-02 08:33:44,545: process[demo_node-2]: args[['/home/appuser/aido-auto/ros/catkin_ws/src/demo/scripts/demo_node.py', '__name:=demo_node']]
[roslaunch][INFO] 2020-09-02 08:33:44,545: ... created process [demo_node-2]
[roslaunch.pmon][INFO] 2020-09-02 08:33:44,545: ProcessMonitor.register[demo_node-2]
[roslaunch.pmon][INFO] 2020-09-02 08:33:44,546: ProcessMonitor.register[demo_node-2] complete
[roslaunch][INFO] 2020-09-02 08:33:44,546: ... registered process [demo_node-2]
[roslaunch][INFO] 2020-09-02 08:33:44,546: process[demo_node-2]: starting os process
[roslaunch][INFO] 2020-09-02 08:33:44,547: process[demo_node-2]: start w/ args [['/home/appuser/aido-auto/ros/catkin_ws/src/demo/scripts/demo_node.py', '__name:=demo_node', '__log:=/home/appuser/.ros/log/028d6486-ecf7-11ea-800f-0242ac110003/demo_node-2.log']]
[roslaunch][INFO] 2020-09-02 08:33:44,547: process[demo_node-2]: cwd will be [/home/appuser/.ros]
[roslaunch][INFO] 2020-09-02 08:33:44,554: process[demo_node-2]: started with pid [157]
[roslaunch][INFO] 2020-09-02 08:33:44,555: ... successfully launched [demo_node-2]
[roslaunch][INFO] 2020-09-02 08:33:44,555: ... preparing to launch node of type [rosbag/record]
[roslaunch][INFO] 2020-09-02 08:33:44,555: create_node_process: package[rosbag] type[record] machine[Machine(name[] env_loader[None] address[localhost] ssh_port[22] user[None] assignable[True] timeout[10.0])] master_uri[http://localhost:11311]
[roslaunch][INFO] 2020-09-02 08:33:44,555: process[record-3]: env[{'DISPLAY': ':99', 'XAUTHORITY': '/tmp/appuser.xvfb.auth', 'LC_ALL': 'C.UTF-8', 'LD_LIBRARY_PATH': '/home/appuser/aido-auto/ros/catkin_ws/devel/lib:/opt/ros/melodic/lib', 'LANG': 'C.UTF-8', 'HOSTNAME': 'da4dac834932', 'ROS_ETC_DIR': '/opt/ros/melodic/etc/ros', 'PUBLISHER_DROP_FOLDER': '/home/appuser/publisher-drop', 'PWD': '/home/appuser/aido-auto/gym-duckietown', 'HOME': '/home/appuser', 'CMAKE_PREFIX_PATH': '/home/appuser/aido-auto/ros/catkin_ws/devel:/opt/ros/melodic', 'ROS_ROOT': '/opt/ros/melodic/share/ros', 'ROS_MASTER_URI': 'http://localhost:11311', 'ROS_VERSION': '1', 'TERM': 'xterm', 'ROS_PYTHON_VERSION': '2', 'SHLVL': '4', 'PYTHONPATH': '/home/appuser/aido-auto/ros/catkin_ws/devel/lib/python2.7/dist-packages:/opt/ros/melodic/lib/python2.7/dist-packages', 'ROS_PACKAGE_PATH': '/home/appuser/aido-auto/ros/catkin_ws/src:/opt/ros/melodic/share', 'ROSLISP_PACKAGE_DIRECTORIES': '/home/appuser/aido-auto/ros/catkin_ws/devel/share/common-lisp', 'PATH': '/opt/ros/melodic/bin:/usr/local/sbin:/usr/local/bin:/usr/sbin:/usr/bin:/sbin:/bin', 'PKG_CONFIG_PATH': '/home/appuser/aido-auto/ros/catkin_ws/devel/lib/pkgconfig:/opt/ros/melodic/lib/pkgconfig', 'ROS_DISTRO': 'melodic', '_': '/usr/bin/timeout', 'ROS_LOG_FILENAME': '/home/appuser/.ros/log/028d6486-ecf7-11ea-800f-0242ac110003/roslaunch-da4dac834932-132.log'}]
[roslaunch][INFO] 2020-09-02 08:33:44,557: process[record-3]: args[['/opt/ros/melodic/lib/rosbag/record', '-a', '__name:=record']]
[roslaunch][INFO] 2020-09-02 08:33:44,557: ... created process [record-3]
[roslaunch.pmon][INFO] 2020-09-02 08:33:44,558: ProcessMonitor.register[record-3]
[roslaunch.pmon][INFO] 2020-09-02 08:33:44,558: ProcessMonitor.register[record-3] complete
[roslaunch][INFO] 2020-09-02 08:33:44,558: ... registered process [record-3]
[roslaunch][INFO] 2020-09-02 08:33:44,558: process[record-3]: starting os process
[roslaunch][INFO] 2020-09-02 08:33:44,558: process[record-3]: start w/ args [['/opt/ros/melodic/lib/rosbag/record', '-a', '__name:=record', '__log:=/home/appuser/.ros/log/028d6486-ecf7-11ea-800f-0242ac110003/record-3.log']]
[roslaunch][INFO] 2020-09-02 08:33:44,559: process[record-3]: cwd will be [/home/appuser/.ros]
[roslaunch][INFO] 2020-09-02 08:33:44,582: process[record-3]: started with pid [158]
[roslaunch][INFO] 2020-09-02 08:33:44,583: ... successfully launched [record-3]
[roslaunch][INFO] 2020-09-02 08:33:44,583: ... launch_nodes complete
[roslaunch.pmon][INFO] 2020-09-02 08:33:44,583: registrations completed <ProcessMonitor(ProcessMonitor-1, started daemon 140705387042560)>
[roslaunch.parent][INFO] 2020-09-02 08:33:44,583: ... roslaunch parent running, waiting for process exit
