[roslaunch.parent][INFO] 2020-09-02 09:56:21,240: starting roslaunch parent run
[roslaunch][INFO] 2020-09-02 09:56:21,241: loading roscore config file /opt/ros/melodic/etc/ros/roscore.xml
[roslaunch][INFO] 2020-09-02 09:56:21,406: Added core node of type [rosout/rosout] in namespace [/]
[roslaunch.config][INFO] 2020-09-02 09:56:21,406: loading config file /home/appuser/aido-auto/ros/catkin_ws/src/demo/launch/demo_node.launch
[roslaunch][INFO] 2020-09-02 09:56:21,407: Added node of type [demo/demo_node.py] in namespace [/]
[roslaunch][INFO] 2020-09-02 09:56:21,407: Added node of type [rosbag/record] in namespace [/]
[roslaunch][INFO] 2020-09-02 09:56:21,407: ... selected machine [] for node of type [demo/demo_node.py]
[roslaunch][INFO] 2020-09-02 09:56:21,408: ... selected machine [] for node of type [rosbag/record]
[roslaunch.pmon][INFO] 2020-09-02 09:56:21,409: start_process_monitor: creating ProcessMonitor
[roslaunch.pmon][INFO] 2020-09-02 09:56:21,409: created process monitor <ProcessMonitor(ProcessMonitor-1, initial daemon)>
[roslaunch.pmon][INFO] 2020-09-02 09:56:21,409: start_process_monitor: ProcessMonitor started
[roslaunch.parent][INFO] 2020-09-02 09:56:21,410: starting parent XML-RPC server
[roslaunch.server][INFO] 2020-09-02 09:56:21,410: starting roslaunch XML-RPC server
[roslaunch.server][INFO] 2020-09-02 09:56:21,410: waiting for roslaunch XML-RPC server to initialize
[xmlrpc][INFO] 2020-09-02 09:56:21,410: XML-RPC server binding to 0.0.0.0:0
[xmlrpc][INFO] 2020-09-02 09:56:21,410: Started XML-RPC server [http://9eb1ce63a610:38265/]
[xmlrpc][INFO] 2020-09-02 09:56:21,411: xml rpc node: starting XML-RPC server
[roslaunch][INFO] 2020-09-02 09:56:21,422: started roslaunch server http://9eb1ce63a610:38265/
[roslaunch.parent][INFO] 2020-09-02 09:56:21,423: ... parent XML-RPC server started
[roslaunch][INFO] 2020-09-02 09:56:21,423: master.is_running[http://localhost:11311]
[roslaunch][INFO] 2020-09-02 09:56:21,424: auto-starting new master
[roslaunch][INFO] 2020-09-02 09:56:21,424: create_master_process: rosmaster, /opt/ros/melodic/share/ros, 11311, 3, None, False
[roslaunch][INFO] 2020-09-02 09:56:21,424: process[master]: launching with args [['rosmaster', '--core', '-p', '11311', '-w', '3']]
[roslaunch.pmon][INFO] 2020-09-02 09:56:21,424: ProcessMonitor.register[master]
[roslaunch.pmon][INFO] 2020-09-02 09:56:21,424: ProcessMonitor.register[master] complete
[roslaunch][INFO] 2020-09-02 09:56:21,425: process[master]: starting os process
[roslaunch][INFO] 2020-09-02 09:56:21,425: process[master]: start w/ args [['rosmaster', '--core', '-p', '11311', '-w', '3', '__log:=/home/appuser/.ros/log/8dc0adaa-ed02-11ea-94ed-0242ac110003/master.log']]
[roslaunch][INFO] 2020-09-02 09:56:21,425: process[master]: cwd will be [/home/appuser/.ros]
[roslaunch][INFO] 2020-09-02 09:56:21,430: process[master]: started with pid [150]
[roslaunch][INFO] 2020-09-02 09:56:21,431: master.is_running[http://localhost:11311]
[roslaunch][INFO] 2020-09-02 09:56:21,532: master.is_running[http://localhost:11311]
[roslaunch][INFO] 2020-09-02 09:56:21,633: master.is_running[http://localhost:11311]
[roslaunch][INFO] 2020-09-02 09:56:21,735: master.is_running[http://localhost:11311]
[roslaunch][INFO] 2020-09-02 09:56:21,738: master.is_running[http://localhost:11311]
[roslaunch][INFO] 2020-09-02 09:56:21,739: ROS_MASTER_URI=http://localhost:11311
[roslaunch][INFO] 2020-09-02 09:56:21,741: setting /run_id to 8dc0adaa-ed02-11ea-94ed-0242ac110003
[roslaunch][INFO] 2020-09-02 09:56:21,742: setting /roslaunch/uris/host_9eb1ce63a610__38265' to http://9eb1ce63a610:38265/
[roslaunch][INFO] 2020-09-02 09:56:21,745: ... preparing to launch node of type [rosout/rosout]
[roslaunch][INFO] 2020-09-02 09:56:21,745: create_node_process: package[rosout] type[rosout] machine[Machine(name[] env_loader[None] address[localhost] ssh_port[22] user[None] assignable[True] timeout[10.0])] master_uri[http://localhost:11311]
[roslaunch][INFO] 2020-09-02 09:56:21,745: process[rosout-1]: env[{'DISPLAY': ':99', 'XAUTHORITY': '/tmp/appuser.xvfb.auth', 'LC_ALL': 'C.UTF-8', 'LD_LIBRARY_PATH': '/home/appuser/aido-auto/ros/catkin_ws/devel/lib:/opt/ros/melodic/lib', 'LANG': 'C.UTF-8', 'HOSTNAME': '9eb1ce63a610', 'ROS_ETC_DIR': '/opt/ros/melodic/etc/ros', 'PUBLISHER_DROP_FOLDER': '/home/appuser/publisher-drop', 'PWD': '/home/appuser/aido-auto/gym-duckietown', 'HOME': '/home/appuser', 'CMAKE_PREFIX_PATH': '/home/appuser/aido-auto/ros/catkin_ws/devel:/opt/ros/melodic', 'ROS_ROOT': '/opt/ros/melodic/share/ros', 'ROS_MASTER_URI': 'http://localhost:11311', 'ROS_VERSION': '1', 'TERM': 'xterm', 'ROS_PYTHON_VERSION': '2', 'SHLVL': '4', 'PYTHONPATH': '/home/appuser/aido-auto/ros/catkin_ws/devel/lib/python2.7/dist-packages:/opt/ros/melodic/lib/python2.7/dist-packages', 'ROS_PACKAGE_PATH': '/home/appuser/aido-auto/ros/catkin_ws/src:/opt/ros/melodic/share', 'ROSLISP_PACKAGE_DIRECTORIES': '/home/appuser/aido-auto/ros/catkin_ws/devel/share/common-lisp', 'PATH': '/opt/ros/melodic/bin:/usr/local/sbin:/usr/local/bin:/usr/sbin:/usr/bin:/sbin:/bin', 'PKG_CONFIG_PATH': '/home/appuser/aido-auto/ros/catkin_ws/devel/lib/pkgconfig:/opt/ros/melodic/lib/pkgconfig', 'ROS_DISTRO': 'melodic', '_': '/usr/bin/timeout', 'QT_QPA_PLATFORM_PLUGIN_PATH': '/usr/local/lib/python3.6/dist-packages/cv2/qt/plugins', 'QT_QPA_FONTDIR': '/usr/local/lib/python3.6/dist-packages/cv2/qt/fonts', 'ROS_LOG_FILENAME': '/home/appuser/.ros/log/8dc0adaa-ed02-11ea-94ed-0242ac110003/roslaunch-9eb1ce63a610-139.log'}]
[roslaunch][INFO] 2020-09-02 09:56:21,772: process[rosout-1]: args[['/opt/ros/melodic/lib/rosout/rosout', '__name:=rosout']]
[roslaunch][INFO] 2020-09-02 09:56:21,772: ... created process [rosout-1]
[roslaunch.pmon][INFO] 2020-09-02 09:56:21,773: ProcessMonitor.register[rosout-1]
[roslaunch.pmon][INFO] 2020-09-02 09:56:21,773: ProcessMonitor.register[rosout-1] complete
[roslaunch][INFO] 2020-09-02 09:56:21,773: ... registered process [rosout-1]
[roslaunch][INFO] 2020-09-02 09:56:21,773: process[rosout-1]: starting os process
[roslaunch][INFO] 2020-09-02 09:56:21,773: process[rosout-1]: start w/ args [['/opt/ros/melodic/lib/rosout/rosout', '__name:=rosout', '__log:=/home/appuser/.ros/log/8dc0adaa-ed02-11ea-94ed-0242ac110003/rosout-1.log']]
[roslaunch][INFO] 2020-09-02 09:56:21,773: process[rosout-1]: cwd will be [/home/appuser/.ros]
[roslaunch][INFO] 2020-09-02 09:56:21,779: process[rosout-1]: started with pid [161]
[roslaunch][INFO] 2020-09-02 09:56:21,779: ... successfully launched [rosout-1]
[roslaunch][INFO] 2020-09-02 09:56:21,780: load_parameters starting ...
[roslaunch][INFO] 2020-09-02 09:56:21,785: ... load_parameters complete
[roslaunch][INFO] 2020-09-02 09:56:21,786: launch_nodes: launching local nodes ...
[roslaunch][INFO] 2020-09-02 09:56:21,786: ... preparing to launch node of type [demo/demo_node.py]
[roslaunch][INFO] 2020-09-02 09:56:21,786: create_node_process: package[demo] type[demo_node.py] machine[Machine(name[] env_loader[None] address[localhost] ssh_port[22] user[None] assignable[True] timeout[10.0])] master_uri[http://localhost:11311]
[roslaunch][INFO] 2020-09-02 09:56:21,787: process[demo_node-2]: env[{'DISPLAY': ':99', 'XAUTHORITY': '/tmp/appuser.xvfb.auth', 'LC_ALL': 'C.UTF-8', 'LD_LIBRARY_PATH': '/home/appuser/aido-auto/ros/catkin_ws/devel/lib:/opt/ros/melodic/lib', 'LANG': 'C.UTF-8', 'HOSTNAME': '9eb1ce63a610', 'ROS_ETC_DIR': '/opt/ros/melodic/etc/ros', 'PUBLISHER_DROP_FOLDER': '/home/appuser/publisher-drop', 'PWD': '/home/appuser/aido-auto/gym-duckietown', 'HOME': '/home/appuser', 'CMAKE_PREFIX_PATH': '/home/appuser/aido-auto/ros/catkin_ws/devel:/opt/ros/melodic', 'ROS_ROOT': '/opt/ros/melodic/share/ros', 'ROS_MASTER_URI': 'http://localhost:11311', 'ROS_VERSION': '1', 'TERM': 'xterm', 'ROS_PYTHON_VERSION': '2', 'SHLVL': '4', 'PYTHONPATH': '/home/appuser/aido-auto/ros/catkin_ws/devel/lib/python2.7/dist-packages:/opt/ros/melodic/lib/python2.7/dist-packages', 'ROS_PACKAGE_PATH': '/home/appuser/aido-auto/ros/catkin_ws/src:/opt/ros/melodic/share', 'ROSLISP_PACKAGE_DIRECTORIES': '/home/appuser/aido-auto/ros/catkin_ws/devel/share/common-lisp', 'PATH': '/opt/ros/melodic/bin:/usr/local/sbin:/usr/local/bin:/usr/sbin:/usr/bin:/sbin:/bin', 'PKG_CONFIG_PATH': '/home/appuser/aido-auto/ros/catkin_ws/devel/lib/pkgconfig:/opt/ros/melodic/lib/pkgconfig', 'ROS_DISTRO': 'melodic', '_': '/usr/bin/timeout', 'QT_QPA_PLATFORM_PLUGIN_PATH': '/usr/local/lib/python3.6/dist-packages/cv2/qt/plugins', 'QT_QPA_FONTDIR': '/usr/local/lib/python3.6/dist-packages/cv2/qt/fonts', 'ROS_LOG_FILENAME': '/home/appuser/.ros/log/8dc0adaa-ed02-11ea-94ed-0242ac110003/roslaunch-9eb1ce63a610-139.log'}]
[roslaunch][INFO] 2020-09-02 09:56:21,789: process[demo_node-2]: args[['/home/appuser/aido-auto/ros/catkin_ws/src/demo/scripts/demo_node.py', '__name:=demo_node']]
[roslaunch][INFO] 2020-09-02 09:56:21,789: ... created process [demo_node-2]
[roslaunch.pmon][INFO] 2020-09-02 09:56:21,790: ProcessMonitor.register[demo_node-2]
[roslaunch.pmon][INFO] 2020-09-02 09:56:21,790: ProcessMonitor.register[demo_node-2] complete
[roslaunch][INFO] 2020-09-02 09:56:21,790: ... registered process [demo_node-2]
[roslaunch][INFO] 2020-09-02 09:56:21,790: process[demo_node-2]: starting os process
[roslaunch][INFO] 2020-09-02 09:56:21,791: process[demo_node-2]: start w/ args [['/home/appuser/aido-auto/ros/catkin_ws/src/demo/scripts/demo_node.py', '__name:=demo_node', '__log:=/home/appuser/.ros/log/8dc0adaa-ed02-11ea-94ed-0242ac110003/demo_node-2.log']]
[roslaunch][INFO] 2020-09-02 09:56:21,791: process[demo_node-2]: cwd will be [/home/appuser/.ros]
[roslaunch][INFO] 2020-09-02 09:56:21,798: process[demo_node-2]: started with pid [164]
[roslaunch][INFO] 2020-09-02 09:56:21,799: ... successfully launched [demo_node-2]
[roslaunch][INFO] 2020-09-02 09:56:21,799: ... preparing to launch node of type [rosbag/record]
[roslaunch][INFO] 2020-09-02 09:56:21,799: create_node_process: package[rosbag] type[record] machine[Machine(name[] env_loader[None] address[localhost] ssh_port[22] user[None] assignable[True] timeout[10.0])] master_uri[http://localhost:11311]
[roslaunch][INFO] 2020-09-02 09:56:21,800: process[record-3]: env[{'DISPLAY': ':99', 'XAUTHORITY': '/tmp/appuser.xvfb.auth', 'LC_ALL': 'C.UTF-8', 'LD_LIBRARY_PATH': '/home/appuser/aido-auto/ros/catkin_ws/devel/lib:/opt/ros/melodic/lib', 'LANG': 'C.UTF-8', 'HOSTNAME': '9eb1ce63a610', 'ROS_ETC_DIR': '/opt/ros/melodic/etc/ros', 'PUBLISHER_DROP_FOLDER': '/home/appuser/publisher-drop', 'PWD': '/home/appuser/aido-auto/gym-duckietown', 'HOME': '/home/appuser', 'CMAKE_PREFIX_PATH': '/home/appuser/aido-auto/ros/catkin_ws/devel:/opt/ros/melodic', 'ROS_ROOT': '/opt/ros/melodic/share/ros', 'ROS_MASTER_URI': 'http://localhost:11311', 'ROS_VERSION': '1', 'TERM': 'xterm', 'ROS_PYTHON_VERSION': '2', 'SHLVL': '4', 'PYTHONPATH': '/home/appuser/aido-auto/ros/catkin_ws/devel/lib/python2.7/dist-packages:/opt/ros/melodic/lib/python2.7/dist-packages', 'ROS_PACKAGE_PATH': '/home/appuser/aido-auto/ros/catkin_ws/src:/opt/ros/melodic/share', 'ROSLISP_PACKAGE_DIRECTORIES': '/home/appuser/aido-auto/ros/catkin_ws/devel/share/common-lisp', 'PATH': '/opt/ros/melodic/bin:/usr/local/sbin:/usr/local/bin:/usr/sbin:/usr/bin:/sbin:/bin', 'PKG_CONFIG_PATH': '/home/appuser/aido-auto/ros/catkin_ws/devel/lib/pkgconfig:/opt/ros/melodic/lib/pkgconfig', 'ROS_DISTRO': 'melodic', '_': '/usr/bin/timeout', 'QT_QPA_PLATFORM_PLUGIN_PATH': '/usr/local/lib/python3.6/dist-packages/cv2/qt/plugins', 'QT_QPA_FONTDIR': '/usr/local/lib/python3.6/dist-packages/cv2/qt/fonts', 'ROS_LOG_FILENAME': '/home/appuser/.ros/log/8dc0adaa-ed02-11ea-94ed-0242ac110003/roslaunch-9eb1ce63a610-139.log'}]
[roslaunch][INFO] 2020-09-02 09:56:21,802: process[record-3]: args[['/opt/ros/melodic/lib/rosbag/record', '-a', '__name:=record']]
[roslaunch][INFO] 2020-09-02 09:56:21,802: ... created process [record-3]
[roslaunch.pmon][INFO] 2020-09-02 09:56:21,802: ProcessMonitor.register[record-3]
[roslaunch.pmon][INFO] 2020-09-02 09:56:21,802: ProcessMonitor.register[record-3] complete
[roslaunch][INFO] 2020-09-02 09:56:21,802: ... registered process [record-3]
[roslaunch][INFO] 2020-09-02 09:56:21,803: process[record-3]: starting os process
[roslaunch][INFO] 2020-09-02 09:56:21,803: process[record-3]: start w/ args [['/opt/ros/melodic/lib/rosbag/record', '-a', '__name:=record', '__log:=/home/appuser/.ros/log/8dc0adaa-ed02-11ea-94ed-0242ac110003/record-3.log']]
[roslaunch][INFO] 2020-09-02 09:56:21,803: process[record-3]: cwd will be [/home/appuser/.ros]
[roslaunch][INFO] 2020-09-02 09:56:21,818: process[record-3]: started with pid [169]
[roslaunch][INFO] 2020-09-02 09:56:21,818: ... successfully launched [record-3]
[roslaunch][INFO] 2020-09-02 09:56:21,819: ... launch_nodes complete
[roslaunch.pmon][INFO] 2020-09-02 09:56:21,819: registrations completed <ProcessMonitor(ProcessMonitor-1, started daemon 140041691047680)>
[roslaunch.parent][INFO] 2020-09-02 09:56:21,819: ... roslaunch parent running, waiting for process exit
